run 1:
total time: 2.22 seconds for 192 samples
iteration time: 0.0115 seconds/sample
throughput: 86.68 samples/second
bandwidth: 4.57 GB/s
cpu utilization: 8.38%

run 2:
total time: 2.21 seconds for 192 samples
iteration time: 0.0115 seconds/sample
throughput: 86.75 samples/second
bandwidth: 4.57 GB/s
cpu utilization: 8.36%

run 3:
total time: 2.08 seconds for 192 samples
iteration time: 0.0108 seconds/sample
throughput: 92.18 samples/second
bandwidth: 4.86 GB/s
cpu utilization: 8.33%

run 4:
total time: 2.17 seconds for 192 samples
iteration time: 0.0113 seconds/sample
throughput: 88.41 samples/second
bandwidth: 4.66 GB/s
cpu utilization: 8.33%

run 5:
total time: 2.26 seconds for 192 samples
iteration time: 0.0118 seconds/sample
throughput: 84.98 samples/second
bandwidth: 4.48 GB/s
cpu utilization: 8.38%

