run 1:
total time: 6.07 seconds for 200 samples
iteration time: 0.0303 seconds/sample
throughput: 32.97 samples/second
bandwidth: 1.74 GB/s
cpu utilization: 5.82%

run 2:
total time: 6.03 seconds for 200 samples
iteration time: 0.0302 seconds/sample
throughput: 33.15 samples/second
bandwidth: 1.75 GB/s
cpu utilization: 5.86%

run 3:
total time: 5.95 seconds for 200 samples
iteration time: 0.0298 seconds/sample
throughput: 33.59 samples/second
bandwidth: 1.77 GB/s
cpu utilization: 5.85%

run 4:
total time: 6.06 seconds for 200 samples
iteration time: 0.0303 seconds/sample
throughput: 33.03 samples/second
bandwidth: 1.74 GB/s
cpu utilization: 5.81%

run 5:
total time: 6.12 seconds for 200 samples
iteration time: 0.0306 seconds/sample
throughput: 32.69 samples/second
bandwidth: 1.72 GB/s
cpu utilization: 5.85%

