run 1:
total time: 6.20 seconds for 200 samples
iteration time: 0.0310 seconds/sample
throughput: 32.26 samples/second
bandwidth: 1.70 GB/s
cpu utilization: 5.93%

run 2:
total time: 6.21 seconds for 200 samples
iteration time: 0.0310 seconds/sample
throughput: 32.23 samples/second
bandwidth: 1.70 GB/s
cpu utilization: 5.94%

run 3:
total time: 6.08 seconds for 200 samples
iteration time: 0.0304 seconds/sample
throughput: 32.88 samples/second
bandwidth: 1.73 GB/s
cpu utilization: 5.92%

run 4:
total time: 6.04 seconds for 200 samples
iteration time: 0.0302 seconds/sample
throughput: 33.09 samples/second
bandwidth: 1.75 GB/s
cpu utilization: 6.00%

run 5:
total time: 6.21 seconds for 200 samples
iteration time: 0.0311 seconds/sample
throughput: 32.20 samples/second
bandwidth: 1.70 GB/s
cpu utilization: 5.96%

