run 1:
total time: 1.28 seconds for 192 samples
iteration time: 0.0067 seconds/sample
throughput: 149.58 samples/second
bandwidth: 7.89 GB/s
cpu utilization: 10.43%

run 2:
total time: 1.23 seconds for 192 samples
iteration time: 0.0064 seconds/sample
throughput: 156.41 samples/second
bandwidth: 8.25 GB/s
cpu utilization: 10.46%

run 3:
total time: 1.12 seconds for 192 samples
iteration time: 0.0058 seconds/sample
throughput: 171.26 samples/second
bandwidth: 9.03 GB/s
cpu utilization: 10.45%

run 4:
total time: 1.27 seconds for 192 samples
iteration time: 0.0066 seconds/sample
throughput: 151.20 samples/second
bandwidth: 7.97 GB/s
cpu utilization: 10.47%

run 5:
total time: 1.28 seconds for 192 samples
iteration time: 0.0067 seconds/sample
throughput: 149.79 samples/second
bandwidth: 7.90 GB/s
cpu utilization: 10.57%

