run 1:
total time: 1.30 seconds for 200 samples
iteration time: 0.0065 seconds/sample
throughput: 153.66 samples/second
bandwidth: 8.10 GB/s
cpu utilization: 10.20%

run 2:
total time: 1.29 seconds for 200 samples
iteration time: 0.0065 seconds/sample
throughput: 154.98 samples/second
bandwidth: 8.17 GB/s
cpu utilization: 10.24%

run 3:
total time: 1.20 seconds for 200 samples
iteration time: 0.0060 seconds/sample
throughput: 166.66 samples/second
bandwidth: 8.79 GB/s
cpu utilization: 10.42%

run 4:
total time: 1.30 seconds for 200 samples
iteration time: 0.0065 seconds/sample
throughput: 153.34 samples/second
bandwidth: 8.09 GB/s
cpu utilization: 10.43%

run 5:
total time: 1.35 seconds for 200 samples
iteration time: 0.0068 seconds/sample
throughput: 147.70 samples/second
bandwidth: 7.79 GB/s
cpu utilization: 10.41%

