run 1:
total time: 11.39 seconds for 200 samples
iteration time: 0.0570 seconds/sample
throughput: 17.55 samples/second
bandwidth: 0.93 GB/s
cpu utilization: 5.47%

run 2:
total time: 11.52 seconds for 200 samples
iteration time: 0.0576 seconds/sample
throughput: 17.35 samples/second
bandwidth: 0.92 GB/s
cpu utilization: 5.50%

run 3:
total time: 11.00 seconds for 200 samples
iteration time: 0.0550 seconds/sample
throughput: 18.18 samples/second
bandwidth: 0.96 GB/s
cpu utilization: 5.48%

run 4:
total time: 11.31 seconds for 200 samples
iteration time: 0.0565 seconds/sample
throughput: 17.69 samples/second
bandwidth: 0.93 GB/s
cpu utilization: 5.47%

run 5:
total time: 12.06 seconds for 200 samples
iteration time: 0.0603 seconds/sample
throughput: 16.59 samples/second
bandwidth: 0.87 GB/s
cpu utilization: 5.45%

