run 1:
total time: 1.71 seconds for 192 samples
iteration time: 0.0089 seconds/sample
throughput: 112.27 samples/second
bandwidth: 5.92 GB/s
cpu utilization: 9.85%

run 2:
total time: 1.65 seconds for 192 samples
iteration time: 0.0086 seconds/sample
throughput: 116.46 samples/second
bandwidth: 6.14 GB/s
cpu utilization: 9.86%

run 3:
total time: 1.57 seconds for 192 samples
iteration time: 0.0082 seconds/sample
throughput: 121.93 samples/second
bandwidth: 6.43 GB/s
cpu utilization: 9.85%

run 4:
total time: 1.71 seconds for 192 samples
iteration time: 0.0089 seconds/sample
throughput: 112.53 samples/second
bandwidth: 5.93 GB/s
cpu utilization: 9.89%

run 5:
total time: 1.71 seconds for 192 samples
iteration time: 0.0089 seconds/sample
throughput: 112.47 samples/second
bandwidth: 5.93 GB/s
cpu utilization: 10.04%

