run 1:
total time: 2.74 seconds for 200 samples
iteration time: 0.0137 seconds/sample
throughput: 73.00 samples/second
bandwidth: 3.85 GB/s
cpu utilization: 7.47%

run 2:
total time: 2.69 seconds for 200 samples
iteration time: 0.0135 seconds/sample
throughput: 74.35 samples/second
bandwidth: 3.92 GB/s
cpu utilization: 7.54%

run 3:
total time: 2.79 seconds for 200 samples
iteration time: 0.0140 seconds/sample
throughput: 71.64 samples/second
bandwidth: 3.78 GB/s
cpu utilization: 7.53%

run 4:
total time: 2.81 seconds for 200 samples
iteration time: 0.0140 seconds/sample
throughput: 71.26 samples/second
bandwidth: 3.76 GB/s
cpu utilization: 7.53%

run 5:
total time: 2.80 seconds for 200 samples
iteration time: 0.0140 seconds/sample
throughput: 71.36 samples/second
bandwidth: 3.76 GB/s
cpu utilization: 7.49%

