run 1:
total time: 11.57 seconds for 200 samples
iteration time: 0.0579 seconds/sample
throughput: 17.28 samples/second
bandwidth: 0.91 GB/s
cpu utilization: 5.50%

run 2:
total time: 11.53 seconds for 200 samples
iteration time: 0.0577 seconds/sample
throughput: 17.34 samples/second
bandwidth: 0.91 GB/s
cpu utilization: 5.46%

run 3:
total time: 11.23 seconds for 200 samples
iteration time: 0.0561 seconds/sample
throughput: 17.82 samples/second
bandwidth: 0.94 GB/s
cpu utilization: 5.53%

run 4:
total time: 11.31 seconds for 200 samples
iteration time: 0.0565 seconds/sample
throughput: 17.69 samples/second
bandwidth: 0.93 GB/s
cpu utilization: 5.50%

run 5:
total time: 11.78 seconds for 200 samples
iteration time: 0.0589 seconds/sample
throughput: 16.98 samples/second
bandwidth: 0.90 GB/s
cpu utilization: 5.49%

