run 1:
total time: 11.24 seconds for 200 samples
iteration time: 0.0562 seconds/sample
throughput: 17.79 samples/second
bandwidth: 0.94 GB/s
cpu utilization: 5.47%

run 2:
total time: 11.64 seconds for 200 samples
iteration time: 0.0582 seconds/sample
throughput: 17.18 samples/second
bandwidth: 0.91 GB/s
cpu utilization: 5.46%

run 3:
total time: 11.38 seconds for 200 samples
iteration time: 0.0569 seconds/sample
throughput: 17.57 samples/second
bandwidth: 0.93 GB/s
cpu utilization: 5.47%

run 4:
total time: 11.23 seconds for 200 samples
iteration time: 0.0562 seconds/sample
throughput: 17.80 samples/second
bandwidth: 0.94 GB/s
cpu utilization: 5.46%

run 5:
total time: 11.04 seconds for 200 samples
iteration time: 0.0552 seconds/sample
throughput: 18.11 samples/second
bandwidth: 0.96 GB/s
cpu utilization: 5.49%

