run 1:
total time: 7.95 seconds for 192 samples
iteration time: 0.0414 seconds/sample
throughput: 24.16 samples/second
bandwidth: 1.27 GB/s
cpu utilization: 6.12%

run 2:
total time: 7.57 seconds for 192 samples
iteration time: 0.0394 seconds/sample
throughput: 25.36 samples/second
bandwidth: 1.34 GB/s
cpu utilization: 6.08%

run 3:
total time: 7.66 seconds for 192 samples
iteration time: 0.0399 seconds/sample
throughput: 25.06 samples/second
bandwidth: 1.32 GB/s
cpu utilization: 6.08%

run 4:
total time: 7.86 seconds for 192 samples
iteration time: 0.0409 seconds/sample
throughput: 24.42 samples/second
bandwidth: 1.29 GB/s
cpu utilization: 6.11%

run 5:
total time: 7.71 seconds for 192 samples
iteration time: 0.0402 seconds/sample
throughput: 24.90 samples/second
bandwidth: 1.31 GB/s
cpu utilization: 6.11%

