run 1:
total time: 11.42 seconds for 200 samples
iteration time: 0.0571 seconds/sample
throughput: 17.52 samples/second
bandwidth: 0.92 GB/s
cpu utilization: 5.48%

run 2:
total time: 11.64 seconds for 200 samples
iteration time: 0.0582 seconds/sample
throughput: 17.18 samples/second
bandwidth: 0.91 GB/s
cpu utilization: 5.48%

run 3:
total time: 11.10 seconds for 200 samples
iteration time: 0.0555 seconds/sample
throughput: 18.02 samples/second
bandwidth: 0.95 GB/s
cpu utilization: 5.50%

run 4:
total time: 11.09 seconds for 200 samples
iteration time: 0.0555 seconds/sample
throughput: 18.03 samples/second
bandwidth: 0.95 GB/s
cpu utilization: 5.50%

run 5:
total time: 11.95 seconds for 200 samples
iteration time: 0.0598 seconds/sample
throughput: 16.73 samples/second
bandwidth: 0.88 GB/s
cpu utilization: 5.48%

