run 1:
total time: 3.77 seconds for 192 samples
iteration time: 0.0196 seconds/sample
throughput: 50.93 samples/second
bandwidth: 2.69 GB/s
cpu utilization: 6.80%

run 2:
total time: 3.71 seconds for 192 samples
iteration time: 0.0193 seconds/sample
throughput: 51.76 samples/second
bandwidth: 2.73 GB/s
cpu utilization: 6.82%

run 3:
total time: 3.65 seconds for 192 samples
iteration time: 0.0190 seconds/sample
throughput: 52.55 samples/second
bandwidth: 2.77 GB/s
cpu utilization: 6.88%

run 4:
total time: 3.83 seconds for 192 samples
iteration time: 0.0200 seconds/sample
throughput: 50.11 samples/second
bandwidth: 2.64 GB/s
cpu utilization: 6.90%

run 5:
total time: 3.77 seconds for 192 samples
iteration time: 0.0196 seconds/sample
throughput: 50.90 samples/second
bandwidth: 2.68 GB/s
cpu utilization: 6.89%

