run 1:
total time: 3.04 seconds for 200 samples
iteration time: 0.0152 seconds/sample
throughput: 65.87 samples/second
bandwidth: 3.47 GB/s
cpu utilization: 7.45%

run 2:
total time: 2.82 seconds for 200 samples
iteration time: 0.0141 seconds/sample
throughput: 70.82 samples/second
bandwidth: 3.73 GB/s
cpu utilization: 7.44%

run 3:
total time: 2.89 seconds for 200 samples
iteration time: 0.0144 seconds/sample
throughput: 69.25 samples/second
bandwidth: 3.65 GB/s
cpu utilization: 7.52%

run 4:
total time: 2.92 seconds for 200 samples
iteration time: 0.0146 seconds/sample
throughput: 68.51 samples/second
bandwidth: 3.61 GB/s
cpu utilization: 7.50%

run 5:
total time: 2.98 seconds for 200 samples
iteration time: 0.0149 seconds/sample
throughput: 67.03 samples/second
bandwidth: 3.53 GB/s
cpu utilization: 7.49%

