run 1:
total time: 3.52 seconds for 200 samples
iteration time: 0.0176 seconds/sample
throughput: 56.89 samples/second
bandwidth: 3.00 GB/s
cpu utilization: 6.82%

run 2:
total time: 3.45 seconds for 200 samples
iteration time: 0.0173 seconds/sample
throughput: 57.92 samples/second
bandwidth: 3.05 GB/s
cpu utilization: 6.86%

run 3:
total time: 3.42 seconds for 200 samples
iteration time: 0.0171 seconds/sample
throughput: 58.44 samples/second
bandwidth: 3.08 GB/s
cpu utilization: 6.85%

run 4:
total time: 3.51 seconds for 200 samples
iteration time: 0.0176 seconds/sample
throughput: 56.92 samples/second
bandwidth: 3.00 GB/s
cpu utilization: 6.84%

run 5:
total time: 3.46 seconds for 200 samples
iteration time: 0.0173 seconds/sample
throughput: 57.87 samples/second
bandwidth: 3.05 GB/s
cpu utilization: 6.82%

