run 1:
total time: 2.25 seconds for 200 samples
iteration time: 0.0113 seconds/sample
throughput: 88.85 samples/second
bandwidth: 4.69 GB/s
cpu utilization: 8.32%

run 2:
total time: 2.17 seconds for 200 samples
iteration time: 0.0109 seconds/sample
throughput: 92.15 samples/second
bandwidth: 4.86 GB/s
cpu utilization: 8.28%

run 3:
total time: 2.10 seconds for 200 samples
iteration time: 0.0105 seconds/sample
throughput: 95.27 samples/second
bandwidth: 5.02 GB/s
cpu utilization: 8.27%

run 4:
total time: 2.21 seconds for 200 samples
iteration time: 0.0111 seconds/sample
throughput: 90.47 samples/second
bandwidth: 4.77 GB/s
cpu utilization: 8.26%

run 5:
total time: 2.20 seconds for 200 samples
iteration time: 0.0110 seconds/sample
throughput: 91.06 samples/second
bandwidth: 4.80 GB/s
cpu utilization: 8.30%

