run 1:
total time: 11.13 seconds for 200 samples
iteration time: 0.0556 seconds/sample
throughput: 17.97 samples/second
bandwidth: 0.95 GB/s
cpu utilization: 5.45%

run 2:
total time: 11.22 seconds for 200 samples
iteration time: 0.0561 seconds/sample
throughput: 17.82 samples/second
bandwidth: 0.94 GB/s
cpu utilization: 5.44%

run 3:
total time: 11.52 seconds for 200 samples
iteration time: 0.0576 seconds/sample
throughput: 17.36 samples/second
bandwidth: 0.92 GB/s
cpu utilization: 5.45%

run 4:
total time: 12.10 seconds for 200 samples
iteration time: 0.0605 seconds/sample
throughput: 16.52 samples/second
bandwidth: 0.87 GB/s
cpu utilization: 5.51%

run 5:
total time: 11.76 seconds for 200 samples
iteration time: 0.0588 seconds/sample
throughput: 17.01 samples/second
bandwidth: 0.90 GB/s
cpu utilization: 5.51%

