run 1:
total time: 11.31 seconds for 200 samples
iteration time: 0.0566 seconds/sample
throughput: 17.68 samples/second
bandwidth: 0.93 GB/s
cpu utilization: 5.45%

run 2:
total time: 11.88 seconds for 200 samples
iteration time: 0.0594 seconds/sample
throughput: 16.84 samples/second
bandwidth: 0.89 GB/s
cpu utilization: 5.46%

run 3:
total time: 11.41 seconds for 200 samples
iteration time: 0.0571 seconds/sample
throughput: 17.53 samples/second
bandwidth: 0.92 GB/s
cpu utilization: 5.48%

run 4:
total time: 11.38 seconds for 200 samples
iteration time: 0.0569 seconds/sample
throughput: 17.58 samples/second
bandwidth: 0.93 GB/s
cpu utilization: 5.47%

run 5:
total time: 11.56 seconds for 200 samples
iteration time: 0.0578 seconds/sample
throughput: 17.30 samples/second
bandwidth: 0.91 GB/s
cpu utilization: 5.46%

