run 1:
total time: 2.14 seconds for 200 samples
iteration time: 0.0107 seconds/sample
throughput: 93.29 samples/second
bandwidth: 4.92 GB/s
cpu utilization: 8.48%

run 2:
total time: 2.13 seconds for 200 samples
iteration time: 0.0107 seconds/sample
throughput: 93.74 samples/second
bandwidth: 4.94 GB/s
cpu utilization: 8.40%

run 3:
total time: 1.98 seconds for 200 samples
iteration time: 0.0099 seconds/sample
throughput: 100.85 samples/second
bandwidth: 5.32 GB/s
cpu utilization: 8.38%

run 4:
total time: 2.30 seconds for 200 samples
iteration time: 0.0115 seconds/sample
throughput: 87.14 samples/second
bandwidth: 4.60 GB/s
cpu utilization: 8.39%

run 5:
total time: 2.17 seconds for 200 samples
iteration time: 0.0108 seconds/sample
throughput: 92.25 samples/second
bandwidth: 4.86 GB/s
cpu utilization: 8.35%

