run 1:
total time: 2.19 seconds for 200 samples
iteration time: 0.0109 seconds/sample
throughput: 91.38 samples/second
bandwidth: 4.82 GB/s
cpu utilization: 8.10%

run 2:
total time: 2.15 seconds for 200 samples
iteration time: 0.0107 seconds/sample
throughput: 93.09 samples/second
bandwidth: 4.91 GB/s
cpu utilization: 8.12%

run 3:
total time: 1.96 seconds for 200 samples
iteration time: 0.0098 seconds/sample
throughput: 102.15 samples/second
bandwidth: 5.39 GB/s
cpu utilization: 8.17%

run 4:
total time: 2.22 seconds for 200 samples
iteration time: 0.0111 seconds/sample
throughput: 90.28 samples/second
bandwidth: 4.76 GB/s
cpu utilization: 8.24%

run 5:
total time: 2.18 seconds for 200 samples
iteration time: 0.0109 seconds/sample
throughput: 91.85 samples/second
bandwidth: 4.84 GB/s
cpu utilization: 8.25%

