run 1:
total time: 6.14 seconds for 192 samples
iteration time: 0.0320 seconds/sample
throughput: 31.28 samples/second
bandwidth: 1.65 GB/s
cpu utilization: 6.12%

run 2:
total time: 6.09 seconds for 192 samples
iteration time: 0.0317 seconds/sample
throughput: 31.52 samples/second
bandwidth: 1.66 GB/s
cpu utilization: 6.08%

run 3:
total time: 6.45 seconds for 192 samples
iteration time: 0.0336 seconds/sample
throughput: 29.78 samples/second
bandwidth: 1.57 GB/s
cpu utilization: 6.07%

run 4:
total time: 6.42 seconds for 192 samples
iteration time: 0.0335 seconds/sample
throughput: 29.88 samples/second
bandwidth: 1.58 GB/s
cpu utilization: 6.07%

run 5:
total time: 6.29 seconds for 192 samples
iteration time: 0.0328 seconds/sample
throughput: 30.53 samples/second
bandwidth: 1.61 GB/s
cpu utilization: 6.04%

