run 1:
total time: 6.18 seconds for 200 samples
iteration time: 0.0309 seconds/sample
throughput: 32.37 samples/second
bandwidth: 1.71 GB/s
cpu utilization: 5.95%

run 2:
total time: 6.08 seconds for 200 samples
iteration time: 0.0304 seconds/sample
throughput: 32.91 samples/second
bandwidth: 1.74 GB/s
cpu utilization: 5.92%

run 3:
total time: 5.96 seconds for 200 samples
iteration time: 0.0298 seconds/sample
throughput: 33.58 samples/second
bandwidth: 1.77 GB/s
cpu utilization: 5.93%

run 4:
total time: 6.09 seconds for 200 samples
iteration time: 0.0304 seconds/sample
throughput: 32.84 samples/second
bandwidth: 1.73 GB/s
cpu utilization: 5.91%

run 5:
total time: 6.06 seconds for 200 samples
iteration time: 0.0303 seconds/sample
throughput: 33.00 samples/second
bandwidth: 1.74 GB/s
cpu utilization: 5.93%

