run 1:
total time: 6.19 seconds for 200 samples
iteration time: 0.0310 seconds/sample
throughput: 32.31 samples/second
bandwidth: 1.70 GB/s
cpu utilization: 6.05%

run 2:
total time: 6.07 seconds for 200 samples
iteration time: 0.0304 seconds/sample
throughput: 32.94 samples/second
bandwidth: 1.74 GB/s
cpu utilization: 6.04%

run 3:
total time: 6.02 seconds for 200 samples
iteration time: 0.0301 seconds/sample
throughput: 33.22 samples/second
bandwidth: 1.75 GB/s
cpu utilization: 6.05%

run 4:
total time: 6.06 seconds for 200 samples
iteration time: 0.0303 seconds/sample
throughput: 32.99 samples/second
bandwidth: 1.74 GB/s
cpu utilization: 6.01%

run 5:
total time: 5.96 seconds for 200 samples
iteration time: 0.0298 seconds/sample
throughput: 33.56 samples/second
bandwidth: 1.77 GB/s
cpu utilization: 5.99%

