run 1:
total time: 3.57 seconds for 200 samples
iteration time: 0.0178 seconds/sample
throughput: 56.08 samples/second
bandwidth: 2.96 GB/s
cpu utilization: 7.05%

run 2:
total time: 3.45 seconds for 200 samples
iteration time: 0.0173 seconds/sample
throughput: 57.90 samples/second
bandwidth: 3.05 GB/s
cpu utilization: 6.98%

run 3:
total time: 3.46 seconds for 200 samples
iteration time: 0.0173 seconds/sample
throughput: 57.79 samples/second
bandwidth: 3.05 GB/s
cpu utilization: 6.97%

run 4:
total time: 3.46 seconds for 200 samples
iteration time: 0.0173 seconds/sample
throughput: 57.77 samples/second
bandwidth: 3.05 GB/s
cpu utilization: 6.94%

run 5:
total time: 3.48 seconds for 200 samples
iteration time: 0.0174 seconds/sample
throughput: 57.39 samples/second
bandwidth: 3.03 GB/s
cpu utilization: 6.93%

