run 1:
total time: 6.42 seconds for 200 samples
iteration time: 0.0321 seconds/sample
throughput: 31.16 samples/second
bandwidth: 1.64 GB/s
cpu utilization: 5.90%

run 2:
total time: 6.63 seconds for 200 samples
iteration time: 0.0331 seconds/sample
throughput: 30.18 samples/second
bandwidth: 1.59 GB/s
cpu utilization: 5.96%

run 3:
total time: 6.33 seconds for 200 samples
iteration time: 0.0316 seconds/sample
throughput: 31.61 samples/second
bandwidth: 1.67 GB/s
cpu utilization: 5.93%

run 4:
total time: 6.31 seconds for 200 samples
iteration time: 0.0316 seconds/sample
throughput: 31.69 samples/second
bandwidth: 1.67 GB/s
cpu utilization: 5.93%

run 5:
total time: 6.37 seconds for 200 samples
iteration time: 0.0318 seconds/sample
throughput: 31.41 samples/second
bandwidth: 1.66 GB/s
cpu utilization: 5.95%

