run 1:
total time: 3.63 seconds for 200 samples
iteration time: 0.0181 seconds/sample
throughput: 55.15 samples/second
bandwidth: 2.91 GB/s
cpu utilization: 6.73%

run 2:
total time: 3.50 seconds for 200 samples
iteration time: 0.0175 seconds/sample
throughput: 57.12 samples/second
bandwidth: 3.01 GB/s
cpu utilization: 6.70%

run 3:
total time: 3.50 seconds for 200 samples
iteration time: 0.0175 seconds/sample
throughput: 57.13 samples/second
bandwidth: 3.01 GB/s
cpu utilization: 6.77%

run 4:
total time: 3.60 seconds for 200 samples
iteration time: 0.0180 seconds/sample
throughput: 55.62 samples/second
bandwidth: 2.93 GB/s
cpu utilization: 6.76%

run 5:
total time: 3.55 seconds for 200 samples
iteration time: 0.0178 seconds/sample
throughput: 56.31 samples/second
bandwidth: 2.97 GB/s
cpu utilization: 6.76%

