run 1:
total time: 1.61 seconds for 200 samples
iteration time: 0.0080 seconds/sample
throughput: 124.36 samples/second
bandwidth: 6.56 GB/s
cpu utilization: 9.42%

run 2:
total time: 1.62 seconds for 200 samples
iteration time: 0.0081 seconds/sample
throughput: 123.55 samples/second
bandwidth: 6.52 GB/s
cpu utilization: 9.58%

run 3:
total time: 1.58 seconds for 200 samples
iteration time: 0.0079 seconds/sample
throughput: 126.35 samples/second
bandwidth: 6.66 GB/s
cpu utilization: 9.57%

run 4:
total time: 1.65 seconds for 200 samples
iteration time: 0.0083 seconds/sample
throughput: 121.09 samples/second
bandwidth: 6.39 GB/s
cpu utilization: 9.56%

run 5:
total time: 1.65 seconds for 200 samples
iteration time: 0.0083 seconds/sample
throughput: 121.14 samples/second
bandwidth: 6.39 GB/s
cpu utilization: 9.55%

