run 1:
total time: 1.26 seconds for 192 samples
iteration time: 0.0066 seconds/sample
throughput: 151.91 samples/second
bandwidth: 8.01 GB/s
cpu utilization: 10.98%

run 2:
total time: 1.20 seconds for 192 samples
iteration time: 0.0062 seconds/sample
throughput: 160.31 samples/second
bandwidth: 8.45 GB/s
cpu utilization: 11.30%

run 3:
total time: 1.13 seconds for 192 samples
iteration time: 0.0059 seconds/sample
throughput: 169.60 samples/second
bandwidth: 8.94 GB/s
cpu utilization: 11.43%

run 4:
total time: 1.25 seconds for 192 samples
iteration time: 0.0065 seconds/sample
throughput: 153.01 samples/second
bandwidth: 8.07 GB/s
cpu utilization: 11.51%

run 5:
total time: 1.24 seconds for 192 samples
iteration time: 0.0064 seconds/sample
throughput: 155.26 samples/second
bandwidth: 8.19 GB/s
cpu utilization: 11.60%

