run 1:
total time: 2.17 seconds for 192 samples
iteration time: 0.0113 seconds/sample
throughput: 88.52 samples/second
bandwidth: 4.67 GB/s
cpu utilization: 8.50%

run 2:
total time: 2.18 seconds for 192 samples
iteration time: 0.0113 seconds/sample
throughput: 88.15 samples/second
bandwidth: 4.65 GB/s
cpu utilization: 8.46%

run 3:
total time: 2.03 seconds for 192 samples
iteration time: 0.0106 seconds/sample
throughput: 94.53 samples/second
bandwidth: 4.98 GB/s
cpu utilization: 8.57%

run 4:
total time: 2.19 seconds for 192 samples
iteration time: 0.0114 seconds/sample
throughput: 87.56 samples/second
bandwidth: 4.62 GB/s
cpu utilization: 8.54%

run 5:
total time: 2.21 seconds for 192 samples
iteration time: 0.0115 seconds/sample
throughput: 86.96 samples/second
bandwidth: 4.59 GB/s
cpu utilization: 8.50%

