run 1:
total time: 2.37 seconds for 200 samples
iteration time: 0.0119 seconds/sample
throughput: 84.38 samples/second
bandwidth: 4.45 GB/s
cpu utilization: 8.08%

run 2:
total time: 2.37 seconds for 200 samples
iteration time: 0.0119 seconds/sample
throughput: 84.24 samples/second
bandwidth: 4.44 GB/s
cpu utilization: 8.04%

run 3:
total time: 2.39 seconds for 200 samples
iteration time: 0.0119 seconds/sample
throughput: 83.76 samples/second
bandwidth: 4.42 GB/s
cpu utilization: 8.05%

run 4:
total time: 2.36 seconds for 200 samples
iteration time: 0.0118 seconds/sample
throughput: 84.59 samples/second
bandwidth: 4.46 GB/s
cpu utilization: 8.04%

run 5:
total time: 2.44 seconds for 200 samples
iteration time: 0.0122 seconds/sample
throughput: 81.82 samples/second
bandwidth: 4.31 GB/s
cpu utilization: 8.01%

