run 1:
total time: 3.61 seconds for 200 samples
iteration time: 0.0180 seconds/sample
throughput: 55.45 samples/second
bandwidth: 2.92 GB/s
cpu utilization: 6.93%

run 2:
total time: 3.51 seconds for 200 samples
iteration time: 0.0175 seconds/sample
throughput: 57.01 samples/second
bandwidth: 3.01 GB/s
cpu utilization: 6.88%

run 3:
total time: 3.50 seconds for 200 samples
iteration time: 0.0175 seconds/sample
throughput: 57.09 samples/second
bandwidth: 3.01 GB/s
cpu utilization: 6.90%

run 4:
total time: 3.56 seconds for 200 samples
iteration time: 0.0178 seconds/sample
throughput: 56.16 samples/second
bandwidth: 2.96 GB/s
cpu utilization: 6.86%

run 5:
total time: 3.75 seconds for 200 samples
iteration time: 0.0187 seconds/sample
throughput: 53.34 samples/second
bandwidth: 2.81 GB/s
cpu utilization: 6.82%

