run 1:
total time: 4.36 seconds for 192 samples
iteration time: 0.0227 seconds/sample
throughput: 44.03 samples/second
bandwidth: 2.32 GB/s
cpu utilization: 6.85%

run 2:
total time: 4.32 seconds for 192 samples
iteration time: 0.0225 seconds/sample
throughput: 44.46 samples/second
bandwidth: 2.34 GB/s
cpu utilization: 6.86%

run 3:
total time: 4.29 seconds for 192 samples
iteration time: 0.0223 seconds/sample
throughput: 44.80 samples/second
bandwidth: 2.36 GB/s
cpu utilization: 6.92%

run 4:
total time: 4.38 seconds for 192 samples
iteration time: 0.0228 seconds/sample
throughput: 43.85 samples/second
bandwidth: 2.31 GB/s
cpu utilization: 6.90%

run 5:
total time: 4.37 seconds for 192 samples
iteration time: 0.0228 seconds/sample
throughput: 43.95 samples/second
bandwidth: 2.32 GB/s
cpu utilization: 6.88%

