run 1:
total time: 2.18 seconds for 200 samples
iteration time: 0.0109 seconds/sample
throughput: 91.66 samples/second
bandwidth: 4.83 GB/s
cpu utilization: 8.33%

run 2:
total time: 2.11 seconds for 200 samples
iteration time: 0.0105 seconds/sample
throughput: 94.93 samples/second
bandwidth: 5.01 GB/s
cpu utilization: 8.28%

run 3:
total time: 1.90 seconds for 200 samples
iteration time: 0.0095 seconds/sample
throughput: 105.00 samples/second
bandwidth: 5.54 GB/s
cpu utilization: 8.23%

run 4:
total time: 2.17 seconds for 200 samples
iteration time: 0.0109 seconds/sample
throughput: 92.05 samples/second
bandwidth: 4.85 GB/s
cpu utilization: 8.24%

run 5:
total time: 2.24 seconds for 200 samples
iteration time: 0.0112 seconds/sample
throughput: 89.10 samples/second
bandwidth: 4.70 GB/s
cpu utilization: 8.27%

