run 1:
total time: 3.53 seconds for 200 samples
iteration time: 0.0177 seconds/sample
throughput: 56.65 samples/second
bandwidth: 2.99 GB/s
cpu utilization: 6.80%

run 2:
total time: 3.46 seconds for 200 samples
iteration time: 0.0173 seconds/sample
throughput: 57.81 samples/second
bandwidth: 3.05 GB/s
cpu utilization: 6.82%

run 3:
total time: 3.39 seconds for 200 samples
iteration time: 0.0169 seconds/sample
throughput: 59.06 samples/second
bandwidth: 3.11 GB/s
cpu utilization: 6.83%

run 4:
total time: 3.53 seconds for 200 samples
iteration time: 0.0176 seconds/sample
throughput: 56.67 samples/second
bandwidth: 2.99 GB/s
cpu utilization: 6.87%

run 5:
total time: 3.64 seconds for 200 samples
iteration time: 0.0182 seconds/sample
throughput: 54.95 samples/second
bandwidth: 2.90 GB/s
cpu utilization: 6.96%

