run 1:
total time: 1.58 seconds for 200 samples
iteration time: 0.0079 seconds/sample
throughput: 126.52 samples/second
bandwidth: 6.67 GB/s
cpu utilization: 9.85%

run 2:
total time: 1.55 seconds for 200 samples
iteration time: 0.0077 seconds/sample
throughput: 129.16 samples/second
bandwidth: 6.81 GB/s
cpu utilization: 9.80%

run 3:
total time: 1.46 seconds for 200 samples
iteration time: 0.0073 seconds/sample
throughput: 136.91 samples/second
bandwidth: 7.22 GB/s
cpu utilization: 9.87%

run 4:
total time: 1.61 seconds for 200 samples
iteration time: 0.0080 seconds/sample
throughput: 124.43 samples/second
bandwidth: 6.56 GB/s
cpu utilization: 9.83%

run 5:
total time: 1.61 seconds for 200 samples
iteration time: 0.0081 seconds/sample
throughput: 124.09 samples/second
bandwidth: 6.54 GB/s
cpu utilization: 9.80%

