run 1:
total time: 12.01 seconds for 192 samples
iteration time: 0.0626 seconds/sample
throughput: 15.98 samples/second
bandwidth: 0.84 GB/s
cpu utilization: 5.55%

run 2:
total time: 11.52 seconds for 192 samples
iteration time: 0.0600 seconds/sample
throughput: 16.67 samples/second
bandwidth: 0.88 GB/s
cpu utilization: 5.50%

run 3:
total time: 11.67 seconds for 192 samples
iteration time: 0.0608 seconds/sample
throughput: 16.45 samples/second
bandwidth: 0.87 GB/s
cpu utilization: 5.53%

run 4:
total time: 11.89 seconds for 192 samples
iteration time: 0.0619 seconds/sample
throughput: 16.14 samples/second
bandwidth: 0.85 GB/s
cpu utilization: 5.51%

run 5:
total time: 11.67 seconds for 192 samples
iteration time: 0.0608 seconds/sample
throughput: 16.45 samples/second
bandwidth: 0.87 GB/s
cpu utilization: 5.51%

