run 1:
total time: 2.80 seconds for 192 samples
iteration time: 0.0146 seconds/sample
throughput: 68.59 samples/second
bandwidth: 3.62 GB/s
cpu utilization: 8.50%

run 2:
total time: 2.71 seconds for 192 samples
iteration time: 0.0141 seconds/sample
throughput: 70.89 samples/second
bandwidth: 3.74 GB/s
cpu utilization: 8.50%

run 3:
total time: 2.64 seconds for 192 samples
iteration time: 0.0138 seconds/sample
throughput: 72.69 samples/second
bandwidth: 3.83 GB/s
cpu utilization: 8.48%

run 4:
total time: 2.77 seconds for 192 samples
iteration time: 0.0144 seconds/sample
throughput: 69.38 samples/second
bandwidth: 3.66 GB/s
cpu utilization: 8.47%

run 5:
total time: 2.82 seconds for 192 samples
iteration time: 0.0147 seconds/sample
throughput: 67.98 samples/second
bandwidth: 3.58 GB/s
cpu utilization: 8.50%

