run 1:
total time: 11.07 seconds for 200 samples
iteration time: 0.0554 seconds/sample
throughput: 18.07 samples/second
bandwidth: 0.95 GB/s
cpu utilization: 5.30%

run 2:
total time: 10.93 seconds for 200 samples
iteration time: 0.0546 seconds/sample
throughput: 18.30 samples/second
bandwidth: 0.97 GB/s
cpu utilization: 5.32%

run 3:
total time: 11.00 seconds for 200 samples
iteration time: 0.0550 seconds/sample
throughput: 18.19 samples/second
bandwidth: 0.96 GB/s
cpu utilization: 5.33%

run 4:
total time: 10.98 seconds for 200 samples
iteration time: 0.0549 seconds/sample
throughput: 18.21 samples/second
bandwidth: 0.96 GB/s
cpu utilization: 5.33%

run 5:
total time: 11.28 seconds for 200 samples
iteration time: 0.0564 seconds/sample
throughput: 17.73 samples/second
bandwidth: 0.93 GB/s
cpu utilization: 5.34%

