run 1:
total time: 11.55 seconds for 192 samples
iteration time: 0.0601 seconds/sample
throughput: 16.63 samples/second
bandwidth: 0.88 GB/s
cpu utilization: 5.57%

run 2:
total time: 11.97 seconds for 192 samples
iteration time: 0.0623 seconds/sample
throughput: 16.04 samples/second
bandwidth: 0.85 GB/s
cpu utilization: 5.52%

run 3:
total time: 11.65 seconds for 192 samples
iteration time: 0.0607 seconds/sample
throughput: 16.48 samples/second
bandwidth: 0.87 GB/s
cpu utilization: 5.50%

run 4:
total time: 12.05 seconds for 192 samples
iteration time: 0.0628 seconds/sample
throughput: 15.93 samples/second
bandwidth: 0.84 GB/s
cpu utilization: 5.51%

run 5:
total time: 12.75 seconds for 192 samples
iteration time: 0.0664 seconds/sample
throughput: 15.06 samples/second
bandwidth: 0.79 GB/s
cpu utilization: 5.53%

