run 1:
total time: 1.75 seconds for 200 samples
iteration time: 0.0087 seconds/sample
throughput: 114.56 samples/second
bandwidth: 6.04 GB/s
cpu utilization: 9.10%

run 2:
total time: 1.69 seconds for 200 samples
iteration time: 0.0085 seconds/sample
throughput: 118.08 samples/second
bandwidth: 6.23 GB/s
cpu utilization: 9.26%

run 3:
total time: 1.77 seconds for 200 samples
iteration time: 0.0089 seconds/sample
throughput: 112.97 samples/second
bandwidth: 5.96 GB/s
cpu utilization: 9.30%

run 4:
total time: 1.75 seconds for 200 samples
iteration time: 0.0088 seconds/sample
throughput: 114.12 samples/second
bandwidth: 6.02 GB/s
cpu utilization: 9.29%

run 5:
total time: 1.73 seconds for 200 samples
iteration time: 0.0087 seconds/sample
throughput: 115.51 samples/second
bandwidth: 6.09 GB/s
cpu utilization: 9.31%

