run 1:
total time: 6.16 seconds for 200 samples
iteration time: 0.0308 seconds/sample
throughput: 32.49 samples/second
bandwidth: 1.71 GB/s
cpu utilization: 5.95%

run 2:
total time: 6.16 seconds for 200 samples
iteration time: 0.0308 seconds/sample
throughput: 32.46 samples/second
bandwidth: 1.71 GB/s
cpu utilization: 5.92%

run 3:
total time: 5.95 seconds for 200 samples
iteration time: 0.0298 seconds/sample
throughput: 33.60 samples/second
bandwidth: 1.77 GB/s
cpu utilization: 5.90%

run 4:
total time: 5.98 seconds for 200 samples
iteration time: 0.0299 seconds/sample
throughput: 33.44 samples/second
bandwidth: 1.76 GB/s
cpu utilization: 5.93%

run 5:
total time: 6.04 seconds for 200 samples
iteration time: 0.0302 seconds/sample
throughput: 33.09 samples/second
bandwidth: 1.75 GB/s
cpu utilization: 5.91%

