run 1:
total time: 1.68 seconds for 200 samples
iteration time: 0.0084 seconds/sample
throughput: 119.18 samples/second
bandwidth: 6.28 GB/s
cpu utilization: 9.12%

run 2:
total time: 1.51 seconds for 200 samples
iteration time: 0.0075 seconds/sample
throughput: 132.61 samples/second
bandwidth: 6.99 GB/s
cpu utilization: 9.16%

run 3:
total time: 1.48 seconds for 200 samples
iteration time: 0.0074 seconds/sample
throughput: 135.42 samples/second
bandwidth: 7.14 GB/s
cpu utilization: 9.20%

run 4:
total time: 1.68 seconds for 200 samples
iteration time: 0.0084 seconds/sample
throughput: 119.09 samples/second
bandwidth: 6.28 GB/s
cpu utilization: 9.26%

run 5:
total time: 1.74 seconds for 200 samples
iteration time: 0.0087 seconds/sample
throughput: 114.98 samples/second
bandwidth: 6.06 GB/s
cpu utilization: 9.33%

