run 1:
total time: 1.05 seconds for 192 samples
iteration time: 0.0055 seconds/sample
throughput: 182.71 samples/second
bandwidth: 9.64 GB/s
cpu utilization: 10.88%

run 2:
total time: 0.97 seconds for 192 samples
iteration time: 0.0050 seconds/sample
throughput: 198.33 samples/second
bandwidth: 10.46 GB/s
cpu utilization: 10.96%

run 3:
total time: 0.93 seconds for 192 samples
iteration time: 0.0048 seconds/sample
throughput: 206.54 samples/second
bandwidth: 10.89 GB/s
cpu utilization: 11.02%

run 4:
total time: 1.02 seconds for 192 samples
iteration time: 0.0053 seconds/sample
throughput: 188.33 samples/second
bandwidth: 9.93 GB/s
cpu utilization: 11.14%

run 5:
total time: 1.07 seconds for 192 samples
iteration time: 0.0056 seconds/sample
throughput: 180.18 samples/second
bandwidth: 9.50 GB/s
cpu utilization: 11.15%

