run 1:
total time: 1.02 seconds for 200 samples
iteration time: 0.0051 seconds/sample
throughput: 196.36 samples/second
bandwidth: 10.35 GB/s
cpu utilization: 10.93%

run 2:
total time: 0.97 seconds for 200 samples
iteration time: 0.0048 seconds/sample
throughput: 206.70 samples/second
bandwidth: 10.90 GB/s
cpu utilization: 10.96%

run 3:
total time: 0.83 seconds for 200 samples
iteration time: 0.0042 seconds/sample
throughput: 240.58 samples/second
bandwidth: 12.69 GB/s
cpu utilization: 10.97%

run 4:
total time: 1.05 seconds for 200 samples
iteration time: 0.0052 seconds/sample
throughput: 190.50 samples/second
bandwidth: 10.05 GB/s
cpu utilization: 10.91%

run 5:
total time: 1.05 seconds for 200 samples
iteration time: 0.0052 seconds/sample
throughput: 191.37 samples/second
bandwidth: 10.09 GB/s
cpu utilization: 10.95%

