run 1:
total time: 10.89 seconds for 200 samples
iteration time: 0.0545 seconds/sample
throughput: 18.36 samples/second
bandwidth: 0.97 GB/s
cpu utilization: 5.43%

run 2:
total time: 11.19 seconds for 200 samples
iteration time: 0.0559 seconds/sample
throughput: 17.88 samples/second
bandwidth: 0.94 GB/s
cpu utilization: 5.36%

run 3:
total time: 11.53 seconds for 200 samples
iteration time: 0.0576 seconds/sample
throughput: 17.35 samples/second
bandwidth: 0.91 GB/s
cpu utilization: 5.33%

run 4:
total time: 11.52 seconds for 200 samples
iteration time: 0.0576 seconds/sample
throughput: 17.36 samples/second
bandwidth: 0.92 GB/s
cpu utilization: 5.36%

run 5:
total time: 11.45 seconds for 200 samples
iteration time: 0.0573 seconds/sample
throughput: 17.46 samples/second
bandwidth: 0.92 GB/s
cpu utilization: 5.32%

