run 1:
total time: 12.63 seconds for 192 samples
iteration time: 0.0658 seconds/sample
throughput: 15.20 samples/second
bandwidth: 0.80 GB/s
cpu utilization: 5.53%

run 2:
total time: 12.60 seconds for 192 samples
iteration time: 0.0656 seconds/sample
throughput: 15.24 samples/second
bandwidth: 0.80 GB/s
cpu utilization: 5.46%

run 3:
total time: 12.55 seconds for 192 samples
iteration time: 0.0654 seconds/sample
throughput: 15.30 samples/second
bandwidth: 0.81 GB/s
cpu utilization: 5.42%

run 4:
total time: 12.73 seconds for 192 samples
iteration time: 0.0663 seconds/sample
throughput: 15.08 samples/second
bandwidth: 0.80 GB/s
cpu utilization: 5.41%

run 5:
total time: 13.36 seconds for 192 samples
iteration time: 0.0696 seconds/sample
throughput: 14.37 samples/second
bandwidth: 0.76 GB/s
cpu utilization: 5.44%

