run 1:
total time: 15.16 seconds for 192 samples
iteration time: 0.0790 seconds/sample
throughput: 12.67 samples/second
bandwidth: 0.67 GB/s
cpu utilization: 5.40%

run 2:
total time: 14.64 seconds for 192 samples
iteration time: 0.0762 seconds/sample
throughput: 13.12 samples/second
bandwidth: 0.69 GB/s
cpu utilization: 5.44%

run 3:
total time: 14.53 seconds for 192 samples
iteration time: 0.0757 seconds/sample
throughput: 13.22 samples/second
bandwidth: 0.70 GB/s
cpu utilization: 5.43%

run 4:
total time: 14.76 seconds for 192 samples
iteration time: 0.0769 seconds/sample
throughput: 13.01 samples/second
bandwidth: 0.69 GB/s
cpu utilization: 5.43%

run 5:
total time: 14.71 seconds for 192 samples
iteration time: 0.0766 seconds/sample
throughput: 13.05 samples/second
bandwidth: 0.69 GB/s
cpu utilization: 5.44%

