run 1:
total time: 3.71 seconds for 192 samples
iteration time: 0.0193 seconds/sample
throughput: 51.81 samples/second
bandwidth: 2.73 GB/s
cpu utilization: 6.85%

run 2:
total time: 3.65 seconds for 192 samples
iteration time: 0.0190 seconds/sample
throughput: 52.66 samples/second
bandwidth: 2.78 GB/s
cpu utilization: 6.86%

run 3:
total time: 3.61 seconds for 192 samples
iteration time: 0.0188 seconds/sample
throughput: 53.20 samples/second
bandwidth: 2.81 GB/s
cpu utilization: 6.85%

run 4:
total time: 3.76 seconds for 192 samples
iteration time: 0.0196 seconds/sample
throughput: 51.05 samples/second
bandwidth: 2.69 GB/s
cpu utilization: 6.87%

run 5:
total time: 3.88 seconds for 192 samples
iteration time: 0.0202 seconds/sample
throughput: 49.49 samples/second
bandwidth: 2.61 GB/s
cpu utilization: 6.91%

