run 1:
total time: 3.61 seconds for 200 samples
iteration time: 0.0180 seconds/sample
throughput: 55.44 samples/second
bandwidth: 2.92 GB/s
cpu utilization: 6.65%

run 2:
total time: 3.70 seconds for 200 samples
iteration time: 0.0185 seconds/sample
throughput: 54.10 samples/second
bandwidth: 2.85 GB/s
cpu utilization: 6.64%

run 3:
total time: 3.71 seconds for 200 samples
iteration time: 0.0185 seconds/sample
throughput: 53.94 samples/second
bandwidth: 2.84 GB/s
cpu utilization: 6.57%

run 4:
total time: 3.72 seconds for 200 samples
iteration time: 0.0186 seconds/sample
throughput: 53.74 samples/second
bandwidth: 2.83 GB/s
cpu utilization: 6.69%

run 5:
total time: 3.82 seconds for 200 samples
iteration time: 0.0191 seconds/sample
throughput: 52.34 samples/second
bandwidth: 2.76 GB/s
cpu utilization: 6.72%

