run 1:
total time: 6.59 seconds for 200 samples
iteration time: 0.0330 seconds/sample
throughput: 30.34 samples/second
bandwidth: 1.60 GB/s
cpu utilization: 6.07%

run 2:
total time: 6.64 seconds for 200 samples
iteration time: 0.0332 seconds/sample
throughput: 30.12 samples/second
bandwidth: 1.59 GB/s
cpu utilization: 6.04%

run 3:
total time: 6.39 seconds for 200 samples
iteration time: 0.0319 seconds/sample
throughput: 31.30 samples/second
bandwidth: 1.65 GB/s
cpu utilization: 6.03%

run 4:
total time: 6.33 seconds for 200 samples
iteration time: 0.0316 seconds/sample
throughput: 31.62 samples/second
bandwidth: 1.67 GB/s
cpu utilization: 6.00%

run 5:
total time: 6.44 seconds for 200 samples
iteration time: 0.0322 seconds/sample
throughput: 31.06 samples/second
bandwidth: 1.64 GB/s
cpu utilization: 6.01%

