run 1:
total time: 6.00 seconds for 200 samples
iteration time: 0.0300 seconds/sample
throughput: 33.32 samples/second
bandwidth: 1.76 GB/s
cpu utilization: 6.05%

run 2:
total time: 6.00 seconds for 200 samples
iteration time: 0.0300 seconds/sample
throughput: 33.36 samples/second
bandwidth: 1.76 GB/s
cpu utilization: 6.04%

run 3:
total time: 5.94 seconds for 200 samples
iteration time: 0.0297 seconds/sample
throughput: 33.67 samples/second
bandwidth: 1.78 GB/s
cpu utilization: 6.00%

run 4:
total time: 6.23 seconds for 200 samples
iteration time: 0.0312 seconds/sample
throughput: 32.09 samples/second
bandwidth: 1.69 GB/s
cpu utilization: 6.01%

run 5:
total time: 6.24 seconds for 200 samples
iteration time: 0.0312 seconds/sample
throughput: 32.05 samples/second
bandwidth: 1.69 GB/s
cpu utilization: 5.97%

