run 1:
total time: 11.96 seconds for 200 samples
iteration time: 0.0598 seconds/sample
throughput: 16.72 samples/second
bandwidth: 0.88 GB/s
cpu utilization: 5.48%

run 2:
total time: 11.35 seconds for 200 samples
iteration time: 0.0568 seconds/sample
throughput: 17.62 samples/second
bandwidth: 0.93 GB/s
cpu utilization: 5.46%

run 3:
total time: 12.05 seconds for 200 samples
iteration time: 0.0603 seconds/sample
throughput: 16.59 samples/second
bandwidth: 0.87 GB/s
cpu utilization: 5.43%

run 4:
total time: 11.76 seconds for 200 samples
iteration time: 0.0588 seconds/sample
throughput: 17.00 samples/second
bandwidth: 0.90 GB/s
cpu utilization: 5.43%

run 5:
total time: 11.94 seconds for 200 samples
iteration time: 0.0597 seconds/sample
throughput: 16.75 samples/second
bandwidth: 0.88 GB/s
cpu utilization: 5.46%

