run 1:
total time: 1.72 seconds for 192 samples
iteration time: 0.0090 seconds/sample
throughput: 111.55 samples/second
bandwidth: 5.88 GB/s
cpu utilization: 9.45%

run 2:
total time: 1.67 seconds for 192 samples
iteration time: 0.0087 seconds/sample
throughput: 115.02 samples/second
bandwidth: 6.07 GB/s
cpu utilization: 9.44%

run 3:
total time: 1.61 seconds for 192 samples
iteration time: 0.0084 seconds/sample
throughput: 119.45 samples/second
bandwidth: 6.30 GB/s
cpu utilization: 9.47%

run 4:
total time: 1.81 seconds for 192 samples
iteration time: 0.0094 seconds/sample
throughput: 106.33 samples/second
bandwidth: 5.61 GB/s
cpu utilization: 9.66%

run 5:
total time: 1.73 seconds for 192 samples
iteration time: 0.0090 seconds/sample
throughput: 111.17 samples/second
bandwidth: 5.86 GB/s
cpu utilization: 9.66%

