run 1:
total time: 1.71 seconds for 192 samples
iteration time: 0.0089 seconds/sample
throughput: 112.08 samples/second
bandwidth: 5.91 GB/s
cpu utilization: 9.58%

run 2:
total time: 1.65 seconds for 192 samples
iteration time: 0.0086 seconds/sample
throughput: 116.42 samples/second
bandwidth: 6.14 GB/s
cpu utilization: 9.56%

run 3:
total time: 1.59 seconds for 192 samples
iteration time: 0.0083 seconds/sample
throughput: 120.81 samples/second
bandwidth: 6.37 GB/s
cpu utilization: 9.65%

run 4:
total time: 1.71 seconds for 192 samples
iteration time: 0.0089 seconds/sample
throughput: 112.38 samples/second
bandwidth: 5.93 GB/s
cpu utilization: 9.69%

run 5:
total time: 1.72 seconds for 192 samples
iteration time: 0.0089 seconds/sample
throughput: 111.76 samples/second
bandwidth: 5.89 GB/s
cpu utilization: 9.86%

