run 1:
total time: 3.63 seconds for 200 samples
iteration time: 0.0181 seconds/sample
throughput: 55.15 samples/second
bandwidth: 2.91 GB/s
cpu utilization: 6.88%

run 2:
total time: 3.52 seconds for 200 samples
iteration time: 0.0176 seconds/sample
throughput: 56.85 samples/second
bandwidth: 3.00 GB/s
cpu utilization: 6.82%

run 3:
total time: 3.46 seconds for 200 samples
iteration time: 0.0173 seconds/sample
throughput: 57.76 samples/second
bandwidth: 3.05 GB/s
cpu utilization: 6.80%

run 4:
total time: 3.56 seconds for 200 samples
iteration time: 0.0178 seconds/sample
throughput: 56.25 samples/second
bandwidth: 2.97 GB/s
cpu utilization: 6.87%

run 5:
total time: 3.54 seconds for 200 samples
iteration time: 0.0177 seconds/sample
throughput: 56.46 samples/second
bandwidth: 2.98 GB/s
cpu utilization: 6.85%

