run 1:
total time: 3.85 seconds for 200 samples
iteration time: 0.0192 seconds/sample
throughput: 51.97 samples/second
bandwidth: 2.74 GB/s
cpu utilization: 6.70%

run 2:
total time: 3.91 seconds for 200 samples
iteration time: 0.0196 seconds/sample
throughput: 51.14 samples/second
bandwidth: 2.70 GB/s
cpu utilization: 6.66%

run 3:
total time: 3.82 seconds for 200 samples
iteration time: 0.0191 seconds/sample
throughput: 52.38 samples/second
bandwidth: 2.76 GB/s
cpu utilization: 6.63%

run 4:
total time: 3.93 seconds for 200 samples
iteration time: 0.0197 seconds/sample
throughput: 50.86 samples/second
bandwidth: 2.68 GB/s
cpu utilization: 6.63%

run 5:
total time: 3.86 seconds for 200 samples
iteration time: 0.0193 seconds/sample
throughput: 51.87 samples/second
bandwidth: 2.74 GB/s
cpu utilization: 6.65%

