run 1:
total time: 2.25 seconds for 200 samples
iteration time: 0.0112 seconds/sample
throughput: 88.93 samples/second
bandwidth: 4.69 GB/s
cpu utilization: 8.00%

run 2:
total time: 2.31 seconds for 200 samples
iteration time: 0.0115 seconds/sample
throughput: 86.69 samples/second
bandwidth: 4.57 GB/s
cpu utilization: 8.04%

run 3:
total time: 2.17 seconds for 200 samples
iteration time: 0.0108 seconds/sample
throughput: 92.18 samples/second
bandwidth: 4.86 GB/s
cpu utilization: 8.22%

run 4:
total time: 2.21 seconds for 200 samples
iteration time: 0.0110 seconds/sample
throughput: 90.53 samples/second
bandwidth: 4.77 GB/s
cpu utilization: 8.23%

run 5:
total time: 2.62 seconds for 200 samples
iteration time: 0.0131 seconds/sample
throughput: 76.44 samples/second
bandwidth: 4.03 GB/s
cpu utilization: 8.15%

