run 1:
total time: 1.29 seconds for 192 samples
iteration time: 0.0067 seconds/sample
throughput: 149.03 samples/second
bandwidth: 7.86 GB/s
cpu utilization: 10.25%

run 2:
total time: 1.24 seconds for 192 samples
iteration time: 0.0065 seconds/sample
throughput: 155.00 samples/second
bandwidth: 8.17 GB/s
cpu utilization: 10.32%

run 3:
total time: 1.21 seconds for 192 samples
iteration time: 0.0063 seconds/sample
throughput: 158.44 samples/second
bandwidth: 8.36 GB/s
cpu utilization: 10.33%

run 4:
total time: 1.26 seconds for 192 samples
iteration time: 0.0066 seconds/sample
throughput: 152.37 samples/second
bandwidth: 8.03 GB/s
cpu utilization: 10.36%

run 5:
total time: 1.33 seconds for 192 samples
iteration time: 0.0069 seconds/sample
throughput: 144.88 samples/second
bandwidth: 7.64 GB/s
cpu utilization: 10.34%

