run 1:
total time: 3.48 seconds for 200 samples
iteration time: 0.0174 seconds/sample
throughput: 57.39 samples/second
bandwidth: 3.03 GB/s
cpu utilization: 6.70%

run 2:
total time: 3.50 seconds for 200 samples
iteration time: 0.0175 seconds/sample
throughput: 57.10 samples/second
bandwidth: 3.01 GB/s
cpu utilization: 6.80%

run 3:
total time: 3.29 seconds for 200 samples
iteration time: 0.0164 seconds/sample
throughput: 60.86 samples/second
bandwidth: 3.21 GB/s
cpu utilization: 6.78%

run 4:
total time: 3.45 seconds for 200 samples
iteration time: 0.0173 seconds/sample
throughput: 57.95 samples/second
bandwidth: 3.06 GB/s
cpu utilization: 6.77%

run 5:
total time: 3.43 seconds for 200 samples
iteration time: 0.0172 seconds/sample
throughput: 58.28 samples/second
bandwidth: 3.07 GB/s
cpu utilization: 6.79%

