run 1:
total time: 11.18 seconds for 200 samples
iteration time: 0.0559 seconds/sample
throughput: 17.90 samples/second
bandwidth: 0.94 GB/s
cpu utilization: 5.50%

run 2:
total time: 12.12 seconds for 200 samples
iteration time: 0.0606 seconds/sample
throughput: 16.50 samples/second
bandwidth: 0.87 GB/s
cpu utilization: 5.46%

run 3:
total time: 12.92 seconds for 200 samples
iteration time: 0.0646 seconds/sample
throughput: 15.48 samples/second
bandwidth: 0.82 GB/s
cpu utilization: 5.43%

run 4:
total time: 13.30 seconds for 200 samples
iteration time: 0.0665 seconds/sample
throughput: 15.04 samples/second
bandwidth: 0.79 GB/s
cpu utilization: 5.46%

run 5:
total time: 13.27 seconds for 200 samples
iteration time: 0.0663 seconds/sample
throughput: 15.07 samples/second
bandwidth: 0.79 GB/s
cpu utilization: 5.45%

