run 1:
total time: 11.16 seconds for 200 samples
iteration time: 0.0558 seconds/sample
throughput: 17.93 samples/second
bandwidth: 0.95 GB/s
cpu utilization: 5.35%

run 2:
total time: 11.72 seconds for 200 samples
iteration time: 0.0586 seconds/sample
throughput: 17.07 samples/second
bandwidth: 0.90 GB/s
cpu utilization: 5.34%

run 3:
total time: 12.37 seconds for 200 samples
iteration time: 0.0619 seconds/sample
throughput: 16.17 samples/second
bandwidth: 0.85 GB/s
cpu utilization: 5.37%

run 4:
total time: 12.11 seconds for 200 samples
iteration time: 0.0605 seconds/sample
throughput: 16.52 samples/second
bandwidth: 0.87 GB/s
cpu utilization: 5.39%

run 5:
total time: 11.79 seconds for 200 samples
iteration time: 0.0590 seconds/sample
throughput: 16.96 samples/second
bandwidth: 0.89 GB/s
cpu utilization: 5.43%

