run 1:
total time: 6.33 seconds for 192 samples
iteration time: 0.0330 seconds/sample
throughput: 30.33 samples/second
bandwidth: 1.60 GB/s
cpu utilization: 5.95%

run 2:
total time: 6.33 seconds for 192 samples
iteration time: 0.0330 seconds/sample
throughput: 30.35 samples/second
bandwidth: 1.60 GB/s
cpu utilization: 6.06%

run 3:
total time: 6.33 seconds for 192 samples
iteration time: 0.0330 seconds/sample
throughput: 30.34 samples/second
bandwidth: 1.60 GB/s
cpu utilization: 6.02%

run 4:
total time: 6.64 seconds for 192 samples
iteration time: 0.0346 seconds/sample
throughput: 28.93 samples/second
bandwidth: 1.53 GB/s
cpu utilization: 6.00%

run 5:
total time: 6.39 seconds for 192 samples
iteration time: 0.0333 seconds/sample
throughput: 30.05 samples/second
bandwidth: 1.58 GB/s
cpu utilization: 6.03%

