run 1:
total time: 2.72 seconds for 192 samples
iteration time: 0.0142 seconds/sample
throughput: 70.63 samples/second
bandwidth: 3.72 GB/s
cpu utilization: 8.70%

run 2:
total time: 2.65 seconds for 192 samples
iteration time: 0.0138 seconds/sample
throughput: 72.33 samples/second
bandwidth: 3.81 GB/s
cpu utilization: 8.64%

run 3:
total time: 2.63 seconds for 192 samples
iteration time: 0.0137 seconds/sample
throughput: 72.93 samples/second
bandwidth: 3.85 GB/s
cpu utilization: 8.62%

run 4:
total time: 2.77 seconds for 192 samples
iteration time: 0.0144 seconds/sample
throughput: 69.37 samples/second
bandwidth: 3.66 GB/s
cpu utilization: 8.64%

run 5:
total time: 2.73 seconds for 192 samples
iteration time: 0.0142 seconds/sample
throughput: 70.29 samples/second
bandwidth: 3.71 GB/s
cpu utilization: 8.60%

