run 1:
total time: 1.73 seconds for 200 samples
iteration time: 0.0087 seconds/sample
throughput: 115.49 samples/second
bandwidth: 6.09 GB/s
cpu utilization: 9.02%

run 2:
total time: 1.66 seconds for 200 samples
iteration time: 0.0083 seconds/sample
throughput: 120.27 samples/second
bandwidth: 6.34 GB/s
cpu utilization: 9.06%

run 3:
total time: 1.68 seconds for 200 samples
iteration time: 0.0084 seconds/sample
throughput: 118.95 samples/second
bandwidth: 6.27 GB/s
cpu utilization: 9.12%

run 4:
total time: 1.74 seconds for 200 samples
iteration time: 0.0087 seconds/sample
throughput: 115.06 samples/second
bandwidth: 6.07 GB/s
cpu utilization: 9.21%

run 5:
total time: 1.74 seconds for 200 samples
iteration time: 0.0087 seconds/sample
throughput: 115.14 samples/second
bandwidth: 6.07 GB/s
cpu utilization: 9.24%

