run 1:
total time: 11.87 seconds for 200 samples
iteration time: 0.0594 seconds/sample
throughput: 16.85 samples/second
bandwidth: 0.89 GB/s
cpu utilization: 5.47%

run 2:
total time: 11.57 seconds for 200 samples
iteration time: 0.0578 seconds/sample
throughput: 17.29 samples/second
bandwidth: 0.91 GB/s
cpu utilization: 5.48%

run 3:
total time: 10.96 seconds for 200 samples
iteration time: 0.0548 seconds/sample
throughput: 18.25 samples/second
bandwidth: 0.96 GB/s
cpu utilization: 5.48%

run 4:
total time: 11.61 seconds for 200 samples
iteration time: 0.0581 seconds/sample
throughput: 17.23 samples/second
bandwidth: 0.91 GB/s
cpu utilization: 5.49%

run 5:
total time: 11.77 seconds for 200 samples
iteration time: 0.0588 seconds/sample
throughput: 16.99 samples/second
bandwidth: 0.90 GB/s
cpu utilization: 5.48%

