run 1:
total time: 1.60 seconds for 200 samples
iteration time: 0.0080 seconds/sample
throughput: 124.98 samples/second
bandwidth: 6.59 GB/s
cpu utilization: 9.50%

run 2:
total time: 1.38 seconds for 200 samples
iteration time: 0.0069 seconds/sample
throughput: 144.52 samples/second
bandwidth: 7.62 GB/s
cpu utilization: 9.58%

run 3:
total time: 1.41 seconds for 200 samples
iteration time: 0.0070 seconds/sample
throughput: 141.98 samples/second
bandwidth: 7.49 GB/s
cpu utilization: 9.58%

run 4:
total time: 1.59 seconds for 200 samples
iteration time: 0.0080 seconds/sample
throughput: 125.50 samples/second
bandwidth: 6.62 GB/s
cpu utilization: 9.59%

run 5:
total time: 1.59 seconds for 200 samples
iteration time: 0.0080 seconds/sample
throughput: 125.78 samples/second
bandwidth: 6.63 GB/s
cpu utilization: 9.57%

