run 1:
total time: 12.30 seconds for 192 samples
iteration time: 0.0641 seconds/sample
throughput: 15.61 samples/second
bandwidth: 0.82 GB/s
cpu utilization: 5.50%

run 2:
total time: 12.39 seconds for 192 samples
iteration time: 0.0645 seconds/sample
throughput: 15.50 samples/second
bandwidth: 0.82 GB/s
cpu utilization: 5.48%

run 3:
total time: 10.97 seconds for 192 samples
iteration time: 0.0571 seconds/sample
throughput: 17.51 samples/second
bandwidth: 0.92 GB/s
cpu utilization: 5.50%

run 4:
total time: 11.87 seconds for 192 samples
iteration time: 0.0618 seconds/sample
throughput: 16.18 samples/second
bandwidth: 0.85 GB/s
cpu utilization: 5.49%

run 5:
total time: 11.59 seconds for 192 samples
iteration time: 0.0604 seconds/sample
throughput: 16.57 samples/second
bandwidth: 0.87 GB/s
cpu utilization: 5.47%

