run 1:
total time: 3.54 seconds for 200 samples
iteration time: 0.0177 seconds/sample
throughput: 56.55 samples/second
bandwidth: 2.98 GB/s
cpu utilization: 6.78%

run 2:
total time: 3.43 seconds for 200 samples
iteration time: 0.0171 seconds/sample
throughput: 58.38 samples/second
bandwidth: 3.08 GB/s
cpu utilization: 6.76%

run 3:
total time: 3.36 seconds for 200 samples
iteration time: 0.0168 seconds/sample
throughput: 59.56 samples/second
bandwidth: 3.14 GB/s
cpu utilization: 6.83%

run 4:
total time: 3.47 seconds for 200 samples
iteration time: 0.0173 seconds/sample
throughput: 57.71 samples/second
bandwidth: 3.04 GB/s
cpu utilization: 6.81%

run 5:
total time: 3.44 seconds for 200 samples
iteration time: 0.0172 seconds/sample
throughput: 58.07 samples/second
bandwidth: 3.06 GB/s
cpu utilization: 6.89%

