run 1:
total time: 6.36 seconds for 200 samples
iteration time: 0.0318 seconds/sample
throughput: 31.44 samples/second
bandwidth: 1.66 GB/s
cpu utilization: 6.03%

run 2:
total time: 6.34 seconds for 200 samples
iteration time: 0.0317 seconds/sample
throughput: 31.54 samples/second
bandwidth: 1.66 GB/s
cpu utilization: 5.96%

run 3:
total time: 6.54 seconds for 200 samples
iteration time: 0.0327 seconds/sample
throughput: 30.59 samples/second
bandwidth: 1.61 GB/s
cpu utilization: 5.97%

run 4:
total time: 6.42 seconds for 200 samples
iteration time: 0.0321 seconds/sample
throughput: 31.15 samples/second
bandwidth: 1.64 GB/s
cpu utilization: 5.94%

run 5:
total time: 6.58 seconds for 200 samples
iteration time: 0.0329 seconds/sample
throughput: 30.41 samples/second
bandwidth: 1.60 GB/s
cpu utilization: 5.94%

