run 1:
total time: 6.24 seconds for 192 samples
iteration time: 0.0325 seconds/sample
throughput: 30.78 samples/second
bandwidth: 1.62 GB/s
cpu utilization: 5.93%

run 2:
total time: 6.26 seconds for 192 samples
iteration time: 0.0326 seconds/sample
throughput: 30.68 samples/second
bandwidth: 1.62 GB/s
cpu utilization: 6.00%

run 3:
total time: 6.12 seconds for 192 samples
iteration time: 0.0319 seconds/sample
throughput: 31.36 samples/second
bandwidth: 1.65 GB/s
cpu utilization: 5.95%

run 4:
total time: 6.47 seconds for 192 samples
iteration time: 0.0337 seconds/sample
throughput: 29.69 samples/second
bandwidth: 1.57 GB/s
cpu utilization: 5.93%

run 5:
total time: 6.24 seconds for 192 samples
iteration time: 0.0325 seconds/sample
throughput: 30.76 samples/second
bandwidth: 1.62 GB/s
cpu utilization: 5.93%

