run 1:
total time: 11.96 seconds for 192 samples
iteration time: 0.0623 seconds/sample
throughput: 16.05 samples/second
bandwidth: 0.85 GB/s
cpu utilization: 5.48%

run 2:
total time: 11.76 seconds for 192 samples
iteration time: 0.0613 seconds/sample
throughput: 16.32 samples/second
bandwidth: 0.86 GB/s
cpu utilization: 5.48%

run 3:
total time: 11.88 seconds for 192 samples
iteration time: 0.0619 seconds/sample
throughput: 16.16 samples/second
bandwidth: 0.85 GB/s
cpu utilization: 5.47%

run 4:
total time: 12.70 seconds for 192 samples
iteration time: 0.0662 seconds/sample
throughput: 15.11 samples/second
bandwidth: 0.80 GB/s
cpu utilization: 5.51%

run 5:
total time: 12.45 seconds for 192 samples
iteration time: 0.0648 seconds/sample
throughput: 15.42 samples/second
bandwidth: 0.81 GB/s
cpu utilization: 5.51%

