run 1:
total time: 3.45 seconds for 200 samples
iteration time: 0.0172 seconds/sample
throughput: 57.98 samples/second
bandwidth: 3.06 GB/s
cpu utilization: 6.77%

run 2:
total time: 3.45 seconds for 200 samples
iteration time: 0.0173 seconds/sample
throughput: 57.92 samples/second
bandwidth: 3.05 GB/s
cpu utilization: 6.80%

run 3:
total time: 3.40 seconds for 200 samples
iteration time: 0.0170 seconds/sample
throughput: 58.81 samples/second
bandwidth: 3.10 GB/s
cpu utilization: 6.87%

run 4:
total time: 3.45 seconds for 200 samples
iteration time: 0.0172 seconds/sample
throughput: 58.05 samples/second
bandwidth: 3.06 GB/s
cpu utilization: 6.93%

run 5:
total time: 3.43 seconds for 200 samples
iteration time: 0.0172 seconds/sample
throughput: 58.28 samples/second
bandwidth: 3.07 GB/s
cpu utilization: 6.97%

