run 1:
total time: 11.94 seconds for 200 samples
iteration time: 0.0597 seconds/sample
throughput: 16.76 samples/second
bandwidth: 0.88 GB/s
cpu utilization: 5.53%

run 2:
total time: 12.21 seconds for 200 samples
iteration time: 0.0611 seconds/sample
throughput: 16.37 samples/second
bandwidth: 0.86 GB/s
cpu utilization: 5.52%

run 3:
total time: 12.70 seconds for 200 samples
iteration time: 0.0635 seconds/sample
throughput: 15.75 samples/second
bandwidth: 0.83 GB/s
cpu utilization: 5.50%

run 4:
total time: 12.26 seconds for 200 samples
iteration time: 0.0613 seconds/sample
throughput: 16.31 samples/second
bandwidth: 0.86 GB/s
cpu utilization: 5.47%

run 5:
total time: 12.57 seconds for 200 samples
iteration time: 0.0628 seconds/sample
throughput: 15.92 samples/second
bandwidth: 0.84 GB/s
cpu utilization: 5.50%

