run 1:
total time: 3.86 seconds for 200 samples
iteration time: 0.0193 seconds/sample
throughput: 51.88 samples/second
bandwidth: 2.74 GB/s
cpu utilization: 6.85%

run 2:
total time: 3.76 seconds for 200 samples
iteration time: 0.0188 seconds/sample
throughput: 53.13 samples/second
bandwidth: 2.80 GB/s
cpu utilization: 6.80%

run 3:
total time: 3.85 seconds for 200 samples
iteration time: 0.0192 seconds/sample
throughput: 51.98 samples/second
bandwidth: 2.74 GB/s
cpu utilization: 6.80%

run 4:
total time: 3.87 seconds for 200 samples
iteration time: 0.0193 seconds/sample
throughput: 51.70 samples/second
bandwidth: 2.73 GB/s
cpu utilization: 6.79%

run 5:
total time: 3.85 seconds for 200 samples
iteration time: 0.0192 seconds/sample
throughput: 51.95 samples/second
bandwidth: 2.74 GB/s
cpu utilization: 6.79%

