run 1:
total time: 12.97 seconds for 192 samples
iteration time: 0.0675 seconds/sample
throughput: 14.81 samples/second
bandwidth: 0.78 GB/s
cpu utilization: 5.45%

run 2:
total time: 13.08 seconds for 192 samples
iteration time: 0.0681 seconds/sample
throughput: 14.68 samples/second
bandwidth: 0.77 GB/s
cpu utilization: 5.44%

run 3:
total time: 12.72 seconds for 192 samples
iteration time: 0.0663 seconds/sample
throughput: 15.09 samples/second
bandwidth: 0.80 GB/s
cpu utilization: 5.42%

run 4:
total time: 13.59 seconds for 192 samples
iteration time: 0.0708 seconds/sample
throughput: 14.13 samples/second
bandwidth: 0.75 GB/s
cpu utilization: 5.41%

run 5:
total time: 12.82 seconds for 192 samples
iteration time: 0.0668 seconds/sample
throughput: 14.98 samples/second
bandwidth: 0.79 GB/s
cpu utilization: 5.44%

