run 1:
total time: 11.41 seconds for 200 samples
iteration time: 0.0570 seconds/sample
throughput: 17.53 samples/second
bandwidth: 0.92 GB/s
cpu utilization: 5.40%

run 2:
total time: 11.87 seconds for 200 samples
iteration time: 0.0593 seconds/sample
throughput: 16.85 samples/second
bandwidth: 0.89 GB/s
cpu utilization: 5.46%

run 3:
total time: 11.32 seconds for 200 samples
iteration time: 0.0566 seconds/sample
throughput: 17.67 samples/second
bandwidth: 0.93 GB/s
cpu utilization: 5.45%

run 4:
total time: 11.50 seconds for 200 samples
iteration time: 0.0575 seconds/sample
throughput: 17.39 samples/second
bandwidth: 0.92 GB/s
cpu utilization: 5.43%

run 5:
total time: 12.44 seconds for 200 samples
iteration time: 0.0622 seconds/sample
throughput: 16.08 samples/second
bandwidth: 0.85 GB/s
cpu utilization: 5.44%

