run 1:
total time: 6.58 seconds for 192 samples
iteration time: 0.0343 seconds/sample
throughput: 29.19 samples/second
bandwidth: 1.54 GB/s
cpu utilization: 5.95%

run 2:
total time: 6.58 seconds for 192 samples
iteration time: 0.0342 seconds/sample
throughput: 29.20 samples/second
bandwidth: 1.54 GB/s
cpu utilization: 5.92%

run 3:
total time: 6.66 seconds for 192 samples
iteration time: 0.0347 seconds/sample
throughput: 28.82 samples/second
bandwidth: 1.52 GB/s
cpu utilization: 5.97%

run 4:
total time: 6.84 seconds for 192 samples
iteration time: 0.0356 seconds/sample
throughput: 28.09 samples/second
bandwidth: 1.48 GB/s
cpu utilization: 5.99%

run 5:
total time: 6.76 seconds for 192 samples
iteration time: 0.0352 seconds/sample
throughput: 28.39 samples/second
bandwidth: 1.50 GB/s
cpu utilization: 5.97%

