run 1:
total time: 11.58 seconds for 192 samples
iteration time: 0.0603 seconds/sample
throughput: 16.59 samples/second
bandwidth: 0.87 GB/s
cpu utilization: 5.53%

run 2:
total time: 12.49 seconds for 192 samples
iteration time: 0.0651 seconds/sample
throughput: 15.37 samples/second
bandwidth: 0.81 GB/s
cpu utilization: 5.52%

run 3:
total time: 12.63 seconds for 192 samples
iteration time: 0.0658 seconds/sample
throughput: 15.20 samples/second
bandwidth: 0.80 GB/s
cpu utilization: 5.52%

run 4:
total time: 12.15 seconds for 192 samples
iteration time: 0.0633 seconds/sample
throughput: 15.80 samples/second
bandwidth: 0.83 GB/s
cpu utilization: 5.51%

run 5:
total time: 11.60 seconds for 192 samples
iteration time: 0.0604 seconds/sample
throughput: 16.55 samples/second
bandwidth: 0.87 GB/s
cpu utilization: 5.50%

