run 1:
total time: 1.51 seconds for 200 samples
iteration time: 0.0076 seconds/sample
throughput: 132.30 samples/second
bandwidth: 6.98 GB/s
cpu utilization: 9.82%

run 2:
total time: 1.46 seconds for 200 samples
iteration time: 0.0073 seconds/sample
throughput: 136.57 samples/second
bandwidth: 7.20 GB/s
cpu utilization: 10.18%

run 3:
total time: 1.46 seconds for 200 samples
iteration time: 0.0073 seconds/sample
throughput: 137.13 samples/second
bandwidth: 7.23 GB/s
cpu utilization: 10.10%

run 4:
total time: 1.54 seconds for 200 samples
iteration time: 0.0077 seconds/sample
throughput: 129.50 samples/second
bandwidth: 6.83 GB/s
cpu utilization: 10.03%

run 5:
total time: 1.50 seconds for 200 samples
iteration time: 0.0075 seconds/sample
throughput: 133.22 samples/second
bandwidth: 7.03 GB/s
cpu utilization: 10.00%

