run 1:
total time: 2.73 seconds for 192 samples
iteration time: 0.0142 seconds/sample
throughput: 70.39 samples/second
bandwidth: 3.71 GB/s
cpu utilization: 8.38%

run 2:
total time: 2.67 seconds for 192 samples
iteration time: 0.0139 seconds/sample
throughput: 71.87 samples/second
bandwidth: 3.79 GB/s
cpu utilization: 8.40%

run 3:
total time: 2.54 seconds for 192 samples
iteration time: 0.0132 seconds/sample
throughput: 75.66 samples/second
bandwidth: 3.99 GB/s
cpu utilization: 8.40%

run 4:
total time: 2.71 seconds for 192 samples
iteration time: 0.0141 seconds/sample
throughput: 70.96 samples/second
bandwidth: 3.74 GB/s
cpu utilization: 8.47%

run 5:
total time: 2.74 seconds for 192 samples
iteration time: 0.0143 seconds/sample
throughput: 70.07 samples/second
bandwidth: 3.70 GB/s
cpu utilization: 8.48%

