run 1:
total time: 5.96 seconds for 200 samples
iteration time: 0.0298 seconds/sample
throughput: 33.56 samples/second
bandwidth: 1.77 GB/s
cpu utilization: 5.85%

run 2:
total time: 6.09 seconds for 200 samples
iteration time: 0.0304 seconds/sample
throughput: 32.86 samples/second
bandwidth: 1.73 GB/s
cpu utilization: 5.82%

run 3:
total time: 5.95 seconds for 200 samples
iteration time: 0.0297 seconds/sample
throughput: 33.64 samples/second
bandwidth: 1.77 GB/s
cpu utilization: 5.77%

run 4:
total time: 6.08 seconds for 200 samples
iteration time: 0.0304 seconds/sample
throughput: 32.87 samples/second
bandwidth: 1.73 GB/s
cpu utilization: 5.84%

run 5:
total time: 6.22 seconds for 200 samples
iteration time: 0.0311 seconds/sample
throughput: 32.17 samples/second
bandwidth: 1.70 GB/s
cpu utilization: 5.90%

