run 1:
total time: 2.24 seconds for 200 samples
iteration time: 0.0112 seconds/sample
throughput: 89.42 samples/second
bandwidth: 4.72 GB/s
cpu utilization: 7.83%

run 2:
total time: 2.22 seconds for 200 samples
iteration time: 0.0111 seconds/sample
throughput: 90.29 samples/second
bandwidth: 4.76 GB/s
cpu utilization: 7.88%

run 3:
total time: 2.13 seconds for 200 samples
iteration time: 0.0106 seconds/sample
throughput: 94.08 samples/second
bandwidth: 4.96 GB/s
cpu utilization: 7.97%

run 4:
total time: 2.23 seconds for 200 samples
iteration time: 0.0112 seconds/sample
throughput: 89.65 samples/second
bandwidth: 4.73 GB/s
cpu utilization: 8.06%

run 5:
total time: 2.21 seconds for 200 samples
iteration time: 0.0111 seconds/sample
throughput: 90.37 samples/second
bandwidth: 4.77 GB/s
cpu utilization: 8.23%

