run 1:
total time: 6.78 seconds for 192 samples
iteration time: 0.0353 seconds/sample
throughput: 28.31 samples/second
bandwidth: 1.49 GB/s
cpu utilization: 6.00%

run 2:
total time: 7.02 seconds for 192 samples
iteration time: 0.0366 seconds/sample
throughput: 27.36 samples/second
bandwidth: 1.44 GB/s
cpu utilization: 5.94%

run 3:
total time: 6.66 seconds for 192 samples
iteration time: 0.0347 seconds/sample
throughput: 28.82 samples/second
bandwidth: 1.52 GB/s
cpu utilization: 5.95%

run 4:
total time: 6.75 seconds for 192 samples
iteration time: 0.0352 seconds/sample
throughput: 28.44 samples/second
bandwidth: 1.50 GB/s
cpu utilization: 5.94%

run 5:
total time: 6.84 seconds for 192 samples
iteration time: 0.0356 seconds/sample
throughput: 28.08 samples/second
bandwidth: 1.48 GB/s
cpu utilization: 5.94%

