run 1:
total time: 7.73 seconds for 192 samples
iteration time: 0.0403 seconds/sample
throughput: 24.83 samples/second
bandwidth: 1.31 GB/s
cpu utilization: 6.15%

run 2:
total time: 7.74 seconds for 192 samples
iteration time: 0.0403 seconds/sample
throughput: 24.81 samples/second
bandwidth: 1.31 GB/s
cpu utilization: 6.10%

run 3:
total time: 7.54 seconds for 192 samples
iteration time: 0.0393 seconds/sample
throughput: 25.46 samples/second
bandwidth: 1.34 GB/s
cpu utilization: 6.10%

run 4:
total time: 8.12 seconds for 192 samples
iteration time: 0.0423 seconds/sample
throughput: 23.65 samples/second
bandwidth: 1.25 GB/s
cpu utilization: 6.04%

run 5:
total time: 7.81 seconds for 192 samples
iteration time: 0.0407 seconds/sample
throughput: 24.60 samples/second
bandwidth: 1.30 GB/s
cpu utilization: 6.05%

