run 1:
total time: 6.26 seconds for 192 samples
iteration time: 0.0326 seconds/sample
throughput: 30.67 samples/second
bandwidth: 1.62 GB/s
cpu utilization: 6.00%

run 2:
total time: 6.33 seconds for 192 samples
iteration time: 0.0330 seconds/sample
throughput: 30.35 samples/second
bandwidth: 1.60 GB/s
cpu utilization: 6.00%

run 3:
total time: 6.13 seconds for 192 samples
iteration time: 0.0319 seconds/sample
throughput: 31.31 samples/second
bandwidth: 1.65 GB/s
cpu utilization: 5.98%

run 4:
total time: 6.18 seconds for 192 samples
iteration time: 0.0322 seconds/sample
throughput: 31.06 samples/second
bandwidth: 1.64 GB/s
cpu utilization: 6.00%

run 5:
total time: 6.38 seconds for 192 samples
iteration time: 0.0332 seconds/sample
throughput: 30.08 samples/second
bandwidth: 1.59 GB/s
cpu utilization: 5.97%

