run 1:
total time: 2.17 seconds for 200 samples
iteration time: 0.0109 seconds/sample
throughput: 92.07 samples/second
bandwidth: 4.86 GB/s
cpu utilization: 8.30%

run 2:
total time: 2.16 seconds for 200 samples
iteration time: 0.0108 seconds/sample
throughput: 92.61 samples/second
bandwidth: 4.88 GB/s
cpu utilization: 8.38%

run 3:
total time: 2.00 seconds for 200 samples
iteration time: 0.0100 seconds/sample
throughput: 100.23 samples/second
bandwidth: 5.29 GB/s
cpu utilization: 8.37%

run 4:
total time: 2.17 seconds for 200 samples
iteration time: 0.0109 seconds/sample
throughput: 92.09 samples/second
bandwidth: 4.86 GB/s
cpu utilization: 8.41%

run 5:
total time: 2.19 seconds for 200 samples
iteration time: 0.0109 seconds/sample
throughput: 91.36 samples/second
bandwidth: 4.82 GB/s
cpu utilization: 8.41%

