run 1:
total time: 13.24 seconds for 192 samples
iteration time: 0.0690 seconds/sample
throughput: 14.50 samples/second
bandwidth: 0.76 GB/s
cpu utilization: 5.50%

run 2:
total time: 12.61 seconds for 192 samples
iteration time: 0.0657 seconds/sample
throughput: 15.22 samples/second
bandwidth: 0.80 GB/s
cpu utilization: 5.46%

run 3:
total time: 12.53 seconds for 192 samples
iteration time: 0.0653 seconds/sample
throughput: 15.32 samples/second
bandwidth: 0.81 GB/s
cpu utilization: 5.47%

run 4:
total time: 12.93 seconds for 192 samples
iteration time: 0.0673 seconds/sample
throughput: 14.85 samples/second
bandwidth: 0.78 GB/s
cpu utilization: 5.50%

run 5:
total time: 13.83 seconds for 192 samples
iteration time: 0.0720 seconds/sample
throughput: 13.88 samples/second
bandwidth: 0.73 GB/s
cpu utilization: 5.49%

