run 1:
total time: 2.31 seconds for 192 samples
iteration time: 0.0120 seconds/sample
throughput: 83.23 samples/second
bandwidth: 4.39 GB/s
cpu utilization: 8.38%

run 2:
total time: 2.40 seconds for 192 samples
iteration time: 0.0125 seconds/sample
throughput: 79.92 samples/second
bandwidth: 4.21 GB/s
cpu utilization: 8.44%

run 3:
total time: 2.18 seconds for 192 samples
iteration time: 0.0114 seconds/sample
throughput: 88.04 samples/second
bandwidth: 4.64 GB/s
cpu utilization: 8.43%

run 4:
total time: 2.32 seconds for 192 samples
iteration time: 0.0121 seconds/sample
throughput: 82.81 samples/second
bandwidth: 4.37 GB/s
cpu utilization: 8.44%

run 5:
total time: 2.32 seconds for 192 samples
iteration time: 0.0121 seconds/sample
throughput: 82.62 samples/second
bandwidth: 4.36 GB/s
cpu utilization: 8.57%

