run 1:
total time: 2.72 seconds for 200 samples
iteration time: 0.0136 seconds/sample
throughput: 73.42 samples/second
bandwidth: 3.87 GB/s
cpu utilization: 7.03%

run 2:
total time: 2.73 seconds for 200 samples
iteration time: 0.0137 seconds/sample
throughput: 73.16 samples/second
bandwidth: 3.86 GB/s
cpu utilization: 6.88%

run 3:
total time: 2.53 seconds for 200 samples
iteration time: 0.0127 seconds/sample
throughput: 78.95 samples/second
bandwidth: 4.16 GB/s
cpu utilization: 7.32%

run 4:
total time: 2.73 seconds for 200 samples
iteration time: 0.0136 seconds/sample
throughput: 73.34 samples/second
bandwidth: 3.87 GB/s
cpu utilization: 7.47%

run 5:
total time: 2.76 seconds for 200 samples
iteration time: 0.0138 seconds/sample
throughput: 72.47 samples/second
bandwidth: 3.82 GB/s
cpu utilization: 7.50%

