run 1:
total time: 2.80 seconds for 200 samples
iteration time: 0.0140 seconds/sample
throughput: 71.45 samples/second
bandwidth: 3.77 GB/s
cpu utilization: 7.50%

run 2:
total time: 2.75 seconds for 200 samples
iteration time: 0.0138 seconds/sample
throughput: 72.61 samples/second
bandwidth: 3.83 GB/s
cpu utilization: 7.50%

run 3:
total time: 2.63 seconds for 200 samples
iteration time: 0.0131 seconds/sample
throughput: 76.07 samples/second
bandwidth: 4.01 GB/s
cpu utilization: 7.60%

run 4:
total time: 2.79 seconds for 200 samples
iteration time: 0.0139 seconds/sample
throughput: 71.71 samples/second
bandwidth: 3.78 GB/s
cpu utilization: 7.59%

run 5:
total time: 2.79 seconds for 200 samples
iteration time: 0.0140 seconds/sample
throughput: 71.58 samples/second
bandwidth: 3.77 GB/s
cpu utilization: 7.56%

