run 1:
total time: 17.93 seconds for 192 samples
iteration time: 0.0934 seconds/sample
throughput: 10.71 samples/second
bandwidth: 0.56 GB/s
cpu utilization: 6.18%

run 2:
total time: 17.89 seconds for 192 samples
iteration time: 0.0932 seconds/sample
throughput: 10.73 samples/second
bandwidth: 0.57 GB/s
cpu utilization: 6.16%

run 3:
total time: 17.82 seconds for 192 samples
iteration time: 0.0928 seconds/sample
throughput: 10.78 samples/second
bandwidth: 0.57 GB/s
cpu utilization: 6.18%

run 4:
total time: 17.76 seconds for 192 samples
iteration time: 0.0925 seconds/sample
throughput: 10.81 samples/second
bandwidth: 0.57 GB/s
cpu utilization: 6.17%

run 5:
total time: 17.97 seconds for 192 samples
iteration time: 0.0936 seconds/sample
throughput: 10.69 samples/second
bandwidth: 0.56 GB/s
cpu utilization: 6.16%

