run 1:
total time: 2.40 seconds for 200 samples
iteration time: 0.0120 seconds/sample
throughput: 83.42 samples/second
bandwidth: 4.40 GB/s
cpu utilization: 7.18%

run 2:
total time: 2.36 seconds for 200 samples
iteration time: 0.0118 seconds/sample
throughput: 84.58 samples/second
bandwidth: 4.46 GB/s
cpu utilization: 6.94%

run 3:
total time: 2.41 seconds for 200 samples
iteration time: 0.0121 seconds/sample
throughput: 82.91 samples/second
bandwidth: 4.37 GB/s
cpu utilization: 6.73%

run 4:
total time: 2.38 seconds for 200 samples
iteration time: 0.0119 seconds/sample
throughput: 83.93 samples/second
bandwidth: 4.43 GB/s
cpu utilization: 6.44%

run 5:
total time: 2.40 seconds for 200 samples
iteration time: 0.0120 seconds/sample
throughput: 83.36 samples/second
bandwidth: 4.40 GB/s
cpu utilization: 6.18%

