run 1:
total time: 2.47 seconds for 200 samples
iteration time: 0.0124 seconds/sample
throughput: 80.81 samples/second
bandwidth: 4.26 GB/s
cpu utilization: 6.62%

run 2:
total time: 2.45 seconds for 200 samples
iteration time: 0.0123 seconds/sample
throughput: 81.50 samples/second
bandwidth: 4.30 GB/s
cpu utilization: 6.60%

run 3:
total time: 2.48 seconds for 200 samples
iteration time: 0.0124 seconds/sample
throughput: 80.52 samples/second
bandwidth: 4.25 GB/s
cpu utilization: 6.58%

run 4:
total time: 2.57 seconds for 200 samples
iteration time: 0.0129 seconds/sample
throughput: 77.71 samples/second
bandwidth: 4.10 GB/s
cpu utilization: 6.63%

run 5:
total time: 2.47 seconds for 200 samples
iteration time: 0.0124 seconds/sample
throughput: 80.82 samples/second
bandwidth: 4.26 GB/s
cpu utilization: 6.61%

