run 1:
total time: 2.67 seconds for 200 samples
iteration time: 0.0133 seconds/sample
throughput: 75.00 samples/second
bandwidth: 3.96 GB/s
cpu utilization: 5.93%

run 2:
total time: 2.75 seconds for 200 samples
iteration time: 0.0138 seconds/sample
throughput: 72.69 samples/second
bandwidth: 3.83 GB/s
cpu utilization: 6.60%

run 3:
total time: 2.61 seconds for 200 samples
iteration time: 0.0130 seconds/sample
throughput: 76.65 samples/second
bandwidth: 4.04 GB/s
cpu utilization: 7.12%

run 4:
total time: 2.64 seconds for 200 samples
iteration time: 0.0132 seconds/sample
throughput: 75.63 samples/second
bandwidth: 3.99 GB/s
cpu utilization: 7.33%

run 5:
total time: 2.66 seconds for 200 samples
iteration time: 0.0133 seconds/sample
throughput: 75.17 samples/second
bandwidth: 3.96 GB/s
cpu utilization: 7.18%

