run 1:
total time: 2.79 seconds for 200 samples
iteration time: 0.0140 seconds/sample
throughput: 71.68 samples/second
bandwidth: 3.78 GB/s
cpu utilization: 8.15%

run 2:
total time: 2.76 seconds for 200 samples
iteration time: 0.0138 seconds/sample
throughput: 72.55 samples/second
bandwidth: 3.83 GB/s
cpu utilization: 8.00%

run 3:
total time: 2.81 seconds for 200 samples
iteration time: 0.0140 seconds/sample
throughput: 71.23 samples/second
bandwidth: 3.76 GB/s
cpu utilization: 8.03%

run 4:
total time: 2.78 seconds for 200 samples
iteration time: 0.0139 seconds/sample
throughput: 71.85 samples/second
bandwidth: 3.79 GB/s
cpu utilization: 7.97%

run 5:
total time: 2.80 seconds for 200 samples
iteration time: 0.0140 seconds/sample
throughput: 71.32 samples/second
bandwidth: 3.76 GB/s
cpu utilization: 7.81%

