run 1:
total time: 2.72 seconds for 200 samples
iteration time: 0.0136 seconds/sample
throughput: 73.61 samples/second
bandwidth: 3.88 GB/s
cpu utilization: 9.27%

run 2:
total time: 2.69 seconds for 200 samples
iteration time: 0.0134 seconds/sample
throughput: 74.45 samples/second
bandwidth: 3.93 GB/s
cpu utilization: 9.48%

run 3:
total time: 2.39 seconds for 200 samples
iteration time: 0.0120 seconds/sample
throughput: 83.64 samples/second
bandwidth: 4.41 GB/s
cpu utilization: 9.70%

run 4:
total time: 2.71 seconds for 200 samples
iteration time: 0.0136 seconds/sample
throughput: 73.73 samples/second
bandwidth: 3.89 GB/s
cpu utilization: 9.79%

run 5:
total time: 2.72 seconds for 200 samples
iteration time: 0.0136 seconds/sample
throughput: 73.48 samples/second
bandwidth: 3.87 GB/s
cpu utilization: 9.85%

