run 1:
total time: 2.77 seconds for 200 samples
iteration time: 0.0138 seconds/sample
throughput: 72.27 samples/second
bandwidth: 3.81 GB/s
cpu utilization: 7.45%

run 2:
total time: 2.60 seconds for 200 samples
iteration time: 0.0130 seconds/sample
throughput: 77.06 samples/second
bandwidth: 4.06 GB/s
cpu utilization: 7.50%

run 3:
total time: 2.56 seconds for 200 samples
iteration time: 0.0128 seconds/sample
throughput: 78.15 samples/second
bandwidth: 4.12 GB/s
cpu utilization: 7.53%

run 4:
total time: 2.66 seconds for 200 samples
iteration time: 0.0133 seconds/sample
throughput: 75.26 samples/second
bandwidth: 3.97 GB/s
cpu utilization: 7.56%

run 5:
total time: 2.69 seconds for 200 samples
iteration time: 0.0134 seconds/sample
throughput: 74.37 samples/second
bandwidth: 3.92 GB/s
cpu utilization: 7.62%

