run 1:
total time: 2.85 seconds for 200 samples
iteration time: 0.0142 seconds/sample
throughput: 70.24 samples/second
bandwidth: 3.70 GB/s
cpu utilization: 8.42%

run 2:
total time: 2.81 seconds for 200 samples
iteration time: 0.0141 seconds/sample
throughput: 71.17 samples/second
bandwidth: 3.75 GB/s
cpu utilization: 8.42%

run 3:
total time: 2.82 seconds for 200 samples
iteration time: 0.0141 seconds/sample
throughput: 70.84 samples/second
bandwidth: 3.74 GB/s
cpu utilization: 8.53%

run 4:
total time: 2.82 seconds for 200 samples
iteration time: 0.0141 seconds/sample
throughput: 71.03 samples/second
bandwidth: 3.75 GB/s
cpu utilization: 8.53%

run 5:
total time: 2.84 seconds for 200 samples
iteration time: 0.0142 seconds/sample
throughput: 70.35 samples/second
bandwidth: 3.71 GB/s
cpu utilization: 8.24%

