run 1:
total time: 2.83 seconds for 192 samples
iteration time: 0.0148 seconds/sample
throughput: 67.77 samples/second
bandwidth: 3.57 GB/s
cpu utilization: 7.50%

run 2:
total time: 2.78 seconds for 192 samples
iteration time: 0.0145 seconds/sample
throughput: 69.00 samples/second
bandwidth: 3.64 GB/s
cpu utilization: 7.54%

run 3:
total time: 2.70 seconds for 192 samples
iteration time: 0.0141 seconds/sample
throughput: 71.08 samples/second
bandwidth: 3.75 GB/s
cpu utilization: 7.62%

run 4:
total time: 2.83 seconds for 192 samples
iteration time: 0.0148 seconds/sample
throughput: 67.75 samples/second
bandwidth: 3.57 GB/s
cpu utilization: 7.63%

run 5:
total time: 2.82 seconds for 192 samples
iteration time: 0.0147 seconds/sample
throughput: 68.16 samples/second
bandwidth: 3.59 GB/s
cpu utilization: 7.61%

