run 1:
total time: 2.90 seconds for 200 samples
iteration time: 0.0145 seconds/sample
throughput: 68.92 samples/second
bandwidth: 3.63 GB/s
cpu utilization: 7.43%

run 2:
total time: 2.87 seconds for 200 samples
iteration time: 0.0143 seconds/sample
throughput: 69.81 samples/second
bandwidth: 3.68 GB/s
cpu utilization: 7.46%

run 3:
total time: 2.89 seconds for 200 samples
iteration time: 0.0145 seconds/sample
throughput: 69.14 samples/second
bandwidth: 3.65 GB/s
cpu utilization: 7.47%

run 4:
total time: 2.90 seconds for 200 samples
iteration time: 0.0145 seconds/sample
throughput: 68.88 samples/second
bandwidth: 3.63 GB/s
cpu utilization: 7.46%

run 5:
total time: 3.01 seconds for 200 samples
iteration time: 0.0150 seconds/sample
throughput: 66.54 samples/second
bandwidth: 3.51 GB/s
cpu utilization: 7.62%

