run 1:
total time: 2.83 seconds for 200 samples
iteration time: 0.0141 seconds/sample
throughput: 70.77 samples/second
bandwidth: 3.73 GB/s
cpu utilization: 7.38%

run 2:
total time: 2.77 seconds for 200 samples
iteration time: 0.0139 seconds/sample
throughput: 72.08 samples/second
bandwidth: 3.80 GB/s
cpu utilization: 7.42%

run 3:
total time: 2.68 seconds for 200 samples
iteration time: 0.0134 seconds/sample
throughput: 74.65 samples/second
bandwidth: 3.94 GB/s
cpu utilization: 7.42%

run 4:
total time: 2.83 seconds for 200 samples
iteration time: 0.0141 seconds/sample
throughput: 70.77 samples/second
bandwidth: 3.73 GB/s
cpu utilization: 7.41%

run 5:
total time: 2.93 seconds for 200 samples
iteration time: 0.0147 seconds/sample
throughput: 68.23 samples/second
bandwidth: 3.60 GB/s
cpu utilization: 7.43%

