run 1:
total time: 2.65 seconds for 200 samples
iteration time: 0.0132 seconds/sample
throughput: 75.61 samples/second
bandwidth: 3.99 GB/s
cpu utilization: 8.15%

run 2:
total time: 2.52 seconds for 200 samples
iteration time: 0.0126 seconds/sample
throughput: 79.44 samples/second
bandwidth: 4.19 GB/s
cpu utilization: 8.34%

run 3:
total time: 2.39 seconds for 200 samples
iteration time: 0.0120 seconds/sample
throughput: 83.64 samples/second
bandwidth: 4.41 GB/s
cpu utilization: 8.30%

run 4:
total time: 2.60 seconds for 200 samples
iteration time: 0.0130 seconds/sample
throughput: 76.97 samples/second
bandwidth: 4.06 GB/s
cpu utilization: 7.96%

run 5:
total time: 2.66 seconds for 200 samples
iteration time: 0.0133 seconds/sample
throughput: 75.11 samples/second
bandwidth: 3.96 GB/s
cpu utilization: 7.97%

