run 1:
total time: 2.44 seconds for 200 samples
iteration time: 0.0122 seconds/sample
throughput: 82.10 samples/second
bandwidth: 4.33 GB/s
cpu utilization: 6.57%

run 2:
total time: 2.39 seconds for 200 samples
iteration time: 0.0119 seconds/sample
throughput: 83.69 samples/second
bandwidth: 4.41 GB/s
cpu utilization: 6.60%

run 3:
total time: 2.31 seconds for 200 samples
iteration time: 0.0115 seconds/sample
throughput: 86.61 samples/second
bandwidth: 4.57 GB/s
cpu utilization: 6.58%

run 4:
total time: 2.43 seconds for 200 samples
iteration time: 0.0122 seconds/sample
throughput: 82.16 samples/second
bandwidth: 4.33 GB/s
cpu utilization: 6.59%

run 5:
total time: 2.44 seconds for 200 samples
iteration time: 0.0122 seconds/sample
throughput: 82.07 samples/second
bandwidth: 4.33 GB/s
cpu utilization: 6.64%

