run 1:
total time: 2.56 seconds for 200 samples
iteration time: 0.0128 seconds/sample
throughput: 78.17 samples/second
bandwidth: 4.12 GB/s
cpu utilization: 7.10%

run 2:
total time: 2.51 seconds for 200 samples
iteration time: 0.0125 seconds/sample
throughput: 79.78 samples/second
bandwidth: 4.21 GB/s
cpu utilization: 7.08%

run 3:
total time: 2.50 seconds for 200 samples
iteration time: 0.0125 seconds/sample
throughput: 79.93 samples/second
bandwidth: 4.22 GB/s
cpu utilization: 7.03%

run 4:
total time: 2.73 seconds for 200 samples
iteration time: 0.0136 seconds/sample
throughput: 73.26 samples/second
bandwidth: 3.86 GB/s
cpu utilization: 7.01%

run 5:
total time: 2.63 seconds for 200 samples
iteration time: 0.0132 seconds/sample
throughput: 76.01 samples/second
bandwidth: 4.01 GB/s
cpu utilization: 7.00%

