run 1:
total time: 2.73 seconds for 200 samples
iteration time: 0.0136 seconds/sample
throughput: 73.31 samples/second
bandwidth: 3.87 GB/s
cpu utilization: 6.17%

run 2:
total time: 2.80 seconds for 200 samples
iteration time: 0.0140 seconds/sample
throughput: 71.49 samples/second
bandwidth: 3.77 GB/s
cpu utilization: 6.34%

run 3:
total time: 2.75 seconds for 200 samples
iteration time: 0.0137 seconds/sample
throughput: 72.80 samples/second
bandwidth: 3.84 GB/s
cpu utilization: 6.95%

run 4:
total time: 2.74 seconds for 200 samples
iteration time: 0.0137 seconds/sample
throughput: 72.89 samples/second
bandwidth: 3.84 GB/s
cpu utilization: 7.16%

run 5:
total time: 2.74 seconds for 200 samples
iteration time: 0.0137 seconds/sample
throughput: 72.95 samples/second
bandwidth: 3.85 GB/s
cpu utilization: 7.10%

