run 1:
total time: 2.53 seconds for 192 samples
iteration time: 0.0132 seconds/sample
throughput: 75.97 samples/second
bandwidth: 4.01 GB/s
cpu utilization: 6.45%

run 2:
total time: 2.37 seconds for 192 samples
iteration time: 0.0123 seconds/sample
throughput: 81.14 samples/second
bandwidth: 4.28 GB/s
cpu utilization: 6.46%

run 3:
total time: 2.37 seconds for 192 samples
iteration time: 0.0123 seconds/sample
throughput: 81.16 samples/second
bandwidth: 4.28 GB/s
cpu utilization: 6.47%

run 4:
total time: 2.53 seconds for 192 samples
iteration time: 0.0132 seconds/sample
throughput: 75.95 samples/second
bandwidth: 4.01 GB/s
cpu utilization: 6.57%

run 5:
total time: 2.52 seconds for 192 samples
iteration time: 0.0131 seconds/sample
throughput: 76.10 samples/second
bandwidth: 4.01 GB/s
cpu utilization: 6.56%

