run 1:
total time: 17.31 seconds for 192 samples
iteration time: 0.0902 seconds/sample
throughput: 11.09 samples/second
bandwidth: 0.58 GB/s
cpu utilization: 5.88%

run 2:
total time: 17.47 seconds for 192 samples
iteration time: 0.0910 seconds/sample
throughput: 10.99 samples/second
bandwidth: 0.58 GB/s
cpu utilization: 5.86%

run 3:
total time: 17.32 seconds for 192 samples
iteration time: 0.0902 seconds/sample
throughput: 11.09 samples/second
bandwidth: 0.58 GB/s
cpu utilization: 5.90%

run 4:
total time: 17.49 seconds for 192 samples
iteration time: 0.0911 seconds/sample
throughput: 10.98 samples/second
bandwidth: 0.58 GB/s
cpu utilization: 5.89%

run 5:
total time: 17.65 seconds for 192 samples
iteration time: 0.0919 seconds/sample
throughput: 10.88 samples/second
bandwidth: 0.57 GB/s
cpu utilization: 5.88%

