run 1:
total time: 2.83 seconds for 200 samples
iteration time: 0.0142 seconds/sample
throughput: 70.56 samples/second
bandwidth: 3.72 GB/s
cpu utilization: 7.47%

run 2:
total time: 2.88 seconds for 200 samples
iteration time: 0.0144 seconds/sample
throughput: 69.46 samples/second
bandwidth: 3.66 GB/s
cpu utilization: 7.66%

run 3:
total time: 2.74 seconds for 200 samples
iteration time: 0.0137 seconds/sample
throughput: 72.98 samples/second
bandwidth: 3.85 GB/s
cpu utilization: 7.63%

run 4:
total time: 2.83 seconds for 200 samples
iteration time: 0.0142 seconds/sample
throughput: 70.66 samples/second
bandwidth: 3.73 GB/s
cpu utilization: 7.61%

run 5:
total time: 2.83 seconds for 200 samples
iteration time: 0.0142 seconds/sample
throughput: 70.56 samples/second
bandwidth: 3.72 GB/s
cpu utilization: 7.60%

