run 1:
total time: 2.35 seconds for 200 samples
iteration time: 0.0118 seconds/sample
throughput: 85.01 samples/second
bandwidth: 4.48 GB/s
cpu utilization: 7.10%

run 2:
total time: 2.28 seconds for 200 samples
iteration time: 0.0114 seconds/sample
throughput: 87.54 samples/second
bandwidth: 4.62 GB/s
cpu utilization: 6.70%

run 3:
total time: 2.25 seconds for 200 samples
iteration time: 0.0113 seconds/sample
throughput: 88.85 samples/second
bandwidth: 4.69 GB/s
cpu utilization: 6.85%

run 4:
total time: 2.46 seconds for 200 samples
iteration time: 0.0123 seconds/sample
throughput: 81.20 samples/second
bandwidth: 4.28 GB/s
cpu utilization: 7.10%

run 5:
total time: 2.36 seconds for 200 samples
iteration time: 0.0118 seconds/sample
throughput: 84.69 samples/second
bandwidth: 4.47 GB/s
cpu utilization: 7.16%

