run 1:
total time: 2.44 seconds for 200 samples
iteration time: 0.0122 seconds/sample
throughput: 82.09 samples/second
bandwidth: 4.33 GB/s
cpu utilization: 8.55%

run 2:
total time: 2.38 seconds for 200 samples
iteration time: 0.0119 seconds/sample
throughput: 83.95 samples/second
bandwidth: 4.43 GB/s
cpu utilization: 7.96%

run 3:
total time: 2.40 seconds for 200 samples
iteration time: 0.0120 seconds/sample
throughput: 83.47 samples/second
bandwidth: 4.40 GB/s
cpu utilization: 7.72%

run 4:
total time: 2.53 seconds for 200 samples
iteration time: 0.0127 seconds/sample
throughput: 78.97 samples/second
bandwidth: 4.16 GB/s
cpu utilization: 8.03%

run 5:
total time: 2.53 seconds for 200 samples
iteration time: 0.0127 seconds/sample
throughput: 79.03 samples/second
bandwidth: 4.17 GB/s
cpu utilization: 8.15%

