run 1:
total time: 2.52 seconds for 200 samples
iteration time: 0.0126 seconds/sample
throughput: 79.38 samples/second
bandwidth: 4.19 GB/s
cpu utilization: 6.95%

run 2:
total time: 2.46 seconds for 200 samples
iteration time: 0.0123 seconds/sample
throughput: 81.33 samples/second
bandwidth: 4.29 GB/s
cpu utilization: 7.02%

run 3:
total time: 2.46 seconds for 200 samples
iteration time: 0.0123 seconds/sample
throughput: 81.27 samples/second
bandwidth: 4.29 GB/s
cpu utilization: 7.23%

run 4:
total time: 2.53 seconds for 200 samples
iteration time: 0.0127 seconds/sample
throughput: 79.02 samples/second
bandwidth: 4.17 GB/s
cpu utilization: 7.30%

run 5:
total time: 2.63 seconds for 200 samples
iteration time: 0.0132 seconds/sample
throughput: 75.97 samples/second
bandwidth: 4.01 GB/s
cpu utilization: 7.12%

