run 1:
total time: 2.40 seconds for 200 samples
iteration time: 0.0120 seconds/sample
throughput: 83.37 samples/second
bandwidth: 4.40 GB/s
cpu utilization: 6.27%

run 2:
total time: 2.35 seconds for 200 samples
iteration time: 0.0117 seconds/sample
throughput: 85.27 samples/second
bandwidth: 4.50 GB/s
cpu utilization: 6.30%

run 3:
total time: 2.44 seconds for 200 samples
iteration time: 0.0122 seconds/sample
throughput: 81.85 samples/second
bandwidth: 4.32 GB/s
cpu utilization: 6.33%

run 4:
total time: 2.41 seconds for 200 samples
iteration time: 0.0120 seconds/sample
throughput: 83.10 samples/second
bandwidth: 4.38 GB/s
cpu utilization: 6.37%

run 5:
total time: 2.40 seconds for 200 samples
iteration time: 0.0120 seconds/sample
throughput: 83.18 samples/second
bandwidth: 4.39 GB/s
cpu utilization: 6.35%

