run 1:
total time: 18.03 seconds for 192 samples
iteration time: 0.0939 seconds/sample
throughput: 10.65 samples/second
bandwidth: 0.56 GB/s
cpu utilization: 6.17%

run 2:
total time: 17.99 seconds for 192 samples
iteration time: 0.0937 seconds/sample
throughput: 10.67 samples/second
bandwidth: 0.56 GB/s
cpu utilization: 6.14%

run 3:
total time: 18.13 seconds for 192 samples
iteration time: 0.0944 seconds/sample
throughput: 10.59 samples/second
bandwidth: 0.56 GB/s
cpu utilization: 6.13%

run 4:
total time: 18.16 seconds for 192 samples
iteration time: 0.0946 seconds/sample
throughput: 10.57 samples/second
bandwidth: 0.56 GB/s
cpu utilization: 6.10%

run 5:
total time: 18.15 seconds for 192 samples
iteration time: 0.0946 seconds/sample
throughput: 10.58 samples/second
bandwidth: 0.56 GB/s
cpu utilization: 6.10%

