run 1:
total time: 2.85 seconds for 200 samples
iteration time: 0.0143 seconds/sample
throughput: 70.11 samples/second
bandwidth: 3.70 GB/s
cpu utilization: 7.57%

run 2:
total time: 2.80 seconds for 200 samples
iteration time: 0.0140 seconds/sample
throughput: 71.39 samples/second
bandwidth: 3.76 GB/s
cpu utilization: 7.54%

run 3:
total time: 2.77 seconds for 200 samples
iteration time: 0.0139 seconds/sample
throughput: 72.14 samples/second
bandwidth: 3.80 GB/s
cpu utilization: 7.53%

run 4:
total time: 2.86 seconds for 200 samples
iteration time: 0.0143 seconds/sample
throughput: 69.97 samples/second
bandwidth: 3.69 GB/s
cpu utilization: 7.49%

run 5:
total time: 2.85 seconds for 200 samples
iteration time: 0.0143 seconds/sample
throughput: 70.17 samples/second
bandwidth: 3.70 GB/s
cpu utilization: 7.45%

