run 1:
total time: 2.86 seconds for 192 samples
iteration time: 0.0149 seconds/sample
throughput: 67.19 samples/second
bandwidth: 3.54 GB/s
cpu utilization: 7.03%

run 2:
total time: 2.84 seconds for 192 samples
iteration time: 0.0148 seconds/sample
throughput: 67.53 samples/second
bandwidth: 3.56 GB/s
cpu utilization: 7.04%

run 3:
total time: 2.70 seconds for 192 samples
iteration time: 0.0140 seconds/sample
throughput: 71.22 samples/second
bandwidth: 3.76 GB/s
cpu utilization: 7.02%

run 4:
total time: 2.91 seconds for 192 samples
iteration time: 0.0152 seconds/sample
throughput: 65.95 samples/second
bandwidth: 3.48 GB/s
cpu utilization: 7.01%

run 5:
total time: 2.88 seconds for 192 samples
iteration time: 0.0150 seconds/sample
throughput: 66.65 samples/second
bandwidth: 3.51 GB/s
cpu utilization: 7.06%

