run 1:
total time: 2.76 seconds for 200 samples
iteration time: 0.0138 seconds/sample
throughput: 72.47 samples/second
bandwidth: 3.82 GB/s
cpu utilization: 10.08%

run 2:
total time: 2.74 seconds for 200 samples
iteration time: 0.0137 seconds/sample
throughput: 73.05 samples/second
bandwidth: 3.85 GB/s
cpu utilization: 10.08%

run 3:
total time: 2.69 seconds for 200 samples
iteration time: 0.0134 seconds/sample
throughput: 74.47 samples/second
bandwidth: 3.93 GB/s
cpu utilization: 10.10%

run 4:
total time: 2.73 seconds for 200 samples
iteration time: 0.0136 seconds/sample
throughput: 73.34 samples/second
bandwidth: 3.87 GB/s
cpu utilization: 9.73%

run 5:
total time: 2.75 seconds for 200 samples
iteration time: 0.0138 seconds/sample
throughput: 72.61 samples/second
bandwidth: 3.83 GB/s
cpu utilization: 9.55%

