run 1:
total time: 3.00 seconds for 192 samples
iteration time: 0.0156 seconds/sample
throughput: 64.08 samples/second
bandwidth: 3.38 GB/s
cpu utilization: 7.57%

run 2:
total time: 2.96 seconds for 192 samples
iteration time: 0.0154 seconds/sample
throughput: 64.91 samples/second
bandwidth: 3.42 GB/s
cpu utilization: 7.64%

run 3:
total time: 2.79 seconds for 192 samples
iteration time: 0.0145 seconds/sample
throughput: 68.92 samples/second
bandwidth: 3.63 GB/s
cpu utilization: 7.68%

run 4:
total time: 3.03 seconds for 192 samples
iteration time: 0.0158 seconds/sample
throughput: 63.40 samples/second
bandwidth: 3.34 GB/s
cpu utilization: 7.66%

run 5:
total time: 3.02 seconds for 192 samples
iteration time: 0.0157 seconds/sample
throughput: 63.52 samples/second
bandwidth: 3.35 GB/s
cpu utilization: 7.64%

