run 1:
total time: 17.04 seconds for 192 samples
iteration time: 0.0887 seconds/sample
throughput: 11.27 samples/second
bandwidth: 0.59 GB/s
cpu utilization: 5.35%

run 2:
total time: 17.18 seconds for 192 samples
iteration time: 0.0895 seconds/sample
throughput: 11.17 samples/second
bandwidth: 0.59 GB/s
cpu utilization: 5.48%

run 3:
total time: 16.76 seconds for 192 samples
iteration time: 0.0873 seconds/sample
throughput: 11.46 samples/second
bandwidth: 0.60 GB/s
cpu utilization: 5.58%

run 4:
total time: 16.92 seconds for 192 samples
iteration time: 0.0881 seconds/sample
throughput: 11.35 samples/second
bandwidth: 0.60 GB/s
cpu utilization: 5.67%

run 5:
total time: 16.83 seconds for 192 samples
iteration time: 0.0877 seconds/sample
throughput: 11.41 samples/second
bandwidth: 0.60 GB/s
cpu utilization: 5.73%

