run 1:
total time: 2.75 seconds for 200 samples
iteration time: 0.0138 seconds/sample
throughput: 72.70 samples/second
bandwidth: 3.83 GB/s
cpu utilization: 9.10%

run 2:
total time: 2.67 seconds for 200 samples
iteration time: 0.0134 seconds/sample
throughput: 74.90 samples/second
bandwidth: 3.95 GB/s
cpu utilization: 8.66%

run 3:
total time: 2.70 seconds for 200 samples
iteration time: 0.0135 seconds/sample
throughput: 74.10 samples/second
bandwidth: 3.91 GB/s
cpu utilization: 8.23%

run 4:
total time: 2.73 seconds for 200 samples
iteration time: 0.0136 seconds/sample
throughput: 73.29 samples/second
bandwidth: 3.87 GB/s
cpu utilization: 7.93%

run 5:
total time: 2.72 seconds for 200 samples
iteration time: 0.0136 seconds/sample
throughput: 73.40 samples/second
bandwidth: 3.87 GB/s
cpu utilization: 7.74%

