run 1:
total time: 3.17 seconds for 192 samples
iteration time: 0.0165 seconds/sample
throughput: 60.58 samples/second
bandwidth: 3.19 GB/s
cpu utilization: 7.32%

run 2:
total time: 2.94 seconds for 192 samples
iteration time: 0.0153 seconds/sample
throughput: 65.40 samples/second
bandwidth: 3.45 GB/s
cpu utilization: 7.44%

run 3:
total time: 2.81 seconds for 192 samples
iteration time: 0.0146 seconds/sample
throughput: 68.39 samples/second
bandwidth: 3.61 GB/s
cpu utilization: 7.47%

run 4:
total time: 3.07 seconds for 192 samples
iteration time: 0.0160 seconds/sample
throughput: 62.57 samples/second
bandwidth: 3.30 GB/s
cpu utilization: 7.50%

run 5:
total time: 3.06 seconds for 192 samples
iteration time: 0.0159 seconds/sample
throughput: 62.79 samples/second
bandwidth: 3.31 GB/s
cpu utilization: 7.50%

