run 1:
total time: 2.64 seconds for 200 samples
iteration time: 0.0132 seconds/sample
throughput: 75.65 samples/second
bandwidth: 3.99 GB/s
cpu utilization: 7.12%

run 2:
total time: 2.62 seconds for 200 samples
iteration time: 0.0131 seconds/sample
throughput: 76.33 samples/second
bandwidth: 4.03 GB/s
cpu utilization: 7.14%

run 3:
total time: 2.64 seconds for 200 samples
iteration time: 0.0132 seconds/sample
throughput: 75.71 samples/second
bandwidth: 3.99 GB/s
cpu utilization: 7.02%

run 4:
total time: 2.62 seconds for 200 samples
iteration time: 0.0131 seconds/sample
throughput: 76.32 samples/second
bandwidth: 4.02 GB/s
cpu utilization: 6.77%

run 5:
total time: 2.73 seconds for 200 samples
iteration time: 0.0136 seconds/sample
throughput: 73.28 samples/second
bandwidth: 3.86 GB/s
cpu utilization: 6.60%

