run 1:
total time: 2.74 seconds for 200 samples
iteration time: 0.0137 seconds/sample
throughput: 72.87 samples/second
bandwidth: 3.84 GB/s
cpu utilization: 8.60%

run 2:
total time: 2.68 seconds for 200 samples
iteration time: 0.0134 seconds/sample
throughput: 74.74 samples/second
bandwidth: 3.94 GB/s
cpu utilization: 8.16%

run 3:
total time: 2.67 seconds for 200 samples
iteration time: 0.0133 seconds/sample
throughput: 74.92 samples/second
bandwidth: 3.95 GB/s
cpu utilization: 7.87%

run 4:
total time: 2.73 seconds for 200 samples
iteration time: 0.0137 seconds/sample
throughput: 73.19 samples/second
bandwidth: 3.86 GB/s
cpu utilization: 7.70%

run 5:
total time: 2.73 seconds for 200 samples
iteration time: 0.0136 seconds/sample
throughput: 73.35 samples/second
bandwidth: 3.87 GB/s
cpu utilization: 7.88%

