run 1:
total time: 2.34 seconds for 200 samples
iteration time: 0.0117 seconds/sample
throughput: 85.62 samples/second
bandwidth: 4.52 GB/s
cpu utilization: 7.07%

run 2:
total time: 2.21 seconds for 200 samples
iteration time: 0.0111 seconds/sample
throughput: 90.48 samples/second
bandwidth: 4.77 GB/s
cpu utilization: 7.24%

run 3:
total time: 2.18 seconds for 200 samples
iteration time: 0.0109 seconds/sample
throughput: 91.84 samples/second
bandwidth: 4.84 GB/s
cpu utilization: 7.28%

run 4:
total time: 2.34 seconds for 200 samples
iteration time: 0.0117 seconds/sample
throughput: 85.32 samples/second
bandwidth: 4.50 GB/s
cpu utilization: 7.06%

run 5:
total time: 2.35 seconds for 200 samples
iteration time: 0.0117 seconds/sample
throughput: 85.28 samples/second
bandwidth: 4.50 GB/s
cpu utilization: 6.81%

