run 1:
total time: 2.73 seconds for 200 samples
iteration time: 0.0136 seconds/sample
throughput: 73.38 samples/second
bandwidth: 3.87 GB/s
cpu utilization: 6.63%

run 2:
total time: 2.70 seconds for 200 samples
iteration time: 0.0135 seconds/sample
throughput: 74.02 samples/second
bandwidth: 3.90 GB/s
cpu utilization: 7.14%

run 3:
total time: 2.59 seconds for 200 samples
iteration time: 0.0129 seconds/sample
throughput: 77.23 samples/second
bandwidth: 4.07 GB/s
cpu utilization: 7.70%

run 4:
total time: 2.71 seconds for 200 samples
iteration time: 0.0135 seconds/sample
throughput: 73.89 samples/second
bandwidth: 3.90 GB/s
cpu utilization: 7.91%

run 5:
total time: 2.71 seconds for 200 samples
iteration time: 0.0136 seconds/sample
throughput: 73.80 samples/second
bandwidth: 3.89 GB/s
cpu utilization: 7.79%

