run 1:
total time: 2.84 seconds for 200 samples
iteration time: 0.0142 seconds/sample
throughput: 70.44 samples/second
bandwidth: 3.71 GB/s
cpu utilization: 8.20%

run 2:
total time: 2.77 seconds for 200 samples
iteration time: 0.0138 seconds/sample
throughput: 72.21 samples/second
bandwidth: 3.81 GB/s
cpu utilization: 8.62%

run 3:
total time: 2.75 seconds for 200 samples
iteration time: 0.0138 seconds/sample
throughput: 72.64 samples/second
bandwidth: 3.83 GB/s
cpu utilization: 8.75%

run 4:
total time: 2.80 seconds for 200 samples
iteration time: 0.0140 seconds/sample
throughput: 71.52 samples/second
bandwidth: 3.77 GB/s
cpu utilization: 8.47%

run 5:
total time: 2.83 seconds for 200 samples
iteration time: 0.0142 seconds/sample
throughput: 70.57 samples/second
bandwidth: 3.72 GB/s
cpu utilization: 8.19%

