run 1:
total time: 2.47 seconds for 200 samples
iteration time: 0.0124 seconds/sample
throughput: 80.96 samples/second
bandwidth: 4.27 GB/s
cpu utilization: 7.12%

run 2:
total time: 2.39 seconds for 200 samples
iteration time: 0.0120 seconds/sample
throughput: 83.57 samples/second
bandwidth: 4.41 GB/s
cpu utilization: 6.74%

run 3:
total time: 2.39 seconds for 200 samples
iteration time: 0.0120 seconds/sample
throughput: 83.55 samples/second
bandwidth: 4.41 GB/s
cpu utilization: 6.50%

run 4:
total time: 2.45 seconds for 200 samples
iteration time: 0.0122 seconds/sample
throughput: 81.64 samples/second
bandwidth: 4.31 GB/s
cpu utilization: 6.30%

run 5:
total time: 2.45 seconds for 200 samples
iteration time: 0.0122 seconds/sample
throughput: 81.69 samples/second
bandwidth: 4.31 GB/s
cpu utilization: 6.15%

