run 1:
total time: 2.38 seconds for 200 samples
iteration time: 0.0119 seconds/sample
throughput: 83.88 samples/second
bandwidth: 4.42 GB/s
cpu utilization: 6.25%

run 2:
total time: 2.37 seconds for 200 samples
iteration time: 0.0118 seconds/sample
throughput: 84.40 samples/second
bandwidth: 4.45 GB/s
cpu utilization: 6.32%

run 3:
total time: 2.39 seconds for 200 samples
iteration time: 0.0120 seconds/sample
throughput: 83.66 samples/second
bandwidth: 4.41 GB/s
cpu utilization: 6.13%

run 4:
total time: 2.38 seconds for 200 samples
iteration time: 0.0119 seconds/sample
throughput: 83.93 samples/second
bandwidth: 4.43 GB/s
cpu utilization: 5.89%

run 5:
total time: 2.38 seconds for 200 samples
iteration time: 0.0119 seconds/sample
throughput: 83.86 samples/second
bandwidth: 4.42 GB/s
cpu utilization: 5.74%

