run 1:
total time: 2.83 seconds for 200 samples
iteration time: 0.0142 seconds/sample
throughput: 70.60 samples/second
bandwidth: 3.72 GB/s
cpu utilization: 7.38%

run 2:
total time: 2.69 seconds for 200 samples
iteration time: 0.0135 seconds/sample
throughput: 74.31 samples/second
bandwidth: 3.92 GB/s
cpu utilization: 7.38%

run 3:
total time: 2.59 seconds for 200 samples
iteration time: 0.0129 seconds/sample
throughput: 77.33 samples/second
bandwidth: 4.08 GB/s
cpu utilization: 7.15%

run 4:
total time: 2.72 seconds for 200 samples
iteration time: 0.0136 seconds/sample
throughput: 73.62 samples/second
bandwidth: 3.88 GB/s
cpu utilization: 6.93%

run 5:
total time: 2.73 seconds for 200 samples
iteration time: 0.0136 seconds/sample
throughput: 73.36 samples/second
bandwidth: 3.87 GB/s
cpu utilization: 6.76%

