run 1:
total time: 2.77 seconds for 200 samples
iteration time: 0.0138 seconds/sample
throughput: 72.24 samples/second
bandwidth: 3.81 GB/s
cpu utilization: 7.10%

run 2:
total time: 2.70 seconds for 200 samples
iteration time: 0.0135 seconds/sample
throughput: 74.18 samples/second
bandwidth: 3.91 GB/s
cpu utilization: 6.76%

run 3:
total time: 2.62 seconds for 200 samples
iteration time: 0.0131 seconds/sample
throughput: 76.25 samples/second
bandwidth: 4.02 GB/s
cpu utilization: 6.95%

run 4:
total time: 2.77 seconds for 200 samples
iteration time: 0.0139 seconds/sample
throughput: 72.18 samples/second
bandwidth: 3.81 GB/s
cpu utilization: 7.09%

run 5:
total time: 2.78 seconds for 200 samples
iteration time: 0.0139 seconds/sample
throughput: 72.07 samples/second
bandwidth: 3.80 GB/s
cpu utilization: 7.09%

