run 1:
total time: 2.70 seconds for 200 samples
iteration time: 0.0135 seconds/sample
throughput: 74.04 samples/second
bandwidth: 3.90 GB/s
cpu utilization: 9.08%

run 2:
total time: 2.66 seconds for 200 samples
iteration time: 0.0133 seconds/sample
throughput: 75.24 samples/second
bandwidth: 3.97 GB/s
cpu utilization: 9.22%

run 3:
total time: 2.57 seconds for 200 samples
iteration time: 0.0128 seconds/sample
throughput: 77.91 samples/second
bandwidth: 4.11 GB/s
cpu utilization: 9.47%

run 4:
total time: 2.71 seconds for 200 samples
iteration time: 0.0135 seconds/sample
throughput: 73.85 samples/second
bandwidth: 3.89 GB/s
cpu utilization: 9.70%

run 5:
total time: 2.72 seconds for 200 samples
iteration time: 0.0136 seconds/sample
throughput: 73.64 samples/second
bandwidth: 3.88 GB/s
cpu utilization: 9.53%

