run 1:
total time: 2.46 seconds for 200 samples
iteration time: 0.0123 seconds/sample
throughput: 81.19 samples/second
bandwidth: 4.28 GB/s
cpu utilization: 5.60%

run 2:
total time: 2.44 seconds for 200 samples
iteration time: 0.0122 seconds/sample
throughput: 82.07 samples/second
bandwidth: 4.33 GB/s
cpu utilization: 5.52%

run 3:
total time: 2.47 seconds for 200 samples
iteration time: 0.0123 seconds/sample
throughput: 81.12 samples/second
bandwidth: 4.28 GB/s
cpu utilization: 5.47%

run 4:
total time: 2.47 seconds for 200 samples
iteration time: 0.0124 seconds/sample
throughput: 80.94 samples/second
bandwidth: 4.27 GB/s
cpu utilization: 5.87%

run 5:
total time: 2.47 seconds for 200 samples
iteration time: 0.0123 seconds/sample
throughput: 81.01 samples/second
bandwidth: 4.27 GB/s
cpu utilization: 6.05%

