run 1:
total time: 2.85 seconds for 200 samples
iteration time: 0.0142 seconds/sample
throughput: 70.28 samples/second
bandwidth: 3.71 GB/s
cpu utilization: 6.95%

run 2:
total time: 2.80 seconds for 200 samples
iteration time: 0.0140 seconds/sample
throughput: 71.35 samples/second
bandwidth: 3.76 GB/s
cpu utilization: 6.76%

run 3:
total time: 2.91 seconds for 200 samples
iteration time: 0.0146 seconds/sample
throughput: 68.63 samples/second
bandwidth: 3.62 GB/s
cpu utilization: 6.65%

run 4:
total time: 2.83 seconds for 200 samples
iteration time: 0.0141 seconds/sample
throughput: 70.74 samples/second
bandwidth: 3.73 GB/s
cpu utilization: 6.54%

run 5:
total time: 2.83 seconds for 200 samples
iteration time: 0.0141 seconds/sample
throughput: 70.75 samples/second
bandwidth: 3.73 GB/s
cpu utilization: 6.45%

