run 1:
total time: 2.76 seconds for 200 samples
iteration time: 0.0138 seconds/sample
throughput: 72.52 samples/second
bandwidth: 3.82 GB/s
cpu utilization: 8.43%

run 2:
total time: 2.68 seconds for 200 samples
iteration time: 0.0134 seconds/sample
throughput: 74.58 samples/second
bandwidth: 3.93 GB/s
cpu utilization: 8.96%

run 3:
total time: 2.63 seconds for 200 samples
iteration time: 0.0131 seconds/sample
throughput: 76.11 samples/second
bandwidth: 4.01 GB/s
cpu utilization: 9.32%

run 4:
total time: 2.75 seconds for 200 samples
iteration time: 0.0137 seconds/sample
throughput: 72.78 samples/second
bandwidth: 3.84 GB/s
cpu utilization: 9.29%

run 5:
total time: 2.74 seconds for 200 samples
iteration time: 0.0137 seconds/sample
throughput: 73.08 samples/second
bandwidth: 3.85 GB/s
cpu utilization: 9.06%

