run 1:
total time: 2.74 seconds for 200 samples
iteration time: 0.0137 seconds/sample
throughput: 72.96 samples/second
bandwidth: 3.85 GB/s
cpu utilization: 8.32%

run 2:
total time: 2.70 seconds for 200 samples
iteration time: 0.0135 seconds/sample
throughput: 74.03 samples/second
bandwidth: 3.90 GB/s
cpu utilization: 7.90%

run 3:
total time: 2.71 seconds for 200 samples
iteration time: 0.0136 seconds/sample
throughput: 73.75 samples/second
bandwidth: 3.89 GB/s
cpu utilization: 7.65%

run 4:
total time: 2.74 seconds for 200 samples
iteration time: 0.0137 seconds/sample
throughput: 73.09 samples/second
bandwidth: 3.85 GB/s
cpu utilization: 7.89%

run 5:
total time: 2.83 seconds for 200 samples
iteration time: 0.0141 seconds/sample
throughput: 70.73 samples/second
bandwidth: 3.73 GB/s
cpu utilization: 7.90%

