run 1:
total time: 2.63 seconds for 200 samples
iteration time: 0.0132 seconds/sample
throughput: 75.94 samples/second
bandwidth: 4.00 GB/s
cpu utilization: 10.23%

run 2:
total time: 2.62 seconds for 200 samples
iteration time: 0.0131 seconds/sample
throughput: 76.20 samples/second
bandwidth: 4.02 GB/s
cpu utilization: 10.12%

run 3:
total time: 2.49 seconds for 200 samples
iteration time: 0.0124 seconds/sample
throughput: 80.38 samples/second
bandwidth: 4.24 GB/s
cpu utilization: 10.15%

run 4:
total time: 2.64 seconds for 200 samples
iteration time: 0.0132 seconds/sample
throughput: 75.76 samples/second
bandwidth: 4.00 GB/s
cpu utilization: 10.07%

run 5:
total time: 2.64 seconds for 200 samples
iteration time: 0.0132 seconds/sample
throughput: 75.73 samples/second
bandwidth: 3.99 GB/s
cpu utilization: 10.00%

