run 1:
total time: 2.61 seconds for 200 samples
iteration time: 0.0130 seconds/sample
throughput: 76.72 samples/second
bandwidth: 4.05 GB/s
cpu utilization: 6.78%

run 2:
total time: 2.60 seconds for 200 samples
iteration time: 0.0130 seconds/sample
throughput: 77.01 samples/second
bandwidth: 4.06 GB/s
cpu utilization: 6.98%

run 3:
total time: 2.58 seconds for 200 samples
iteration time: 0.0129 seconds/sample
throughput: 77.46 samples/second
bandwidth: 4.08 GB/s
cpu utilization: 7.50%

run 4:
total time: 2.65 seconds for 200 samples
iteration time: 0.0132 seconds/sample
throughput: 75.57 samples/second
bandwidth: 3.99 GB/s
cpu utilization: 7.94%

run 5:
total time: 2.66 seconds for 200 samples
iteration time: 0.0133 seconds/sample
throughput: 75.11 samples/second
bandwidth: 3.96 GB/s
cpu utilization: 8.11%

