run 1:
total time: 2.53 seconds for 200 samples
iteration time: 0.0126 seconds/sample
throughput: 79.12 samples/second
bandwidth: 4.17 GB/s
cpu utilization: 7.03%

run 2:
total time: 2.51 seconds for 200 samples
iteration time: 0.0126 seconds/sample
throughput: 79.58 samples/second
bandwidth: 4.20 GB/s
cpu utilization: 6.66%

run 3:
total time: 2.41 seconds for 200 samples
iteration time: 0.0120 seconds/sample
throughput: 83.13 samples/second
bandwidth: 4.38 GB/s
cpu utilization: 6.47%

run 4:
total time: 2.52 seconds for 200 samples
iteration time: 0.0126 seconds/sample
throughput: 79.34 samples/second
bandwidth: 4.18 GB/s
cpu utilization: 6.26%

run 5:
total time: 2.53 seconds for 200 samples
iteration time: 0.0126 seconds/sample
throughput: 79.11 samples/second
bandwidth: 4.17 GB/s
cpu utilization: 6.19%

