run 1:
total time: 2.72 seconds for 200 samples
iteration time: 0.0136 seconds/sample
throughput: 73.57 samples/second
bandwidth: 3.88 GB/s
cpu utilization: 6.05%

run 2:
total time: 2.74 seconds for 200 samples
iteration time: 0.0137 seconds/sample
throughput: 73.02 samples/second
bandwidth: 3.85 GB/s
cpu utilization: 6.44%

run 3:
total time: 2.57 seconds for 200 samples
iteration time: 0.0129 seconds/sample
throughput: 77.68 samples/second
bandwidth: 4.10 GB/s
cpu utilization: 6.85%

run 4:
total time: 2.73 seconds for 200 samples
iteration time: 0.0136 seconds/sample
throughput: 73.32 samples/second
bandwidth: 3.87 GB/s
cpu utilization: 6.90%

run 5:
total time: 2.71 seconds for 200 samples
iteration time: 0.0136 seconds/sample
throughput: 73.80 samples/second
bandwidth: 3.89 GB/s
cpu utilization: 6.93%

