run 1:
total time: 2.59 seconds for 200 samples
iteration time: 0.0129 seconds/sample
throughput: 77.25 samples/second
bandwidth: 4.07 GB/s
cpu utilization: 6.35%

run 2:
total time: 2.54 seconds for 200 samples
iteration time: 0.0127 seconds/sample
throughput: 78.72 samples/second
bandwidth: 4.15 GB/s
cpu utilization: 6.16%

run 3:
total time: 2.45 seconds for 200 samples
iteration time: 0.0122 seconds/sample
throughput: 81.66 samples/second
bandwidth: 4.31 GB/s
cpu utilization: 5.95%

run 4:
total time: 2.68 seconds for 200 samples
iteration time: 0.0134 seconds/sample
throughput: 74.57 samples/second
bandwidth: 3.93 GB/s
cpu utilization: 6.40%

run 5:
total time: 2.58 seconds for 200 samples
iteration time: 0.0129 seconds/sample
throughput: 77.37 samples/second
bandwidth: 4.08 GB/s
cpu utilization: 6.59%

