run 1:
total time: 2.63 seconds for 200 samples
iteration time: 0.0132 seconds/sample
throughput: 75.95 samples/second
bandwidth: 4.00 GB/s
cpu utilization: 7.27%

run 2:
total time: 2.61 seconds for 200 samples
iteration time: 0.0130 seconds/sample
throughput: 76.71 samples/second
bandwidth: 4.05 GB/s
cpu utilization: 7.16%

run 3:
total time: 2.62 seconds for 200 samples
iteration time: 0.0131 seconds/sample
throughput: 76.24 samples/second
bandwidth: 4.02 GB/s
cpu utilization: 6.97%

run 4:
total time: 2.64 seconds for 200 samples
iteration time: 0.0132 seconds/sample
throughput: 75.89 samples/second
bandwidth: 4.00 GB/s
cpu utilization: 6.73%

run 5:
total time: 2.65 seconds for 200 samples
iteration time: 0.0132 seconds/sample
throughput: 75.60 samples/second
bandwidth: 3.99 GB/s
cpu utilization: 6.59%

