run 1:
total time: 2.72 seconds for 200 samples
iteration time: 0.0136 seconds/sample
throughput: 73.60 samples/second
bandwidth: 3.88 GB/s
cpu utilization: 10.23%

run 2:
total time: 2.68 seconds for 200 samples
iteration time: 0.0134 seconds/sample
throughput: 74.65 samples/second
bandwidth: 3.94 GB/s
cpu utilization: 9.86%

run 3:
total time: 2.69 seconds for 200 samples
iteration time: 0.0135 seconds/sample
throughput: 74.29 samples/second
bandwidth: 3.92 GB/s
cpu utilization: 9.95%

run 4:
total time: 2.74 seconds for 200 samples
iteration time: 0.0137 seconds/sample
throughput: 73.04 samples/second
bandwidth: 3.85 GB/s
cpu utilization: 10.14%

run 5:
total time: 2.78 seconds for 200 samples
iteration time: 0.0139 seconds/sample
throughput: 72.05 samples/second
bandwidth: 3.80 GB/s
cpu utilization: 10.05%

