run 1:
total time: 2.52 seconds for 200 samples
iteration time: 0.0126 seconds/sample
throughput: 79.52 samples/second
bandwidth: 4.19 GB/s
cpu utilization: 6.82%

run 2:
total time: 2.47 seconds for 200 samples
iteration time: 0.0123 seconds/sample
throughput: 81.03 samples/second
bandwidth: 4.27 GB/s
cpu utilization: 7.28%

run 3:
total time: 2.33 seconds for 200 samples
iteration time: 0.0116 seconds/sample
throughput: 85.86 samples/second
bandwidth: 4.53 GB/s
cpu utilization: 7.53%

run 4:
total time: 2.52 seconds for 200 samples
iteration time: 0.0126 seconds/sample
throughput: 79.46 samples/second
bandwidth: 4.19 GB/s
cpu utilization: 7.60%

run 5:
total time: 2.46 seconds for 200 samples
iteration time: 0.0123 seconds/sample
throughput: 81.30 samples/second
bandwidth: 4.29 GB/s
cpu utilization: 7.71%

