run 1:
total time: 2.71 seconds for 200 samples
iteration time: 0.0135 seconds/sample
throughput: 73.80 samples/second
bandwidth: 3.89 GB/s
cpu utilization: 9.38%

run 2:
total time: 2.66 seconds for 200 samples
iteration time: 0.0133 seconds/sample
throughput: 75.33 samples/second
bandwidth: 3.97 GB/s
cpu utilization: 9.12%

run 3:
total time: 2.53 seconds for 200 samples
iteration time: 0.0126 seconds/sample
throughput: 79.19 samples/second
bandwidth: 4.18 GB/s
cpu utilization: 8.93%

run 4:
total time: 2.71 seconds for 200 samples
iteration time: 0.0136 seconds/sample
throughput: 73.67 samples/second
bandwidth: 3.89 GB/s
cpu utilization: 8.74%

run 5:
total time: 2.71 seconds for 200 samples
iteration time: 0.0136 seconds/sample
throughput: 73.79 samples/second
bandwidth: 3.89 GB/s
cpu utilization: 8.89%

