run 1:
total time: 2.35 seconds for 200 samples
iteration time: 0.0118 seconds/sample
throughput: 85.09 samples/second
bandwidth: 4.49 GB/s
cpu utilization: 5.72%

run 2:
total time: 2.27 seconds for 200 samples
iteration time: 0.0113 seconds/sample
throughput: 88.19 samples/second
bandwidth: 4.65 GB/s
cpu utilization: 5.82%

run 3:
total time: 2.28 seconds for 200 samples
iteration time: 0.0114 seconds/sample
throughput: 87.72 samples/second
bandwidth: 4.63 GB/s
cpu utilization: 6.27%

run 4:
total time: 2.33 seconds for 200 samples
iteration time: 0.0117 seconds/sample
throughput: 85.71 samples/second
bandwidth: 4.52 GB/s
cpu utilization: 6.49%

run 5:
total time: 2.33 seconds for 200 samples
iteration time: 0.0117 seconds/sample
throughput: 85.79 samples/second
bandwidth: 4.52 GB/s
cpu utilization: 6.49%

