run 1:
total time: 2.35 seconds for 200 samples
iteration time: 0.0117 seconds/sample
throughput: 85.18 samples/second
bandwidth: 4.49 GB/s
cpu utilization: 8.48%

run 2:
total time: 2.30 seconds for 200 samples
iteration time: 0.0115 seconds/sample
throughput: 86.94 samples/second
bandwidth: 4.58 GB/s
cpu utilization: 8.62%

run 3:
total time: 2.26 seconds for 200 samples
iteration time: 0.0113 seconds/sample
throughput: 88.68 samples/second
bandwidth: 4.68 GB/s
cpu utilization: 8.97%

run 4:
total time: 2.36 seconds for 200 samples
iteration time: 0.0118 seconds/sample
throughput: 84.65 samples/second
bandwidth: 4.46 GB/s
cpu utilization: 9.16%

run 5:
total time: 2.35 seconds for 200 samples
iteration time: 0.0118 seconds/sample
throughput: 85.10 samples/second
bandwidth: 4.49 GB/s
cpu utilization: 9.12%

