run 1:
total time: 2.79 seconds for 200 samples
iteration time: 0.0139 seconds/sample
throughput: 71.80 samples/second
bandwidth: 3.79 GB/s
cpu utilization: 6.77%

run 2:
total time: 2.79 seconds for 200 samples
iteration time: 0.0139 seconds/sample
throughput: 71.73 samples/second
bandwidth: 3.78 GB/s
cpu utilization: 7.22%

run 3:
total time: 2.90 seconds for 200 samples
iteration time: 0.0145 seconds/sample
throughput: 69.04 samples/second
bandwidth: 3.64 GB/s
cpu utilization: 7.45%

run 4:
total time: 2.82 seconds for 200 samples
iteration time: 0.0141 seconds/sample
throughput: 71.00 samples/second
bandwidth: 3.74 GB/s
cpu utilization: 7.47%

run 5:
total time: 2.78 seconds for 200 samples
iteration time: 0.0139 seconds/sample
throughput: 71.91 samples/second
bandwidth: 3.79 GB/s
cpu utilization: 7.34%

