run 1:
total time: 2.47 seconds for 200 samples
iteration time: 0.0123 seconds/sample
throughput: 81.06 samples/second
bandwidth: 4.27 GB/s
cpu utilization: 5.48%

run 2:
total time: 2.32 seconds for 200 samples
iteration time: 0.0116 seconds/sample
throughput: 86.32 samples/second
bandwidth: 4.55 GB/s
cpu utilization: 5.26%

run 3:
total time: 2.32 seconds for 200 samples
iteration time: 0.0116 seconds/sample
throughput: 86.38 samples/second
bandwidth: 4.56 GB/s
cpu utilization: 5.20%

run 4:
total time: 2.37 seconds for 200 samples
iteration time: 0.0119 seconds/sample
throughput: 84.30 samples/second
bandwidth: 4.45 GB/s
cpu utilization: 5.76%

run 5:
total time: 2.36 seconds for 200 samples
iteration time: 0.0118 seconds/sample
throughput: 84.86 samples/second
bandwidth: 4.48 GB/s
cpu utilization: 6.01%

