run 1:
total time: 2.73 seconds for 200 samples
iteration time: 0.0136 seconds/sample
throughput: 73.31 samples/second
bandwidth: 3.87 GB/s
cpu utilization: 7.65%

run 2:
total time: 2.67 seconds for 200 samples
iteration time: 0.0133 seconds/sample
throughput: 74.94 samples/second
bandwidth: 3.95 GB/s
cpu utilization: 7.54%

run 3:
total time: 2.71 seconds for 200 samples
iteration time: 0.0135 seconds/sample
throughput: 73.84 samples/second
bandwidth: 3.89 GB/s
cpu utilization: 7.70%

run 4:
total time: 2.73 seconds for 200 samples
iteration time: 0.0137 seconds/sample
throughput: 73.17 samples/second
bandwidth: 3.86 GB/s
cpu utilization: 8.24%

run 5:
total time: 2.76 seconds for 200 samples
iteration time: 0.0138 seconds/sample
throughput: 72.53 samples/second
bandwidth: 3.82 GB/s
cpu utilization: 8.49%

