run 1:
total time: 2.80 seconds for 200 samples
iteration time: 0.0140 seconds/sample
throughput: 71.39 samples/second
bandwidth: 3.76 GB/s
cpu utilization: 7.38%

run 2:
total time: 2.71 seconds for 200 samples
iteration time: 0.0135 seconds/sample
throughput: 73.88 samples/second
bandwidth: 3.90 GB/s
cpu utilization: 7.38%

run 3:
total time: 2.66 seconds for 200 samples
iteration time: 0.0133 seconds/sample
throughput: 75.21 samples/second
bandwidth: 3.97 GB/s
cpu utilization: 7.50%

run 4:
total time: 2.80 seconds for 200 samples
iteration time: 0.0140 seconds/sample
throughput: 71.37 samples/second
bandwidth: 3.76 GB/s
cpu utilization: 7.50%

run 5:
total time: 2.81 seconds for 200 samples
iteration time: 0.0140 seconds/sample
throughput: 71.30 samples/second
bandwidth: 3.76 GB/s
cpu utilization: 7.54%

