run 1:
total time: 2.64 seconds for 192 samples
iteration time: 0.0138 seconds/sample
throughput: 72.67 samples/second
bandwidth: 3.83 GB/s
cpu utilization: 6.95%

run 2:
total time: 2.73 seconds for 192 samples
iteration time: 0.0142 seconds/sample
throughput: 70.36 samples/second
bandwidth: 3.71 GB/s
cpu utilization: 6.98%

run 3:
total time: 2.34 seconds for 192 samples
iteration time: 0.0122 seconds/sample
throughput: 81.92 samples/second
bandwidth: 4.32 GB/s
cpu utilization: 7.08%

run 4:
total time: 2.71 seconds for 192 samples
iteration time: 0.0141 seconds/sample
throughput: 70.86 samples/second
bandwidth: 3.74 GB/s
cpu utilization: 7.06%

run 5:
total time: 2.64 seconds for 192 samples
iteration time: 0.0138 seconds/sample
throughput: 72.68 samples/second
bandwidth: 3.83 GB/s
cpu utilization: 7.07%

