run 1:
total time: 3.20 seconds for 192 samples
iteration time: 0.0167 seconds/sample
throughput: 60.00 samples/second
bandwidth: 3.16 GB/s
cpu utilization: 7.25%

run 2:
total time: 2.99 seconds for 192 samples
iteration time: 0.0155 seconds/sample
throughput: 64.32 samples/second
bandwidth: 3.39 GB/s
cpu utilization: 7.30%

run 3:
total time: 2.91 seconds for 192 samples
iteration time: 0.0151 seconds/sample
throughput: 66.03 samples/second
bandwidth: 3.48 GB/s
cpu utilization: 7.32%

run 4:
total time: 3.11 seconds for 192 samples
iteration time: 0.0162 seconds/sample
throughput: 61.66 samples/second
bandwidth: 3.25 GB/s
cpu utilization: 7.31%

run 5:
total time: 3.06 seconds for 192 samples
iteration time: 0.0159 seconds/sample
throughput: 62.70 samples/second
bandwidth: 3.31 GB/s
cpu utilization: 7.34%

