run 1:
total time: 2.69 seconds for 200 samples
iteration time: 0.0134 seconds/sample
throughput: 74.36 samples/second
bandwidth: 3.92 GB/s
cpu utilization: 7.95%

run 2:
total time: 2.63 seconds for 200 samples
iteration time: 0.0132 seconds/sample
throughput: 76.01 samples/second
bandwidth: 4.01 GB/s
cpu utilization: 7.96%

run 3:
total time: 2.51 seconds for 200 samples
iteration time: 0.0125 seconds/sample
throughput: 79.79 samples/second
bandwidth: 4.21 GB/s
cpu utilization: 7.92%

run 4:
total time: 2.65 seconds for 200 samples
iteration time: 0.0133 seconds/sample
throughput: 75.34 samples/second
bandwidth: 3.97 GB/s
cpu utilization: 7.89%

run 5:
total time: 2.77 seconds for 200 samples
iteration time: 0.0138 seconds/sample
throughput: 72.25 samples/second
bandwidth: 3.81 GB/s
cpu utilization: 7.86%

