run 1:
total time: 2.73 seconds for 192 samples
iteration time: 0.0142 seconds/sample
throughput: 70.39 samples/second
bandwidth: 3.71 GB/s
cpu utilization: 6.45%

run 2:
total time: 2.62 seconds for 192 samples
iteration time: 0.0136 seconds/sample
throughput: 73.34 samples/second
bandwidth: 3.87 GB/s
cpu utilization: 6.46%

run 3:
total time: 2.52 seconds for 192 samples
iteration time: 0.0131 seconds/sample
throughput: 76.19 samples/second
bandwidth: 4.02 GB/s
cpu utilization: 6.47%

run 4:
total time: 2.83 seconds for 192 samples
iteration time: 0.0147 seconds/sample
throughput: 67.96 samples/second
bandwidth: 3.58 GB/s
cpu utilization: 6.57%

run 5:
total time: 2.72 seconds for 192 samples
iteration time: 0.0142 seconds/sample
throughput: 70.59 samples/second
bandwidth: 3.72 GB/s
cpu utilization: 6.59%

