run 1:
total time: 2.47 seconds for 192 samples
iteration time: 0.0129 seconds/sample
throughput: 77.61 samples/second
bandwidth: 4.09 GB/s
cpu utilization: 6.25%

run 2:
total time: 2.41 seconds for 192 samples
iteration time: 0.0126 seconds/sample
throughput: 79.55 samples/second
bandwidth: 4.20 GB/s
cpu utilization: 6.26%

run 3:
total time: 2.37 seconds for 192 samples
iteration time: 0.0123 seconds/sample
throughput: 81.12 samples/second
bandwidth: 4.28 GB/s
cpu utilization: 6.27%

run 4:
total time: 2.47 seconds for 192 samples
iteration time: 0.0128 seconds/sample
throughput: 77.84 samples/second
bandwidth: 4.10 GB/s
cpu utilization: 6.26%

run 5:
total time: 2.52 seconds for 192 samples
iteration time: 0.0131 seconds/sample
throughput: 76.17 samples/second
bandwidth: 4.02 GB/s
cpu utilization: 6.32%

