run 1:
total time: 2.60 seconds for 200 samples
iteration time: 0.0130 seconds/sample
throughput: 77.05 samples/second
bandwidth: 4.06 GB/s
cpu utilization: 7.25%

run 2:
total time: 2.65 seconds for 200 samples
iteration time: 0.0132 seconds/sample
throughput: 75.59 samples/second
bandwidth: 3.99 GB/s
cpu utilization: 7.24%

run 3:
total time: 2.63 seconds for 200 samples
iteration time: 0.0132 seconds/sample
throughput: 75.93 samples/second
bandwidth: 4.00 GB/s
cpu utilization: 7.18%

run 4:
total time: 2.65 seconds for 200 samples
iteration time: 0.0133 seconds/sample
throughput: 75.36 samples/second
bandwidth: 3.97 GB/s
cpu utilization: 7.21%

run 5:
total time: 2.68 seconds for 200 samples
iteration time: 0.0134 seconds/sample
throughput: 74.61 samples/second
bandwidth: 3.93 GB/s
cpu utilization: 7.19%

