run 1:
total time: 2.88 seconds for 192 samples
iteration time: 0.0150 seconds/sample
throughput: 66.61 samples/second
bandwidth: 3.51 GB/s
cpu utilization: 7.40%

run 2:
total time: 2.84 seconds for 192 samples
iteration time: 0.0148 seconds/sample
throughput: 67.51 samples/second
bandwidth: 3.56 GB/s
cpu utilization: 7.40%

run 3:
total time: 2.73 seconds for 192 samples
iteration time: 0.0142 seconds/sample
throughput: 70.37 samples/second
bandwidth: 3.71 GB/s
cpu utilization: 7.45%

run 4:
total time: 2.86 seconds for 192 samples
iteration time: 0.0149 seconds/sample
throughput: 67.12 samples/second
bandwidth: 3.54 GB/s
cpu utilization: 7.50%

run 5:
total time: 2.88 seconds for 192 samples
iteration time: 0.0150 seconds/sample
throughput: 66.75 samples/second
bandwidth: 3.52 GB/s
cpu utilization: 7.49%

