run 1:
total time: 3.18 seconds for 192 samples
iteration time: 0.0166 seconds/sample
throughput: 60.33 samples/second
bandwidth: 3.18 GB/s
cpu utilization: 7.25%

run 2:
total time: 2.93 seconds for 192 samples
iteration time: 0.0152 seconds/sample
throughput: 65.60 samples/second
bandwidth: 3.46 GB/s
cpu utilization: 7.26%

run 3:
total time: 2.82 seconds for 192 samples
iteration time: 0.0147 seconds/sample
throughput: 68.05 samples/second
bandwidth: 3.59 GB/s
cpu utilization: 7.30%

run 4:
total time: 3.10 seconds for 192 samples
iteration time: 0.0161 seconds/sample
throughput: 62.03 samples/second
bandwidth: 3.27 GB/s
cpu utilization: 7.39%

run 5:
total time: 3.07 seconds for 192 samples
iteration time: 0.0160 seconds/sample
throughput: 62.64 samples/second
bandwidth: 3.30 GB/s
cpu utilization: 7.41%

