run 1:
total time: 2.66 seconds for 192 samples
iteration time: 0.0139 seconds/sample
throughput: 72.09 samples/second
bandwidth: 3.80 GB/s
cpu utilization: 6.25%

run 2:
total time: 2.57 seconds for 192 samples
iteration time: 0.0134 seconds/sample
throughput: 74.74 samples/second
bandwidth: 3.94 GB/s
cpu utilization: 6.24%

run 3:
total time: 2.47 seconds for 192 samples
iteration time: 0.0129 seconds/sample
throughput: 77.75 samples/second
bandwidth: 4.10 GB/s
cpu utilization: 6.32%

run 4:
total time: 2.67 seconds for 192 samples
iteration time: 0.0139 seconds/sample
throughput: 72.02 samples/second
bandwidth: 3.80 GB/s
cpu utilization: 6.34%

run 5:
total time: 2.65 seconds for 192 samples
iteration time: 0.0138 seconds/sample
throughput: 72.50 samples/second
bandwidth: 3.82 GB/s
cpu utilization: 6.34%

