run 1:
total time: 2.85 seconds for 192 samples
iteration time: 0.0149 seconds/sample
throughput: 67.25 samples/second
bandwidth: 3.55 GB/s
cpu utilization: 7.47%

run 2:
total time: 2.86 seconds for 192 samples
iteration time: 0.0149 seconds/sample
throughput: 67.16 samples/second
bandwidth: 3.54 GB/s
cpu utilization: 7.40%

run 3:
total time: 2.72 seconds for 192 samples
iteration time: 0.0142 seconds/sample
throughput: 70.62 samples/second
bandwidth: 3.72 GB/s
cpu utilization: 7.50%

run 4:
total time: 2.85 seconds for 192 samples
iteration time: 0.0149 seconds/sample
throughput: 67.34 samples/second
bandwidth: 3.55 GB/s
cpu utilization: 7.53%

run 5:
total time: 2.85 seconds for 192 samples
iteration time: 0.0148 seconds/sample
throughput: 67.43 samples/second
bandwidth: 3.56 GB/s
cpu utilization: 7.52%

