run 1:
total time: 2.75 seconds for 192 samples
iteration time: 0.0143 seconds/sample
throughput: 69.81 samples/second
bandwidth: 3.68 GB/s
cpu utilization: 7.55%

run 2:
total time: 2.72 seconds for 192 samples
iteration time: 0.0142 seconds/sample
throughput: 70.54 samples/second
bandwidth: 3.72 GB/s
cpu utilization: 7.60%

run 3:
total time: 2.67 seconds for 192 samples
iteration time: 0.0139 seconds/sample
throughput: 71.90 samples/second
bandwidth: 3.79 GB/s
cpu utilization: 7.70%

run 4:
total time: 2.78 seconds for 192 samples
iteration time: 0.0145 seconds/sample
throughput: 68.96 samples/second
bandwidth: 3.64 GB/s
cpu utilization: 7.70%

run 5:
total time: 2.79 seconds for 192 samples
iteration time: 0.0146 seconds/sample
throughput: 68.70 samples/second
bandwidth: 3.62 GB/s
cpu utilization: 7.70%

