run 1:
total time: 2.48 seconds for 200 samples
iteration time: 0.0124 seconds/sample
throughput: 80.70 samples/second
bandwidth: 4.26 GB/s
cpu utilization: 6.35%

run 2:
total time: 2.33 seconds for 200 samples
iteration time: 0.0116 seconds/sample
throughput: 85.91 samples/second
bandwidth: 4.53 GB/s
cpu utilization: 6.42%

run 3:
total time: 2.27 seconds for 200 samples
iteration time: 0.0113 seconds/sample
throughput: 88.15 samples/second
bandwidth: 4.65 GB/s
cpu utilization: 6.38%

run 4:
total time: 2.39 seconds for 200 samples
iteration time: 0.0119 seconds/sample
throughput: 83.80 samples/second
bandwidth: 4.42 GB/s
cpu utilization: 6.33%

run 5:
total time: 2.39 seconds for 200 samples
iteration time: 0.0119 seconds/sample
throughput: 83.79 samples/second
bandwidth: 4.42 GB/s
cpu utilization: 6.34%

