run 1:
total time: 17.64 seconds for 192 samples
iteration time: 0.0919 seconds/sample
throughput: 10.88 samples/second
bandwidth: 0.57 GB/s
cpu utilization: 6.00%

run 2:
total time: 17.87 seconds for 192 samples
iteration time: 0.0931 seconds/sample
throughput: 10.75 samples/second
bandwidth: 0.57 GB/s
cpu utilization: 5.96%

run 3:
total time: 17.70 seconds for 192 samples
iteration time: 0.0922 seconds/sample
throughput: 10.85 samples/second
bandwidth: 0.57 GB/s
cpu utilization: 5.95%

run 4:
total time: 17.91 seconds for 192 samples
iteration time: 0.0933 seconds/sample
throughput: 10.72 samples/second
bandwidth: 0.57 GB/s
cpu utilization: 5.96%

run 5:
total time: 17.96 seconds for 192 samples
iteration time: 0.0935 seconds/sample
throughput: 10.69 samples/second
bandwidth: 0.56 GB/s
cpu utilization: 5.95%

