run 1:
total time: 2.45 seconds for 200 samples
iteration time: 0.0122 seconds/sample
throughput: 81.68 samples/second
bandwidth: 4.31 GB/s
cpu utilization: 6.50%

run 2:
total time: 2.37 seconds for 200 samples
iteration time: 0.0119 seconds/sample
throughput: 84.33 samples/second
bandwidth: 4.45 GB/s
cpu utilization: 6.50%

run 3:
total time: 2.32 seconds for 200 samples
iteration time: 0.0116 seconds/sample
throughput: 86.26 samples/second
bandwidth: 4.55 GB/s
cpu utilization: 6.62%

run 4:
total time: 2.45 seconds for 200 samples
iteration time: 0.0122 seconds/sample
throughput: 81.73 samples/second
bandwidth: 4.31 GB/s
cpu utilization: 6.60%

run 5:
total time: 2.45 seconds for 200 samples
iteration time: 0.0122 seconds/sample
throughput: 81.70 samples/second
bandwidth: 4.31 GB/s
cpu utilization: 6.60%

