run 1:
total time: 2.66 seconds for 200 samples
iteration time: 0.0133 seconds/sample
throughput: 75.06 samples/second
bandwidth: 3.96 GB/s
cpu utilization: 7.73%

run 2:
total time: 2.64 seconds for 200 samples
iteration time: 0.0132 seconds/sample
throughput: 75.66 samples/second
bandwidth: 3.99 GB/s
cpu utilization: 7.72%

run 3:
total time: 2.60 seconds for 200 samples
iteration time: 0.0130 seconds/sample
throughput: 76.87 samples/second
bandwidth: 4.05 GB/s
cpu utilization: 7.72%

run 4:
total time: 2.71 seconds for 200 samples
iteration time: 0.0135 seconds/sample
throughput: 73.87 samples/second
bandwidth: 3.90 GB/s
cpu utilization: 7.91%

run 5:
total time: 2.73 seconds for 200 samples
iteration time: 0.0136 seconds/sample
throughput: 73.33 samples/second
bandwidth: 3.87 GB/s
cpu utilization: 7.90%

