run 1:
total time: 2.54 seconds for 200 samples
iteration time: 0.0127 seconds/sample
throughput: 78.80 samples/second
bandwidth: 4.16 GB/s
cpu utilization: 6.30%

run 2:
total time: 2.40 seconds for 200 samples
iteration time: 0.0120 seconds/sample
throughput: 83.37 samples/second
bandwidth: 4.40 GB/s
cpu utilization: 6.40%

run 3:
total time: 2.44 seconds for 200 samples
iteration time: 0.0122 seconds/sample
throughput: 82.12 samples/second
bandwidth: 4.33 GB/s
cpu utilization: 6.37%

run 4:
total time: 2.44 seconds for 200 samples
iteration time: 0.0122 seconds/sample
throughput: 81.88 samples/second
bandwidth: 4.32 GB/s
cpu utilization: 6.34%

run 5:
total time: 2.42 seconds for 200 samples
iteration time: 0.0121 seconds/sample
throughput: 82.61 samples/second
bandwidth: 4.36 GB/s
cpu utilization: 6.32%

