run 1:
total time: 2.68 seconds for 200 samples
iteration time: 0.0134 seconds/sample
throughput: 74.57 samples/second
bandwidth: 3.93 GB/s
cpu utilization: 7.57%

run 2:
total time: 2.60 seconds for 200 samples
iteration time: 0.0130 seconds/sample
throughput: 76.88 samples/second
bandwidth: 4.05 GB/s
cpu utilization: 7.60%

run 3:
total time: 2.57 seconds for 200 samples
iteration time: 0.0129 seconds/sample
throughput: 77.71 samples/second
bandwidth: 4.10 GB/s
cpu utilization: 7.63%

run 4:
total time: 2.73 seconds for 200 samples
iteration time: 0.0136 seconds/sample
throughput: 73.32 samples/second
bandwidth: 3.87 GB/s
cpu utilization: 7.67%

run 5:
total time: 2.71 seconds for 200 samples
iteration time: 0.0136 seconds/sample
throughput: 73.69 samples/second
bandwidth: 3.89 GB/s
cpu utilization: 7.68%

