run 1:
total time: 2.45 seconds for 200 samples
iteration time: 0.0123 seconds/sample
throughput: 81.61 samples/second
bandwidth: 4.30 GB/s
cpu utilization: 6.58%

run 2:
total time: 2.41 seconds for 200 samples
iteration time: 0.0120 seconds/sample
throughput: 83.10 samples/second
bandwidth: 4.38 GB/s
cpu utilization: 6.66%

run 3:
total time: 2.39 seconds for 200 samples
iteration time: 0.0119 seconds/sample
throughput: 83.73 samples/second
bandwidth: 4.42 GB/s
cpu utilization: 6.63%

run 4:
total time: 2.45 seconds for 200 samples
iteration time: 0.0123 seconds/sample
throughput: 81.62 samples/second
bandwidth: 4.30 GB/s
cpu utilization: 6.61%

run 5:
total time: 2.45 seconds for 200 samples
iteration time: 0.0123 seconds/sample
throughput: 81.57 samples/second
bandwidth: 4.30 GB/s
cpu utilization: 6.60%

