run 1:
total time: 17.43 seconds for 192 samples
iteration time: 0.0908 seconds/sample
throughput: 11.02 samples/second
bandwidth: 0.58 GB/s
cpu utilization: 5.85%

run 2:
total time: 17.62 seconds for 192 samples
iteration time: 0.0918 seconds/sample
throughput: 10.90 samples/second
bandwidth: 0.57 GB/s
cpu utilization: 5.86%

run 3:
total time: 17.28 seconds for 192 samples
iteration time: 0.0900 seconds/sample
throughput: 11.11 samples/second
bandwidth: 0.59 GB/s
cpu utilization: 5.87%

run 4:
total time: 17.66 seconds for 192 samples
iteration time: 0.0920 seconds/sample
throughput: 10.87 samples/second
bandwidth: 0.57 GB/s
cpu utilization: 5.87%

run 5:
total time: 17.62 seconds for 192 samples
iteration time: 0.0918 seconds/sample
throughput: 10.89 samples/second
bandwidth: 0.57 GB/s
cpu utilization: 5.88%

