run 1:
total time: 2.56 seconds for 200 samples
iteration time: 0.0128 seconds/sample
throughput: 78.12 samples/second
bandwidth: 4.12 GB/s
cpu utilization: 7.02%

run 2:
total time: 2.50 seconds for 200 samples
iteration time: 0.0125 seconds/sample
throughput: 79.88 samples/second
bandwidth: 4.21 GB/s
cpu utilization: 7.02%

run 3:
total time: 2.52 seconds for 200 samples
iteration time: 0.0126 seconds/sample
throughput: 79.31 samples/second
bandwidth: 4.18 GB/s
cpu utilization: 7.07%

run 4:
total time: 2.62 seconds for 200 samples
iteration time: 0.0131 seconds/sample
throughput: 76.26 samples/second
bandwidth: 4.02 GB/s
cpu utilization: 7.04%

run 5:
total time: 2.62 seconds for 200 samples
iteration time: 0.0131 seconds/sample
throughput: 76.44 samples/second
bandwidth: 4.03 GB/s
cpu utilization: 7.01%

