run 1:
total time: 2.87 seconds for 200 samples
iteration time: 0.0143 seconds/sample
throughput: 69.73 samples/second
bandwidth: 3.68 GB/s
cpu utilization: 7.52%

run 2:
total time: 2.85 seconds for 200 samples
iteration time: 0.0143 seconds/sample
throughput: 70.12 samples/second
bandwidth: 3.70 GB/s
cpu utilization: 7.56%

run 3:
total time: 2.87 seconds for 200 samples
iteration time: 0.0143 seconds/sample
throughput: 69.79 samples/second
bandwidth: 3.68 GB/s
cpu utilization: 7.53%

run 4:
total time: 2.88 seconds for 200 samples
iteration time: 0.0144 seconds/sample
throughput: 69.43 samples/second
bandwidth: 3.66 GB/s
cpu utilization: 7.54%

run 5:
total time: 2.85 seconds for 200 samples
iteration time: 0.0143 seconds/sample
throughput: 70.16 samples/second
bandwidth: 3.70 GB/s
cpu utilization: 7.53%

