run 1:
total time: 17.94 seconds for 192 samples
iteration time: 0.0934 seconds/sample
throughput: 10.70 samples/second
bandwidth: 0.56 GB/s
cpu utilization: 6.07%

run 2:
total time: 17.93 seconds for 192 samples
iteration time: 0.0934 seconds/sample
throughput: 10.71 samples/second
bandwidth: 0.56 GB/s
cpu utilization: 6.10%

run 3:
total time: 17.97 seconds for 192 samples
iteration time: 0.0936 seconds/sample
throughput: 10.69 samples/second
bandwidth: 0.56 GB/s
cpu utilization: 6.13%

run 4:
total time: 17.86 seconds for 192 samples
iteration time: 0.0930 seconds/sample
throughput: 10.75 samples/second
bandwidth: 0.57 GB/s
cpu utilization: 6.13%

run 5:
total time: 18.23 seconds for 192 samples
iteration time: 0.0950 seconds/sample
throughput: 10.53 samples/second
bandwidth: 0.56 GB/s
cpu utilization: 6.12%

