run 1:
total time: 3.31 seconds for 200 samples
iteration time: 0.0166 seconds/sample
throughput: 60.33 samples/second
bandwidth: 3.18 GB/s
cpu utilization: 7.32%

run 2:
total time: 3.30 seconds for 200 samples
iteration time: 0.0165 seconds/sample
throughput: 60.59 samples/second
bandwidth: 3.20 GB/s
cpu utilization: 7.68%

run 3:
total time: 3.30 seconds for 200 samples
iteration time: 0.0165 seconds/sample
throughput: 60.54 samples/second
bandwidth: 3.19 GB/s
cpu utilization: 7.88%

run 4:
total time: 3.30 seconds for 200 samples
iteration time: 0.0165 seconds/sample
throughput: 60.56 samples/second
bandwidth: 3.19 GB/s
cpu utilization: 7.63%

run 5:
total time: 3.30 seconds for 200 samples
iteration time: 0.0165 seconds/sample
throughput: 60.57 samples/second
bandwidth: 3.19 GB/s
cpu utilization: 7.90%

