run 1:
total time: 10.22 seconds for 200 samples
iteration time: 0.0511 seconds/sample
throughput: 19.57 samples/second
bandwidth: 1.03 GB/s
cpu utilization: 6.25%

run 2:
total time: 10.63 seconds for 200 samples
iteration time: 0.0531 seconds/sample
throughput: 18.82 samples/second
bandwidth: 0.99 GB/s
cpu utilization: 6.26%

run 3:
total time: 10.31 seconds for 200 samples
iteration time: 0.0516 seconds/sample
throughput: 19.39 samples/second
bandwidth: 1.02 GB/s
cpu utilization: 6.18%

run 4:
total time: 10.61 seconds for 200 samples
iteration time: 0.0530 seconds/sample
throughput: 18.86 samples/second
bandwidth: 0.99 GB/s
cpu utilization: 5.86%

run 5:
total time: 10.23 seconds for 200 samples
iteration time: 0.0512 seconds/sample
throughput: 19.54 samples/second
bandwidth: 1.03 GB/s
cpu utilization: 5.93%

