run 1:
total time: 1.62 seconds for 200 samples
iteration time: 0.0081 seconds/sample
throughput: 123.53 samples/second
bandwidth: 6.51 GB/s
cpu utilization: 8.92%

run 2:
total time: 1.51 seconds for 200 samples
iteration time: 0.0076 seconds/sample
throughput: 132.28 samples/second
bandwidth: 6.98 GB/s
cpu utilization: 8.70%

run 3:
total time: 1.53 seconds for 200 samples
iteration time: 0.0077 seconds/sample
throughput: 130.52 samples/second
bandwidth: 6.88 GB/s
cpu utilization: 8.48%

run 4:
total time: 1.55 seconds for 200 samples
iteration time: 0.0077 seconds/sample
throughput: 129.05 samples/second
bandwidth: 6.81 GB/s
cpu utilization: 8.37%

run 5:
total time: 1.66 seconds for 200 samples
iteration time: 0.0083 seconds/sample
throughput: 120.73 samples/second
bandwidth: 6.37 GB/s
cpu utilization: 8.74%

