run 1:
total time: 3.33 seconds for 200 samples
iteration time: 0.0166 seconds/sample
throughput: 60.11 samples/second
bandwidth: 3.17 GB/s
cpu utilization: 5.38%

run 2:
total time: 3.26 seconds for 200 samples
iteration time: 0.0163 seconds/sample
throughput: 61.27 samples/second
bandwidth: 3.23 GB/s
cpu utilization: 6.02%

run 3:
total time: 3.04 seconds for 200 samples
iteration time: 0.0152 seconds/sample
throughput: 65.77 samples/second
bandwidth: 3.47 GB/s
cpu utilization: 6.37%

run 4:
total time: 3.47 seconds for 200 samples
iteration time: 0.0173 seconds/sample
throughput: 57.67 samples/second
bandwidth: 3.04 GB/s
cpu utilization: 6.29%

run 5:
total time: 3.41 seconds for 200 samples
iteration time: 0.0171 seconds/sample
throughput: 58.57 samples/second
bandwidth: 3.09 GB/s
cpu utilization: 6.60%

