run 1:
total time: 5.81 seconds for 200 samples
iteration time: 0.0291 seconds/sample
throughput: 34.40 samples/second
bandwidth: 1.81 GB/s
cpu utilization: 4.97%

run 2:
total time: 5.72 seconds for 200 samples
iteration time: 0.0286 seconds/sample
throughput: 34.98 samples/second
bandwidth: 1.84 GB/s
cpu utilization: 5.04%

run 3:
total time: 5.71 seconds for 200 samples
iteration time: 0.0286 seconds/sample
throughput: 35.03 samples/second
bandwidth: 1.85 GB/s
cpu utilization: 5.12%

run 4:
total time: 5.96 seconds for 200 samples
iteration time: 0.0298 seconds/sample
throughput: 33.58 samples/second
bandwidth: 1.77 GB/s
cpu utilization: 5.36%

run 5:
total time: 6.09 seconds for 200 samples
iteration time: 0.0304 seconds/sample
throughput: 32.85 samples/second
bandwidth: 1.73 GB/s
cpu utilization: 5.24%

