run 1:
total time: 3.36 seconds for 200 samples
iteration time: 0.0168 seconds/sample
throughput: 59.45 samples/second
bandwidth: 3.13 GB/s
cpu utilization: 7.22%

run 2:
total time: 3.32 seconds for 200 samples
iteration time: 0.0166 seconds/sample
throughput: 60.19 samples/second
bandwidth: 3.17 GB/s
cpu utilization: 7.38%

run 3:
total time: 3.26 seconds for 200 samples
iteration time: 0.0163 seconds/sample
throughput: 61.39 samples/second
bandwidth: 3.24 GB/s
cpu utilization: 7.30%

run 4:
total time: 3.35 seconds for 200 samples
iteration time: 0.0168 seconds/sample
throughput: 59.66 samples/second
bandwidth: 3.15 GB/s
cpu utilization: 6.96%

run 5:
total time: 3.42 seconds for 200 samples
iteration time: 0.0171 seconds/sample
throughput: 58.53 samples/second
bandwidth: 3.09 GB/s
cpu utilization: 6.96%

