run 1:
total time: 1.26 seconds for 200 samples
iteration time: 0.0063 seconds/sample
throughput: 159.15 samples/second
bandwidth: 8.39 GB/s
cpu utilization: 9.92%

run 2:
total time: 1.22 seconds for 200 samples
iteration time: 0.0061 seconds/sample
throughput: 163.34 samples/second
bandwidth: 8.61 GB/s
cpu utilization: 9.94%

run 3:
total time: 1.22 seconds for 200 samples
iteration time: 0.0061 seconds/sample
throughput: 164.18 samples/second
bandwidth: 8.66 GB/s
cpu utilization: 10.00%

run 4:
total time: 1.30 seconds for 200 samples
iteration time: 0.0065 seconds/sample
throughput: 154.13 samples/second
bandwidth: 8.13 GB/s
cpu utilization: 9.70%

run 5:
total time: 1.21 seconds for 200 samples
iteration time: 0.0060 seconds/sample
throughput: 165.32 samples/second
bandwidth: 8.72 GB/s
cpu utilization: 9.49%

