run 1:
total time: 5.87 seconds for 200 samples
iteration time: 0.0294 seconds/sample
throughput: 34.07 samples/second
bandwidth: 1.80 GB/s
cpu utilization: 4.90%

run 2:
total time: 5.68 seconds for 200 samples
iteration time: 0.0284 seconds/sample
throughput: 35.20 samples/second
bandwidth: 1.86 GB/s
cpu utilization: 5.08%

run 3:
total time: 5.71 seconds for 200 samples
iteration time: 0.0285 seconds/sample
throughput: 35.03 samples/second
bandwidth: 1.85 GB/s
cpu utilization: 5.07%

run 4:
total time: 5.63 seconds for 200 samples
iteration time: 0.0282 seconds/sample
throughput: 35.50 samples/second
bandwidth: 1.87 GB/s
cpu utilization: 4.89%

run 5:
total time: 5.68 seconds for 200 samples
iteration time: 0.0284 seconds/sample
throughput: 35.24 samples/second
bandwidth: 1.86 GB/s
cpu utilization: 4.99%

