run 1:
total time: 10.12 seconds for 200 samples
iteration time: 0.0506 seconds/sample
throughput: 19.77 samples/second
bandwidth: 1.04 GB/s
cpu utilization: 5.97%

run 2:
total time: 10.32 seconds for 200 samples
iteration time: 0.0516 seconds/sample
throughput: 19.37 samples/second
bandwidth: 1.02 GB/s
cpu utilization: 6.04%

run 3:
total time: 10.16 seconds for 200 samples
iteration time: 0.0508 seconds/sample
throughput: 19.68 samples/second
bandwidth: 1.04 GB/s
cpu utilization: 6.37%

run 4:
total time: 10.22 seconds for 200 samples
iteration time: 0.0511 seconds/sample
throughput: 19.58 samples/second
bandwidth: 1.03 GB/s
cpu utilization: 6.53%

run 5:
total time: 10.57 seconds for 200 samples
iteration time: 0.0528 seconds/sample
throughput: 18.92 samples/second
bandwidth: 1.00 GB/s
cpu utilization: 6.65%

