run 1:
total time: 2.54 seconds for 200 samples
iteration time: 0.0127 seconds/sample
throughput: 78.75 samples/second
bandwidth: 4.15 GB/s
cpu utilization: 7.80%

run 2:
total time: 2.54 seconds for 200 samples
iteration time: 0.0127 seconds/sample
throughput: 78.79 samples/second
bandwidth: 4.16 GB/s
cpu utilization: 7.36%

run 3:
total time: 2.54 seconds for 200 samples
iteration time: 0.0127 seconds/sample
throughput: 78.87 samples/second
bandwidth: 4.16 GB/s
cpu utilization: 7.07%

run 4:
total time: 2.62 seconds for 200 samples
iteration time: 0.0131 seconds/sample
throughput: 76.36 samples/second
bandwidth: 4.03 GB/s
cpu utilization: 7.09%

run 5:
total time: 2.58 seconds for 200 samples
iteration time: 0.0129 seconds/sample
throughput: 77.53 samples/second
bandwidth: 4.09 GB/s
cpu utilization: 7.31%

