run 1:
total time: 5.78 seconds for 200 samples
iteration time: 0.0289 seconds/sample
throughput: 34.61 samples/second
bandwidth: 1.83 GB/s
cpu utilization: 6.38%

run 2:
total time: 6.08 seconds for 200 samples
iteration time: 0.0304 seconds/sample
throughput: 32.87 samples/second
bandwidth: 1.73 GB/s
cpu utilization: 6.50%

run 3:
total time: 5.68 seconds for 200 samples
iteration time: 0.0284 seconds/sample
throughput: 35.23 samples/second
bandwidth: 1.86 GB/s
cpu utilization: 6.17%

run 4:
total time: 5.86 seconds for 200 samples
iteration time: 0.0293 seconds/sample
throughput: 34.10 samples/second
bandwidth: 1.80 GB/s
cpu utilization: 6.07%

run 5:
total time: 5.82 seconds for 200 samples
iteration time: 0.0291 seconds/sample
throughput: 34.35 samples/second
bandwidth: 1.81 GB/s
cpu utilization: 5.82%

