run 1:
total time: 2.19 seconds for 200 samples
iteration time: 0.0110 seconds/sample
throughput: 91.14 samples/second
bandwidth: 4.81 GB/s
cpu utilization: 8.15%

run 2:
total time: 2.20 seconds for 200 samples
iteration time: 0.0110 seconds/sample
throughput: 91.10 samples/second
bandwidth: 4.80 GB/s
cpu utilization: 8.68%

run 3:
total time: 2.13 seconds for 200 samples
iteration time: 0.0107 seconds/sample
throughput: 93.84 samples/second
bandwidth: 4.95 GB/s
cpu utilization: 8.92%

run 4:
total time: 2.19 seconds for 200 samples
iteration time: 0.0109 seconds/sample
throughput: 91.43 samples/second
bandwidth: 4.82 GB/s
cpu utilization: 9.03%

run 5:
total time: 2.20 seconds for 200 samples
iteration time: 0.0110 seconds/sample
throughput: 90.86 samples/second
bandwidth: 4.79 GB/s
cpu utilization: 9.02%

