run 1:
total time: 10.36 seconds for 200 samples
iteration time: 0.0518 seconds/sample
throughput: 19.31 samples/second
bandwidth: 1.02 GB/s
cpu utilization: 4.30%

run 2:
total time: 10.35 seconds for 200 samples
iteration time: 0.0518 seconds/sample
throughput: 19.31 samples/second
bandwidth: 1.02 GB/s
cpu utilization: 4.54%

run 3:
total time: 10.25 seconds for 200 samples
iteration time: 0.0513 seconds/sample
throughput: 19.50 samples/second
bandwidth: 1.03 GB/s
cpu utilization: 4.53%

run 4:
total time: 10.12 seconds for 200 samples
iteration time: 0.0506 seconds/sample
throughput: 19.76 samples/second
bandwidth: 1.04 GB/s
cpu utilization: 4.50%

run 5:
total time: 10.76 seconds for 200 samples
iteration time: 0.0538 seconds/sample
throughput: 18.59 samples/second
bandwidth: 0.98 GB/s
cpu utilization: 4.60%

