run 1:
total time: 1.75 seconds for 200 samples
iteration time: 0.0088 seconds/sample
throughput: 114.05 samples/second
bandwidth: 6.01 GB/s
cpu utilization: 7.07%

run 2:
total time: 1.70 seconds for 200 samples
iteration time: 0.0085 seconds/sample
throughput: 117.95 samples/second
bandwidth: 6.22 GB/s
cpu utilization: 7.44%

run 3:
total time: 1.66 seconds for 200 samples
iteration time: 0.0083 seconds/sample
throughput: 120.42 samples/second
bandwidth: 6.35 GB/s
cpu utilization: 8.10%

run 4:
total time: 1.74 seconds for 200 samples
iteration time: 0.0087 seconds/sample
throughput: 114.97 samples/second
bandwidth: 6.06 GB/s
cpu utilization: 8.46%

run 5:
total time: 1.71 seconds for 200 samples
iteration time: 0.0086 seconds/sample
throughput: 116.64 samples/second
bandwidth: 6.15 GB/s
cpu utilization: 8.46%

