run 1:
total time: 10.86 seconds for 200 samples
iteration time: 0.0543 seconds/sample
throughput: 18.42 samples/second
bandwidth: 0.97 GB/s
cpu utilization: 4.73%

run 2:
total time: 10.72 seconds for 200 samples
iteration time: 0.0536 seconds/sample
throughput: 18.66 samples/second
bandwidth: 0.98 GB/s
cpu utilization: 4.60%

run 3:
total time: 10.26 seconds for 200 samples
iteration time: 0.0513 seconds/sample
throughput: 19.49 samples/second
bandwidth: 1.03 GB/s
cpu utilization: 4.82%

run 4:
total time: 9.84 seconds for 200 samples
iteration time: 0.0492 seconds/sample
throughput: 20.33 samples/second
bandwidth: 1.07 GB/s
cpu utilization: 4.59%

run 5:
total time: 10.48 seconds for 200 samples
iteration time: 0.0524 seconds/sample
throughput: 19.09 samples/second
bandwidth: 1.01 GB/s
cpu utilization: 4.95%

