run 1:
total time: 5.72 seconds for 200 samples
iteration time: 0.0286 seconds/sample
throughput: 34.94 samples/second
bandwidth: 1.84 GB/s
cpu utilization: 5.68%

run 2:
total time: 5.94 seconds for 200 samples
iteration time: 0.0297 seconds/sample
throughput: 33.68 samples/second
bandwidth: 1.78 GB/s
cpu utilization: 5.48%

run 3:
total time: 5.58 seconds for 200 samples
iteration time: 0.0279 seconds/sample
throughput: 35.85 samples/second
bandwidth: 1.89 GB/s
cpu utilization: 5.30%

run 4:
total time: 5.49 seconds for 200 samples
iteration time: 0.0275 seconds/sample
throughput: 36.40 samples/second
bandwidth: 1.92 GB/s
cpu utilization: 5.07%

run 5:
total time: 5.76 seconds for 200 samples
iteration time: 0.0288 seconds/sample
throughput: 34.70 samples/second
bandwidth: 1.83 GB/s
cpu utilization: 4.95%

