run 1:
total time: 2.72 seconds for 200 samples
iteration time: 0.0136 seconds/sample
throughput: 73.41 samples/second
bandwidth: 3.87 GB/s
cpu utilization: 7.30%

run 2:
total time: 2.62 seconds for 200 samples
iteration time: 0.0131 seconds/sample
throughput: 76.24 samples/second
bandwidth: 4.02 GB/s
cpu utilization: 7.72%

run 3:
total time: 2.65 seconds for 200 samples
iteration time: 0.0132 seconds/sample
throughput: 75.55 samples/second
bandwidth: 3.98 GB/s
cpu utilization: 8.07%

run 4:
total time: 2.80 seconds for 200 samples
iteration time: 0.0140 seconds/sample
throughput: 71.49 samples/second
bandwidth: 3.77 GB/s
cpu utilization: 8.29%

run 5:
total time: 2.67 seconds for 200 samples
iteration time: 0.0134 seconds/sample
throughput: 74.87 samples/second
bandwidth: 3.95 GB/s
cpu utilization: 8.39%

