run 1:
total time: 3.34 seconds for 200 samples
iteration time: 0.0167 seconds/sample
throughput: 59.95 samples/second
bandwidth: 3.16 GB/s
cpu utilization: 7.35%

run 2:
total time: 3.35 seconds for 200 samples
iteration time: 0.0167 seconds/sample
throughput: 59.76 samples/second
bandwidth: 3.15 GB/s
cpu utilization: 7.02%

run 3:
total time: 3.17 seconds for 200 samples
iteration time: 0.0158 seconds/sample
throughput: 63.15 samples/second
bandwidth: 3.33 GB/s
cpu utilization: 7.30%

run 4:
total time: 3.29 seconds for 200 samples
iteration time: 0.0164 seconds/sample
throughput: 60.81 samples/second
bandwidth: 3.21 GB/s
cpu utilization: 7.50%

run 5:
total time: 3.29 seconds for 200 samples
iteration time: 0.0164 seconds/sample
throughput: 60.86 samples/second
bandwidth: 3.21 GB/s
cpu utilization: 7.39%

