run 1:
total time: 2.11 seconds for 200 samples
iteration time: 0.0105 seconds/sample
throughput: 94.96 samples/second
bandwidth: 5.01 GB/s
cpu utilization: 7.60%

run 2:
total time: 2.02 seconds for 200 samples
iteration time: 0.0101 seconds/sample
throughput: 98.97 samples/second
bandwidth: 5.22 GB/s
cpu utilization: 8.16%

run 3:
total time: 2.03 seconds for 200 samples
iteration time: 0.0101 seconds/sample
throughput: 98.67 samples/second
bandwidth: 5.20 GB/s
cpu utilization: 8.27%

run 4:
total time: 2.10 seconds for 200 samples
iteration time: 0.0105 seconds/sample
throughput: 95.46 samples/second
bandwidth: 5.03 GB/s
cpu utilization: 8.13%

run 5:
total time: 2.08 seconds for 200 samples
iteration time: 0.0104 seconds/sample
throughput: 96.19 samples/second
bandwidth: 5.07 GB/s
cpu utilization: 8.00%

