run 1:
total time: 3.28 seconds for 200 samples
iteration time: 0.0164 seconds/sample
throughput: 61.06 samples/second
bandwidth: 3.22 GB/s
cpu utilization: 7.65%

run 2:
total time: 3.31 seconds for 200 samples
iteration time: 0.0165 seconds/sample
throughput: 60.47 samples/second
bandwidth: 3.19 GB/s
cpu utilization: 7.58%

run 3:
total time: 3.19 seconds for 200 samples
iteration time: 0.0159 seconds/sample
throughput: 62.71 samples/second
bandwidth: 3.31 GB/s
cpu utilization: 7.10%

run 4:
total time: 3.37 seconds for 200 samples
iteration time: 0.0168 seconds/sample
throughput: 59.42 samples/second
bandwidth: 3.13 GB/s
cpu utilization: 7.40%

run 5:
total time: 3.42 seconds for 200 samples
iteration time: 0.0171 seconds/sample
throughput: 58.41 samples/second
bandwidth: 3.08 GB/s
cpu utilization: 7.52%

