run 1:
total time: 5.81 seconds for 200 samples
iteration time: 0.0291 seconds/sample
throughput: 34.41 samples/second
bandwidth: 1.81 GB/s
cpu utilization: 6.03%

run 2:
total time: 5.91 seconds for 200 samples
iteration time: 0.0296 seconds/sample
throughput: 33.83 samples/second
bandwidth: 1.78 GB/s
cpu utilization: 5.94%

run 3:
total time: 5.70 seconds for 200 samples
iteration time: 0.0285 seconds/sample
throughput: 35.07 samples/second
bandwidth: 1.85 GB/s
cpu utilization: 6.35%

run 4:
total time: 5.83 seconds for 200 samples
iteration time: 0.0291 seconds/sample
throughput: 34.31 samples/second
bandwidth: 1.81 GB/s
cpu utilization: 6.87%

run 5:
total time: 5.97 seconds for 200 samples
iteration time: 0.0298 seconds/sample
throughput: 33.52 samples/second
bandwidth: 1.77 GB/s
cpu utilization: 6.86%

