run 1:
total time: 10.74 seconds for 200 samples
iteration time: 0.0537 seconds/sample
throughput: 18.61 samples/second
bandwidth: 0.98 GB/s
cpu utilization: 4.70%

run 2:
total time: 10.65 seconds for 200 samples
iteration time: 0.0532 seconds/sample
throughput: 18.79 samples/second
bandwidth: 0.99 GB/s
cpu utilization: 4.54%

run 3:
total time: 10.09 seconds for 200 samples
iteration time: 0.0504 seconds/sample
throughput: 19.82 samples/second
bandwidth: 1.05 GB/s
cpu utilization: 4.60%

run 4:
total time: 10.22 seconds for 200 samples
iteration time: 0.0511 seconds/sample
throughput: 19.56 samples/second
bandwidth: 1.03 GB/s
cpu utilization: 4.64%

run 5:
total time: 10.09 seconds for 200 samples
iteration time: 0.0505 seconds/sample
throughput: 19.82 samples/second
bandwidth: 1.05 GB/s
cpu utilization: 4.66%

