run 1:
total time: 10.99 seconds for 200 samples
iteration time: 0.0550 seconds/sample
throughput: 18.19 samples/second
bandwidth: 0.96 GB/s
cpu utilization: 5.98%

run 2:
total time: 10.18 seconds for 200 samples
iteration time: 0.0509 seconds/sample
throughput: 19.65 samples/second
bandwidth: 1.04 GB/s
cpu utilization: 6.42%

run 3:
total time: 10.40 seconds for 200 samples
iteration time: 0.0520 seconds/sample
throughput: 19.23 samples/second
bandwidth: 1.01 GB/s
cpu utilization: 6.67%

run 4:
total time: 11.00 seconds for 200 samples
iteration time: 0.0550 seconds/sample
throughput: 18.18 samples/second
bandwidth: 0.96 GB/s
cpu utilization: 6.86%

run 5:
total time: 10.82 seconds for 200 samples
iteration time: 0.0541 seconds/sample
throughput: 18.49 samples/second
bandwidth: 0.98 GB/s
cpu utilization: 6.93%

