run 1:
total time: 10.76 seconds for 200 samples
iteration time: 0.0538 seconds/sample
throughput: 18.59 samples/second
bandwidth: 0.98 GB/s
cpu utilization: 6.05%

run 2:
total time: 10.53 seconds for 200 samples
iteration time: 0.0526 seconds/sample
throughput: 19.00 samples/second
bandwidth: 1.00 GB/s
cpu utilization: 6.24%

run 3:
total time: 10.63 seconds for 200 samples
iteration time: 0.0531 seconds/sample
throughput: 18.82 samples/second
bandwidth: 0.99 GB/s
cpu utilization: 6.18%

run 4:
total time: 10.37 seconds for 200 samples
iteration time: 0.0518 seconds/sample
throughput: 19.29 samples/second
bandwidth: 1.02 GB/s
cpu utilization: 6.17%

run 5:
total time: 10.48 seconds for 200 samples
iteration time: 0.0524 seconds/sample
throughput: 19.09 samples/second
bandwidth: 1.01 GB/s
cpu utilization: 6.04%

