run 1:
total time: 6.07 seconds for 200 samples
iteration time: 0.0304 seconds/sample
throughput: 32.93 samples/second
bandwidth: 1.74 GB/s
cpu utilization: 4.80%

run 2:
total time: 6.11 seconds for 200 samples
iteration time: 0.0306 seconds/sample
throughput: 32.72 samples/second
bandwidth: 1.73 GB/s
cpu utilization: 5.20%

run 3:
total time: 5.91 seconds for 200 samples
iteration time: 0.0296 seconds/sample
throughput: 33.82 samples/second
bandwidth: 1.78 GB/s
cpu utilization: 5.08%

run 4:
total time: 5.81 seconds for 200 samples
iteration time: 0.0290 seconds/sample
throughput: 34.44 samples/second
bandwidth: 1.82 GB/s
cpu utilization: 5.06%

run 5:
total time: 5.85 seconds for 200 samples
iteration time: 0.0292 seconds/sample
throughput: 34.22 samples/second
bandwidth: 1.80 GB/s
cpu utilization: 5.28%

