run 1:
total time: 5.97 seconds for 200 samples
iteration time: 0.0299 seconds/sample
throughput: 33.48 samples/second
bandwidth: 1.77 GB/s
cpu utilization: 7.82%

run 2:
total time: 5.79 seconds for 200 samples
iteration time: 0.0290 seconds/sample
throughput: 34.52 samples/second
bandwidth: 1.82 GB/s
cpu utilization: 7.22%

run 3:
total time: 5.78 seconds for 200 samples
iteration time: 0.0289 seconds/sample
throughput: 34.58 samples/second
bandwidth: 1.82 GB/s
cpu utilization: 6.73%

run 4:
total time: 5.85 seconds for 200 samples
iteration time: 0.0292 seconds/sample
throughput: 34.20 samples/second
bandwidth: 1.80 GB/s
cpu utilization: 6.89%

run 5:
total time: 5.89 seconds for 200 samples
iteration time: 0.0294 seconds/sample
throughput: 33.97 samples/second
bandwidth: 1.79 GB/s
cpu utilization: 6.60%

