run 1:
total time: 10.49 seconds for 200 samples
iteration time: 0.0524 seconds/sample
throughput: 19.07 samples/second
bandwidth: 1.01 GB/s
cpu utilization: 6.15%

run 2:
total time: 11.03 seconds for 200 samples
iteration time: 0.0552 seconds/sample
throughput: 18.13 samples/second
bandwidth: 0.96 GB/s
cpu utilization: 5.88%

run 3:
total time: 10.46 seconds for 200 samples
iteration time: 0.0523 seconds/sample
throughput: 19.11 samples/second
bandwidth: 1.01 GB/s
cpu utilization: 5.78%

run 4:
total time: 10.18 seconds for 200 samples
iteration time: 0.0509 seconds/sample
throughput: 19.64 samples/second
bandwidth: 1.04 GB/s
cpu utilization: 5.84%

run 5:
total time: 10.33 seconds for 200 samples
iteration time: 0.0517 seconds/sample
throughput: 19.35 samples/second
bandwidth: 1.02 GB/s
cpu utilization: 5.96%

