run 1:
total time: 10.42 seconds for 200 samples
iteration time: 0.0521 seconds/sample
throughput: 19.20 samples/second
bandwidth: 1.01 GB/s
cpu utilization: 6.78%

run 2:
total time: 10.18 seconds for 200 samples
iteration time: 0.0509 seconds/sample
throughput: 19.65 samples/second
bandwidth: 1.04 GB/s
cpu utilization: 6.84%

run 3:
total time: 10.07 seconds for 200 samples
iteration time: 0.0504 seconds/sample
throughput: 19.85 samples/second
bandwidth: 1.05 GB/s
cpu utilization: 6.77%

run 4:
total time: 10.52 seconds for 200 samples
iteration time: 0.0526 seconds/sample
throughput: 19.01 samples/second
bandwidth: 1.00 GB/s
cpu utilization: 6.69%

run 5:
total time: 10.52 seconds for 200 samples
iteration time: 0.0526 seconds/sample
throughput: 19.01 samples/second
bandwidth: 1.00 GB/s
cpu utilization: 6.64%

