run 1:
total time: 2.11 seconds for 200 samples
iteration time: 0.0105 seconds/sample
throughput: 95.00 samples/second
bandwidth: 5.01 GB/s
cpu utilization: 10.95%

run 2:
total time: 2.05 seconds for 200 samples
iteration time: 0.0103 seconds/sample
throughput: 97.33 samples/second
bandwidth: 5.13 GB/s
cpu utilization: 11.00%

run 3:
total time: 2.00 seconds for 200 samples
iteration time: 0.0100 seconds/sample
throughput: 100.05 samples/second
bandwidth: 5.28 GB/s
cpu utilization: 10.95%

run 4:
total time: 2.08 seconds for 200 samples
iteration time: 0.0104 seconds/sample
throughput: 95.99 samples/second
bandwidth: 5.06 GB/s
cpu utilization: 10.87%

run 5:
total time: 2.12 seconds for 200 samples
iteration time: 0.0106 seconds/sample
throughput: 94.13 samples/second
bandwidth: 4.96 GB/s
cpu utilization: 10.70%

