run 1:
total time: 2.65 seconds for 200 samples
iteration time: 0.0133 seconds/sample
throughput: 75.38 samples/second
bandwidth: 3.98 GB/s
cpu utilization: 6.80%

run 2:
total time: 2.58 seconds for 200 samples
iteration time: 0.0129 seconds/sample
throughput: 77.48 samples/second
bandwidth: 4.09 GB/s
cpu utilization: 7.46%

run 3:
total time: 2.64 seconds for 200 samples
iteration time: 0.0132 seconds/sample
throughput: 75.88 samples/second
bandwidth: 4.00 GB/s
cpu utilization: 7.97%

run 4:
total time: 2.64 seconds for 200 samples
iteration time: 0.0132 seconds/sample
throughput: 75.89 samples/second
bandwidth: 4.00 GB/s
cpu utilization: 8.09%

run 5:
total time: 2.79 seconds for 200 samples
iteration time: 0.0140 seconds/sample
throughput: 71.64 samples/second
bandwidth: 3.78 GB/s
cpu utilization: 8.19%

