run 1:
total time: 6.02 seconds for 200 samples
iteration time: 0.0301 seconds/sample
throughput: 33.22 samples/second
bandwidth: 1.75 GB/s
cpu utilization: 5.35%

run 2:
total time: 6.38 seconds for 200 samples
iteration time: 0.0319 seconds/sample
throughput: 31.32 samples/second
bandwidth: 1.65 GB/s
cpu utilization: 5.18%

run 3:
total time: 5.93 seconds for 200 samples
iteration time: 0.0296 seconds/sample
throughput: 33.74 samples/second
bandwidth: 1.78 GB/s
cpu utilization: 5.05%

run 4:
total time: 6.30 seconds for 200 samples
iteration time: 0.0315 seconds/sample
throughput: 31.76 samples/second
bandwidth: 1.67 GB/s
cpu utilization: 5.30%

run 5:
total time: 6.00 seconds for 200 samples
iteration time: 0.0300 seconds/sample
throughput: 33.34 samples/second
bandwidth: 1.76 GB/s
cpu utilization: 5.21%

