run 1:
total time: 2.09 seconds for 200 samples
iteration time: 0.0104 seconds/sample
throughput: 95.70 samples/second
bandwidth: 5.05 GB/s
cpu utilization: 9.00%

run 2:
total time: 2.02 seconds for 200 samples
iteration time: 0.0101 seconds/sample
throughput: 98.80 samples/second
bandwidth: 5.21 GB/s
cpu utilization: 8.84%

run 3:
total time: 2.01 seconds for 200 samples
iteration time: 0.0101 seconds/sample
throughput: 99.49 samples/second
bandwidth: 5.25 GB/s
cpu utilization: 9.02%

run 4:
total time: 2.11 seconds for 200 samples
iteration time: 0.0106 seconds/sample
throughput: 94.70 samples/second
bandwidth: 4.99 GB/s
cpu utilization: 9.03%

run 5:
total time: 2.11 seconds for 200 samples
iteration time: 0.0105 seconds/sample
throughput: 94.97 samples/second
bandwidth: 5.01 GB/s
cpu utilization: 8.90%

