run 1:
total time: 10.35 seconds for 200 samples
iteration time: 0.0517 seconds/sample
throughput: 19.33 samples/second
bandwidth: 1.02 GB/s
cpu utilization: 6.07%

run 2:
total time: 10.52 seconds for 200 samples
iteration time: 0.0526 seconds/sample
throughput: 19.02 samples/second
bandwidth: 1.00 GB/s
cpu utilization: 5.92%

run 3:
total time: 10.70 seconds for 200 samples
iteration time: 0.0535 seconds/sample
throughput: 18.69 samples/second
bandwidth: 0.99 GB/s
cpu utilization: 5.98%

run 4:
total time: 10.66 seconds for 200 samples
iteration time: 0.0533 seconds/sample
throughput: 18.76 samples/second
bandwidth: 0.99 GB/s
cpu utilization: 5.99%

run 5:
total time: 10.25 seconds for 200 samples
iteration time: 0.0512 seconds/sample
throughput: 19.52 samples/second
bandwidth: 1.03 GB/s
cpu utilization: 5.95%

