run 1:
total time: 6.02 seconds for 200 samples
iteration time: 0.0301 seconds/sample
throughput: 33.25 samples/second
bandwidth: 1.75 GB/s
cpu utilization: 7.05%

run 2:
total time: 5.86 seconds for 200 samples
iteration time: 0.0293 seconds/sample
throughput: 34.16 samples/second
bandwidth: 1.80 GB/s
cpu utilization: 6.52%

run 3:
total time: 5.66 seconds for 200 samples
iteration time: 0.0283 seconds/sample
throughput: 35.33 samples/second
bandwidth: 1.86 GB/s
cpu utilization: 6.37%

run 4:
total time: 5.85 seconds for 200 samples
iteration time: 0.0292 seconds/sample
throughput: 34.22 samples/second
bandwidth: 1.80 GB/s
cpu utilization: 6.64%

run 5:
total time: 6.01 seconds for 200 samples
iteration time: 0.0300 seconds/sample
throughput: 33.30 samples/second
bandwidth: 1.76 GB/s
cpu utilization: 6.74%

