run 1:
total time: 6.21 seconds for 200 samples
iteration time: 0.0311 seconds/sample
throughput: 32.20 samples/second
bandwidth: 1.70 GB/s
cpu utilization: 4.25%

run 2:
total time: 6.19 seconds for 200 samples
iteration time: 0.0309 seconds/sample
throughput: 32.33 samples/second
bandwidth: 1.70 GB/s
cpu utilization: 4.74%

run 3:
total time: 5.95 seconds for 200 samples
iteration time: 0.0298 seconds/sample
throughput: 33.59 samples/second
bandwidth: 1.77 GB/s
cpu utilization: 4.85%

run 4:
total time: 6.08 seconds for 200 samples
iteration time: 0.0304 seconds/sample
throughput: 32.92 samples/second
bandwidth: 1.74 GB/s
cpu utilization: 4.93%

run 5:
total time: 5.89 seconds for 200 samples
iteration time: 0.0295 seconds/sample
throughput: 33.94 samples/second
bandwidth: 1.79 GB/s
cpu utilization: 4.93%

