run 1:
total time: 1.63 seconds for 200 samples
iteration time: 0.0081 seconds/sample
throughput: 122.78 samples/second
bandwidth: 6.47 GB/s
cpu utilization: 11.17%

run 2:
total time: 1.54 seconds for 200 samples
iteration time: 0.0077 seconds/sample
throughput: 129.95 samples/second
bandwidth: 6.85 GB/s
cpu utilization: 11.40%

run 3:
total time: 1.51 seconds for 200 samples
iteration time: 0.0076 seconds/sample
throughput: 132.23 samples/second
bandwidth: 6.97 GB/s
cpu utilization: 11.37%

run 4:
total time: 1.60 seconds for 200 samples
iteration time: 0.0080 seconds/sample
throughput: 125.17 samples/second
bandwidth: 6.60 GB/s
cpu utilization: 11.13%

run 5:
total time: 1.59 seconds for 200 samples
iteration time: 0.0080 seconds/sample
throughput: 125.39 samples/second
bandwidth: 6.61 GB/s
cpu utilization: 10.81%

