run 1:
total time: 10.50 seconds for 200 samples
iteration time: 0.0525 seconds/sample
throughput: 19.05 samples/second
bandwidth: 1.00 GB/s
cpu utilization: 5.27%

run 2:
total time: 10.28 seconds for 200 samples
iteration time: 0.0514 seconds/sample
throughput: 19.46 samples/second
bandwidth: 1.03 GB/s
cpu utilization: 5.14%

run 3:
total time: 10.47 seconds for 200 samples
iteration time: 0.0524 seconds/sample
throughput: 19.10 samples/second
bandwidth: 1.01 GB/s
cpu utilization: 5.08%

run 4:
total time: 10.64 seconds for 200 samples
iteration time: 0.0532 seconds/sample
throughput: 18.80 samples/second
bandwidth: 0.99 GB/s
cpu utilization: 4.89%

run 5:
total time: 10.75 seconds for 200 samples
iteration time: 0.0538 seconds/sample
throughput: 18.60 samples/second
bandwidth: 0.98 GB/s
cpu utilization: 4.98%

