run 1:
total time: 1.62 seconds for 200 samples
iteration time: 0.0081 seconds/sample
throughput: 123.43 samples/second
bandwidth: 6.51 GB/s
cpu utilization: 11.60%

run 2:
total time: 1.58 seconds for 200 samples
iteration time: 0.0079 seconds/sample
throughput: 126.98 samples/second
bandwidth: 6.70 GB/s
cpu utilization: 11.58%

run 3:
total time: 1.54 seconds for 200 samples
iteration time: 0.0077 seconds/sample
throughput: 129.95 samples/second
bandwidth: 6.85 GB/s
cpu utilization: 11.75%

run 4:
total time: 1.61 seconds for 200 samples
iteration time: 0.0080 seconds/sample
throughput: 124.45 samples/second
bandwidth: 6.56 GB/s
cpu utilization: 11.76%

run 5:
total time: 1.58 seconds for 200 samples
iteration time: 0.0079 seconds/sample
throughput: 126.66 samples/second
bandwidth: 6.68 GB/s
cpu utilization: 11.66%

