run 1:
total time: 3.48 seconds for 200 samples
iteration time: 0.0174 seconds/sample
throughput: 57.50 samples/second
bandwidth: 3.03 GB/s
cpu utilization: 9.18%

run 2:
total time: 3.56 seconds for 200 samples
iteration time: 0.0178 seconds/sample
throughput: 56.14 samples/second
bandwidth: 2.96 GB/s
cpu utilization: 9.24%

run 3:
total time: 3.47 seconds for 200 samples
iteration time: 0.0174 seconds/sample
throughput: 57.59 samples/second
bandwidth: 3.04 GB/s
cpu utilization: 9.10%

run 4:
total time: 3.61 seconds for 200 samples
iteration time: 0.0180 seconds/sample
throughput: 55.42 samples/second
bandwidth: 2.92 GB/s
cpu utilization: 9.00%

run 5:
total time: 3.61 seconds for 200 samples
iteration time: 0.0181 seconds/sample
throughput: 55.37 samples/second
bandwidth: 2.92 GB/s
cpu utilization: 8.95%

