run 1:
total time: 2.16 seconds for 200 samples
iteration time: 0.0108 seconds/sample
throughput: 92.64 samples/second
bandwidth: 4.89 GB/s
cpu utilization: 7.43%

run 2:
total time: 2.12 seconds for 200 samples
iteration time: 0.0106 seconds/sample
throughput: 94.39 samples/second
bandwidth: 4.98 GB/s
cpu utilization: 7.16%

run 3:
total time: 2.11 seconds for 200 samples
iteration time: 0.0105 seconds/sample
throughput: 94.88 samples/second
bandwidth: 5.00 GB/s
cpu utilization: 7.13%

run 4:
total time: 2.15 seconds for 200 samples
iteration time: 0.0107 seconds/sample
throughput: 93.07 samples/second
bandwidth: 4.91 GB/s
cpu utilization: 7.63%

run 5:
total time: 2.19 seconds for 200 samples
iteration time: 0.0110 seconds/sample
throughput: 91.13 samples/second
bandwidth: 4.81 GB/s
cpu utilization: 7.86%

