run 1:
total time: 2.74 seconds for 200 samples
iteration time: 0.0137 seconds/sample
throughput: 72.94 samples/second
bandwidth: 3.85 GB/s
cpu utilization: 7.82%

run 2:
total time: 2.65 seconds for 200 samples
iteration time: 0.0132 seconds/sample
throughput: 75.60 samples/second
bandwidth: 3.99 GB/s
cpu utilization: 8.26%

run 3:
total time: 2.60 seconds for 200 samples
iteration time: 0.0130 seconds/sample
throughput: 76.78 samples/second
bandwidth: 4.05 GB/s
cpu utilization: 8.40%

run 4:
total time: 2.65 seconds for 200 samples
iteration time: 0.0133 seconds/sample
throughput: 75.38 samples/second
bandwidth: 3.97 GB/s
cpu utilization: 8.20%

run 5:
total time: 2.76 seconds for 200 samples
iteration time: 0.0138 seconds/sample
throughput: 72.51 samples/second
bandwidth: 3.82 GB/s
cpu utilization: 7.94%

