run 1:
total time: 5.65 seconds for 200 samples
iteration time: 0.0282 seconds/sample
throughput: 35.42 samples/second
bandwidth: 1.87 GB/s
cpu utilization: 6.73%

run 2:
total time: 5.68 seconds for 200 samples
iteration time: 0.0284 seconds/sample
throughput: 35.24 samples/second
bandwidth: 1.86 GB/s
cpu utilization: 6.62%

run 3:
total time: 5.86 seconds for 200 samples
iteration time: 0.0293 seconds/sample
throughput: 34.11 samples/second
bandwidth: 1.80 GB/s
cpu utilization: 6.72%

run 4:
total time: 5.85 seconds for 200 samples
iteration time: 0.0293 seconds/sample
throughput: 34.17 samples/second
bandwidth: 1.80 GB/s
cpu utilization: 6.39%

run 5:
total time: 5.69 seconds for 200 samples
iteration time: 0.0284 seconds/sample
throughput: 35.15 samples/second
bandwidth: 1.85 GB/s
cpu utilization: 6.54%

