run 1:
total time: 5.76 seconds for 200 samples
iteration time: 0.0288 seconds/sample
throughput: 34.75 samples/second
bandwidth: 1.83 GB/s
cpu utilization: 5.10%

run 2:
total time: 5.77 seconds for 200 samples
iteration time: 0.0289 seconds/sample
throughput: 34.66 samples/second
bandwidth: 1.83 GB/s
cpu utilization: 5.32%

run 3:
total time: 5.73 seconds for 200 samples
iteration time: 0.0287 seconds/sample
throughput: 34.88 samples/second
bandwidth: 1.84 GB/s
cpu utilization: 5.22%

run 4:
total time: 5.93 seconds for 200 samples
iteration time: 0.0296 seconds/sample
throughput: 33.75 samples/second
bandwidth: 1.78 GB/s
cpu utilization: 5.01%

run 5:
total time: 6.01 seconds for 200 samples
iteration time: 0.0301 seconds/sample
throughput: 33.27 samples/second
bandwidth: 1.75 GB/s
cpu utilization: 5.11%

