run 1:
total time: 10.72 seconds for 200 samples
iteration time: 0.0536 seconds/sample
throughput: 18.65 samples/second
bandwidth: 0.98 GB/s
cpu utilization: 7.05%

run 2:
total time: 10.46 seconds for 200 samples
iteration time: 0.0523 seconds/sample
throughput: 19.12 samples/second
bandwidth: 1.01 GB/s
cpu utilization: 6.84%

run 3:
total time: 10.48 seconds for 200 samples
iteration time: 0.0524 seconds/sample
throughput: 19.08 samples/second
bandwidth: 1.01 GB/s
cpu utilization: 7.18%

run 4:
total time: 10.38 seconds for 200 samples
iteration time: 0.0519 seconds/sample
throughput: 19.27 samples/second
bandwidth: 1.02 GB/s
cpu utilization: 7.36%

run 5:
total time: 11.05 seconds for 200 samples
iteration time: 0.0552 seconds/sample
throughput: 18.10 samples/second
bandwidth: 0.95 GB/s
cpu utilization: 7.12%

