run 1:
total time: 10.66 seconds for 200 samples
iteration time: 0.0533 seconds/sample
throughput: 18.76 samples/second
bandwidth: 0.99 GB/s
cpu utilization: 6.53%

run 2:
total time: 10.39 seconds for 200 samples
iteration time: 0.0520 seconds/sample
throughput: 19.24 samples/second
bandwidth: 1.01 GB/s
cpu utilization: 6.42%

run 3:
total time: 10.30 seconds for 200 samples
iteration time: 0.0515 seconds/sample
throughput: 19.41 samples/second
bandwidth: 1.02 GB/s
cpu utilization: 6.43%

run 4:
total time: 10.41 seconds for 200 samples
iteration time: 0.0520 seconds/sample
throughput: 19.21 samples/second
bandwidth: 1.01 GB/s
cpu utilization: 6.29%

run 5:
total time: 10.34 seconds for 200 samples
iteration time: 0.0517 seconds/sample
throughput: 19.34 samples/second
bandwidth: 1.02 GB/s
cpu utilization: 6.05%

