run 1:
total time: 3.51 seconds for 200 samples
iteration time: 0.0176 seconds/sample
throughput: 56.92 samples/second
bandwidth: 3.00 GB/s
cpu utilization: 7.78%

run 2:
total time: 3.62 seconds for 200 samples
iteration time: 0.0181 seconds/sample
throughput: 55.26 samples/second
bandwidth: 2.91 GB/s
cpu utilization: 7.46%

run 3:
total time: 3.42 seconds for 200 samples
iteration time: 0.0171 seconds/sample
throughput: 58.51 samples/second
bandwidth: 3.09 GB/s
cpu utilization: 7.57%

run 4:
total time: 3.51 seconds for 200 samples
iteration time: 0.0175 seconds/sample
throughput: 57.01 samples/second
bandwidth: 3.01 GB/s
cpu utilization: 7.43%

run 5:
total time: 3.53 seconds for 200 samples
iteration time: 0.0176 seconds/sample
throughput: 56.70 samples/second
bandwidth: 2.99 GB/s
cpu utilization: 7.27%

