run 1:
total time: 10.97 seconds for 200 samples
iteration time: 0.0548 seconds/sample
throughput: 18.23 samples/second
bandwidth: 0.96 GB/s
cpu utilization: 6.10%

run 2:
total time: 10.85 seconds for 200 samples
iteration time: 0.0542 seconds/sample
throughput: 18.44 samples/second
bandwidth: 0.97 GB/s
cpu utilization: 6.02%

run 3:
total time: 10.73 seconds for 200 samples
iteration time: 0.0536 seconds/sample
throughput: 18.64 samples/second
bandwidth: 0.98 GB/s
cpu utilization: 6.27%

run 4:
total time: 10.45 seconds for 200 samples
iteration time: 0.0523 seconds/sample
throughput: 19.13 samples/second
bandwidth: 1.01 GB/s
cpu utilization: 6.43%

run 5:
total time: 10.36 seconds for 200 samples
iteration time: 0.0518 seconds/sample
throughput: 19.31 samples/second
bandwidth: 1.02 GB/s
cpu utilization: 6.50%

