run 1:
total time: 3.77 seconds for 200 samples
iteration time: 0.0189 seconds/sample
throughput: 53.05 samples/second
bandwidth: 2.80 GB/s
cpu utilization: 7.05%

run 2:
total time: 3.68 seconds for 200 samples
iteration time: 0.0184 seconds/sample
throughput: 54.36 samples/second
bandwidth: 2.87 GB/s
cpu utilization: 7.00%

run 3:
total time: 3.65 seconds for 200 samples
iteration time: 0.0182 seconds/sample
throughput: 54.86 samples/second
bandwidth: 2.89 GB/s
cpu utilization: 7.02%

run 4:
total time: 3.95 seconds for 200 samples
iteration time: 0.0198 seconds/sample
throughput: 50.61 samples/second
bandwidth: 2.67 GB/s
cpu utilization: 6.79%

run 5:
total time: 3.84 seconds for 200 samples
iteration time: 0.0192 seconds/sample
throughput: 52.09 samples/second
bandwidth: 2.75 GB/s
cpu utilization: 6.85%

