run 1:
total time: 6.02 seconds for 200 samples
iteration time: 0.0301 seconds/sample
throughput: 33.23 samples/second
bandwidth: 1.75 GB/s
cpu utilization: 6.93%

run 2:
total time: 5.69 seconds for 200 samples
iteration time: 0.0285 seconds/sample
throughput: 35.14 samples/second
bandwidth: 1.85 GB/s
cpu utilization: 6.94%

run 3:
total time: 5.67 seconds for 200 samples
iteration time: 0.0283 seconds/sample
throughput: 35.30 samples/second
bandwidth: 1.86 GB/s
cpu utilization: 6.60%

run 4:
total time: 5.85 seconds for 200 samples
iteration time: 0.0293 seconds/sample
throughput: 34.18 samples/second
bandwidth: 1.80 GB/s
cpu utilization: 6.73%

run 5:
total time: 5.75 seconds for 200 samples
iteration time: 0.0288 seconds/sample
throughput: 34.77 samples/second
bandwidth: 1.83 GB/s
cpu utilization: 6.69%

