run 1:
total time: 1.70 seconds for 200 samples
iteration time: 0.0085 seconds/sample
throughput: 117.54 samples/second
bandwidth: 6.20 GB/s
cpu utilization: 9.45%

run 2:
total time: 1.69 seconds for 200 samples
iteration time: 0.0085 seconds/sample
throughput: 118.10 samples/second
bandwidth: 6.23 GB/s
cpu utilization: 9.62%

run 3:
total time: 1.66 seconds for 200 samples
iteration time: 0.0083 seconds/sample
throughput: 120.84 samples/second
bandwidth: 6.37 GB/s
cpu utilization: 9.45%

run 4:
total time: 1.87 seconds for 200 samples
iteration time: 0.0094 seconds/sample
throughput: 106.74 samples/second
bandwidth: 5.63 GB/s
cpu utilization: 9.26%

run 5:
total time: 1.82 seconds for 200 samples
iteration time: 0.0091 seconds/sample
throughput: 110.18 samples/second
bandwidth: 5.81 GB/s
cpu utilization: 8.94%

