run 1:
total time: 5.85 seconds for 200 samples
iteration time: 0.0292 seconds/sample
throughput: 34.20 samples/second
bandwidth: 1.80 GB/s
cpu utilization: 6.33%

run 2:
total time: 5.80 seconds for 200 samples
iteration time: 0.0290 seconds/sample
throughput: 34.50 samples/second
bandwidth: 1.82 GB/s
cpu utilization: 6.32%

run 3:
total time: 5.72 seconds for 200 samples
iteration time: 0.0286 seconds/sample
throughput: 34.94 samples/second
bandwidth: 1.84 GB/s
cpu utilization: 6.58%

run 4:
total time: 5.88 seconds for 200 samples
iteration time: 0.0294 seconds/sample
throughput: 34.02 samples/second
bandwidth: 1.79 GB/s
cpu utilization: 6.33%

run 5:
total time: 5.81 seconds for 200 samples
iteration time: 0.0290 seconds/sample
throughput: 34.42 samples/second
bandwidth: 1.82 GB/s
cpu utilization: 6.59%

