run 1:
total time: 3.35 seconds for 200 samples
iteration time: 0.0168 seconds/sample
throughput: 59.64 samples/second
bandwidth: 3.15 GB/s
cpu utilization: 7.47%

run 2:
total time: 3.32 seconds for 200 samples
iteration time: 0.0166 seconds/sample
throughput: 60.18 samples/second
bandwidth: 3.17 GB/s
cpu utilization: 7.36%

run 3:
total time: 3.21 seconds for 200 samples
iteration time: 0.0160 seconds/sample
throughput: 62.34 samples/second
bandwidth: 3.29 GB/s
cpu utilization: 7.08%

run 4:
total time: 3.30 seconds for 200 samples
iteration time: 0.0165 seconds/sample
throughput: 60.55 samples/second
bandwidth: 3.19 GB/s
cpu utilization: 6.84%

run 5:
total time: 3.37 seconds for 200 samples
iteration time: 0.0169 seconds/sample
throughput: 59.27 samples/second
bandwidth: 3.13 GB/s
cpu utilization: 7.03%

