run 1:
total time: 2.15 seconds for 200 samples
iteration time: 0.0108 seconds/sample
throughput: 92.99 samples/second
bandwidth: 4.90 GB/s
cpu utilization: 9.15%

run 2:
total time: 2.07 seconds for 200 samples
iteration time: 0.0104 seconds/sample
throughput: 96.60 samples/second
bandwidth: 5.09 GB/s
cpu utilization: 9.42%

run 3:
total time: 1.97 seconds for 200 samples
iteration time: 0.0099 seconds/sample
throughput: 101.35 samples/second
bandwidth: 5.34 GB/s
cpu utilization: 9.47%

run 4:
total time: 2.18 seconds for 200 samples
iteration time: 0.0109 seconds/sample
throughput: 91.62 samples/second
bandwidth: 4.83 GB/s
cpu utilization: 9.61%

run 5:
total time: 2.22 seconds for 200 samples
iteration time: 0.0111 seconds/sample
throughput: 90.19 samples/second
bandwidth: 4.76 GB/s
cpu utilization: 9.68%

