run 1:
total time: 5.82 seconds for 200 samples
iteration time: 0.0291 seconds/sample
throughput: 34.39 samples/second
bandwidth: 1.81 GB/s
cpu utilization: 5.48%

run 2:
total time: 5.67 seconds for 200 samples
iteration time: 0.0284 seconds/sample
throughput: 35.27 samples/second
bandwidth: 1.86 GB/s
cpu utilization: 5.40%

run 3:
total time: 5.68 seconds for 200 samples
iteration time: 0.0284 seconds/sample
throughput: 35.19 samples/second
bandwidth: 1.86 GB/s
cpu utilization: 5.13%

run 4:
total time: 6.04 seconds for 200 samples
iteration time: 0.0302 seconds/sample
throughput: 33.12 samples/second
bandwidth: 1.75 GB/s
cpu utilization: 5.41%

run 5:
total time: 5.93 seconds for 200 samples
iteration time: 0.0296 seconds/sample
throughput: 33.75 samples/second
bandwidth: 1.78 GB/s
cpu utilization: 5.32%

