run 1:
total time: 10.80 seconds for 200 samples
iteration time: 0.0540 seconds/sample
throughput: 18.52 samples/second
bandwidth: 0.98 GB/s
cpu utilization: 5.68%

run 2:
total time: 10.39 seconds for 200 samples
iteration time: 0.0519 seconds/sample
throughput: 19.25 samples/second
bandwidth: 1.02 GB/s
cpu utilization: 5.44%

run 3:
total time: 10.38 seconds for 200 samples
iteration time: 0.0519 seconds/sample
throughput: 19.26 samples/second
bandwidth: 1.02 GB/s
cpu utilization: 5.47%

run 4:
total time: 10.88 seconds for 200 samples
iteration time: 0.0544 seconds/sample
throughput: 18.39 samples/second
bandwidth: 0.97 GB/s
cpu utilization: 5.56%

run 5:
total time: 10.85 seconds for 200 samples
iteration time: 0.0542 seconds/sample
throughput: 18.44 samples/second
bandwidth: 0.97 GB/s
cpu utilization: 5.55%

