run 1:
total time: 10.58 seconds for 200 samples
iteration time: 0.0529 seconds/sample
throughput: 18.91 samples/second
bandwidth: 1.00 GB/s
cpu utilization: 4.93%

run 2:
total time: 10.29 seconds for 200 samples
iteration time: 0.0515 seconds/sample
throughput: 19.43 samples/second
bandwidth: 1.02 GB/s
cpu utilization: 4.62%

run 3:
total time: 10.12 seconds for 200 samples
iteration time: 0.0506 seconds/sample
throughput: 19.77 samples/second
bandwidth: 1.04 GB/s
cpu utilization: 4.68%

run 4:
total time: 10.29 seconds for 200 samples
iteration time: 0.0515 seconds/sample
throughput: 19.44 samples/second
bandwidth: 1.02 GB/s
cpu utilization: 4.61%

run 5:
total time: 10.36 seconds for 200 samples
iteration time: 0.0518 seconds/sample
throughput: 19.30 samples/second
bandwidth: 1.02 GB/s
cpu utilization: 4.59%

