run 1:
total time: 10.57 seconds for 200 samples
iteration time: 0.0528 seconds/sample
throughput: 18.92 samples/second
bandwidth: 1.00 GB/s
cpu utilization: 5.60%

run 2:
total time: 10.08 seconds for 200 samples
iteration time: 0.0504 seconds/sample
throughput: 19.85 samples/second
bandwidth: 1.05 GB/s
cpu utilization: 5.48%

run 3:
total time: 9.91 seconds for 200 samples
iteration time: 0.0495 seconds/sample
throughput: 20.19 samples/second
bandwidth: 1.06 GB/s
cpu utilization: 5.30%

run 4:
total time: 10.10 seconds for 200 samples
iteration time: 0.0505 seconds/sample
throughput: 19.80 samples/second
bandwidth: 1.04 GB/s
cpu utilization: 5.01%

run 5:
total time: 10.39 seconds for 200 samples
iteration time: 0.0520 seconds/sample
throughput: 19.25 samples/second
bandwidth: 1.02 GB/s
cpu utilization: 4.99%

