run 1:
total time: 2.14 seconds for 200 samples
iteration time: 0.0107 seconds/sample
throughput: 93.52 samples/second
bandwidth: 4.93 GB/s
cpu utilization: 9.25%

run 2:
total time: 2.09 seconds for 200 samples
iteration time: 0.0105 seconds/sample
throughput: 95.57 samples/second
bandwidth: 5.04 GB/s
cpu utilization: 9.48%

run 3:
total time: 2.01 seconds for 200 samples
iteration time: 0.0100 seconds/sample
throughput: 99.67 samples/second
bandwidth: 5.26 GB/s
cpu utilization: 9.23%

run 4:
total time: 2.10 seconds for 200 samples
iteration time: 0.0105 seconds/sample
throughput: 95.27 samples/second
bandwidth: 5.02 GB/s
cpu utilization: 8.84%

run 5:
total time: 2.11 seconds for 200 samples
iteration time: 0.0106 seconds/sample
throughput: 94.74 samples/second
bandwidth: 5.00 GB/s
cpu utilization: 8.51%

