run 1:
total time: 10.85 seconds for 200 samples
iteration time: 0.0543 seconds/sample
throughput: 18.43 samples/second
bandwidth: 0.97 GB/s
cpu utilization: 7.00%

run 2:
total time: 10.34 seconds for 200 samples
iteration time: 0.0517 seconds/sample
throughput: 19.33 samples/second
bandwidth: 1.02 GB/s
cpu utilization: 7.12%

run 3:
total time: 10.51 seconds for 200 samples
iteration time: 0.0525 seconds/sample
throughput: 19.03 samples/second
bandwidth: 1.00 GB/s
cpu utilization: 6.62%

run 4:
total time: 10.37 seconds for 200 samples
iteration time: 0.0518 seconds/sample
throughput: 19.29 samples/second
bandwidth: 1.02 GB/s
cpu utilization: 6.61%

run 5:
total time: 10.13 seconds for 200 samples
iteration time: 0.0506 seconds/sample
throughput: 19.75 samples/second
bandwidth: 1.04 GB/s
cpu utilization: 6.38%

