run 1:
total time: 10.84 seconds for 200 samples
iteration time: 0.0542 seconds/sample
throughput: 18.45 samples/second
bandwidth: 0.97 GB/s
cpu utilization: 5.82%

run 2:
total time: 10.77 seconds for 200 samples
iteration time: 0.0538 seconds/sample
throughput: 18.57 samples/second
bandwidth: 0.98 GB/s
cpu utilization: 5.82%

run 3:
total time: 10.68 seconds for 200 samples
iteration time: 0.0534 seconds/sample
throughput: 18.73 samples/second
bandwidth: 0.99 GB/s
cpu utilization: 5.88%

run 4:
total time: 10.61 seconds for 200 samples
iteration time: 0.0530 seconds/sample
throughput: 18.86 samples/second
bandwidth: 0.99 GB/s
cpu utilization: 5.79%

run 5:
total time: 10.42 seconds for 200 samples
iteration time: 0.0521 seconds/sample
throughput: 19.19 samples/second
bandwidth: 1.01 GB/s
cpu utilization: 5.68%

