run 1:
total time: 1.34 seconds for 200 samples
iteration time: 0.0067 seconds/sample
throughput: 149.03 samples/second
bandwidth: 7.86 GB/s
cpu utilization: 9.93%

run 2:
total time: 1.30 seconds for 200 samples
iteration time: 0.0065 seconds/sample
throughput: 153.46 samples/second
bandwidth: 8.09 GB/s
cpu utilization: 10.62%

run 3:
total time: 1.26 seconds for 200 samples
iteration time: 0.0063 seconds/sample
throughput: 158.94 samples/second
bandwidth: 8.38 GB/s
cpu utilization: 10.97%

run 4:
total time: 1.34 seconds for 200 samples
iteration time: 0.0067 seconds/sample
throughput: 149.21 samples/second
bandwidth: 7.87 GB/s
cpu utilization: 11.39%

run 5:
total time: 1.36 seconds for 200 samples
iteration time: 0.0068 seconds/sample
throughput: 146.78 samples/second
bandwidth: 7.74 GB/s
cpu utilization: 11.54%

