run 1:
total time: 2.12 seconds for 200 samples
iteration time: 0.0106 seconds/sample
throughput: 94.47 samples/second
bandwidth: 4.98 GB/s
cpu utilization: 9.40%

run 2:
total time: 2.10 seconds for 200 samples
iteration time: 0.0105 seconds/sample
throughput: 95.39 samples/second
bandwidth: 5.03 GB/s
cpu utilization: 9.02%

run 3:
total time: 1.99 seconds for 200 samples
iteration time: 0.0100 seconds/sample
throughput: 100.40 samples/second
bandwidth: 5.29 GB/s
cpu utilization: 8.72%

run 4:
total time: 2.24 seconds for 200 samples
iteration time: 0.0112 seconds/sample
throughput: 89.40 samples/second
bandwidth: 4.71 GB/s
cpu utilization: 8.37%

run 5:
total time: 2.15 seconds for 200 samples
iteration time: 0.0108 seconds/sample
throughput: 93.01 samples/second
bandwidth: 4.90 GB/s
cpu utilization: 8.24%

