run 1:
total time: 1.60 seconds for 200 samples
iteration time: 0.0080 seconds/sample
throughput: 124.66 samples/second
bandwidth: 6.57 GB/s
cpu utilization: 11.30%

run 2:
total time: 1.54 seconds for 200 samples
iteration time: 0.0077 seconds/sample
throughput: 129.49 samples/second
bandwidth: 6.83 GB/s
cpu utilization: 11.22%

run 3:
total time: 1.48 seconds for 200 samples
iteration time: 0.0074 seconds/sample
throughput: 135.47 samples/second
bandwidth: 7.14 GB/s
cpu utilization: 11.32%

run 4:
total time: 1.58 seconds for 200 samples
iteration time: 0.0079 seconds/sample
throughput: 126.53 samples/second
bandwidth: 6.67 GB/s
cpu utilization: 11.21%

run 5:
total time: 1.55 seconds for 200 samples
iteration time: 0.0078 seconds/sample
throughput: 128.90 samples/second
bandwidth: 6.80 GB/s
cpu utilization: 11.14%

