run 1:
total time: 3.85 seconds for 200 samples
iteration time: 0.0193 seconds/sample
throughput: 51.89 samples/second
bandwidth: 2.74 GB/s
cpu utilization: 8.30%

run 2:
total time: 3.68 seconds for 200 samples
iteration time: 0.0184 seconds/sample
throughput: 54.36 samples/second
bandwidth: 2.87 GB/s
cpu utilization: 7.86%

run 3:
total time: 3.70 seconds for 200 samples
iteration time: 0.0185 seconds/sample
throughput: 54.03 samples/second
bandwidth: 2.85 GB/s
cpu utilization: 7.98%

run 4:
total time: 3.76 seconds for 200 samples
iteration time: 0.0188 seconds/sample
throughput: 53.14 samples/second
bandwidth: 2.80 GB/s
cpu utilization: 8.07%

run 5:
total time: 3.86 seconds for 200 samples
iteration time: 0.0193 seconds/sample
throughput: 51.87 samples/second
bandwidth: 2.74 GB/s
cpu utilization: 8.08%

