run 1:
total time: 6.06 seconds for 200 samples
iteration time: 0.0303 seconds/sample
throughput: 32.99 samples/second
bandwidth: 1.74 GB/s
cpu utilization: 6.10%

run 2:
total time: 6.08 seconds for 200 samples
iteration time: 0.0304 seconds/sample
throughput: 32.89 samples/second
bandwidth: 1.73 GB/s
cpu utilization: 6.42%

run 3:
total time: 6.11 seconds for 200 samples
iteration time: 0.0306 seconds/sample
throughput: 32.73 samples/second
bandwidth: 1.73 GB/s
cpu utilization: 6.10%

run 4:
total time: 6.22 seconds for 200 samples
iteration time: 0.0311 seconds/sample
throughput: 32.14 samples/second
bandwidth: 1.69 GB/s
cpu utilization: 6.04%

run 5:
total time: 6.08 seconds for 200 samples
iteration time: 0.0304 seconds/sample
throughput: 32.92 samples/second
bandwidth: 1.74 GB/s
cpu utilization: 6.40%

