run 1:
total time: 2.82 seconds for 200 samples
iteration time: 0.0141 seconds/sample
throughput: 70.88 samples/second
bandwidth: 3.74 GB/s
cpu utilization: 5.80%

run 2:
total time: 2.86 seconds for 200 samples
iteration time: 0.0143 seconds/sample
throughput: 69.89 samples/second
bandwidth: 3.69 GB/s
cpu utilization: 6.38%

run 3:
total time: 3.03 seconds for 200 samples
iteration time: 0.0152 seconds/sample
throughput: 65.97 samples/second
bandwidth: 3.48 GB/s
cpu utilization: 6.57%

run 4:
total time: 2.88 seconds for 200 samples
iteration time: 0.0144 seconds/sample
throughput: 69.52 samples/second
bandwidth: 3.67 GB/s
cpu utilization: 6.47%

run 5:
total time: 2.87 seconds for 200 samples
iteration time: 0.0143 seconds/sample
throughput: 69.80 samples/second
bandwidth: 3.68 GB/s
cpu utilization: 6.30%

