run 1:
total time: 10.13 seconds for 200 samples
iteration time: 0.0507 seconds/sample
throughput: 19.74 samples/second
bandwidth: 1.04 GB/s
cpu utilization: 4.57%

run 2:
total time: 10.54 seconds for 200 samples
iteration time: 0.0527 seconds/sample
throughput: 18.98 samples/second
bandwidth: 1.00 GB/s
cpu utilization: 4.72%

run 3:
total time: 10.28 seconds for 200 samples
iteration time: 0.0514 seconds/sample
throughput: 19.45 samples/second
bandwidth: 1.03 GB/s
cpu utilization: 4.77%

run 4:
total time: 10.35 seconds for 200 samples
iteration time: 0.0518 seconds/sample
throughput: 19.32 samples/second
bandwidth: 1.02 GB/s
cpu utilization: 4.64%

run 5:
total time: 10.10 seconds for 200 samples
iteration time: 0.0505 seconds/sample
throughput: 19.81 samples/second
bandwidth: 1.04 GB/s
cpu utilization: 4.86%

