run 1:
total time: 1.43 seconds for 200 samples
iteration time: 0.0071 seconds/sample
throughput: 140.24 samples/second
bandwidth: 7.40 GB/s
cpu utilization: 7.77%

run 2:
total time: 1.39 seconds for 200 samples
iteration time: 0.0070 seconds/sample
throughput: 143.53 samples/second
bandwidth: 7.57 GB/s
cpu utilization: 7.86%

run 3:
total time: 1.46 seconds for 200 samples
iteration time: 0.0073 seconds/sample
throughput: 136.96 samples/second
bandwidth: 7.22 GB/s
cpu utilization: 7.80%

run 4:
total time: 1.41 seconds for 200 samples
iteration time: 0.0071 seconds/sample
throughput: 141.43 samples/second
bandwidth: 7.46 GB/s
cpu utilization: 7.74%

run 5:
total time: 1.44 seconds for 200 samples
iteration time: 0.0072 seconds/sample
throughput: 138.67 samples/second
bandwidth: 7.31 GB/s
cpu utilization: 8.19%

