run 1:
total time: 10.66 seconds for 200 samples
iteration time: 0.0533 seconds/sample
throughput: 18.76 samples/second
bandwidth: 0.99 GB/s
cpu utilization: 6.00%

run 2:
total time: 10.45 seconds for 200 samples
iteration time: 0.0523 seconds/sample
throughput: 19.14 samples/second
bandwidth: 1.01 GB/s
cpu utilization: 6.00%

run 3:
total time: 10.55 seconds for 200 samples
iteration time: 0.0527 seconds/sample
throughput: 18.96 samples/second
bandwidth: 1.00 GB/s
cpu utilization: 6.07%

run 4:
total time: 10.54 seconds for 200 samples
iteration time: 0.0527 seconds/sample
throughput: 18.98 samples/second
bandwidth: 1.00 GB/s
cpu utilization: 6.04%

run 5:
total time: 10.67 seconds for 200 samples
iteration time: 0.0533 seconds/sample
throughput: 18.75 samples/second
bandwidth: 0.99 GB/s
cpu utilization: 5.89%

