run 1:
total time: 6.36 seconds for 200 samples
iteration time: 0.0318 seconds/sample
throughput: 31.44 samples/second
bandwidth: 1.66 GB/s
cpu utilization: 7.07%

run 2:
total time: 6.05 seconds for 200 samples
iteration time: 0.0302 seconds/sample
throughput: 33.07 samples/second
bandwidth: 1.74 GB/s
cpu utilization: 6.74%

run 3:
total time: 5.98 seconds for 200 samples
iteration time: 0.0299 seconds/sample
throughput: 33.42 samples/second
bandwidth: 1.76 GB/s
cpu utilization: 6.23%

run 4:
total time: 6.04 seconds for 200 samples
iteration time: 0.0302 seconds/sample
throughput: 33.10 samples/second
bandwidth: 1.75 GB/s
cpu utilization: 6.21%

run 5:
total time: 6.17 seconds for 200 samples
iteration time: 0.0309 seconds/sample
throughput: 32.39 samples/second
bandwidth: 1.71 GB/s
cpu utilization: 6.31%

