run 1:
total time: 10.61 seconds for 200 samples
iteration time: 0.0530 seconds/sample
throughput: 18.85 samples/second
bandwidth: 0.99 GB/s
cpu utilization: 6.12%

run 2:
total time: 10.98 seconds for 200 samples
iteration time: 0.0549 seconds/sample
throughput: 18.21 samples/second
bandwidth: 0.96 GB/s
cpu utilization: 6.26%

run 3:
total time: 9.83 seconds for 200 samples
iteration time: 0.0492 seconds/sample
throughput: 20.34 samples/second
bandwidth: 1.07 GB/s
cpu utilization: 6.15%

run 4:
total time: 10.23 seconds for 200 samples
iteration time: 0.0512 seconds/sample
throughput: 19.54 samples/second
bandwidth: 1.03 GB/s
cpu utilization: 6.36%

run 5:
total time: 10.60 seconds for 200 samples
iteration time: 0.0530 seconds/sample
throughput: 18.87 samples/second
bandwidth: 1.00 GB/s
cpu utilization: 6.46%

