run 1:
total time: 6.21 seconds for 200 samples
iteration time: 0.0311 seconds/sample
throughput: 32.19 samples/second
bandwidth: 1.70 GB/s
cpu utilization: 5.93%

run 2:
total time: 6.08 seconds for 200 samples
iteration time: 0.0304 seconds/sample
throughput: 32.92 samples/second
bandwidth: 1.74 GB/s
cpu utilization: 5.58%

run 3:
total time: 5.68 seconds for 200 samples
iteration time: 0.0284 seconds/sample
throughput: 35.18 samples/second
bandwidth: 1.86 GB/s
cpu utilization: 5.40%

run 4:
total time: 6.04 seconds for 200 samples
iteration time: 0.0302 seconds/sample
throughput: 33.11 samples/second
bandwidth: 1.75 GB/s
cpu utilization: 5.53%

run 5:
total time: 5.97 seconds for 200 samples
iteration time: 0.0299 seconds/sample
throughput: 33.48 samples/second
bandwidth: 1.77 GB/s
cpu utilization: 5.41%

