run 1:
total time: 2.18 seconds for 200 samples
iteration time: 0.0109 seconds/sample
throughput: 91.70 samples/second
bandwidth: 4.84 GB/s
cpu utilization: 7.40%

run 2:
total time: 2.14 seconds for 200 samples
iteration time: 0.0107 seconds/sample
throughput: 93.45 samples/second
bandwidth: 4.93 GB/s
cpu utilization: 7.38%

run 3:
total time: 2.17 seconds for 200 samples
iteration time: 0.0108 seconds/sample
throughput: 92.18 samples/second
bandwidth: 4.86 GB/s
cpu utilization: 7.78%

run 4:
total time: 2.20 seconds for 200 samples
iteration time: 0.0110 seconds/sample
throughput: 90.72 samples/second
bandwidth: 4.78 GB/s
cpu utilization: 8.27%

run 5:
total time: 2.24 seconds for 200 samples
iteration time: 0.0112 seconds/sample
throughput: 89.48 samples/second
bandwidth: 4.72 GB/s
cpu utilization: 8.52%

