run 1:
total time: 5.82 seconds for 200 samples
iteration time: 0.0291 seconds/sample
throughput: 34.37 samples/second
bandwidth: 1.81 GB/s
cpu utilization: 5.75%

run 2:
total time: 5.76 seconds for 200 samples
iteration time: 0.0288 seconds/sample
throughput: 34.72 samples/second
bandwidth: 1.83 GB/s
cpu utilization: 5.52%

run 3:
total time: 5.38 seconds for 200 samples
iteration time: 0.0269 seconds/sample
throughput: 37.18 samples/second
bandwidth: 1.96 GB/s
cpu utilization: 5.42%

run 4:
total time: 5.62 seconds for 200 samples
iteration time: 0.0281 seconds/sample
throughput: 35.56 samples/second
bandwidth: 1.88 GB/s
cpu utilization: 5.23%

run 5:
total time: 5.59 seconds for 200 samples
iteration time: 0.0280 seconds/sample
throughput: 35.75 samples/second
bandwidth: 1.89 GB/s
cpu utilization: 5.24%

