run 1:
total time: 3.75 seconds for 200 samples
iteration time: 0.0187 seconds/sample
throughput: 53.36 samples/second
bandwidth: 2.81 GB/s
cpu utilization: 8.90%

run 2:
total time: 3.70 seconds for 200 samples
iteration time: 0.0185 seconds/sample
throughput: 54.07 samples/second
bandwidth: 2.85 GB/s
cpu utilization: 8.88%

run 3:
total time: 3.66 seconds for 200 samples
iteration time: 0.0183 seconds/sample
throughput: 54.62 samples/second
bandwidth: 2.88 GB/s
cpu utilization: 9.02%

run 4:
total time: 3.69 seconds for 200 samples
iteration time: 0.0184 seconds/sample
throughput: 54.26 samples/second
bandwidth: 2.86 GB/s
cpu utilization: 9.16%

run 5:
total time: 3.75 seconds for 200 samples
iteration time: 0.0188 seconds/sample
throughput: 53.27 samples/second
bandwidth: 2.81 GB/s
cpu utilization: 9.16%

