run 1:
total time: 3.34 seconds for 200 samples
iteration time: 0.0167 seconds/sample
throughput: 59.82 samples/second
bandwidth: 3.15 GB/s
cpu utilization: 7.00%

run 2:
total time: 3.27 seconds for 200 samples
iteration time: 0.0164 seconds/sample
throughput: 61.12 samples/second
bandwidth: 3.22 GB/s
cpu utilization: 7.14%

run 3:
total time: 3.20 seconds for 200 samples
iteration time: 0.0160 seconds/sample
throughput: 62.44 samples/second
bandwidth: 3.29 GB/s
cpu utilization: 6.97%

run 4:
total time: 3.39 seconds for 200 samples
iteration time: 0.0170 seconds/sample
throughput: 58.92 samples/second
bandwidth: 3.11 GB/s
cpu utilization: 7.21%

run 5:
total time: 3.40 seconds for 200 samples
iteration time: 0.0170 seconds/sample
throughput: 58.79 samples/second
bandwidth: 3.10 GB/s
cpu utilization: 7.39%

