run 1:
total time: 2.57 seconds for 200 samples
iteration time: 0.0128 seconds/sample
throughput: 77.97 samples/second
bandwidth: 4.11 GB/s
cpu utilization: 6.33%

run 2:
total time: 2.55 seconds for 200 samples
iteration time: 0.0128 seconds/sample
throughput: 78.32 samples/second
bandwidth: 4.13 GB/s
cpu utilization: 6.32%

run 3:
total time: 2.59 seconds for 200 samples
iteration time: 0.0130 seconds/sample
throughput: 77.17 samples/second
bandwidth: 4.07 GB/s
cpu utilization: 6.72%

run 4:
total time: 2.52 seconds for 200 samples
iteration time: 0.0126 seconds/sample
throughput: 79.31 samples/second
bandwidth: 4.18 GB/s
cpu utilization: 7.00%

run 5:
total time: 2.53 seconds for 200 samples
iteration time: 0.0126 seconds/sample
throughput: 79.12 samples/second
bandwidth: 4.17 GB/s
cpu utilization: 7.02%

