run 1:
total time: 10.50 seconds for 200 samples
iteration time: 0.0525 seconds/sample
throughput: 19.05 samples/second
bandwidth: 1.00 GB/s
cpu utilization: 5.20%

run 2:
total time: 10.32 seconds for 200 samples
iteration time: 0.0516 seconds/sample
throughput: 19.38 samples/second
bandwidth: 1.02 GB/s
cpu utilization: 5.40%

run 3:
total time: 10.28 seconds for 200 samples
iteration time: 0.0514 seconds/sample
throughput: 19.46 samples/second
bandwidth: 1.03 GB/s
cpu utilization: 5.58%

run 4:
total time: 11.38 seconds for 200 samples
iteration time: 0.0569 seconds/sample
throughput: 17.57 samples/second
bandwidth: 0.93 GB/s
cpu utilization: 5.61%

run 5:
total time: 10.51 seconds for 200 samples
iteration time: 0.0526 seconds/sample
throughput: 19.02 samples/second
bandwidth: 1.00 GB/s
cpu utilization: 5.68%

