run 1:
total time: 3.50 seconds for 200 samples
iteration time: 0.0175 seconds/sample
throughput: 57.16 samples/second
bandwidth: 3.01 GB/s
cpu utilization: 6.70%

run 2:
total time: 3.41 seconds for 200 samples
iteration time: 0.0171 seconds/sample
throughput: 58.61 samples/second
bandwidth: 3.09 GB/s
cpu utilization: 7.16%

run 3:
total time: 3.37 seconds for 200 samples
iteration time: 0.0169 seconds/sample
throughput: 59.31 samples/second
bandwidth: 3.13 GB/s
cpu utilization: 7.48%

run 4:
total time: 3.48 seconds for 200 samples
iteration time: 0.0174 seconds/sample
throughput: 57.48 samples/second
bandwidth: 3.03 GB/s
cpu utilization: 7.40%

run 5:
total time: 3.62 seconds for 200 samples
iteration time: 0.0181 seconds/sample
throughput: 55.31 samples/second
bandwidth: 2.92 GB/s
cpu utilization: 7.45%

