run 1:
total time: 3.55 seconds for 200 samples
iteration time: 0.0178 seconds/sample
throughput: 56.32 samples/second
bandwidth: 2.97 GB/s
cpu utilization: 8.88%

run 2:
total time: 3.54 seconds for 200 samples
iteration time: 0.0177 seconds/sample
throughput: 56.44 samples/second
bandwidth: 2.98 GB/s
cpu utilization: 8.84%

run 3:
total time: 3.52 seconds for 200 samples
iteration time: 0.0176 seconds/sample
throughput: 56.75 samples/second
bandwidth: 2.99 GB/s
cpu utilization: 8.73%

run 4:
total time: 3.55 seconds for 200 samples
iteration time: 0.0178 seconds/sample
throughput: 56.31 samples/second
bandwidth: 2.97 GB/s
cpu utilization: 8.67%

run 5:
total time: 3.56 seconds for 200 samples
iteration time: 0.0178 seconds/sample
throughput: 56.12 samples/second
bandwidth: 2.96 GB/s
cpu utilization: 8.56%

