run 1:
total time: 3.34 seconds for 200 samples
iteration time: 0.0167 seconds/sample
throughput: 59.88 samples/second
bandwidth: 3.16 GB/s
cpu utilization: 7.75%

run 2:
total time: 3.41 seconds for 200 samples
iteration time: 0.0170 seconds/sample
throughput: 58.70 samples/second
bandwidth: 3.10 GB/s
cpu utilization: 7.92%

run 3:
total time: 3.12 seconds for 200 samples
iteration time: 0.0156 seconds/sample
throughput: 64.10 samples/second
bandwidth: 3.38 GB/s
cpu utilization: 8.15%

run 4:
total time: 3.36 seconds for 200 samples
iteration time: 0.0168 seconds/sample
throughput: 59.48 samples/second
bandwidth: 3.14 GB/s
cpu utilization: 8.27%

run 5:
total time: 3.47 seconds for 200 samples
iteration time: 0.0174 seconds/sample
throughput: 57.56 samples/second
bandwidth: 3.04 GB/s
cpu utilization: 8.40%

