run 1:
total time: 10.13 seconds for 200 samples
iteration time: 0.0507 seconds/sample
throughput: 19.74 samples/second
bandwidth: 1.04 GB/s
cpu utilization: 4.82%

run 2:
total time: 10.05 seconds for 200 samples
iteration time: 0.0502 seconds/sample
throughput: 19.90 samples/second
bandwidth: 1.05 GB/s
cpu utilization: 4.68%

run 3:
total time: 9.84 seconds for 200 samples
iteration time: 0.0492 seconds/sample
throughput: 20.33 samples/second
bandwidth: 1.07 GB/s
cpu utilization: 4.87%

run 4:
total time: 10.13 seconds for 200 samples
iteration time: 0.0507 seconds/sample
throughput: 19.74 samples/second
bandwidth: 1.04 GB/s
cpu utilization: 4.67%

run 5:
total time: 10.70 seconds for 200 samples
iteration time: 0.0535 seconds/sample
throughput: 18.70 samples/second
bandwidth: 0.99 GB/s
cpu utilization: 4.77%

