run 1:
total time: 3.75 seconds for 200 samples
iteration time: 0.0188 seconds/sample
throughput: 53.32 samples/second
bandwidth: 2.81 GB/s
cpu utilization: 8.15%

run 2:
total time: 3.64 seconds for 200 samples
iteration time: 0.0182 seconds/sample
throughput: 54.92 samples/second
bandwidth: 2.90 GB/s
cpu utilization: 7.82%

run 3:
total time: 3.69 seconds for 200 samples
iteration time: 0.0185 seconds/sample
throughput: 54.17 samples/second
bandwidth: 2.86 GB/s
cpu utilization: 7.47%

run 4:
total time: 3.81 seconds for 200 samples
iteration time: 0.0190 seconds/sample
throughput: 52.50 samples/second
bandwidth: 2.77 GB/s
cpu utilization: 7.17%

run 5:
total time: 3.75 seconds for 200 samples
iteration time: 0.0188 seconds/sample
throughput: 53.31 samples/second
bandwidth: 2.81 GB/s
cpu utilization: 7.30%

