run 1:
total time: 6.19 seconds for 200 samples
iteration time: 0.0310 seconds/sample
throughput: 32.31 samples/second
bandwidth: 1.70 GB/s
cpu utilization: 4.62%

run 2:
total time: 6.15 seconds for 200 samples
iteration time: 0.0308 seconds/sample
throughput: 32.51 samples/second
bandwidth: 1.71 GB/s
cpu utilization: 4.92%

run 3:
total time: 5.92 seconds for 200 samples
iteration time: 0.0296 seconds/sample
throughput: 33.77 samples/second
bandwidth: 1.78 GB/s
cpu utilization: 4.93%

run 4:
total time: 6.15 seconds for 200 samples
iteration time: 0.0308 seconds/sample
throughput: 32.50 samples/second
bandwidth: 1.71 GB/s
cpu utilization: 4.74%

run 5:
total time: 6.48 seconds for 200 samples
iteration time: 0.0324 seconds/sample
throughput: 30.85 samples/second
bandwidth: 1.63 GB/s
cpu utilization: 5.03%

