run 1:
total time: 2.10 seconds for 200 samples
iteration time: 0.0105 seconds/sample
throughput: 95.11 samples/second
bandwidth: 5.02 GB/s
cpu utilization: 8.73%

run 2:
total time: 2.10 seconds for 200 samples
iteration time: 0.0105 seconds/sample
throughput: 95.27 samples/second
bandwidth: 5.02 GB/s
cpu utilization: 8.20%

run 3:
total time: 1.96 seconds for 200 samples
iteration time: 0.0098 seconds/sample
throughput: 102.20 samples/second
bandwidth: 5.39 GB/s
cpu utilization: 7.87%

run 4:
total time: 2.10 seconds for 200 samples
iteration time: 0.0105 seconds/sample
throughput: 95.22 samples/second
bandwidth: 5.02 GB/s
cpu utilization: 7.64%

run 5:
total time: 2.13 seconds for 200 samples
iteration time: 0.0106 seconds/sample
throughput: 94.01 samples/second
bandwidth: 4.96 GB/s
cpu utilization: 7.50%

