run 1:
total time: 10.37 seconds for 200 samples
iteration time: 0.0518 seconds/sample
throughput: 19.29 samples/second
bandwidth: 1.02 GB/s
cpu utilization: 4.05%

run 2:
total time: 11.25 seconds for 200 samples
iteration time: 0.0562 seconds/sample
throughput: 17.79 samples/second
bandwidth: 0.94 GB/s
cpu utilization: 4.02%

run 3:
total time: 11.66 seconds for 200 samples
iteration time: 0.0583 seconds/sample
throughput: 17.16 samples/second
bandwidth: 0.90 GB/s
cpu utilization: 4.05%

run 4:
total time: 11.08 seconds for 200 samples
iteration time: 0.0554 seconds/sample
throughput: 18.05 samples/second
bandwidth: 0.95 GB/s
cpu utilization: 3.90%

run 5:
total time: 10.65 seconds for 200 samples
iteration time: 0.0532 seconds/sample
throughput: 18.79 samples/second
bandwidth: 0.99 GB/s
cpu utilization: 3.98%

