run 1:
total time: 6.83 seconds for 192 samples
iteration time: 0.0356 seconds/sample
throughput: 28.10 samples/second
bandwidth: 1.48 GB/s
cpu utilization: 6.05%

run 2:
total time: 6.78 seconds for 192 samples
iteration time: 0.0353 seconds/sample
throughput: 28.34 samples/second
bandwidth: 1.49 GB/s
cpu utilization: 6.04%

run 3:
total time: 6.78 seconds for 192 samples
iteration time: 0.0353 seconds/sample
throughput: 28.31 samples/second
bandwidth: 1.49 GB/s
cpu utilization: 6.00%

run 4:
total time: 7.08 seconds for 192 samples
iteration time: 0.0369 seconds/sample
throughput: 27.12 samples/second
bandwidth: 1.43 GB/s
cpu utilization: 6.01%

run 5:
total time: 6.84 seconds for 192 samples
iteration time: 0.0356 seconds/sample
throughput: 28.07 samples/second
bandwidth: 1.48 GB/s
cpu utilization: 6.00%

