run 1:
total time: 6.01 seconds for 200 samples
iteration time: 0.0301 seconds/sample
throughput: 33.25 samples/second
bandwidth: 1.75 GB/s
cpu utilization: 5.93%

run 2:
total time: 6.39 seconds for 200 samples
iteration time: 0.0320 seconds/sample
throughput: 31.30 samples/second
bandwidth: 1.65 GB/s
cpu utilization: 5.92%

run 3:
total time: 5.96 seconds for 200 samples
iteration time: 0.0298 seconds/sample
throughput: 33.55 samples/second
bandwidth: 1.77 GB/s
cpu utilization: 5.95%

run 4:
total time: 6.21 seconds for 200 samples
iteration time: 0.0310 seconds/sample
throughput: 32.21 samples/second
bandwidth: 1.70 GB/s
cpu utilization: 5.96%

run 5:
total time: 6.14 seconds for 200 samples
iteration time: 0.0307 seconds/sample
throughput: 32.57 samples/second
bandwidth: 1.72 GB/s
cpu utilization: 6.01%

