run 1:
total time: 5.75 seconds for 200 samples
iteration time: 0.0288 seconds/sample
throughput: 34.77 samples/second
bandwidth: 1.83 GB/s
cpu utilization: 7.10%

run 2:
total time: 5.51 seconds for 200 samples
iteration time: 0.0275 seconds/sample
throughput: 36.31 samples/second
bandwidth: 1.91 GB/s
cpu utilization: 6.50%

run 3:
total time: 5.59 seconds for 200 samples
iteration time: 0.0279 seconds/sample
throughput: 35.79 samples/second
bandwidth: 1.89 GB/s
cpu utilization: 6.32%

run 4:
total time: 5.77 seconds for 200 samples
iteration time: 0.0288 seconds/sample
throughput: 34.69 samples/second
bandwidth: 1.83 GB/s
cpu utilization: 6.49%

run 5:
total time: 5.55 seconds for 200 samples
iteration time: 0.0277 seconds/sample
throughput: 36.04 samples/second
bandwidth: 1.90 GB/s
cpu utilization: 6.31%

