run 1:
total time: 1.71 seconds for 200 samples
iteration time: 0.0086 seconds/sample
throughput: 116.70 samples/second
bandwidth: 6.15 GB/s
cpu utilization: 9.52%

run 2:
total time: 1.70 seconds for 200 samples
iteration time: 0.0085 seconds/sample
throughput: 117.48 samples/second
bandwidth: 6.20 GB/s
cpu utilization: 9.48%

run 3:
total time: 1.64 seconds for 200 samples
iteration time: 0.0082 seconds/sample
throughput: 122.11 samples/second
bandwidth: 6.44 GB/s
cpu utilization: 9.43%

run 4:
total time: 1.73 seconds for 200 samples
iteration time: 0.0086 seconds/sample
throughput: 115.66 samples/second
bandwidth: 6.10 GB/s
cpu utilization: 9.39%

run 5:
total time: 1.72 seconds for 200 samples
iteration time: 0.0086 seconds/sample
throughput: 116.03 samples/second
bandwidth: 6.12 GB/s
cpu utilization: 9.41%

