run 1:
total time: 1.25 seconds for 200 samples
iteration time: 0.0063 seconds/sample
throughput: 159.89 samples/second
bandwidth: 8.43 GB/s
cpu utilization: 10.43%

run 2:
total time: 1.16 seconds for 200 samples
iteration time: 0.0058 seconds/sample
throughput: 172.84 samples/second
bandwidth: 9.11 GB/s
cpu utilization: 10.58%

run 3:
total time: 1.08 seconds for 200 samples
iteration time: 0.0054 seconds/sample
throughput: 185.79 samples/second
bandwidth: 9.80 GB/s
cpu utilization: 10.58%

run 4:
total time: 1.22 seconds for 200 samples
iteration time: 0.0061 seconds/sample
throughput: 164.61 samples/second
bandwidth: 8.68 GB/s
cpu utilization: 10.57%

run 5:
total time: 1.23 seconds for 200 samples
iteration time: 0.0062 seconds/sample
throughput: 162.25 samples/second
bandwidth: 8.56 GB/s
cpu utilization: 10.55%

