run 1:
total time: 3.46 seconds for 200 samples
iteration time: 0.0173 seconds/sample
throughput: 57.75 samples/second
bandwidth: 3.05 GB/s
cpu utilization: 6.78%

run 2:
total time: 3.41 seconds for 200 samples
iteration time: 0.0170 seconds/sample
throughput: 58.70 samples/second
bandwidth: 3.10 GB/s
cpu utilization: 6.80%

run 3:
total time: 3.31 seconds for 200 samples
iteration time: 0.0165 seconds/sample
throughput: 60.48 samples/second
bandwidth: 3.19 GB/s
cpu utilization: 6.78%

run 4:
total time: 3.42 seconds for 200 samples
iteration time: 0.0171 seconds/sample
throughput: 58.47 samples/second
bandwidth: 3.08 GB/s
cpu utilization: 6.79%

run 5:
total time: 3.42 seconds for 200 samples
iteration time: 0.0171 seconds/sample
throughput: 58.41 samples/second
bandwidth: 3.08 GB/s
cpu utilization: 6.79%

