run 1:
total time: 11.37 seconds for 200 samples
iteration time: 0.0568 seconds/sample
throughput: 17.60 samples/second
bandwidth: 0.93 GB/s
cpu utilization: 6.02%

run 2:
total time: 10.16 seconds for 200 samples
iteration time: 0.0508 seconds/sample
throughput: 19.68 samples/second
bandwidth: 1.04 GB/s
cpu utilization: 5.80%

run 3:
total time: 10.33 seconds for 200 samples
iteration time: 0.0517 seconds/sample
throughput: 19.36 samples/second
bandwidth: 1.02 GB/s
cpu utilization: 5.70%

run 4:
total time: 10.89 seconds for 200 samples
iteration time: 0.0545 seconds/sample
throughput: 18.36 samples/second
bandwidth: 0.97 GB/s
cpu utilization: 5.81%

run 5:
total time: 11.28 seconds for 200 samples
iteration time: 0.0564 seconds/sample
throughput: 17.72 samples/second
bandwidth: 0.93 GB/s
cpu utilization: 5.64%

