run 1:
total time: 10.99 seconds for 200 samples
iteration time: 0.0549 seconds/sample
throughput: 18.20 samples/second
bandwidth: 0.96 GB/s
cpu utilization: 4.77%

run 2:
total time: 11.54 seconds for 200 samples
iteration time: 0.0577 seconds/sample
throughput: 17.33 samples/second
bandwidth: 0.91 GB/s
cpu utilization: 4.56%

run 3:
total time: 10.75 seconds for 200 samples
iteration time: 0.0537 seconds/sample
throughput: 18.61 samples/second
bandwidth: 0.98 GB/s
cpu utilization: 4.68%

run 4:
total time: 10.46 seconds for 200 samples
iteration time: 0.0523 seconds/sample
throughput: 19.12 samples/second
bandwidth: 1.01 GB/s
cpu utilization: 4.66%

run 5:
total time: 10.69 seconds for 200 samples
iteration time: 0.0534 seconds/sample
throughput: 18.71 samples/second
bandwidth: 0.99 GB/s
cpu utilization: 4.71%

