run 1:
total time: 12.92 seconds for 192 samples
iteration time: 0.0673 seconds/sample
throughput: 14.86 samples/second
bandwidth: 0.78 GB/s
cpu utilization: 5.53%

run 2:
total time: 13.48 seconds for 192 samples
iteration time: 0.0702 seconds/sample
throughput: 14.24 samples/second
bandwidth: 0.75 GB/s
cpu utilization: 5.56%

run 3:
total time: 12.58 seconds for 192 samples
iteration time: 0.0655 seconds/sample
throughput: 15.26 samples/second
bandwidth: 0.80 GB/s
cpu utilization: 5.52%

run 4:
total time: 12.78 seconds for 192 samples
iteration time: 0.0666 seconds/sample
throughput: 15.02 samples/second
bandwidth: 0.79 GB/s
cpu utilization: 5.49%

run 5:
total time: 12.49 seconds for 192 samples
iteration time: 0.0650 seconds/sample
throughput: 15.38 samples/second
bandwidth: 0.81 GB/s
cpu utilization: 5.47%

