run 1:
total time: 2.04 seconds for 192 samples
iteration time: 0.0106 seconds/sample
throughput: 93.99 samples/second
bandwidth: 4.96 GB/s
cpu utilization: 9.92%

run 2:
total time: 1.96 seconds for 192 samples
iteration time: 0.0102 seconds/sample
throughput: 98.02 samples/second
bandwidth: 5.17 GB/s
cpu utilization: 9.98%

run 3:
total time: 1.92 seconds for 192 samples
iteration time: 0.0100 seconds/sample
throughput: 100.13 samples/second
bandwidth: 5.28 GB/s
cpu utilization: 9.98%

run 4:
total time: 2.01 seconds for 192 samples
iteration time: 0.0105 seconds/sample
throughput: 95.54 samples/second
bandwidth: 5.04 GB/s
cpu utilization: 9.97%

run 5:
total time: 1.99 seconds for 192 samples
iteration time: 0.0104 seconds/sample
throughput: 96.52 samples/second
bandwidth: 5.09 GB/s
cpu utilization: 9.97%

