run 1:
total time: 1.69 seconds for 192 samples
iteration time: 0.0088 seconds/sample
throughput: 113.39 samples/second
bandwidth: 5.98 GB/s
cpu utilization: 9.48%

run 2:
total time: 1.64 seconds for 192 samples
iteration time: 0.0085 seconds/sample
throughput: 117.01 samples/second
bandwidth: 6.17 GB/s
cpu utilization: 9.48%

run 3:
total time: 1.55 seconds for 192 samples
iteration time: 0.0081 seconds/sample
throughput: 124.10 samples/second
bandwidth: 6.54 GB/s
cpu utilization: 9.53%

run 4:
total time: 1.66 seconds for 192 samples
iteration time: 0.0087 seconds/sample
throughput: 115.57 samples/second
bandwidth: 6.09 GB/s
cpu utilization: 9.51%

run 5:
total time: 1.62 seconds for 192 samples
iteration time: 0.0084 seconds/sample
throughput: 118.51 samples/second
bandwidth: 6.25 GB/s
cpu utilization: 9.52%

