run 1:
total time: 3.82 seconds for 200 samples
iteration time: 0.0191 seconds/sample
throughput: 52.33 samples/second
bandwidth: 2.76 GB/s
cpu utilization: 6.72%

run 2:
total time: 3.77 seconds for 200 samples
iteration time: 0.0189 seconds/sample
throughput: 53.01 samples/second
bandwidth: 2.80 GB/s
cpu utilization: 6.74%

run 3:
total time: 3.93 seconds for 200 samples
iteration time: 0.0196 seconds/sample
throughput: 50.89 samples/second
bandwidth: 2.68 GB/s
cpu utilization: 6.75%

run 4:
total time: 3.89 seconds for 200 samples
iteration time: 0.0195 seconds/sample
throughput: 51.35 samples/second
bandwidth: 2.71 GB/s
cpu utilization: 6.74%

run 5:
total time: 3.89 seconds for 200 samples
iteration time: 0.0194 seconds/sample
throughput: 51.42 samples/second
bandwidth: 2.71 GB/s
cpu utilization: 6.75%

