run 1:
total time: 7.71 seconds for 192 samples
iteration time: 0.0402 seconds/sample
throughput: 24.89 samples/second
bandwidth: 1.31 GB/s
cpu utilization: 5.90%

run 2:
total time: 7.62 seconds for 192 samples
iteration time: 0.0397 seconds/sample
throughput: 25.19 samples/second
bandwidth: 1.33 GB/s
cpu utilization: 5.90%

run 3:
total time: 7.52 seconds for 192 samples
iteration time: 0.0392 seconds/sample
throughput: 25.52 samples/second
bandwidth: 1.35 GB/s
cpu utilization: 5.92%

run 4:
total time: 7.78 seconds for 192 samples
iteration time: 0.0405 seconds/sample
throughput: 24.67 samples/second
bandwidth: 1.30 GB/s
cpu utilization: 5.94%

run 5:
total time: 7.88 seconds for 192 samples
iteration time: 0.0410 seconds/sample
throughput: 24.37 samples/second
bandwidth: 1.29 GB/s
cpu utilization: 5.94%

