run 1:
total time: 11.83 seconds for 200 samples
iteration time: 0.0592 seconds/sample
throughput: 16.90 samples/second
bandwidth: 0.89 GB/s
cpu utilization: 5.45%

run 2:
total time: 11.69 seconds for 200 samples
iteration time: 0.0584 seconds/sample
throughput: 17.11 samples/second
bandwidth: 0.90 GB/s
cpu utilization: 5.46%

run 3:
total time: 11.23 seconds for 200 samples
iteration time: 0.0562 seconds/sample
throughput: 17.80 samples/second
bandwidth: 0.94 GB/s
cpu utilization: 5.42%

run 4:
total time: 11.97 seconds for 200 samples
iteration time: 0.0598 seconds/sample
throughput: 16.71 samples/second
bandwidth: 0.88 GB/s
cpu utilization: 5.43%

run 5:
total time: 11.92 seconds for 200 samples
iteration time: 0.0596 seconds/sample
throughput: 16.78 samples/second
bandwidth: 0.88 GB/s
cpu utilization: 5.47%

