run 1:
total time: 3.36 seconds for 200 samples
iteration time: 0.0168 seconds/sample
throughput: 59.49 samples/second
bandwidth: 3.14 GB/s
cpu utilization: 6.03%

run 2:
total time: 3.33 seconds for 200 samples
iteration time: 0.0166 seconds/sample
throughput: 60.12 samples/second
bandwidth: 3.17 GB/s
cpu utilization: 5.86%

run 3:
total time: 3.23 seconds for 200 samples
iteration time: 0.0161 seconds/sample
throughput: 62.02 samples/second
bandwidth: 3.27 GB/s
cpu utilization: 6.17%

run 4:
total time: 3.41 seconds for 200 samples
iteration time: 0.0171 seconds/sample
throughput: 58.63 samples/second
bandwidth: 3.09 GB/s
cpu utilization: 6.26%

run 5:
total time: 3.34 seconds for 200 samples
iteration time: 0.0167 seconds/sample
throughput: 59.81 samples/second
bandwidth: 3.15 GB/s
cpu utilization: 6.23%

