run 1:
total time: 7.60 seconds for 192 samples
iteration time: 0.0396 seconds/sample
throughput: 25.25 samples/second
bandwidth: 1.33 GB/s
cpu utilization: 6.12%

run 2:
total time: 7.55 seconds for 192 samples
iteration time: 0.0393 seconds/sample
throughput: 25.42 samples/second
bandwidth: 1.34 GB/s
cpu utilization: 6.10%

run 3:
total time: 7.54 seconds for 192 samples
iteration time: 0.0393 seconds/sample
throughput: 25.48 samples/second
bandwidth: 1.34 GB/s
cpu utilization: 6.05%

run 4:
total time: 7.71 seconds for 192 samples
iteration time: 0.0402 seconds/sample
throughput: 24.90 samples/second
bandwidth: 1.31 GB/s
cpu utilization: 6.06%

run 5:
total time: 7.51 seconds for 192 samples
iteration time: 0.0391 seconds/sample
throughput: 25.55 samples/second
bandwidth: 1.35 GB/s
cpu utilization: 6.03%

