run 1:
total time: 6.20 seconds for 200 samples
iteration time: 0.0310 seconds/sample
throughput: 32.28 samples/second
bandwidth: 1.70 GB/s
cpu utilization: 5.88%

run 2:
total time: 6.01 seconds for 200 samples
iteration time: 0.0300 seconds/sample
throughput: 33.29 samples/second
bandwidth: 1.76 GB/s
cpu utilization: 5.86%

run 3:
total time: 5.86 seconds for 200 samples
iteration time: 0.0293 seconds/sample
throughput: 34.12 samples/second
bandwidth: 1.80 GB/s
cpu utilization: 5.88%

run 4:
total time: 6.03 seconds for 200 samples
iteration time: 0.0301 seconds/sample
throughput: 33.19 samples/second
bandwidth: 1.75 GB/s
cpu utilization: 5.87%

run 5:
total time: 6.20 seconds for 200 samples
iteration time: 0.0310 seconds/sample
throughput: 32.27 samples/second
bandwidth: 1.70 GB/s
cpu utilization: 5.93%

