run 1:
total time: 6.09 seconds for 200 samples
iteration time: 0.0304 seconds/sample
throughput: 32.84 samples/second
bandwidth: 1.73 GB/s
cpu utilization: 3.82%

run 2:
total time: 6.43 seconds for 200 samples
iteration time: 0.0322 seconds/sample
throughput: 31.10 samples/second
bandwidth: 1.64 GB/s
cpu utilization: 3.66%

run 3:
total time: 6.05 seconds for 200 samples
iteration time: 0.0302 seconds/sample
throughput: 33.09 samples/second
bandwidth: 1.74 GB/s
cpu utilization: 3.95%

run 4:
total time: 6.16 seconds for 200 samples
iteration time: 0.0308 seconds/sample
throughput: 32.45 samples/second
bandwidth: 1.71 GB/s
cpu utilization: 3.91%

run 5:
total time: 6.13 seconds for 200 samples
iteration time: 0.0307 seconds/sample
throughput: 32.62 samples/second
bandwidth: 1.72 GB/s
cpu utilization: 3.91%

