run 1:
total time: 2.11 seconds for 200 samples
iteration time: 0.0106 seconds/sample
throughput: 94.77 samples/second
bandwidth: 5.00 GB/s
cpu utilization: 8.20%

run 2:
total time: 2.09 seconds for 200 samples
iteration time: 0.0104 seconds/sample
throughput: 95.89 samples/second
bandwidth: 5.06 GB/s
cpu utilization: 8.68%

run 3:
total time: 1.98 seconds for 200 samples
iteration time: 0.0099 seconds/sample
throughput: 100.90 samples/second
bandwidth: 5.32 GB/s
cpu utilization: 8.80%

run 4:
total time: 2.15 seconds for 200 samples
iteration time: 0.0107 seconds/sample
throughput: 93.19 samples/second
bandwidth: 4.91 GB/s
cpu utilization: 8.71%

run 5:
total time: 2.11 seconds for 200 samples
iteration time: 0.0105 seconds/sample
throughput: 94.97 samples/second
bandwidth: 5.01 GB/s
cpu utilization: 8.62%

