run 1:
total time: 2.31 seconds for 192 samples
iteration time: 0.0120 seconds/sample
throughput: 83.02 samples/second
bandwidth: 4.38 GB/s
cpu utilization: 8.20%

run 2:
total time: 2.29 seconds for 192 samples
iteration time: 0.0119 seconds/sample
throughput: 83.72 samples/second
bandwidth: 4.42 GB/s
cpu utilization: 8.32%

run 3:
total time: 2.24 seconds for 192 samples
iteration time: 0.0117 seconds/sample
throughput: 85.58 samples/second
bandwidth: 4.51 GB/s
cpu utilization: 8.32%

run 4:
total time: 2.32 seconds for 192 samples
iteration time: 0.0121 seconds/sample
throughput: 82.73 samples/second
bandwidth: 4.36 GB/s
cpu utilization: 8.34%

run 5:
total time: 2.42 seconds for 192 samples
iteration time: 0.0126 seconds/sample
throughput: 79.33 samples/second
bandwidth: 4.18 GB/s
cpu utilization: 8.35%

