run 1:
total time: 6.26 seconds for 200 samples
iteration time: 0.0313 seconds/sample
throughput: 31.94 samples/second
bandwidth: 1.68 GB/s
cpu utilization: 5.95%

run 2:
total time: 6.25 seconds for 200 samples
iteration time: 0.0313 seconds/sample
throughput: 31.98 samples/second
bandwidth: 1.69 GB/s
cpu utilization: 5.62%

run 3:
total time: 6.01 seconds for 200 samples
iteration time: 0.0300 seconds/sample
throughput: 33.29 samples/second
bandwidth: 1.76 GB/s
cpu utilization: 5.32%

run 4:
total time: 6.05 seconds for 200 samples
iteration time: 0.0302 seconds/sample
throughput: 33.06 samples/second
bandwidth: 1.74 GB/s
cpu utilization: 5.44%

run 5:
total time: 5.91 seconds for 200 samples
iteration time: 0.0296 seconds/sample
throughput: 33.84 samples/second
bandwidth: 1.78 GB/s
cpu utilization: 5.43%

