run 1:
total time: 2.33 seconds for 192 samples
iteration time: 0.0121 seconds/sample
throughput: 82.31 samples/second
bandwidth: 4.34 GB/s
cpu utilization: 8.80%

run 2:
total time: 2.17 seconds for 192 samples
iteration time: 0.0113 seconds/sample
throughput: 88.58 samples/second
bandwidth: 4.67 GB/s
cpu utilization: 8.70%

run 3:
total time: 2.04 seconds for 192 samples
iteration time: 0.0106 seconds/sample
throughput: 94.25 samples/second
bandwidth: 4.97 GB/s
cpu utilization: 8.65%

run 4:
total time: 2.21 seconds for 192 samples
iteration time: 0.0115 seconds/sample
throughput: 86.79 samples/second
bandwidth: 4.58 GB/s
cpu utilization: 8.60%

run 5:
total time: 2.21 seconds for 192 samples
iteration time: 0.0115 seconds/sample
throughput: 86.90 samples/second
bandwidth: 4.58 GB/s
cpu utilization: 8.56%

