run 1:
total time: 10.77 seconds for 200 samples
iteration time: 0.0538 seconds/sample
throughput: 18.58 samples/second
bandwidth: 0.98 GB/s
cpu utilization: 4.35%

run 2:
total time: 10.71 seconds for 200 samples
iteration time: 0.0536 seconds/sample
throughput: 18.67 samples/second
bandwidth: 0.98 GB/s
cpu utilization: 4.90%

run 3:
total time: 10.65 seconds for 200 samples
iteration time: 0.0533 seconds/sample
throughput: 18.78 samples/second
bandwidth: 0.99 GB/s
cpu utilization: 5.15%

run 4:
total time: 10.66 seconds for 200 samples
iteration time: 0.0533 seconds/sample
throughput: 18.76 samples/second
bandwidth: 0.99 GB/s
cpu utilization: 5.19%

run 5:
total time: 10.22 seconds for 200 samples
iteration time: 0.0511 seconds/sample
throughput: 19.57 samples/second
bandwidth: 1.03 GB/s
cpu utilization: 5.04%

