run 1:
total time: 3.32 seconds for 200 samples
iteration time: 0.0166 seconds/sample
throughput: 60.17 samples/second
bandwidth: 3.17 GB/s
cpu utilization: 6.45%

run 2:
total time: 3.32 seconds for 200 samples
iteration time: 0.0166 seconds/sample
throughput: 60.31 samples/second
bandwidth: 3.18 GB/s
cpu utilization: 6.88%

run 3:
total time: 3.25 seconds for 200 samples
iteration time: 0.0163 seconds/sample
throughput: 61.51 samples/second
bandwidth: 3.24 GB/s
cpu utilization: 7.10%

run 4:
total time: 3.33 seconds for 200 samples
iteration time: 0.0166 seconds/sample
throughput: 60.09 samples/second
bandwidth: 3.17 GB/s
cpu utilization: 7.11%

run 5:
total time: 3.40 seconds for 200 samples
iteration time: 0.0170 seconds/sample
throughput: 58.74 samples/second
bandwidth: 3.10 GB/s
cpu utilization: 7.19%

