run 1:
total time: 12.54 seconds for 192 samples
iteration time: 0.0653 seconds/sample
throughput: 15.32 samples/second
bandwidth: 0.81 GB/s
cpu utilization: 5.43%

run 2:
total time: 12.59 seconds for 192 samples
iteration time: 0.0656 seconds/sample
throughput: 15.24 samples/second
bandwidth: 0.80 GB/s
cpu utilization: 5.44%

run 3:
total time: 11.92 seconds for 192 samples
iteration time: 0.0621 seconds/sample
throughput: 16.11 samples/second
bandwidth: 0.85 GB/s
cpu utilization: 5.38%

run 4:
total time: 12.48 seconds for 192 samples
iteration time: 0.0650 seconds/sample
throughput: 15.38 samples/second
bandwidth: 0.81 GB/s
cpu utilization: 5.39%

run 5:
total time: 12.75 seconds for 192 samples
iteration time: 0.0664 seconds/sample
throughput: 15.06 samples/second
bandwidth: 0.79 GB/s
cpu utilization: 5.40%

