run 1:
total time: 6.13 seconds for 200 samples
iteration time: 0.0307 seconds/sample
throughput: 32.61 samples/second
bandwidth: 1.72 GB/s
cpu utilization: 3.90%

run 2:
total time: 5.99 seconds for 200 samples
iteration time: 0.0299 seconds/sample
throughput: 33.41 samples/second
bandwidth: 1.76 GB/s
cpu utilization: 4.28%

run 3:
total time: 6.06 seconds for 200 samples
iteration time: 0.0303 seconds/sample
throughput: 33.01 samples/second
bandwidth: 1.74 GB/s
cpu utilization: 4.12%

run 4:
total time: 6.09 seconds for 200 samples
iteration time: 0.0305 seconds/sample
throughput: 32.84 samples/second
bandwidth: 1.73 GB/s
cpu utilization: 4.16%

run 5:
total time: 6.06 seconds for 200 samples
iteration time: 0.0303 seconds/sample
throughput: 33.00 samples/second
bandwidth: 1.74 GB/s
cpu utilization: 4.49%

