run 1:
total time: 6.30 seconds for 200 samples
iteration time: 0.0315 seconds/sample
throughput: 31.74 samples/second
bandwidth: 1.67 GB/s
cpu utilization: 5.15%

run 2:
total time: 6.17 seconds for 200 samples
iteration time: 0.0308 seconds/sample
throughput: 32.44 samples/second
bandwidth: 1.71 GB/s
cpu utilization: 4.88%

run 3:
total time: 5.99 seconds for 200 samples
iteration time: 0.0299 seconds/sample
throughput: 33.41 samples/second
bandwidth: 1.76 GB/s
cpu utilization: 5.15%

run 4:
total time: 6.26 seconds for 200 samples
iteration time: 0.0313 seconds/sample
throughput: 31.96 samples/second
bandwidth: 1.69 GB/s
cpu utilization: 5.56%

run 5:
total time: 6.16 seconds for 200 samples
iteration time: 0.0308 seconds/sample
throughput: 32.46 samples/second
bandwidth: 1.71 GB/s
cpu utilization: 5.81%

