run 1:
total time: 3.58 seconds for 200 samples
iteration time: 0.0179 seconds/sample
throughput: 55.92 samples/second
bandwidth: 2.95 GB/s
cpu utilization: 6.82%

run 2:
total time: 3.55 seconds for 200 samples
iteration time: 0.0178 seconds/sample
throughput: 56.27 samples/second
bandwidth: 2.97 GB/s
cpu utilization: 6.96%

run 3:
total time: 3.57 seconds for 200 samples
iteration time: 0.0178 seconds/sample
throughput: 56.04 samples/second
bandwidth: 2.96 GB/s
cpu utilization: 6.90%

run 4:
total time: 3.58 seconds for 200 samples
iteration time: 0.0179 seconds/sample
throughput: 55.85 samples/second
bandwidth: 2.95 GB/s
cpu utilization: 6.87%

run 5:
total time: 3.61 seconds for 200 samples
iteration time: 0.0181 seconds/sample
throughput: 55.38 samples/second
bandwidth: 2.92 GB/s
cpu utilization: 6.85%

