run 1:
total time: 3.62 seconds for 192 samples
iteration time: 0.0188 seconds/sample
throughput: 53.06 samples/second
bandwidth: 2.80 GB/s
cpu utilization: 7.05%

run 2:
total time: 3.60 seconds for 192 samples
iteration time: 0.0188 seconds/sample
throughput: 53.32 samples/second
bandwidth: 2.81 GB/s
cpu utilization: 7.02%

run 3:
total time: 3.51 seconds for 192 samples
iteration time: 0.0183 seconds/sample
throughput: 54.77 samples/second
bandwidth: 2.89 GB/s
cpu utilization: 7.05%

run 4:
total time: 3.59 seconds for 192 samples
iteration time: 0.0187 seconds/sample
throughput: 53.41 samples/second
bandwidth: 2.82 GB/s
cpu utilization: 7.03%

run 5:
total time: 3.53 seconds for 192 samples
iteration time: 0.0184 seconds/sample
throughput: 54.32 samples/second
bandwidth: 2.86 GB/s
cpu utilization: 7.01%

