run 1:
total time: 1.79 seconds for 200 samples
iteration time: 0.0089 seconds/sample
throughput: 111.88 samples/second
bandwidth: 5.90 GB/s
cpu utilization: 10.38%

run 2:
total time: 1.73 seconds for 200 samples
iteration time: 0.0087 seconds/sample
throughput: 115.48 samples/second
bandwidth: 6.09 GB/s
cpu utilization: 10.20%

run 3:
total time: 1.71 seconds for 200 samples
iteration time: 0.0085 seconds/sample
throughput: 117.21 samples/second
bandwidth: 6.18 GB/s
cpu utilization: 10.07%

run 4:
total time: 1.77 seconds for 200 samples
iteration time: 0.0088 seconds/sample
throughput: 113.04 samples/second
bandwidth: 5.96 GB/s
cpu utilization: 9.90%

run 5:
total time: 1.79 seconds for 200 samples
iteration time: 0.0090 seconds/sample
throughput: 111.65 samples/second
bandwidth: 5.89 GB/s
cpu utilization: 10.07%

