run 1:
total time: 2.81 seconds for 200 samples
iteration time: 0.0140 seconds/sample
throughput: 71.29 samples/second
bandwidth: 3.76 GB/s
cpu utilization: 7.40%

run 2:
total time: 2.79 seconds for 200 samples
iteration time: 0.0140 seconds/sample
throughput: 71.64 samples/second
bandwidth: 3.78 GB/s
cpu utilization: 7.40%

run 3:
total time: 2.89 seconds for 200 samples
iteration time: 0.0144 seconds/sample
throughput: 69.24 samples/second
bandwidth: 3.65 GB/s
cpu utilization: 7.48%

run 4:
total time: 2.82 seconds for 200 samples
iteration time: 0.0141 seconds/sample
throughput: 70.80 samples/second
bandwidth: 3.73 GB/s
cpu utilization: 7.47%

run 5:
total time: 2.85 seconds for 200 samples
iteration time: 0.0142 seconds/sample
throughput: 70.29 samples/second
bandwidth: 3.71 GB/s
cpu utilization: 7.45%

