run 1:
total time: 6.37 seconds for 200 samples
iteration time: 0.0318 seconds/sample
throughput: 31.40 samples/second
bandwidth: 1.66 GB/s
cpu utilization: 5.95%

run 2:
total time: 6.44 seconds for 200 samples
iteration time: 0.0322 seconds/sample
throughput: 31.04 samples/second
bandwidth: 1.64 GB/s
cpu utilization: 6.00%

run 3:
total time: 6.16 seconds for 200 samples
iteration time: 0.0308 seconds/sample
throughput: 32.49 samples/second
bandwidth: 1.71 GB/s
cpu utilization: 5.97%

run 4:
total time: 6.78 seconds for 200 samples
iteration time: 0.0339 seconds/sample
throughput: 29.51 samples/second
bandwidth: 1.56 GB/s
cpu utilization: 5.97%

run 5:
total time: 6.22 seconds for 200 samples
iteration time: 0.0311 seconds/sample
throughput: 32.14 samples/second
bandwidth: 1.69 GB/s
cpu utilization: 5.94%

