run 1:
total time: 5.69 seconds for 200 samples
iteration time: 0.0284 seconds/sample
throughput: 35.17 samples/second
bandwidth: 1.85 GB/s
cpu utilization: 6.00%

run 2:
total time: 5.77 seconds for 200 samples
iteration time: 0.0289 seconds/sample
throughput: 34.64 samples/second
bandwidth: 1.83 GB/s
cpu utilization: 6.30%

run 3:
total time: 5.76 seconds for 200 samples
iteration time: 0.0288 seconds/sample
throughput: 34.74 samples/second
bandwidth: 1.83 GB/s
cpu utilization: 6.33%

run 4:
total time: 5.95 seconds for 200 samples
iteration time: 0.0298 seconds/sample
throughput: 33.60 samples/second
bandwidth: 1.77 GB/s
cpu utilization: 6.49%

run 5:
total time: 5.75 seconds for 200 samples
iteration time: 0.0288 seconds/sample
throughput: 34.78 samples/second
bandwidth: 1.83 GB/s
cpu utilization: 6.39%

