run 1:
total time: 2.15 seconds for 200 samples
iteration time: 0.0107 seconds/sample
throughput: 93.05 samples/second
bandwidth: 4.91 GB/s
cpu utilization: 8.88%

run 2:
total time: 2.12 seconds for 200 samples
iteration time: 0.0106 seconds/sample
throughput: 94.41 samples/second
bandwidth: 4.98 GB/s
cpu utilization: 8.76%

run 3:
total time: 2.38 seconds for 200 samples
iteration time: 0.0119 seconds/sample
throughput: 83.94 samples/second
bandwidth: 4.43 GB/s
cpu utilization: 8.62%

run 4:
total time: 2.18 seconds for 200 samples
iteration time: 0.0109 seconds/sample
throughput: 91.73 samples/second
bandwidth: 4.84 GB/s
cpu utilization: 8.57%

run 5:
total time: 2.19 seconds for 200 samples
iteration time: 0.0109 seconds/sample
throughput: 91.42 samples/second
bandwidth: 4.82 GB/s
cpu utilization: 8.55%

