run 1:
total time: 1.24 seconds for 200 samples
iteration time: 0.0062 seconds/sample
throughput: 160.99 samples/second
bandwidth: 8.49 GB/s
cpu utilization: 10.38%

run 2:
total time: 1.14 seconds for 200 samples
iteration time: 0.0057 seconds/sample
throughput: 175.89 samples/second
bandwidth: 9.28 GB/s
cpu utilization: 10.32%

run 3:
total time: 1.12 seconds for 200 samples
iteration time: 0.0056 seconds/sample
throughput: 178.10 samples/second
bandwidth: 9.39 GB/s
cpu utilization: 10.32%

run 4:
total time: 1.24 seconds for 200 samples
iteration time: 0.0062 seconds/sample
throughput: 161.44 samples/second
bandwidth: 8.51 GB/s
cpu utilization: 10.36%

run 5:
total time: 1.25 seconds for 200 samples
iteration time: 0.0062 seconds/sample
throughput: 160.33 samples/second
bandwidth: 8.45 GB/s
cpu utilization: 10.36%

