run 1:
total time: 10.32 seconds for 200 samples
iteration time: 0.0516 seconds/sample
throughput: 19.39 samples/second
bandwidth: 1.02 GB/s
cpu utilization: 5.75%

run 2:
total time: 10.76 seconds for 200 samples
iteration time: 0.0538 seconds/sample
throughput: 18.59 samples/second
bandwidth: 0.98 GB/s
cpu utilization: 5.70%

run 3:
total time: 10.65 seconds for 200 samples
iteration time: 0.0533 seconds/sample
throughput: 18.78 samples/second
bandwidth: 0.99 GB/s
cpu utilization: 5.88%

run 4:
total time: 10.60 seconds for 200 samples
iteration time: 0.0530 seconds/sample
throughput: 18.87 samples/second
bandwidth: 1.00 GB/s
cpu utilization: 6.00%

run 5:
total time: 11.24 seconds for 200 samples
iteration time: 0.0562 seconds/sample
throughput: 17.80 samples/second
bandwidth: 0.94 GB/s
cpu utilization: 5.97%

