run 1:
total time: 2.69 seconds for 200 samples
iteration time: 0.0134 seconds/sample
throughput: 74.35 samples/second
bandwidth: 3.92 GB/s
cpu utilization: 9.12%

run 2:
total time: 2.65 seconds for 200 samples
iteration time: 0.0133 seconds/sample
throughput: 75.38 samples/second
bandwidth: 3.98 GB/s
cpu utilization: 9.22%

run 3:
total time: 2.72 seconds for 200 samples
iteration time: 0.0136 seconds/sample
throughput: 73.55 samples/second
bandwidth: 3.88 GB/s
cpu utilization: 9.07%

run 4:
total time: 2.71 seconds for 200 samples
iteration time: 0.0135 seconds/sample
throughput: 73.82 samples/second
bandwidth: 3.89 GB/s
cpu utilization: 8.97%

run 5:
total time: 2.69 seconds for 200 samples
iteration time: 0.0135 seconds/sample
throughput: 74.24 samples/second
bandwidth: 3.91 GB/s
cpu utilization: 8.75%

