run 1:
total time: 1.55 seconds for 192 samples
iteration time: 0.0081 seconds/sample
throughput: 124.07 samples/second
bandwidth: 6.54 GB/s
cpu utilization: 10.68%

run 2:
total time: 1.49 seconds for 192 samples
iteration time: 0.0077 seconds/sample
throughput: 129.08 samples/second
bandwidth: 6.81 GB/s
cpu utilization: 10.78%

run 3:
total time: 1.38 seconds for 192 samples
iteration time: 0.0072 seconds/sample
throughput: 139.22 samples/second
bandwidth: 7.34 GB/s
cpu utilization: 11.18%

run 4:
total time: 1.54 seconds for 192 samples
iteration time: 0.0080 seconds/sample
throughput: 124.48 samples/second
bandwidth: 6.56 GB/s
cpu utilization: 11.19%

run 5:
total time: 1.56 seconds for 192 samples
iteration time: 0.0081 seconds/sample
throughput: 123.30 samples/second
bandwidth: 6.50 GB/s
cpu utilization: 11.23%

