run 1:
total time: 11.59 seconds for 200 samples
iteration time: 0.0580 seconds/sample
throughput: 17.26 samples/second
bandwidth: 0.91 GB/s
cpu utilization: 5.43%

run 2:
total time: 10.81 seconds for 200 samples
iteration time: 0.0541 seconds/sample
throughput: 18.50 samples/second
bandwidth: 0.98 GB/s
cpu utilization: 5.40%

run 3:
total time: 11.42 seconds for 200 samples
iteration time: 0.0571 seconds/sample
throughput: 17.51 samples/second
bandwidth: 0.92 GB/s
cpu utilization: 5.38%

run 4:
total time: 11.00 seconds for 200 samples
iteration time: 0.0550 seconds/sample
throughput: 18.18 samples/second
bandwidth: 0.96 GB/s
cpu utilization: 5.40%

run 5:
total time: 10.99 seconds for 200 samples
iteration time: 0.0550 seconds/sample
throughput: 18.20 samples/second
bandwidth: 0.96 GB/s
cpu utilization: 5.40%

