run 1:
total time: 2.15 seconds for 200 samples
iteration time: 0.0108 seconds/sample
throughput: 92.92 samples/second
bandwidth: 4.90 GB/s
cpu utilization: 8.18%

run 2:
total time: 2.12 seconds for 200 samples
iteration time: 0.0106 seconds/sample
throughput: 94.51 samples/second
bandwidth: 4.98 GB/s
cpu utilization: 8.18%

run 3:
total time: 1.99 seconds for 200 samples
iteration time: 0.0099 seconds/sample
throughput: 100.52 samples/second
bandwidth: 5.30 GB/s
cpu utilization: 8.18%

run 4:
total time: 2.17 seconds for 200 samples
iteration time: 0.0108 seconds/sample
throughput: 92.33 samples/second
bandwidth: 4.87 GB/s
cpu utilization: 8.26%

run 5:
total time: 2.10 seconds for 200 samples
iteration time: 0.0105 seconds/sample
throughput: 95.11 samples/second
bandwidth: 5.02 GB/s
cpu utilization: 8.25%

