run 1:
total time: 1.62 seconds for 200 samples
iteration time: 0.0081 seconds/sample
throughput: 123.78 samples/second
bandwidth: 6.53 GB/s
cpu utilization: 11.48%

run 2:
total time: 1.59 seconds for 200 samples
iteration time: 0.0080 seconds/sample
throughput: 125.51 samples/second
bandwidth: 6.62 GB/s
cpu utilization: 11.22%

run 3:
total time: 1.44 seconds for 200 samples
iteration time: 0.0072 seconds/sample
throughput: 138.79 samples/second
bandwidth: 7.32 GB/s
cpu utilization: 11.12%

run 4:
total time: 1.58 seconds for 200 samples
iteration time: 0.0079 seconds/sample
throughput: 126.62 samples/second
bandwidth: 6.68 GB/s
cpu utilization: 11.36%

run 5:
total time: 1.66 seconds for 200 samples
iteration time: 0.0083 seconds/sample
throughput: 120.19 samples/second
bandwidth: 6.34 GB/s
cpu utilization: 11.48%

