run 1:
total time: 2.12 seconds for 200 samples
iteration time: 0.0106 seconds/sample
throughput: 94.25 samples/second
bandwidth: 4.97 GB/s
cpu utilization: 9.18%

run 2:
total time: 2.07 seconds for 200 samples
iteration time: 0.0103 seconds/sample
throughput: 96.74 samples/second
bandwidth: 5.10 GB/s
cpu utilization: 8.72%

run 3:
total time: 1.92 seconds for 200 samples
iteration time: 0.0096 seconds/sample
throughput: 104.24 samples/second
bandwidth: 5.50 GB/s
cpu utilization: 8.40%

run 4:
total time: 2.11 seconds for 200 samples
iteration time: 0.0105 seconds/sample
throughput: 94.92 samples/second
bandwidth: 5.01 GB/s
cpu utilization: 8.46%

run 5:
total time: 2.10 seconds for 200 samples
iteration time: 0.0105 seconds/sample
throughput: 95.02 samples/second
bandwidth: 5.01 GB/s
cpu utilization: 8.80%

