run 1:
total time: 3.32 seconds for 200 samples
iteration time: 0.0166 seconds/sample
throughput: 60.25 samples/second
bandwidth: 3.18 GB/s
cpu utilization: 7.43%

run 2:
total time: 3.39 seconds for 200 samples
iteration time: 0.0169 seconds/sample
throughput: 59.01 samples/second
bandwidth: 3.11 GB/s
cpu utilization: 7.46%

run 3:
total time: 3.21 seconds for 200 samples
iteration time: 0.0160 seconds/sample
throughput: 62.32 samples/second
bandwidth: 3.29 GB/s
cpu utilization: 7.35%

run 4:
total time: 3.31 seconds for 200 samples
iteration time: 0.0165 seconds/sample
throughput: 60.44 samples/second
bandwidth: 3.19 GB/s
cpu utilization: 7.67%

run 5:
total time: 3.21 seconds for 200 samples
iteration time: 0.0161 seconds/sample
throughput: 62.25 samples/second
bandwidth: 3.28 GB/s
cpu utilization: 7.65%

