run 1:
total time: 1.05 seconds for 192 samples
iteration time: 0.0055 seconds/sample
throughput: 183.26 samples/second
bandwidth: 9.66 GB/s
cpu utilization: 11.95%

run 2:
total time: 0.95 seconds for 192 samples
iteration time: 0.0049 seconds/sample
throughput: 202.25 samples/second
bandwidth: 10.67 GB/s
cpu utilization: 11.96%

run 3:
total time: 0.88 seconds for 192 samples
iteration time: 0.0046 seconds/sample
throughput: 217.80 samples/second
bandwidth: 11.49 GB/s
cpu utilization: 11.87%

run 4:
total time: 1.06 seconds for 192 samples
iteration time: 0.0055 seconds/sample
throughput: 180.83 samples/second
bandwidth: 9.54 GB/s
cpu utilization: 11.87%

run 5:
total time: 1.06 seconds for 192 samples
iteration time: 0.0055 seconds/sample
throughput: 180.86 samples/second
bandwidth: 9.54 GB/s
cpu utilization: 11.93%

