run 1:
total time: 4.45 seconds for 192 samples
iteration time: 0.0232 seconds/sample
throughput: 43.12 samples/second
bandwidth: 2.27 GB/s
cpu utilization: 7.05%

run 2:
total time: 4.26 seconds for 192 samples
iteration time: 0.0222 seconds/sample
throughput: 45.10 samples/second
bandwidth: 2.38 GB/s
cpu utilization: 7.00%

run 3:
total time: 4.18 seconds for 192 samples
iteration time: 0.0218 seconds/sample
throughput: 45.96 samples/second
bandwidth: 2.42 GB/s
cpu utilization: 6.95%

run 4:
total time: 4.31 seconds for 192 samples
iteration time: 0.0224 seconds/sample
throughput: 44.60 samples/second
bandwidth: 2.35 GB/s
cpu utilization: 6.91%

run 5:
total time: 4.32 seconds for 192 samples
iteration time: 0.0225 seconds/sample
throughput: 44.48 samples/second
bandwidth: 2.35 GB/s
cpu utilization: 6.91%

