run 1:
total time: 3.36 seconds for 200 samples
iteration time: 0.0168 seconds/sample
throughput: 59.59 samples/second
bandwidth: 3.14 GB/s
cpu utilization: 7.67%

run 2:
total time: 3.43 seconds for 200 samples
iteration time: 0.0171 seconds/sample
throughput: 58.37 samples/second
bandwidth: 3.08 GB/s
cpu utilization: 7.76%

run 3:
total time: 3.37 seconds for 200 samples
iteration time: 0.0168 seconds/sample
throughput: 59.35 samples/second
bandwidth: 3.13 GB/s
cpu utilization: 7.40%

run 4:
total time: 3.42 seconds for 200 samples
iteration time: 0.0171 seconds/sample
throughput: 58.50 samples/second
bandwidth: 3.09 GB/s
cpu utilization: 7.43%

run 5:
total time: 3.37 seconds for 200 samples
iteration time: 0.0169 seconds/sample
throughput: 59.29 samples/second
bandwidth: 3.13 GB/s
cpu utilization: 7.55%

