run 1:
total time: 3.65 seconds for 200 samples
iteration time: 0.0183 seconds/sample
throughput: 54.79 samples/second
bandwidth: 2.89 GB/s
cpu utilization: 6.85%

run 2:
total time: 3.57 seconds for 200 samples
iteration time: 0.0178 seconds/sample
throughput: 56.10 samples/second
bandwidth: 2.96 GB/s
cpu utilization: 6.80%

run 3:
total time: 3.50 seconds for 200 samples
iteration time: 0.0175 seconds/sample
throughput: 57.12 samples/second
bandwidth: 3.01 GB/s
cpu utilization: 6.78%

run 4:
total time: 3.63 seconds for 200 samples
iteration time: 0.0181 seconds/sample
throughput: 55.17 samples/second
bandwidth: 2.91 GB/s
cpu utilization: 6.76%

run 5:
total time: 3.63 seconds for 200 samples
iteration time: 0.0182 seconds/sample
throughput: 55.04 samples/second
bandwidth: 2.90 GB/s
cpu utilization: 6.77%

