run 1:
total time: 1.50 seconds for 200 samples
iteration time: 0.0075 seconds/sample
throughput: 133.04 samples/second
bandwidth: 7.02 GB/s
cpu utilization: 9.33%

run 2:
total time: 1.44 seconds for 200 samples
iteration time: 0.0072 seconds/sample
throughput: 138.87 samples/second
bandwidth: 7.32 GB/s
cpu utilization: 9.70%

run 3:
total time: 1.40 seconds for 200 samples
iteration time: 0.0070 seconds/sample
throughput: 142.74 samples/second
bandwidth: 7.53 GB/s
cpu utilization: 10.03%

run 4:
total time: 1.43 seconds for 200 samples
iteration time: 0.0071 seconds/sample
throughput: 139.92 samples/second
bandwidth: 7.38 GB/s
cpu utilization: 10.09%

run 5:
total time: 1.54 seconds for 200 samples
iteration time: 0.0077 seconds/sample
throughput: 129.79 samples/second
bandwidth: 6.84 GB/s
cpu utilization: 9.99%

