run 1:
total time: 5.78 seconds for 200 samples
iteration time: 0.0289 seconds/sample
throughput: 34.58 samples/second
bandwidth: 1.82 GB/s
cpu utilization: 7.80%

run 2:
total time: 5.73 seconds for 200 samples
iteration time: 0.0287 seconds/sample
throughput: 34.90 samples/second
bandwidth: 1.84 GB/s
cpu utilization: 7.70%

run 3:
total time: 5.60 seconds for 200 samples
iteration time: 0.0280 seconds/sample
throughput: 35.74 samples/second
bandwidth: 1.88 GB/s
cpu utilization: 7.12%

run 4:
total time: 5.77 seconds for 200 samples
iteration time: 0.0288 seconds/sample
throughput: 34.68 samples/second
bandwidth: 1.83 GB/s
cpu utilization: 6.99%

run 5:
total time: 5.79 seconds for 200 samples
iteration time: 0.0289 seconds/sample
throughput: 34.57 samples/second
bandwidth: 1.82 GB/s
cpu utilization: 7.16%

