run 1:
total time: 2.66 seconds for 200 samples
iteration time: 0.0133 seconds/sample
throughput: 75.29 samples/second
bandwidth: 3.97 GB/s
cpu utilization: 7.38%

run 2:
total time: 2.56 seconds for 200 samples
iteration time: 0.0128 seconds/sample
throughput: 77.99 samples/second
bandwidth: 4.11 GB/s
cpu utilization: 7.50%

run 3:
total time: 2.60 seconds for 200 samples
iteration time: 0.0130 seconds/sample
throughput: 76.94 samples/second
bandwidth: 4.06 GB/s
cpu utilization: 7.55%

run 4:
total time: 2.79 seconds for 200 samples
iteration time: 0.0139 seconds/sample
throughput: 71.72 samples/second
bandwidth: 3.78 GB/s
cpu utilization: 7.56%

run 5:
total time: 2.60 seconds for 200 samples
iteration time: 0.0130 seconds/sample
throughput: 76.96 samples/second
bandwidth: 4.06 GB/s
cpu utilization: 7.62%

