run 1:
total time: 5.83 seconds for 200 samples
iteration time: 0.0292 seconds/sample
throughput: 34.30 samples/second
bandwidth: 1.81 GB/s
cpu utilization: 7.88%

run 2:
total time: 5.75 seconds for 200 samples
iteration time: 0.0288 seconds/sample
throughput: 34.77 samples/second
bandwidth: 1.83 GB/s
cpu utilization: 7.68%

run 3:
total time: 5.80 seconds for 200 samples
iteration time: 0.0290 seconds/sample
throughput: 34.48 samples/second
bandwidth: 1.82 GB/s
cpu utilization: 7.30%

run 4:
total time: 6.22 seconds for 200 samples
iteration time: 0.0311 seconds/sample
throughput: 32.15 samples/second
bandwidth: 1.70 GB/s
cpu utilization: 7.04%

run 5:
total time: 5.89 seconds for 200 samples
iteration time: 0.0294 seconds/sample
throughput: 33.97 samples/second
bandwidth: 1.79 GB/s
cpu utilization: 6.88%

