run 1:
total time: 15.02 seconds for 192 samples
iteration time: 0.0782 seconds/sample
throughput: 12.78 samples/second
bandwidth: 0.67 GB/s
cpu utilization: 5.45%

run 2:
total time: 15.42 seconds for 192 samples
iteration time: 0.0803 seconds/sample
throughput: 12.45 samples/second
bandwidth: 0.66 GB/s
cpu utilization: 5.44%

run 3:
total time: 15.23 seconds for 192 samples
iteration time: 0.0793 seconds/sample
throughput: 12.61 samples/second
bandwidth: 0.66 GB/s
cpu utilization: 5.43%

run 4:
total time: 14.24 seconds for 192 samples
iteration time: 0.0742 seconds/sample
throughput: 13.48 samples/second
bandwidth: 0.71 GB/s
cpu utilization: 5.46%

run 5:
total time: 14.66 seconds for 192 samples
iteration time: 0.0764 seconds/sample
throughput: 13.10 samples/second
bandwidth: 0.69 GB/s
cpu utilization: 5.45%

