run 1:
total time: 10.77 seconds for 200 samples
iteration time: 0.0539 seconds/sample
throughput: 18.56 samples/second
bandwidth: 0.98 GB/s
cpu utilization: 4.38%

run 2:
total time: 10.82 seconds for 200 samples
iteration time: 0.0541 seconds/sample
throughput: 18.48 samples/second
bandwidth: 0.97 GB/s
cpu utilization: 4.34%

run 3:
total time: 10.31 seconds for 200 samples
iteration time: 0.0515 seconds/sample
throughput: 19.40 samples/second
bandwidth: 1.02 GB/s
cpu utilization: 4.35%

run 4:
total time: 11.15 seconds for 200 samples
iteration time: 0.0558 seconds/sample
throughput: 17.93 samples/second
bandwidth: 0.95 GB/s
cpu utilization: 4.47%

run 5:
total time: 11.13 seconds for 200 samples
iteration time: 0.0557 seconds/sample
throughput: 17.97 samples/second
bandwidth: 0.95 GB/s
cpu utilization: 4.47%

