run 1:
total time: 11.53 seconds for 200 samples
iteration time: 0.0576 seconds/sample
throughput: 17.35 samples/second
bandwidth: 0.91 GB/s
cpu utilization: 5.43%

run 2:
total time: 11.03 seconds for 200 samples
iteration time: 0.0551 seconds/sample
throughput: 18.14 samples/second
bandwidth: 0.96 GB/s
cpu utilization: 5.42%

run 3:
total time: 11.26 seconds for 200 samples
iteration time: 0.0563 seconds/sample
throughput: 17.77 samples/second
bandwidth: 0.94 GB/s
cpu utilization: 5.38%

run 4:
total time: 11.90 seconds for 200 samples
iteration time: 0.0595 seconds/sample
throughput: 16.81 samples/second
bandwidth: 0.89 GB/s
cpu utilization: 5.43%

run 5:
total time: 11.65 seconds for 200 samples
iteration time: 0.0582 seconds/sample
throughput: 17.17 samples/second
bandwidth: 0.91 GB/s
cpu utilization: 5.43%

