run 1:
total time: 1.70 seconds for 192 samples
iteration time: 0.0089 seconds/sample
throughput: 112.87 samples/second
bandwidth: 5.95 GB/s
cpu utilization: 9.57%

run 2:
total time: 1.59 seconds for 192 samples
iteration time: 0.0083 seconds/sample
throughput: 120.76 samples/second
bandwidth: 6.37 GB/s
cpu utilization: 9.58%

run 3:
total time: 1.43 seconds for 192 samples
iteration time: 0.0075 seconds/sample
throughput: 134.10 samples/second
bandwidth: 7.07 GB/s
cpu utilization: 9.60%

run 4:
total time: 1.61 seconds for 192 samples
iteration time: 0.0084 seconds/sample
throughput: 119.36 samples/second
bandwidth: 6.29 GB/s
cpu utilization: 9.63%

run 5:
total time: 1.58 seconds for 192 samples
iteration time: 0.0082 seconds/sample
throughput: 121.59 samples/second
bandwidth: 6.41 GB/s
cpu utilization: 9.73%

