run 1:
total time: 2.23 seconds for 200 samples
iteration time: 0.0111 seconds/sample
throughput: 89.76 samples/second
bandwidth: 4.73 GB/s
cpu utilization: 8.18%

run 2:
total time: 2.21 seconds for 200 samples
iteration time: 0.0110 seconds/sample
throughput: 90.53 samples/second
bandwidth: 4.77 GB/s
cpu utilization: 8.46%

run 3:
total time: 2.13 seconds for 200 samples
iteration time: 0.0106 seconds/sample
throughput: 94.01 samples/second
bandwidth: 4.96 GB/s
cpu utilization: 8.33%

run 4:
total time: 2.21 seconds for 200 samples
iteration time: 0.0110 seconds/sample
throughput: 90.61 samples/second
bandwidth: 4.78 GB/s
cpu utilization: 8.20%

run 5:
total time: 2.19 seconds for 200 samples
iteration time: 0.0110 seconds/sample
throughput: 91.15 samples/second
bandwidth: 4.81 GB/s
cpu utilization: 8.30%

