run 1:
total time: 5.80 seconds for 200 samples
iteration time: 0.0290 seconds/sample
throughput: 34.47 samples/second
bandwidth: 1.82 GB/s
cpu utilization: 5.85%

run 2:
total time: 6.09 seconds for 200 samples
iteration time: 0.0304 seconds/sample
throughput: 32.86 samples/second
bandwidth: 1.73 GB/s
cpu utilization: 5.56%

run 3:
total time: 5.82 seconds for 200 samples
iteration time: 0.0291 seconds/sample
throughput: 34.34 samples/second
bandwidth: 1.81 GB/s
cpu utilization: 5.82%

run 4:
total time: 5.72 seconds for 200 samples
iteration time: 0.0286 seconds/sample
throughput: 34.95 samples/second
bandwidth: 1.84 GB/s
cpu utilization: 6.04%

run 5:
total time: 5.83 seconds for 200 samples
iteration time: 0.0292 seconds/sample
throughput: 34.28 samples/second
bandwidth: 1.81 GB/s
cpu utilization: 6.20%

