run 1:
total time: 10.88 seconds for 200 samples
iteration time: 0.0544 seconds/sample
throughput: 18.39 samples/second
bandwidth: 0.97 GB/s
cpu utilization: 5.77%

run 2:
total time: 10.78 seconds for 200 samples
iteration time: 0.0539 seconds/sample
throughput: 18.55 samples/second
bandwidth: 0.98 GB/s
cpu utilization: 5.38%

run 3:
total time: 10.39 seconds for 200 samples
iteration time: 0.0519 seconds/sample
throughput: 19.26 samples/second
bandwidth: 1.02 GB/s
cpu utilization: 5.35%

run 4:
total time: 10.61 seconds for 200 samples
iteration time: 0.0530 seconds/sample
throughput: 18.86 samples/second
bandwidth: 0.99 GB/s
cpu utilization: 5.03%

run 5:
total time: 10.98 seconds for 200 samples
iteration time: 0.0549 seconds/sample
throughput: 18.22 samples/second
bandwidth: 0.96 GB/s
cpu utilization: 5.22%

