run 1:
total time: 7.75 seconds for 192 samples
iteration time: 0.0404 seconds/sample
throughput: 24.77 samples/second
bandwidth: 1.31 GB/s
cpu utilization: 5.97%

run 2:
total time: 7.53 seconds for 192 samples
iteration time: 0.0392 seconds/sample
throughput: 25.49 samples/second
bandwidth: 1.34 GB/s
cpu utilization: 6.08%

run 3:
total time: 7.50 seconds for 192 samples
iteration time: 0.0391 seconds/sample
throughput: 25.60 samples/second
bandwidth: 1.35 GB/s
cpu utilization: 6.03%

run 4:
total time: 7.67 seconds for 192 samples
iteration time: 0.0400 seconds/sample
throughput: 25.02 samples/second
bandwidth: 1.32 GB/s
cpu utilization: 6.06%

run 5:
total time: 7.61 seconds for 192 samples
iteration time: 0.0396 seconds/sample
throughput: 25.24 samples/second
bandwidth: 1.33 GB/s
cpu utilization: 6.02%

