run 1:
total time: 15.17 seconds for 192 samples
iteration time: 0.0790 seconds/sample
throughput: 12.65 samples/second
bandwidth: 0.67 GB/s
cpu utilization: 5.53%

run 2:
total time: 14.76 seconds for 192 samples
iteration time: 0.0769 seconds/sample
throughput: 13.00 samples/second
bandwidth: 0.69 GB/s
cpu utilization: 5.54%

run 3:
total time: 14.46 seconds for 192 samples
iteration time: 0.0753 seconds/sample
throughput: 13.28 samples/second
bandwidth: 0.70 GB/s
cpu utilization: 5.57%

run 4:
total time: 15.20 seconds for 192 samples
iteration time: 0.0792 seconds/sample
throughput: 12.63 samples/second
bandwidth: 0.67 GB/s
cpu utilization: 5.56%

run 5:
total time: 14.70 seconds for 192 samples
iteration time: 0.0766 seconds/sample
throughput: 13.06 samples/second
bandwidth: 0.69 GB/s
cpu utilization: 5.57%

