run 1:
total time: 15.49 seconds for 192 samples
iteration time: 0.0807 seconds/sample
throughput: 12.39 samples/second
bandwidth: 0.65 GB/s
cpu utilization: 5.47%

run 2:
total time: 14.33 seconds for 192 samples
iteration time: 0.0746 seconds/sample
throughput: 13.40 samples/second
bandwidth: 0.71 GB/s
cpu utilization: 5.44%

run 3:
total time: 14.73 seconds for 192 samples
iteration time: 0.0767 seconds/sample
throughput: 13.03 samples/second
bandwidth: 0.69 GB/s
cpu utilization: 5.43%

run 4:
total time: 14.84 seconds for 192 samples
iteration time: 0.0773 seconds/sample
throughput: 12.93 samples/second
bandwidth: 0.68 GB/s
cpu utilization: 5.46%

run 5:
total time: 15.15 seconds for 192 samples
iteration time: 0.0789 seconds/sample
throughput: 12.67 samples/second
bandwidth: 0.67 GB/s
cpu utilization: 5.44%

