run 1:
total time: 10.36 seconds for 200 samples
iteration time: 0.0518 seconds/sample
throughput: 19.31 samples/second
bandwidth: 1.02 GB/s
cpu utilization: 5.52%

run 2:
total time: 10.26 seconds for 200 samples
iteration time: 0.0513 seconds/sample
throughput: 19.49 samples/second
bandwidth: 1.03 GB/s
cpu utilization: 5.24%

run 3:
total time: 10.47 seconds for 200 samples
iteration time: 0.0523 seconds/sample
throughput: 19.11 samples/second
bandwidth: 1.01 GB/s
cpu utilization: 5.33%

run 4:
total time: 10.38 seconds for 200 samples
iteration time: 0.0519 seconds/sample
throughput: 19.27 samples/second
bandwidth: 1.02 GB/s
cpu utilization: 5.51%

run 5:
total time: 10.27 seconds for 200 samples
iteration time: 0.0514 seconds/sample
throughput: 19.47 samples/second
bandwidth: 1.03 GB/s
cpu utilization: 5.29%

