run 1:
total time: 2.63 seconds for 200 samples
iteration time: 0.0131 seconds/sample
throughput: 76.12 samples/second
bandwidth: 4.01 GB/s
cpu utilization: 7.32%

run 2:
total time: 2.75 seconds for 200 samples
iteration time: 0.0137 seconds/sample
throughput: 72.80 samples/second
bandwidth: 3.84 GB/s
cpu utilization: 7.48%

run 3:
total time: 2.58 seconds for 200 samples
iteration time: 0.0129 seconds/sample
throughput: 77.54 samples/second
bandwidth: 4.09 GB/s
cpu utilization: 7.55%

run 4:
total time: 2.70 seconds for 200 samples
iteration time: 0.0135 seconds/sample
throughput: 74.17 samples/second
bandwidth: 3.91 GB/s
cpu utilization: 7.49%

run 5:
total time: 2.67 seconds for 200 samples
iteration time: 0.0133 seconds/sample
throughput: 74.94 samples/second
bandwidth: 3.95 GB/s
cpu utilization: 7.64%

