run 1:
total time: 11.74 seconds for 200 samples
iteration time: 0.0587 seconds/sample
throughput: 17.03 samples/second
bandwidth: 0.90 GB/s
cpu utilization: 5.45%

run 2:
total time: 12.19 seconds for 200 samples
iteration time: 0.0610 seconds/sample
throughput: 16.40 samples/second
bandwidth: 0.86 GB/s
cpu utilization: 5.42%

run 3:
total time: 12.04 seconds for 200 samples
iteration time: 0.0602 seconds/sample
throughput: 16.62 samples/second
bandwidth: 0.88 GB/s
cpu utilization: 5.42%

run 4:
total time: 11.91 seconds for 200 samples
iteration time: 0.0595 seconds/sample
throughput: 16.79 samples/second
bandwidth: 0.89 GB/s
cpu utilization: 5.43%

run 5:
total time: 12.49 seconds for 200 samples
iteration time: 0.0624 seconds/sample
throughput: 16.02 samples/second
bandwidth: 0.84 GB/s
cpu utilization: 5.45%

