run 1:
total time: 3.83 seconds for 200 samples
iteration time: 0.0191 seconds/sample
throughput: 52.24 samples/second
bandwidth: 2.76 GB/s
cpu utilization: 5.68%

run 2:
total time: 3.72 seconds for 200 samples
iteration time: 0.0186 seconds/sample
throughput: 53.78 samples/second
bandwidth: 2.84 GB/s
cpu utilization: 5.96%

run 3:
total time: 3.70 seconds for 200 samples
iteration time: 0.0185 seconds/sample
throughput: 54.02 samples/second
bandwidth: 2.85 GB/s
cpu utilization: 6.02%

run 4:
total time: 3.73 seconds for 200 samples
iteration time: 0.0186 seconds/sample
throughput: 53.63 samples/second
bandwidth: 2.83 GB/s
cpu utilization: 5.80%

run 5:
total time: 3.73 seconds for 200 samples
iteration time: 0.0186 seconds/sample
throughput: 53.67 samples/second
bandwidth: 2.83 GB/s
cpu utilization: 6.01%

