run 1:
total time: 11.28 seconds for 200 samples
iteration time: 0.0564 seconds/sample
throughput: 17.73 samples/second
bandwidth: 0.94 GB/s
cpu utilization: 5.38%

run 2:
total time: 11.18 seconds for 200 samples
iteration time: 0.0559 seconds/sample
throughput: 17.88 samples/second
bandwidth: 0.94 GB/s
cpu utilization: 5.36%

run 3:
total time: 11.05 seconds for 200 samples
iteration time: 0.0553 seconds/sample
throughput: 18.10 samples/second
bandwidth: 0.95 GB/s
cpu utilization: 5.35%

run 4:
total time: 11.37 seconds for 200 samples
iteration time: 0.0569 seconds/sample
throughput: 17.58 samples/second
bandwidth: 0.93 GB/s
cpu utilization: 5.39%

run 5:
total time: 11.60 seconds for 200 samples
iteration time: 0.0580 seconds/sample
throughput: 17.23 samples/second
bandwidth: 0.91 GB/s
cpu utilization: 5.39%

