run 1:
total time: 2.51 seconds for 200 samples
iteration time: 0.0125 seconds/sample
throughput: 79.84 samples/second
bandwidth: 4.21 GB/s
cpu utilization: 7.02%

run 2:
total time: 2.48 seconds for 200 samples
iteration time: 0.0124 seconds/sample
throughput: 80.49 samples/second
bandwidth: 4.24 GB/s
cpu utilization: 7.36%

run 3:
total time: 2.54 seconds for 200 samples
iteration time: 0.0127 seconds/sample
throughput: 78.63 samples/second
bandwidth: 4.15 GB/s
cpu utilization: 7.22%

run 4:
total time: 2.61 seconds for 200 samples
iteration time: 0.0130 seconds/sample
throughput: 76.64 samples/second
bandwidth: 4.04 GB/s
cpu utilization: 7.00%

run 5:
total time: 2.59 seconds for 200 samples
iteration time: 0.0129 seconds/sample
throughput: 77.22 samples/second
bandwidth: 4.07 GB/s
cpu utilization: 7.29%

