run 1:
total time: 3.33 seconds for 200 samples
iteration time: 0.0167 seconds/sample
throughput: 60.06 samples/second
bandwidth: 3.17 GB/s
cpu utilization: 7.80%

run 2:
total time: 3.27 seconds for 200 samples
iteration time: 0.0164 seconds/sample
throughput: 61.10 samples/second
bandwidth: 3.22 GB/s
cpu utilization: 7.44%

run 3:
total time: 3.43 seconds for 200 samples
iteration time: 0.0172 seconds/sample
throughput: 58.26 samples/second
bandwidth: 3.07 GB/s
cpu utilization: 7.18%

run 4:
total time: 3.39 seconds for 200 samples
iteration time: 0.0170 seconds/sample
throughput: 58.99 samples/second
bandwidth: 3.11 GB/s
cpu utilization: 6.89%

run 5:
total time: 3.57 seconds for 200 samples
iteration time: 0.0178 seconds/sample
throughput: 56.04 samples/second
bandwidth: 2.96 GB/s
cpu utilization: 6.97%

