run 1:
total time: 3.36 seconds for 200 samples
iteration time: 0.0168 seconds/sample
throughput: 59.60 samples/second
bandwidth: 3.14 GB/s
cpu utilization: 7.38%

run 2:
total time: 3.33 seconds for 200 samples
iteration time: 0.0166 seconds/sample
throughput: 60.15 samples/second
bandwidth: 3.17 GB/s
cpu utilization: 7.62%

run 3:
total time: 3.33 seconds for 200 samples
iteration time: 0.0166 seconds/sample
throughput: 60.07 samples/second
bandwidth: 3.17 GB/s
cpu utilization: 7.62%

run 4:
total time: 3.32 seconds for 200 samples
iteration time: 0.0166 seconds/sample
throughput: 60.33 samples/second
bandwidth: 3.18 GB/s
cpu utilization: 7.30%

run 5:
total time: 3.51 seconds for 200 samples
iteration time: 0.0176 seconds/sample
throughput: 56.94 samples/second
bandwidth: 3.00 GB/s
cpu utilization: 7.31%

