run 1:
total time: 13.24 seconds for 192 samples
iteration time: 0.0690 seconds/sample
throughput: 14.50 samples/second
bandwidth: 0.76 GB/s
cpu utilization: 5.47%

run 2:
total time: 13.31 seconds for 192 samples
iteration time: 0.0693 seconds/sample
throughput: 14.42 samples/second
bandwidth: 0.76 GB/s
cpu utilization: 5.48%

run 3:
total time: 12.68 seconds for 192 samples
iteration time: 0.0661 seconds/sample
throughput: 15.14 samples/second
bandwidth: 0.80 GB/s
cpu utilization: 5.52%

run 4:
total time: 13.10 seconds for 192 samples
iteration time: 0.0682 seconds/sample
throughput: 14.66 samples/second
bandwidth: 0.77 GB/s
cpu utilization: 5.50%

run 5:
total time: 12.91 seconds for 192 samples
iteration time: 0.0672 seconds/sample
throughput: 14.87 samples/second
bandwidth: 0.78 GB/s
cpu utilization: 5.48%

