run 1:
total time: 2.01 seconds for 192 samples
iteration time: 0.0105 seconds/sample
throughput: 95.68 samples/second
bandwidth: 5.05 GB/s
cpu utilization: 9.90%

run 2:
total time: 1.99 seconds for 192 samples
iteration time: 0.0103 seconds/sample
throughput: 96.71 samples/second
bandwidth: 5.10 GB/s
cpu utilization: 9.92%

run 3:
total time: 1.82 seconds for 192 samples
iteration time: 0.0095 seconds/sample
throughput: 105.64 samples/second
bandwidth: 5.57 GB/s
cpu utilization: 9.95%

run 4:
total time: 2.02 seconds for 192 samples
iteration time: 0.0105 seconds/sample
throughput: 95.07 samples/second
bandwidth: 5.01 GB/s
cpu utilization: 10.10%

run 5:
total time: 2.01 seconds for 192 samples
iteration time: 0.0105 seconds/sample
throughput: 95.47 samples/second
bandwidth: 5.03 GB/s
cpu utilization: 10.01%

