run 1:
total time: 1.60 seconds for 200 samples
iteration time: 0.0080 seconds/sample
throughput: 124.74 samples/second
bandwidth: 6.58 GB/s
cpu utilization: 9.60%

run 2:
total time: 1.50 seconds for 200 samples
iteration time: 0.0075 seconds/sample
throughput: 133.48 samples/second
bandwidth: 7.04 GB/s
cpu utilization: 10.22%

run 3:
total time: 1.46 seconds for 200 samples
iteration time: 0.0073 seconds/sample
throughput: 137.04 samples/second
bandwidth: 7.23 GB/s
cpu utilization: 10.52%

run 4:
total time: 1.52 seconds for 200 samples
iteration time: 0.0076 seconds/sample
throughput: 131.78 samples/second
bandwidth: 6.95 GB/s
cpu utilization: 10.76%

run 5:
total time: 1.56 seconds for 200 samples
iteration time: 0.0078 seconds/sample
throughput: 127.84 samples/second
bandwidth: 6.74 GB/s
cpu utilization: 10.99%

