run 1:
total time: 11.69 seconds for 200 samples
iteration time: 0.0585 seconds/sample
throughput: 17.11 samples/second
bandwidth: 0.90 GB/s
cpu utilization: 5.70%

run 2:
total time: 11.17 seconds for 200 samples
iteration time: 0.0558 seconds/sample
throughput: 17.91 samples/second
bandwidth: 0.94 GB/s
cpu utilization: 5.82%

run 3:
total time: 11.03 seconds for 200 samples
iteration time: 0.0551 seconds/sample
throughput: 18.14 samples/second
bandwidth: 0.96 GB/s
cpu utilization: 5.72%

run 4:
total time: 10.85 seconds for 200 samples
iteration time: 0.0543 seconds/sample
throughput: 18.43 samples/second
bandwidth: 0.97 GB/s
cpu utilization: 5.49%

run 5:
total time: 10.61 seconds for 200 samples
iteration time: 0.0531 seconds/sample
throughput: 18.84 samples/second
bandwidth: 0.99 GB/s
cpu utilization: 5.44%

