run 1:
total time: 4.29 seconds for 192 samples
iteration time: 0.0223 seconds/sample
throughput: 44.74 samples/second
bandwidth: 2.36 GB/s
cpu utilization: 6.82%

run 2:
total time: 4.21 seconds for 192 samples
iteration time: 0.0219 seconds/sample
throughput: 45.57 samples/second
bandwidth: 2.40 GB/s
cpu utilization: 7.06%

run 3:
total time: 3.88 seconds for 192 samples
iteration time: 0.0202 seconds/sample
throughput: 49.44 samples/second
bandwidth: 2.61 GB/s
cpu utilization: 7.07%

run 4:
total time: 4.42 seconds for 192 samples
iteration time: 0.0230 seconds/sample
throughput: 43.43 samples/second
bandwidth: 2.29 GB/s
cpu utilization: 7.03%

run 5:
total time: 4.29 seconds for 192 samples
iteration time: 0.0224 seconds/sample
throughput: 44.73 samples/second
bandwidth: 2.36 GB/s
cpu utilization: 6.95%

