run 1:
total time: 3.75 seconds for 192 samples
iteration time: 0.0195 seconds/sample
throughput: 51.19 samples/second
bandwidth: 2.70 GB/s
cpu utilization: 7.12%

run 2:
total time: 3.71 seconds for 192 samples
iteration time: 0.0193 seconds/sample
throughput: 51.75 samples/second
bandwidth: 2.73 GB/s
cpu utilization: 7.06%

run 3:
total time: 3.77 seconds for 192 samples
iteration time: 0.0196 seconds/sample
throughput: 50.93 samples/second
bandwidth: 2.69 GB/s
cpu utilization: 7.02%

run 4:
total time: 3.84 seconds for 192 samples
iteration time: 0.0200 seconds/sample
throughput: 50.03 samples/second
bandwidth: 2.64 GB/s
cpu utilization: 7.00%

run 5:
total time: 3.77 seconds for 192 samples
iteration time: 0.0196 seconds/sample
throughput: 51.00 samples/second
bandwidth: 2.69 GB/s
cpu utilization: 7.01%

