run 1:
total time: 4.30 seconds for 192 samples
iteration time: 0.0224 seconds/sample
throughput: 44.66 samples/second
bandwidth: 2.36 GB/s
cpu utilization: 7.00%

run 2:
total time: 4.21 seconds for 192 samples
iteration time: 0.0219 seconds/sample
throughput: 45.59 samples/second
bandwidth: 2.40 GB/s
cpu utilization: 7.04%

run 3:
total time: 4.15 seconds for 192 samples
iteration time: 0.0216 seconds/sample
throughput: 46.28 samples/second
bandwidth: 2.44 GB/s
cpu utilization: 7.03%

run 4:
total time: 4.42 seconds for 192 samples
iteration time: 0.0230 seconds/sample
throughput: 43.47 samples/second
bandwidth: 2.29 GB/s
cpu utilization: 7.01%

run 5:
total time: 4.30 seconds for 192 samples
iteration time: 0.0224 seconds/sample
throughput: 44.64 samples/second
bandwidth: 2.35 GB/s
cpu utilization: 6.97%

