run 1:
total time: 4.27 seconds for 192 samples
iteration time: 0.0222 seconds/sample
throughput: 44.96 samples/second
bandwidth: 2.37 GB/s
cpu utilization: 6.82%

run 2:
total time: 4.26 seconds for 192 samples
iteration time: 0.0222 seconds/sample
throughput: 45.08 samples/second
bandwidth: 2.38 GB/s
cpu utilization: 6.82%

run 3:
total time: 4.08 seconds for 192 samples
iteration time: 0.0213 seconds/sample
throughput: 47.04 samples/second
bandwidth: 2.48 GB/s
cpu utilization: 6.87%

run 4:
total time: 4.36 seconds for 192 samples
iteration time: 0.0227 seconds/sample
throughput: 44.02 samples/second
bandwidth: 2.32 GB/s
cpu utilization: 6.96%

run 5:
total time: 4.37 seconds for 192 samples
iteration time: 0.0228 seconds/sample
throughput: 43.89 samples/second
bandwidth: 2.31 GB/s
cpu utilization: 6.96%

