run 1:
total time: 1.31 seconds for 200 samples
iteration time: 0.0066 seconds/sample
throughput: 152.18 samples/second
bandwidth: 8.03 GB/s
cpu utilization: 9.97%

run 2:
total time: 1.31 seconds for 200 samples
iteration time: 0.0065 seconds/sample
throughput: 153.24 samples/second
bandwidth: 8.08 GB/s
cpu utilization: 10.02%

run 3:
total time: 1.37 seconds for 200 samples
iteration time: 0.0069 seconds/sample
throughput: 145.77 samples/second
bandwidth: 7.69 GB/s
cpu utilization: 10.03%

run 4:
total time: 1.33 seconds for 200 samples
iteration time: 0.0067 seconds/sample
throughput: 150.28 samples/second
bandwidth: 7.92 GB/s
cpu utilization: 10.07%

run 5:
total time: 1.35 seconds for 200 samples
iteration time: 0.0067 seconds/sample
throughput: 148.64 samples/second
bandwidth: 7.84 GB/s
cpu utilization: 10.20%

