run 1:
total time: 1.61 seconds for 200 samples
iteration time: 0.0081 seconds/sample
throughput: 123.99 samples/second
bandwidth: 6.54 GB/s
cpu utilization: 8.62%

run 2:
total time: 1.54 seconds for 200 samples
iteration time: 0.0077 seconds/sample
throughput: 129.97 samples/second
bandwidth: 6.85 GB/s
cpu utilization: 8.68%

run 3:
total time: 1.46 seconds for 200 samples
iteration time: 0.0073 seconds/sample
throughput: 137.41 samples/second
bandwidth: 7.25 GB/s
cpu utilization: 8.77%

run 4:
total time: 1.56 seconds for 200 samples
iteration time: 0.0078 seconds/sample
throughput: 128.22 samples/second
bandwidth: 6.76 GB/s
cpu utilization: 8.93%

run 5:
total time: 1.54 seconds for 200 samples
iteration time: 0.0077 seconds/sample
throughput: 129.73 samples/second
bandwidth: 6.84 GB/s
cpu utilization: 9.01%

