run 1:
total time: 5.57 seconds for 200 samples
iteration time: 0.0279 seconds/sample
throughput: 35.88 samples/second
bandwidth: 1.89 GB/s
cpu utilization: 5.17%

run 2:
total time: 5.60 seconds for 200 samples
iteration time: 0.0280 seconds/sample
throughput: 35.73 samples/second
bandwidth: 1.88 GB/s
cpu utilization: 4.98%

run 3:
total time: 5.58 seconds for 200 samples
iteration time: 0.0279 seconds/sample
throughput: 35.82 samples/second
bandwidth: 1.89 GB/s
cpu utilization: 4.77%

run 4:
total time: 5.64 seconds for 200 samples
iteration time: 0.0282 seconds/sample
throughput: 35.44 samples/second
bandwidth: 1.87 GB/s
cpu utilization: 4.74%

run 5:
total time: 5.64 seconds for 200 samples
iteration time: 0.0282 seconds/sample
throughput: 35.48 samples/second
bandwidth: 1.87 GB/s
cpu utilization: 4.96%

