run 1:
total time: 3.39 seconds for 200 samples
iteration time: 0.0170 seconds/sample
throughput: 58.96 samples/second
bandwidth: 3.11 GB/s
cpu utilization: 6.17%

run 2:
total time: 3.34 seconds for 200 samples
iteration time: 0.0167 seconds/sample
throughput: 59.80 samples/second
bandwidth: 3.15 GB/s
cpu utilization: 5.88%

run 3:
total time: 3.39 seconds for 200 samples
iteration time: 0.0170 seconds/sample
throughput: 58.99 samples/second
bandwidth: 3.11 GB/s
cpu utilization: 6.00%

run 4:
total time: 3.37 seconds for 200 samples
iteration time: 0.0168 seconds/sample
throughput: 59.43 samples/second
bandwidth: 3.13 GB/s
cpu utilization: 6.24%

run 5:
total time: 3.35 seconds for 200 samples
iteration time: 0.0167 seconds/sample
throughput: 59.73 samples/second
bandwidth: 3.15 GB/s
cpu utilization: 6.22%

