run 1:
total time: 6.34 seconds for 200 samples
iteration time: 0.0317 seconds/sample
throughput: 31.52 samples/second
bandwidth: 1.66 GB/s
cpu utilization: 5.93%

run 2:
total time: 6.14 seconds for 200 samples
iteration time: 0.0307 seconds/sample
throughput: 32.59 samples/second
bandwidth: 1.72 GB/s
cpu utilization: 5.98%

run 3:
total time: 6.18 seconds for 200 samples
iteration time: 0.0309 seconds/sample
throughput: 32.34 samples/second
bandwidth: 1.71 GB/s
cpu utilization: 5.97%

run 4:
total time: 6.27 seconds for 200 samples
iteration time: 0.0314 seconds/sample
throughput: 31.90 samples/second
bandwidth: 1.68 GB/s
cpu utilization: 6.01%

run 5:
total time: 6.27 seconds for 200 samples
iteration time: 0.0313 seconds/sample
throughput: 31.91 samples/second
bandwidth: 1.68 GB/s
cpu utilization: 6.05%

