run 1:
total time: 2.79 seconds for 200 samples
iteration time: 0.0139 seconds/sample
throughput: 71.77 samples/second
bandwidth: 3.78 GB/s
cpu utilization: 7.62%

run 2:
total time: 2.91 seconds for 200 samples
iteration time: 0.0145 seconds/sample
throughput: 68.83 samples/second
bandwidth: 3.63 GB/s
cpu utilization: 7.62%

run 3:
total time: 2.81 seconds for 200 samples
iteration time: 0.0140 seconds/sample
throughput: 71.26 samples/second
bandwidth: 3.76 GB/s
cpu utilization: 7.68%

run 4:
total time: 3.19 seconds for 200 samples
iteration time: 0.0160 seconds/sample
throughput: 62.65 samples/second
bandwidth: 3.30 GB/s
cpu utilization: 7.60%

run 5:
total time: 2.82 seconds for 200 samples
iteration time: 0.0141 seconds/sample
throughput: 70.86 samples/second
bandwidth: 3.74 GB/s
cpu utilization: 7.56%

