run 1:
total time: 6.79 seconds for 192 samples
iteration time: 0.0354 seconds/sample
throughput: 28.28 samples/second
bandwidth: 1.49 GB/s
cpu utilization: 6.02%

run 2:
total time: 6.66 seconds for 192 samples
iteration time: 0.0347 seconds/sample
throughput: 28.83 samples/second
bandwidth: 1.52 GB/s
cpu utilization: 6.02%

run 3:
total time: 6.89 seconds for 192 samples
iteration time: 0.0359 seconds/sample
throughput: 27.85 samples/second
bandwidth: 1.47 GB/s
cpu utilization: 5.98%

run 4:
total time: 6.79 seconds for 192 samples
iteration time: 0.0354 seconds/sample
throughput: 28.29 samples/second
bandwidth: 1.49 GB/s
cpu utilization: 6.00%

run 5:
total time: 6.92 seconds for 192 samples
iteration time: 0.0360 seconds/sample
throughput: 27.76 samples/second
bandwidth: 1.46 GB/s
cpu utilization: 5.95%

