run 1:
total time: 6.52 seconds for 192 samples
iteration time: 0.0340 seconds/sample
throughput: 29.45 samples/second
bandwidth: 1.55 GB/s
cpu utilization: 5.93%

run 2:
total time: 6.50 seconds for 192 samples
iteration time: 0.0339 seconds/sample
throughput: 29.53 samples/second
bandwidth: 1.56 GB/s
cpu utilization: 5.96%

run 3:
total time: 6.32 seconds for 192 samples
iteration time: 0.0329 seconds/sample
throughput: 30.36 samples/second
bandwidth: 1.60 GB/s
cpu utilization: 5.93%

run 4:
total time: 6.27 seconds for 192 samples
iteration time: 0.0327 seconds/sample
throughput: 30.62 samples/second
bandwidth: 1.61 GB/s
cpu utilization: 6.03%

run 5:
total time: 6.46 seconds for 192 samples
iteration time: 0.0336 seconds/sample
throughput: 29.73 samples/second
bandwidth: 1.57 GB/s
cpu utilization: 6.00%

