run 1:
total time: 1.30 seconds for 192 samples
iteration time: 0.0068 seconds/sample
throughput: 147.59 samples/second
bandwidth: 7.78 GB/s
cpu utilization: 10.67%

run 2:
total time: 1.29 seconds for 192 samples
iteration time: 0.0067 seconds/sample
throughput: 149.13 samples/second
bandwidth: 7.86 GB/s
cpu utilization: 10.66%

run 3:
total time: 1.12 seconds for 192 samples
iteration time: 0.0058 seconds/sample
throughput: 171.62 samples/second
bandwidth: 9.05 GB/s
cpu utilization: 10.58%

run 4:
total time: 1.30 seconds for 192 samples
iteration time: 0.0068 seconds/sample
throughput: 147.66 samples/second
bandwidth: 7.79 GB/s
cpu utilization: 10.51%

run 5:
total time: 1.31 seconds for 192 samples
iteration time: 0.0068 seconds/sample
throughput: 146.91 samples/second
bandwidth: 7.75 GB/s
cpu utilization: 10.51%

