run 1:
total time: 6.22 seconds for 192 samples
iteration time: 0.0324 seconds/sample
throughput: 30.88 samples/second
bandwidth: 1.63 GB/s
cpu utilization: 5.83%

run 2:
total time: 6.37 seconds for 192 samples
iteration time: 0.0332 seconds/sample
throughput: 30.14 samples/second
bandwidth: 1.59 GB/s
cpu utilization: 5.82%

run 3:
total time: 6.30 seconds for 192 samples
iteration time: 0.0328 seconds/sample
throughput: 30.46 samples/second
bandwidth: 1.61 GB/s
cpu utilization: 5.73%

run 4:
total time: 6.54 seconds for 192 samples
iteration time: 0.0340 seconds/sample
throughput: 29.37 samples/second
bandwidth: 1.55 GB/s
cpu utilization: 5.79%

run 5:
total time: 6.63 seconds for 192 samples
iteration time: 0.0345 seconds/sample
throughput: 28.96 samples/second
bandwidth: 1.53 GB/s
cpu utilization: 5.85%

