run 1:
total time: 3.76 seconds for 192 samples
iteration time: 0.0196 seconds/sample
throughput: 51.11 samples/second
bandwidth: 2.70 GB/s
cpu utilization: 6.93%

run 2:
total time: 3.68 seconds for 192 samples
iteration time: 0.0192 seconds/sample
throughput: 52.15 samples/second
bandwidth: 2.75 GB/s
cpu utilization: 7.06%

run 3:
total time: 3.60 seconds for 192 samples
iteration time: 0.0187 seconds/sample
throughput: 53.40 samples/second
bandwidth: 2.82 GB/s
cpu utilization: 7.08%

run 4:
total time: 3.75 seconds for 192 samples
iteration time: 0.0195 seconds/sample
throughput: 51.16 samples/second
bandwidth: 2.70 GB/s
cpu utilization: 7.07%

run 5:
total time: 3.73 seconds for 192 samples
iteration time: 0.0194 seconds/sample
throughput: 51.48 samples/second
bandwidth: 2.71 GB/s
cpu utilization: 7.04%

