run 1:
total time: 3.86 seconds for 192 samples
iteration time: 0.0201 seconds/sample
throughput: 49.80 samples/second
bandwidth: 2.63 GB/s
cpu utilization: 6.90%

run 2:
total time: 3.70 seconds for 192 samples
iteration time: 0.0193 seconds/sample
throughput: 51.87 samples/second
bandwidth: 2.74 GB/s
cpu utilization: 7.02%

run 3:
total time: 3.60 seconds for 192 samples
iteration time: 0.0188 seconds/sample
throughput: 53.28 samples/second
bandwidth: 2.81 GB/s
cpu utilization: 7.13%

run 4:
total time: 3.74 seconds for 192 samples
iteration time: 0.0195 seconds/sample
throughput: 51.34 samples/second
bandwidth: 2.71 GB/s
cpu utilization: 7.10%

run 5:
total time: 3.78 seconds for 192 samples
iteration time: 0.0197 seconds/sample
throughput: 50.83 samples/second
bandwidth: 2.68 GB/s
cpu utilization: 7.06%

