run 1:
total time: 3.69 seconds for 192 samples
iteration time: 0.0192 seconds/sample
throughput: 52.07 samples/second
bandwidth: 2.75 GB/s
cpu utilization: 6.90%

run 2:
total time: 3.54 seconds for 192 samples
iteration time: 0.0184 seconds/sample
throughput: 54.29 samples/second
bandwidth: 2.86 GB/s
cpu utilization: 7.02%

run 3:
total time: 3.48 seconds for 192 samples
iteration time: 0.0181 seconds/sample
throughput: 55.21 samples/second
bandwidth: 2.91 GB/s
cpu utilization: 7.00%

run 4:
total time: 3.50 seconds for 192 samples
iteration time: 0.0183 seconds/sample
throughput: 54.79 samples/second
bandwidth: 2.89 GB/s
cpu utilization: 6.97%

run 5:
total time: 3.56 seconds for 192 samples
iteration time: 0.0185 seconds/sample
throughput: 53.99 samples/second
bandwidth: 2.85 GB/s
cpu utilization: 7.00%

