run 1:
total time: 10.02 seconds for 200 samples
iteration time: 0.0501 seconds/sample
throughput: 19.97 samples/second
bandwidth: 1.05 GB/s
cpu utilization: 5.18%

run 2:
total time: 10.09 seconds for 200 samples
iteration time: 0.0505 seconds/sample
throughput: 19.81 samples/second
bandwidth: 1.04 GB/s
cpu utilization: 5.28%

run 3:
total time: 10.11 seconds for 200 samples
iteration time: 0.0505 seconds/sample
throughput: 19.79 samples/second
bandwidth: 1.04 GB/s
cpu utilization: 5.37%

run 4:
total time: 10.05 seconds for 200 samples
iteration time: 0.0503 seconds/sample
throughput: 19.90 samples/second
bandwidth: 1.05 GB/s
cpu utilization: 5.44%

run 5:
total time: 10.11 seconds for 200 samples
iteration time: 0.0505 seconds/sample
throughput: 19.79 samples/second
bandwidth: 1.04 GB/s
cpu utilization: 5.68%

