run 1:
total time: 15.15 seconds for 192 samples
iteration time: 0.0789 seconds/sample
throughput: 12.67 samples/second
bandwidth: 0.67 GB/s
cpu utilization: 5.47%

run 2:
total time: 14.85 seconds for 192 samples
iteration time: 0.0773 seconds/sample
throughput: 12.93 samples/second
bandwidth: 0.68 GB/s
cpu utilization: 5.46%

run 3:
total time: 14.59 seconds for 192 samples
iteration time: 0.0760 seconds/sample
throughput: 13.16 samples/second
bandwidth: 0.69 GB/s
cpu utilization: 5.48%

run 4:
total time: 14.79 seconds for 192 samples
iteration time: 0.0770 seconds/sample
throughput: 12.98 samples/second
bandwidth: 0.68 GB/s
cpu utilization: 5.47%

run 5:
total time: 14.75 seconds for 192 samples
iteration time: 0.0768 seconds/sample
throughput: 13.02 samples/second
bandwidth: 0.69 GB/s
cpu utilization: 5.48%

