run 1:
total time: 2.66 seconds for 200 samples
iteration time: 0.0133 seconds/sample
throughput: 75.18 samples/second
bandwidth: 3.96 GB/s
cpu utilization: 7.68%

run 2:
total time: 2.55 seconds for 200 samples
iteration time: 0.0127 seconds/sample
throughput: 78.49 samples/second
bandwidth: 4.14 GB/s
cpu utilization: 7.62%

run 3:
total time: 2.71 seconds for 200 samples
iteration time: 0.0135 seconds/sample
throughput: 73.86 samples/second
bandwidth: 3.89 GB/s
cpu utilization: 7.57%

run 4:
total time: 2.63 seconds for 200 samples
iteration time: 0.0131 seconds/sample
throughput: 76.11 samples/second
bandwidth: 4.01 GB/s
cpu utilization: 7.61%

run 5:
total time: 2.60 seconds for 200 samples
iteration time: 0.0130 seconds/sample
throughput: 77.02 samples/second
bandwidth: 4.06 GB/s
cpu utilization: 7.64%

