run 1:
total time: 6.53 seconds for 192 samples
iteration time: 0.0340 seconds/sample
throughput: 29.39 samples/second
bandwidth: 1.55 GB/s
cpu utilization: 5.92%

run 2:
total time: 6.66 seconds for 192 samples
iteration time: 0.0347 seconds/sample
throughput: 28.82 samples/second
bandwidth: 1.52 GB/s
cpu utilization: 5.90%

run 3:
total time: 6.65 seconds for 192 samples
iteration time: 0.0346 seconds/sample
throughput: 28.87 samples/second
bandwidth: 1.52 GB/s
cpu utilization: 6.05%

run 4:
total time: 6.82 seconds for 192 samples
iteration time: 0.0355 seconds/sample
throughput: 28.16 samples/second
bandwidth: 1.48 GB/s
cpu utilization: 6.01%

run 5:
total time: 6.67 seconds for 192 samples
iteration time: 0.0347 seconds/sample
throughput: 28.78 samples/second
bandwidth: 1.52 GB/s
cpu utilization: 6.05%

