run 1:
total time: 5.90 seconds for 200 samples
iteration time: 0.0295 seconds/sample
throughput: 33.91 samples/second
bandwidth: 1.79 GB/s
cpu utilization: 6.35%

run 2:
total time: 5.70 seconds for 200 samples
iteration time: 0.0285 seconds/sample
throughput: 35.06 samples/second
bandwidth: 1.85 GB/s
cpu utilization: 6.34%

run 3:
total time: 5.55 seconds for 200 samples
iteration time: 0.0278 seconds/sample
throughput: 36.03 samples/second
bandwidth: 1.90 GB/s
cpu utilization: 6.17%

run 4:
total time: 5.75 seconds for 200 samples
iteration time: 0.0287 seconds/sample
throughput: 34.78 samples/second
bandwidth: 1.83 GB/s
cpu utilization: 6.07%

run 5:
total time: 5.92 seconds for 200 samples
iteration time: 0.0296 seconds/sample
throughput: 33.77 samples/second
bandwidth: 1.78 GB/s
cpu utilization: 6.24%

