run 1:
total time: 15.24 seconds for 192 samples
iteration time: 0.0794 seconds/sample
throughput: 12.60 samples/second
bandwidth: 0.66 GB/s
cpu utilization: 5.45%

run 2:
total time: 15.39 seconds for 192 samples
iteration time: 0.0802 seconds/sample
throughput: 12.47 samples/second
bandwidth: 0.66 GB/s
cpu utilization: 5.46%

run 3:
total time: 14.36 seconds for 192 samples
iteration time: 0.0748 seconds/sample
throughput: 13.37 samples/second
bandwidth: 0.70 GB/s
cpu utilization: 5.47%

run 4:
total time: 15.25 seconds for 192 samples
iteration time: 0.0794 seconds/sample
throughput: 12.59 samples/second
bandwidth: 0.66 GB/s
cpu utilization: 5.46%

run 5:
total time: 14.75 seconds for 192 samples
iteration time: 0.0768 seconds/sample
throughput: 13.01 samples/second
bandwidth: 0.69 GB/s
cpu utilization: 5.44%

