run 1:
total time: 3.71 seconds for 200 samples
iteration time: 0.0186 seconds/sample
throughput: 53.84 samples/second
bandwidth: 2.84 GB/s
cpu utilization: 6.73%

run 2:
total time: 3.63 seconds for 200 samples
iteration time: 0.0181 seconds/sample
throughput: 55.17 samples/second
bandwidth: 2.91 GB/s
cpu utilization: 6.78%

run 3:
total time: 3.72 seconds for 200 samples
iteration time: 0.0186 seconds/sample
throughput: 53.73 samples/second
bandwidth: 2.83 GB/s
cpu utilization: 6.62%

run 4:
total time: 3.74 seconds for 200 samples
iteration time: 0.0187 seconds/sample
throughput: 53.43 samples/second
bandwidth: 2.82 GB/s
cpu utilization: 6.17%

run 5:
total time: 3.70 seconds for 200 samples
iteration time: 0.0185 seconds/sample
throughput: 54.02 samples/second
bandwidth: 2.85 GB/s
cpu utilization: 5.83%

