run 1:
total time: 2.20 seconds for 192 samples
iteration time: 0.0115 seconds/sample
throughput: 87.32 samples/second
bandwidth: 4.60 GB/s
cpu utilization: 8.27%

run 2:
total time: 2.18 seconds for 192 samples
iteration time: 0.0114 seconds/sample
throughput: 87.97 samples/second
bandwidth: 4.64 GB/s
cpu utilization: 8.34%

run 3:
total time: 2.03 seconds for 192 samples
iteration time: 0.0106 seconds/sample
throughput: 94.54 samples/second
bandwidth: 4.99 GB/s
cpu utilization: 8.35%

run 4:
total time: 2.21 seconds for 192 samples
iteration time: 0.0115 seconds/sample
throughput: 86.70 samples/second
bandwidth: 4.57 GB/s
cpu utilization: 8.36%

run 5:
total time: 2.18 seconds for 192 samples
iteration time: 0.0114 seconds/sample
throughput: 87.98 samples/second
bandwidth: 4.64 GB/s
cpu utilization: 8.41%

