run 1:
total time: 2.25 seconds for 200 samples
iteration time: 0.0113 seconds/sample
throughput: 88.79 samples/second
bandwidth: 4.68 GB/s
cpu utilization: 7.47%

run 2:
total time: 2.16 seconds for 200 samples
iteration time: 0.0108 seconds/sample
throughput: 92.56 samples/second
bandwidth: 4.88 GB/s
cpu utilization: 7.94%

run 3:
total time: 2.13 seconds for 200 samples
iteration time: 0.0106 seconds/sample
throughput: 94.10 samples/second
bandwidth: 4.96 GB/s
cpu utilization: 8.32%

run 4:
total time: 2.27 seconds for 200 samples
iteration time: 0.0114 seconds/sample
throughput: 87.98 samples/second
bandwidth: 4.64 GB/s
cpu utilization: 8.51%

run 5:
total time: 2.22 seconds for 200 samples
iteration time: 0.0111 seconds/sample
throughput: 90.06 samples/second
bandwidth: 4.75 GB/s
cpu utilization: 8.75%

