run 1:
total time: 6.30 seconds for 200 samples
iteration time: 0.0315 seconds/sample
throughput: 31.73 samples/second
bandwidth: 1.67 GB/s
cpu utilization: 6.05%

run 2:
total time: 6.36 seconds for 200 samples
iteration time: 0.0318 seconds/sample
throughput: 31.45 samples/second
bandwidth: 1.66 GB/s
cpu utilization: 6.00%

run 3:
total time: 6.37 seconds for 200 samples
iteration time: 0.0319 seconds/sample
throughput: 31.38 samples/second
bandwidth: 1.65 GB/s
cpu utilization: 5.98%

run 4:
total time: 6.35 seconds for 200 samples
iteration time: 0.0318 seconds/sample
throughput: 31.49 samples/second
bandwidth: 1.66 GB/s
cpu utilization: 5.96%

run 5:
total time: 6.40 seconds for 200 samples
iteration time: 0.0320 seconds/sample
throughput: 31.25 samples/second
bandwidth: 1.65 GB/s
cpu utilization: 5.98%

