run 1:
total time: 2.31 seconds for 192 samples
iteration time: 0.0120 seconds/sample
throughput: 83.28 samples/second
bandwidth: 4.39 GB/s
cpu utilization: 8.27%

run 2:
total time: 2.29 seconds for 192 samples
iteration time: 0.0119 seconds/sample
throughput: 83.97 samples/second
bandwidth: 4.43 GB/s
cpu utilization: 8.32%

run 3:
total time: 1.90 seconds for 192 samples
iteration time: 0.0099 seconds/sample
throughput: 101.18 samples/second
bandwidth: 5.34 GB/s
cpu utilization: 8.35%

run 4:
total time: 2.30 seconds for 192 samples
iteration time: 0.0120 seconds/sample
throughput: 83.57 samples/second
bandwidth: 4.41 GB/s
cpu utilization: 8.53%

run 5:
total time: 2.30 seconds for 192 samples
iteration time: 0.0120 seconds/sample
throughput: 83.57 samples/second
bandwidth: 4.41 GB/s
cpu utilization: 8.51%

