run 1:
total time: 2.76 seconds for 192 samples
iteration time: 0.0144 seconds/sample
throughput: 69.45 samples/second
bandwidth: 3.66 GB/s
cpu utilization: 8.35%

run 2:
total time: 2.69 seconds for 192 samples
iteration time: 0.0140 seconds/sample
throughput: 71.44 samples/second
bandwidth: 3.77 GB/s
cpu utilization: 8.40%

run 3:
total time: 2.57 seconds for 192 samples
iteration time: 0.0134 seconds/sample
throughput: 74.74 samples/second
bandwidth: 3.94 GB/s
cpu utilization: 8.40%

run 4:
total time: 2.77 seconds for 192 samples
iteration time: 0.0144 seconds/sample
throughput: 69.32 samples/second
bandwidth: 3.66 GB/s
cpu utilization: 8.43%

run 5:
total time: 2.84 seconds for 192 samples
iteration time: 0.0148 seconds/sample
throughput: 67.53 samples/second
bandwidth: 3.56 GB/s
cpu utilization: 8.62%

