run 1:
total time: 1.65 seconds for 200 samples
iteration time: 0.0082 seconds/sample
throughput: 121.30 samples/second
bandwidth: 6.40 GB/s
cpu utilization: 9.45%

run 2:
total time: 1.72 seconds for 200 samples
iteration time: 0.0086 seconds/sample
throughput: 116.42 samples/second
bandwidth: 6.14 GB/s
cpu utilization: 9.56%

run 3:
total time: 1.53 seconds for 200 samples
iteration time: 0.0077 seconds/sample
throughput: 130.42 samples/second
bandwidth: 6.88 GB/s
cpu utilization: 9.60%

run 4:
total time: 1.64 seconds for 200 samples
iteration time: 0.0082 seconds/sample
throughput: 122.03 samples/second
bandwidth: 6.44 GB/s
cpu utilization: 9.59%

run 5:
total time: 1.59 seconds for 200 samples
iteration time: 0.0079 seconds/sample
throughput: 126.03 samples/second
bandwidth: 6.65 GB/s
cpu utilization: 9.59%

