run 1:
total time: 12.58 seconds for 192 samples
iteration time: 0.0655 seconds/sample
throughput: 15.27 samples/second
bandwidth: 0.80 GB/s
cpu utilization: 5.55%

run 2:
total time: 12.92 seconds for 192 samples
iteration time: 0.0673 seconds/sample
throughput: 14.87 samples/second
bandwidth: 0.78 GB/s
cpu utilization: 5.50%

run 3:
total time: 13.23 seconds for 192 samples
iteration time: 0.0689 seconds/sample
throughput: 14.51 samples/second
bandwidth: 0.77 GB/s
cpu utilization: 5.50%

run 4:
total time: 11.91 seconds for 192 samples
iteration time: 0.0620 seconds/sample
throughput: 16.13 samples/second
bandwidth: 0.85 GB/s
cpu utilization: 5.54%

run 5:
total time: 11.93 seconds for 192 samples
iteration time: 0.0621 seconds/sample
throughput: 16.10 samples/second
bandwidth: 0.85 GB/s
cpu utilization: 5.53%

