run 1:
total time: 11.47 seconds for 200 samples
iteration time: 0.0574 seconds/sample
throughput: 17.43 samples/second
bandwidth: 0.92 GB/s
cpu utilization: 3.88%

run 2:
total time: 11.65 seconds for 200 samples
iteration time: 0.0582 seconds/sample
throughput: 17.17 samples/second
bandwidth: 0.91 GB/s
cpu utilization: 3.82%

run 3:
total time: 11.16 seconds for 200 samples
iteration time: 0.0558 seconds/sample
throughput: 17.92 samples/second
bandwidth: 0.94 GB/s
cpu utilization: 4.28%

run 4:
total time: 11.31 seconds for 200 samples
iteration time: 0.0566 seconds/sample
throughput: 17.68 samples/second
bandwidth: 0.93 GB/s
cpu utilization: 4.51%

run 5:
total time: 10.85 seconds for 200 samples
iteration time: 0.0542 seconds/sample
throughput: 18.44 samples/second
bandwidth: 0.97 GB/s
cpu utilization: 4.30%

