run 1:
total time: 1.26 seconds for 200 samples
iteration time: 0.0063 seconds/sample
throughput: 158.48 samples/second
bandwidth: 8.36 GB/s
cpu utilization: 8.73%

run 2:
total time: 1.23 seconds for 200 samples
iteration time: 0.0061 seconds/sample
throughput: 163.00 samples/second
bandwidth: 8.60 GB/s
cpu utilization: 8.68%

run 3:
total time: 1.14 seconds for 200 samples
iteration time: 0.0057 seconds/sample
throughput: 175.25 samples/second
bandwidth: 9.24 GB/s
cpu utilization: 8.68%

run 4:
total time: 1.21 seconds for 200 samples
iteration time: 0.0060 seconds/sample
throughput: 165.44 samples/second
bandwidth: 8.72 GB/s
cpu utilization: 8.66%

run 5:
total time: 1.22 seconds for 200 samples
iteration time: 0.0061 seconds/sample
throughput: 164.40 samples/second
bandwidth: 8.67 GB/s
cpu utilization: 8.60%

