run 1:
total time: 3.59 seconds for 192 samples
iteration time: 0.0187 seconds/sample
throughput: 53.55 samples/second
bandwidth: 2.82 GB/s
cpu utilization: 6.90%

run 2:
total time: 3.67 seconds for 192 samples
iteration time: 0.0191 seconds/sample
throughput: 52.38 samples/second
bandwidth: 2.76 GB/s
cpu utilization: 6.88%

run 3:
total time: 3.13 seconds for 192 samples
iteration time: 0.0163 seconds/sample
throughput: 61.41 samples/second
bandwidth: 3.24 GB/s
cpu utilization: 6.87%

run 4:
total time: 3.59 seconds for 192 samples
iteration time: 0.0187 seconds/sample
throughput: 53.54 samples/second
bandwidth: 2.82 GB/s
cpu utilization: 6.87%

run 5:
total time: 3.55 seconds for 192 samples
iteration time: 0.0185 seconds/sample
throughput: 54.02 samples/second
bandwidth: 2.85 GB/s
cpu utilization: 6.88%

