run 1:
total time: 10.38 seconds for 200 samples
iteration time: 0.0519 seconds/sample
throughput: 19.27 samples/second
bandwidth: 1.02 GB/s
cpu utilization: 5.80%

run 2:
total time: 11.16 seconds for 200 samples
iteration time: 0.0558 seconds/sample
throughput: 17.93 samples/second
bandwidth: 0.95 GB/s
cpu utilization: 5.82%

run 3:
total time: 10.85 seconds for 200 samples
iteration time: 0.0543 seconds/sample
throughput: 18.43 samples/second
bandwidth: 0.97 GB/s
cpu utilization: 5.77%

run 4:
total time: 11.96 seconds for 200 samples
iteration time: 0.0598 seconds/sample
throughput: 16.72 samples/second
bandwidth: 0.88 GB/s
cpu utilization: 5.86%

run 5:
total time: 11.71 seconds for 200 samples
iteration time: 0.0586 seconds/sample
throughput: 17.08 samples/second
bandwidth: 0.90 GB/s
cpu utilization: 5.65%

