run 1:
total time: 2.02 seconds for 192 samples
iteration time: 0.0105 seconds/sample
throughput: 95.08 samples/second
bandwidth: 5.01 GB/s
cpu utilization: 9.88%

run 2:
total time: 1.96 seconds for 192 samples
iteration time: 0.0102 seconds/sample
throughput: 97.80 samples/second
bandwidth: 5.16 GB/s
cpu utilization: 9.92%

run 3:
total time: 1.84 seconds for 192 samples
iteration time: 0.0096 seconds/sample
throughput: 104.28 samples/second
bandwidth: 5.50 GB/s
cpu utilization: 9.93%

run 4:
total time: 2.11 seconds for 192 samples
iteration time: 0.0110 seconds/sample
throughput: 90.93 samples/second
bandwidth: 4.80 GB/s
cpu utilization: 9.96%

run 5:
total time: 1.99 seconds for 192 samples
iteration time: 0.0104 seconds/sample
throughput: 96.51 samples/second
bandwidth: 5.09 GB/s
cpu utilization: 9.96%

