run 1:
total time: 12.99 seconds for 192 samples
iteration time: 0.0676 seconds/sample
throughput: 14.79 samples/second
bandwidth: 0.78 GB/s
cpu utilization: 5.45%

run 2:
total time: 11.47 seconds for 192 samples
iteration time: 0.0598 seconds/sample
throughput: 16.74 samples/second
bandwidth: 0.88 GB/s
cpu utilization: 5.40%

run 3:
total time: 11.38 seconds for 192 samples
iteration time: 0.0592 seconds/sample
throughput: 16.88 samples/second
bandwidth: 0.89 GB/s
cpu utilization: 5.40%

run 4:
total time: 11.54 seconds for 192 samples
iteration time: 0.0601 seconds/sample
throughput: 16.63 samples/second
bandwidth: 0.88 GB/s
cpu utilization: 5.41%

run 5:
total time: 11.51 seconds for 192 samples
iteration time: 0.0599 seconds/sample
throughput: 16.68 samples/second
bandwidth: 0.88 GB/s
cpu utilization: 5.41%

