run 1:
total time: 1.61 seconds for 192 samples
iteration time: 0.0084 seconds/sample
throughput: 119.35 samples/second
bandwidth: 6.29 GB/s
cpu utilization: 9.32%

run 2:
total time: 1.58 seconds for 192 samples
iteration time: 0.0083 seconds/sample
throughput: 121.18 samples/second
bandwidth: 6.39 GB/s
cpu utilization: 9.52%

run 3:
total time: 1.41 seconds for 192 samples
iteration time: 0.0074 seconds/sample
throughput: 135.72 samples/second
bandwidth: 7.16 GB/s
cpu utilization: 9.63%

run 4:
total time: 1.60 seconds for 192 samples
iteration time: 0.0083 seconds/sample
throughput: 119.92 samples/second
bandwidth: 6.32 GB/s
cpu utilization: 9.67%

run 5:
total time: 1.62 seconds for 192 samples
iteration time: 0.0085 seconds/sample
throughput: 118.26 samples/second
bandwidth: 6.24 GB/s
cpu utilization: 9.65%

