run 1:
total time: 2.16 seconds for 200 samples
iteration time: 0.0108 seconds/sample
throughput: 92.54 samples/second
bandwidth: 4.88 GB/s
cpu utilization: 8.10%

run 2:
total time: 2.05 seconds for 200 samples
iteration time: 0.0103 seconds/sample
throughput: 97.39 samples/second
bandwidth: 5.14 GB/s
cpu utilization: 8.14%

run 3:
total time: 2.14 seconds for 200 samples
iteration time: 0.0107 seconds/sample
throughput: 93.34 samples/second
bandwidth: 4.92 GB/s
cpu utilization: 8.23%

run 4:
total time: 2.20 seconds for 200 samples
iteration time: 0.0110 seconds/sample
throughput: 90.85 samples/second
bandwidth: 4.79 GB/s
cpu utilization: 8.31%

run 5:
total time: 2.20 seconds for 200 samples
iteration time: 0.0110 seconds/sample
throughput: 91.07 samples/second
bandwidth: 4.80 GB/s
cpu utilization: 8.29%

