run 1:
total time: 10.69 seconds for 200 samples
iteration time: 0.0535 seconds/sample
throughput: 18.70 samples/second
bandwidth: 0.99 GB/s
cpu utilization: 6.78%

run 2:
total time: 10.44 seconds for 200 samples
iteration time: 0.0522 seconds/sample
throughput: 19.15 samples/second
bandwidth: 1.01 GB/s
cpu utilization: 6.46%

run 3:
total time: 10.38 seconds for 200 samples
iteration time: 0.0519 seconds/sample
throughput: 19.27 samples/second
bandwidth: 1.02 GB/s
cpu utilization: 6.27%

run 4:
total time: 10.74 seconds for 200 samples
iteration time: 0.0537 seconds/sample
throughput: 18.62 samples/second
bandwidth: 0.98 GB/s
cpu utilization: 6.34%

run 5:
total time: 10.88 seconds for 200 samples
iteration time: 0.0544 seconds/sample
throughput: 18.37 samples/second
bandwidth: 0.97 GB/s
cpu utilization: 6.41%

