run 1:
total time: 3.57 seconds for 200 samples
iteration time: 0.0179 seconds/sample
throughput: 55.96 samples/second
bandwidth: 2.95 GB/s
cpu utilization: 6.10%

run 2:
total time: 3.44 seconds for 200 samples
iteration time: 0.0172 seconds/sample
throughput: 58.14 samples/second
bandwidth: 3.07 GB/s
cpu utilization: 6.14%

run 3:
total time: 3.50 seconds for 200 samples
iteration time: 0.0175 seconds/sample
throughput: 57.16 samples/second
bandwidth: 3.01 GB/s
cpu utilization: 6.10%

run 4:
total time: 3.59 seconds for 200 samples
iteration time: 0.0179 seconds/sample
throughput: 55.75 samples/second
bandwidth: 2.94 GB/s
cpu utilization: 5.87%

run 5:
total time: 3.54 seconds for 200 samples
iteration time: 0.0177 seconds/sample
throughput: 56.50 samples/second
bandwidth: 2.98 GB/s
cpu utilization: 5.69%

