run 1:
total time: 11.52 seconds for 200 samples
iteration time: 0.0576 seconds/sample
throughput: 17.36 samples/second
bandwidth: 0.92 GB/s
cpu utilization: 5.38%

run 2:
total time: 12.11 seconds for 200 samples
iteration time: 0.0605 seconds/sample
throughput: 16.52 samples/second
bandwidth: 0.87 GB/s
cpu utilization: 5.38%

run 3:
total time: 11.46 seconds for 200 samples
iteration time: 0.0573 seconds/sample
throughput: 17.45 samples/second
bandwidth: 0.92 GB/s
cpu utilization: 5.37%

run 4:
total time: 12.55 seconds for 200 samples
iteration time: 0.0627 seconds/sample
throughput: 15.94 samples/second
bandwidth: 0.84 GB/s
cpu utilization: 5.39%

run 5:
total time: 12.25 seconds for 200 samples
iteration time: 0.0612 seconds/sample
throughput: 16.33 samples/second
bandwidth: 0.86 GB/s
cpu utilization: 5.40%

