run 1:
total time: 5.81 seconds for 200 samples
iteration time: 0.0291 seconds/sample
throughput: 34.42 samples/second
bandwidth: 1.82 GB/s
cpu utilization: 5.78%

run 2:
total time: 5.65 seconds for 200 samples
iteration time: 0.0283 seconds/sample
throughput: 35.39 samples/second
bandwidth: 1.87 GB/s
cpu utilization: 6.00%

run 3:
total time: 6.08 seconds for 200 samples
iteration time: 0.0304 seconds/sample
throughput: 32.90 samples/second
bandwidth: 1.73 GB/s
cpu utilization: 5.73%

run 4:
total time: 5.75 seconds for 200 samples
iteration time: 0.0287 seconds/sample
throughput: 34.81 samples/second
bandwidth: 1.84 GB/s
cpu utilization: 5.87%

run 5:
total time: 5.72 seconds for 200 samples
iteration time: 0.0286 seconds/sample
throughput: 34.97 samples/second
bandwidth: 1.84 GB/s
cpu utilization: 5.75%

