run 1:
total time: 6.03 seconds for 200 samples
iteration time: 0.0302 seconds/sample
throughput: 33.16 samples/second
bandwidth: 1.75 GB/s
cpu utilization: 9.05%

run 2:
total time: 6.07 seconds for 200 samples
iteration time: 0.0304 seconds/sample
throughput: 32.94 samples/second
bandwidth: 1.74 GB/s
cpu utilization: 8.80%

run 3:
total time: 5.83 seconds for 200 samples
iteration time: 0.0292 seconds/sample
throughput: 34.29 samples/second
bandwidth: 1.81 GB/s
cpu utilization: 8.62%

run 4:
total time: 5.92 seconds for 200 samples
iteration time: 0.0296 seconds/sample
throughput: 33.76 samples/second
bandwidth: 1.78 GB/s
cpu utilization: 8.04%

run 5:
total time: 6.27 seconds for 200 samples
iteration time: 0.0313 seconds/sample
throughput: 31.90 samples/second
bandwidth: 1.68 GB/s
cpu utilization: 7.94%

