run 1:
total time: 3.80 seconds for 200 samples
iteration time: 0.0190 seconds/sample
throughput: 52.59 samples/second
bandwidth: 2.77 GB/s
cpu utilization: 6.70%

run 2:
total time: 3.98 seconds for 200 samples
iteration time: 0.0199 seconds/sample
throughput: 50.21 samples/second
bandwidth: 2.65 GB/s
cpu utilization: 6.70%

run 3:
total time: 3.89 seconds for 200 samples
iteration time: 0.0195 seconds/sample
throughput: 51.38 samples/second
bandwidth: 2.71 GB/s
cpu utilization: 6.70%

run 4:
total time: 3.92 seconds for 200 samples
iteration time: 0.0196 seconds/sample
throughput: 51.08 samples/second
bandwidth: 2.69 GB/s
cpu utilization: 6.74%

run 5:
total time: 4.07 seconds for 200 samples
iteration time: 0.0204 seconds/sample
throughput: 49.13 samples/second
bandwidth: 2.59 GB/s
cpu utilization: 6.72%

