run 1:
total time: 2.40 seconds for 200 samples
iteration time: 0.0120 seconds/sample
throughput: 83.36 samples/second
bandwidth: 4.40 GB/s
cpu utilization: 8.00%

run 2:
total time: 2.31 seconds for 200 samples
iteration time: 0.0116 seconds/sample
throughput: 86.52 samples/second
bandwidth: 4.56 GB/s
cpu utilization: 8.02%

run 3:
total time: 2.34 seconds for 200 samples
iteration time: 0.0117 seconds/sample
throughput: 85.39 samples/second
bandwidth: 4.50 GB/s
cpu utilization: 8.02%

run 4:
total time: 2.35 seconds for 200 samples
iteration time: 0.0117 seconds/sample
throughput: 85.16 samples/second
bandwidth: 4.49 GB/s
cpu utilization: 8.14%

run 5:
total time: 2.47 seconds for 200 samples
iteration time: 0.0124 seconds/sample
throughput: 80.90 samples/second
bandwidth: 4.27 GB/s
cpu utilization: 8.16%

