run 1:
total time: 5.92 seconds for 200 samples
iteration time: 0.0296 seconds/sample
throughput: 33.79 samples/second
bandwidth: 1.78 GB/s
cpu utilization: 4.83%

run 2:
total time: 6.03 seconds for 200 samples
iteration time: 0.0301 seconds/sample
throughput: 33.19 samples/second
bandwidth: 1.75 GB/s
cpu utilization: 4.66%

run 3:
total time: 5.86 seconds for 200 samples
iteration time: 0.0293 seconds/sample
throughput: 34.16 samples/second
bandwidth: 1.80 GB/s
cpu utilization: 4.95%

run 4:
total time: 6.10 seconds for 200 samples
iteration time: 0.0305 seconds/sample
throughput: 32.77 samples/second
bandwidth: 1.73 GB/s
cpu utilization: 4.89%

run 5:
total time: 6.02 seconds for 200 samples
iteration time: 0.0301 seconds/sample
throughput: 33.20 samples/second
bandwidth: 1.75 GB/s
cpu utilization: 4.76%

