run 1:
total time: 3.51 seconds for 192 samples
iteration time: 0.0183 seconds/sample
throughput: 54.75 samples/second
bandwidth: 2.89 GB/s
cpu utilization: 6.95%

run 2:
total time: 3.50 seconds for 192 samples
iteration time: 0.0182 seconds/sample
throughput: 54.92 samples/second
bandwidth: 2.90 GB/s
cpu utilization: 6.92%

run 3:
total time: 3.39 seconds for 192 samples
iteration time: 0.0177 seconds/sample
throughput: 56.58 samples/second
bandwidth: 2.98 GB/s
cpu utilization: 6.98%

run 4:
total time: 3.56 seconds for 192 samples
iteration time: 0.0186 seconds/sample
throughput: 53.90 samples/second
bandwidth: 2.84 GB/s
cpu utilization: 7.01%

run 5:
total time: 3.56 seconds for 192 samples
iteration time: 0.0185 seconds/sample
throughput: 53.97 samples/second
bandwidth: 2.85 GB/s
cpu utilization: 6.99%

