run 1:
total time: 5.64 seconds for 200 samples
iteration time: 0.0282 seconds/sample
throughput: 35.46 samples/second
bandwidth: 1.87 GB/s
cpu utilization: 6.08%

run 2:
total time: 5.69 seconds for 200 samples
iteration time: 0.0284 seconds/sample
throughput: 35.16 samples/second
bandwidth: 1.85 GB/s
cpu utilization: 5.82%

run 3:
total time: 5.51 seconds for 200 samples
iteration time: 0.0276 seconds/sample
throughput: 36.28 samples/second
bandwidth: 1.91 GB/s
cpu utilization: 5.62%

run 4:
total time: 5.75 seconds for 200 samples
iteration time: 0.0288 seconds/sample
throughput: 34.76 samples/second
bandwidth: 1.83 GB/s
cpu utilization: 5.89%

run 5:
total time: 5.82 seconds for 200 samples
iteration time: 0.0291 seconds/sample
throughput: 34.39 samples/second
bandwidth: 1.81 GB/s
cpu utilization: 5.90%

