run 1:
total time: 11.14 seconds for 200 samples
iteration time: 0.0557 seconds/sample
throughput: 17.95 samples/second
bandwidth: 0.95 GB/s
cpu utilization: 4.70%

run 2:
total time: 10.79 seconds for 200 samples
iteration time: 0.0539 seconds/sample
throughput: 18.54 samples/second
bandwidth: 0.98 GB/s
cpu utilization: 4.86%

run 3:
total time: 10.41 seconds for 200 samples
iteration time: 0.0520 seconds/sample
throughput: 19.22 samples/second
bandwidth: 1.01 GB/s
cpu utilization: 4.78%

run 4:
total time: 10.35 seconds for 200 samples
iteration time: 0.0517 seconds/sample
throughput: 19.33 samples/second
bandwidth: 1.02 GB/s
cpu utilization: 4.69%

run 5:
total time: 10.28 seconds for 200 samples
iteration time: 0.0514 seconds/sample
throughput: 19.45 samples/second
bandwidth: 1.03 GB/s
cpu utilization: 4.67%

