run 1:
total time: 10.11 seconds for 200 samples
iteration time: 0.0505 seconds/sample
throughput: 19.78 samples/second
bandwidth: 1.04 GB/s
cpu utilization: 4.00%

run 2:
total time: 10.35 seconds for 200 samples
iteration time: 0.0517 seconds/sample
throughput: 19.33 samples/second
bandwidth: 1.02 GB/s
cpu utilization: 4.66%

run 3:
total time: 10.38 seconds for 200 samples
iteration time: 0.0519 seconds/sample
throughput: 19.26 samples/second
bandwidth: 1.02 GB/s
cpu utilization: 5.08%

run 4:
total time: 10.37 seconds for 200 samples
iteration time: 0.0518 seconds/sample
throughput: 19.30 samples/second
bandwidth: 1.02 GB/s
cpu utilization: 5.37%

run 5:
total time: 10.63 seconds for 200 samples
iteration time: 0.0531 seconds/sample
throughput: 18.82 samples/second
bandwidth: 0.99 GB/s
cpu utilization: 5.51%

