run 1:
total time: 2.25 seconds for 200 samples
iteration time: 0.0113 seconds/sample
throughput: 88.81 samples/second
bandwidth: 4.68 GB/s
cpu utilization: 8.12%

run 2:
total time: 2.19 seconds for 200 samples
iteration time: 0.0109 seconds/sample
throughput: 91.35 samples/second
bandwidth: 4.82 GB/s
cpu utilization: 8.20%

run 3:
total time: 2.16 seconds for 200 samples
iteration time: 0.0108 seconds/sample
throughput: 92.55 samples/second
bandwidth: 4.88 GB/s
cpu utilization: 8.15%

run 4:
total time: 2.25 seconds for 200 samples
iteration time: 0.0113 seconds/sample
throughput: 88.81 samples/second
bandwidth: 4.68 GB/s
cpu utilization: 8.09%

run 5:
total time: 2.27 seconds for 200 samples
iteration time: 0.0113 seconds/sample
throughput: 88.29 samples/second
bandwidth: 4.66 GB/s
cpu utilization: 8.09%

