run 1:
total time: 11.63 seconds for 200 samples
iteration time: 0.0582 seconds/sample
throughput: 17.19 samples/second
bandwidth: 0.91 GB/s
cpu utilization: 4.55%

run 2:
total time: 10.91 seconds for 200 samples
iteration time: 0.0546 seconds/sample
throughput: 18.33 samples/second
bandwidth: 0.97 GB/s
cpu utilization: 4.34%

run 3:
total time: 10.71 seconds for 200 samples
iteration time: 0.0535 seconds/sample
throughput: 18.68 samples/second
bandwidth: 0.99 GB/s
cpu utilization: 4.48%

run 4:
total time: 10.76 seconds for 200 samples
iteration time: 0.0538 seconds/sample
throughput: 18.59 samples/second
bandwidth: 0.98 GB/s
cpu utilization: 4.56%

run 5:
total time: 10.85 seconds for 200 samples
iteration time: 0.0543 seconds/sample
throughput: 18.43 samples/second
bandwidth: 0.97 GB/s
cpu utilization: 4.41%

