run 1:
total time: 10.47 seconds for 200 samples
iteration time: 0.0523 seconds/sample
throughput: 19.11 samples/second
bandwidth: 1.01 GB/s
cpu utilization: 3.70%

run 2:
total time: 9.86 seconds for 200 samples
iteration time: 0.0493 seconds/sample
throughput: 20.28 samples/second
bandwidth: 1.07 GB/s
cpu utilization: 3.60%

run 3:
total time: 9.85 seconds for 200 samples
iteration time: 0.0493 seconds/sample
throughput: 20.30 samples/second
bandwidth: 1.07 GB/s
cpu utilization: 3.75%

run 4:
total time: 10.25 seconds for 200 samples
iteration time: 0.0513 seconds/sample
throughput: 19.51 samples/second
bandwidth: 1.03 GB/s
cpu utilization: 3.61%

run 5:
total time: 10.26 seconds for 200 samples
iteration time: 0.0513 seconds/sample
throughput: 19.49 samples/second
bandwidth: 1.03 GB/s
cpu utilization: 3.69%

