run 1:
total time: 1.65 seconds for 200 samples
iteration time: 0.0082 seconds/sample
throughput: 121.45 samples/second
bandwidth: 6.40 GB/s
cpu utilization: 8.93%

run 2:
total time: 1.59 seconds for 200 samples
iteration time: 0.0079 seconds/sample
throughput: 126.00 samples/second
bandwidth: 6.64 GB/s
cpu utilization: 9.00%

run 3:
total time: 1.53 seconds for 200 samples
iteration time: 0.0076 seconds/sample
throughput: 130.98 samples/second
bandwidth: 6.91 GB/s
cpu utilization: 9.25%

run 4:
total time: 1.63 seconds for 200 samples
iteration time: 0.0081 seconds/sample
throughput: 122.99 samples/second
bandwidth: 6.49 GB/s
cpu utilization: 9.30%

run 5:
total time: 1.63 seconds for 200 samples
iteration time: 0.0082 seconds/sample
throughput: 122.69 samples/second
bandwidth: 6.47 GB/s
cpu utilization: 9.32%

