run 1:
total time: 1.32 seconds for 192 samples
iteration time: 0.0069 seconds/sample
throughput: 145.05 samples/second
bandwidth: 7.65 GB/s
cpu utilization: 10.72%

run 2:
total time: 1.24 seconds for 192 samples
iteration time: 0.0065 seconds/sample
throughput: 154.43 samples/second
bandwidth: 8.14 GB/s
cpu utilization: 10.58%

run 3:
total time: 1.13 seconds for 192 samples
iteration time: 0.0059 seconds/sample
throughput: 170.52 samples/second
bandwidth: 8.99 GB/s
cpu utilization: 10.53%

run 4:
total time: 1.31 seconds for 192 samples
iteration time: 0.0068 seconds/sample
throughput: 146.69 samples/second
bandwidth: 7.74 GB/s
cpu utilization: 10.60%

run 5:
total time: 1.30 seconds for 192 samples
iteration time: 0.0068 seconds/sample
throughput: 147.35 samples/second
bandwidth: 7.77 GB/s
cpu utilization: 10.61%

