run 1:
total time: 10.33 seconds for 200 samples
iteration time: 0.0516 seconds/sample
throughput: 19.37 samples/second
bandwidth: 1.02 GB/s
cpu utilization: 5.40%

run 2:
total time: 10.48 seconds for 200 samples
iteration time: 0.0524 seconds/sample
throughput: 19.09 samples/second
bandwidth: 1.01 GB/s
cpu utilization: 5.52%

run 3:
total time: 11.08 seconds for 200 samples
iteration time: 0.0554 seconds/sample
throughput: 18.06 samples/second
bandwidth: 0.95 GB/s
cpu utilization: 5.52%

run 4:
total time: 10.73 seconds for 200 samples
iteration time: 0.0537 seconds/sample
throughput: 18.63 samples/second
bandwidth: 0.98 GB/s
cpu utilization: 5.97%

run 5:
total time: 11.10 seconds for 200 samples
iteration time: 0.0555 seconds/sample
throughput: 18.02 samples/second
bandwidth: 0.95 GB/s
cpu utilization: 6.14%

