run 1:
total time: 3.55 seconds for 192 samples
iteration time: 0.0185 seconds/sample
throughput: 54.11 samples/second
bandwidth: 2.85 GB/s
cpu utilization: 6.92%

run 2:
total time: 3.63 seconds for 192 samples
iteration time: 0.0189 seconds/sample
throughput: 52.96 samples/second
bandwidth: 2.79 GB/s
cpu utilization: 6.98%

run 3:
total time: 3.18 seconds for 192 samples
iteration time: 0.0166 seconds/sample
throughput: 60.33 samples/second
bandwidth: 3.18 GB/s
cpu utilization: 6.98%

run 4:
total time: 3.53 seconds for 192 samples
iteration time: 0.0184 seconds/sample
throughput: 54.41 samples/second
bandwidth: 2.87 GB/s
cpu utilization: 6.96%

run 5:
total time: 3.56 seconds for 192 samples
iteration time: 0.0186 seconds/sample
throughput: 53.87 samples/second
bandwidth: 2.84 GB/s
cpu utilization: 6.94%

