run 1:
total time: 10.53 seconds for 200 samples
iteration time: 0.0526 seconds/sample
throughput: 19.00 samples/second
bandwidth: 1.00 GB/s
cpu utilization: 6.68%

run 2:
total time: 10.93 seconds for 200 samples
iteration time: 0.0546 seconds/sample
throughput: 18.30 samples/second
bandwidth: 0.97 GB/s
cpu utilization: 6.58%

run 3:
total time: 10.69 seconds for 200 samples
iteration time: 0.0535 seconds/sample
throughput: 18.70 samples/second
bandwidth: 0.99 GB/s
cpu utilization: 6.47%

run 4:
total time: 10.56 seconds for 200 samples
iteration time: 0.0528 seconds/sample
throughput: 18.95 samples/second
bandwidth: 1.00 GB/s
cpu utilization: 6.40%

run 5:
total time: 10.58 seconds for 200 samples
iteration time: 0.0529 seconds/sample
throughput: 18.89 samples/second
bandwidth: 1.00 GB/s
cpu utilization: 6.36%

