run 1:
total time: 10.33 seconds for 200 samples
iteration time: 0.0517 seconds/sample
throughput: 19.36 samples/second
bandwidth: 1.02 GB/s
cpu utilization: 4.32%

run 2:
total time: 10.51 seconds for 200 samples
iteration time: 0.0526 seconds/sample
throughput: 19.02 samples/second
bandwidth: 1.00 GB/s
cpu utilization: 4.28%

run 3:
total time: 10.23 seconds for 200 samples
iteration time: 0.0511 seconds/sample
throughput: 19.55 samples/second
bandwidth: 1.03 GB/s
cpu utilization: 4.17%

run 4:
total time: 10.50 seconds for 200 samples
iteration time: 0.0525 seconds/sample
throughput: 19.05 samples/second
bandwidth: 1.00 GB/s
cpu utilization: 3.93%

run 5:
total time: 10.05 seconds for 200 samples
iteration time: 0.0502 seconds/sample
throughput: 19.90 samples/second
bandwidth: 1.05 GB/s
cpu utilization: 3.99%

