run 1:
total time: 2.32 seconds for 192 samples
iteration time: 0.0121 seconds/sample
throughput: 82.60 samples/second
bandwidth: 4.36 GB/s
cpu utilization: 8.42%

run 2:
total time: 2.27 seconds for 192 samples
iteration time: 0.0118 seconds/sample
throughput: 84.70 samples/second
bandwidth: 4.47 GB/s
cpu utilization: 8.42%

run 3:
total time: 2.19 seconds for 192 samples
iteration time: 0.0114 seconds/sample
throughput: 87.69 samples/second
bandwidth: 4.62 GB/s
cpu utilization: 8.42%

run 4:
total time: 2.33 seconds for 192 samples
iteration time: 0.0121 seconds/sample
throughput: 82.58 samples/second
bandwidth: 4.35 GB/s
cpu utilization: 8.43%

run 5:
total time: 2.34 seconds for 192 samples
iteration time: 0.0122 seconds/sample
throughput: 82.03 samples/second
bandwidth: 4.33 GB/s
cpu utilization: 8.50%

