run 1:
total time: 15.24 seconds for 192 samples
iteration time: 0.0794 seconds/sample
throughput: 12.60 samples/second
bandwidth: 0.66 GB/s
cpu utilization: 5.58%

run 2:
total time: 14.29 seconds for 192 samples
iteration time: 0.0744 seconds/sample
throughput: 13.43 samples/second
bandwidth: 0.71 GB/s
cpu utilization: 5.56%

run 3:
total time: 14.36 seconds for 192 samples
iteration time: 0.0748 seconds/sample
throughput: 13.37 samples/second
bandwidth: 0.71 GB/s
cpu utilization: 5.53%

run 4:
total time: 14.12 seconds for 192 samples
iteration time: 0.0735 seconds/sample
throughput: 13.60 samples/second
bandwidth: 0.72 GB/s
cpu utilization: 5.54%

run 5:
total time: 14.19 seconds for 192 samples
iteration time: 0.0739 seconds/sample
throughput: 13.53 samples/second
bandwidth: 0.71 GB/s
cpu utilization: 5.55%

