run 1:
total time: 11.29 seconds for 200 samples
iteration time: 0.0564 seconds/sample
throughput: 17.72 samples/second
bandwidth: 0.93 GB/s
cpu utilization: 5.48%

run 2:
total time: 11.57 seconds for 200 samples
iteration time: 0.0578 seconds/sample
throughput: 17.29 samples/second
bandwidth: 0.91 GB/s
cpu utilization: 5.46%

run 3:
total time: 11.11 seconds for 200 samples
iteration time: 0.0556 seconds/sample
throughput: 17.99 samples/second
bandwidth: 0.95 GB/s
cpu utilization: 5.52%

run 4:
total time: 11.28 seconds for 200 samples
iteration time: 0.0564 seconds/sample
throughput: 17.74 samples/second
bandwidth: 0.94 GB/s
cpu utilization: 5.50%

run 5:
total time: 12.12 seconds for 200 samples
iteration time: 0.0606 seconds/sample
throughput: 16.50 samples/second
bandwidth: 0.87 GB/s
cpu utilization: 5.48%

