run 1:
total time: 12.96 seconds for 192 samples
iteration time: 0.0675 seconds/sample
throughput: 14.82 samples/second
bandwidth: 0.78 GB/s
cpu utilization: 5.45%

run 2:
total time: 13.20 seconds for 192 samples
iteration time: 0.0687 seconds/sample
throughput: 14.55 samples/second
bandwidth: 0.77 GB/s
cpu utilization: 5.50%

run 3:
total time: 13.21 seconds for 192 samples
iteration time: 0.0688 seconds/sample
throughput: 14.53 samples/second
bandwidth: 0.77 GB/s
cpu utilization: 5.48%

run 4:
total time: 12.82 seconds for 192 samples
iteration time: 0.0668 seconds/sample
throughput: 14.97 samples/second
bandwidth: 0.79 GB/s
cpu utilization: 5.47%

run 5:
total time: 13.11 seconds for 192 samples
iteration time: 0.0683 seconds/sample
throughput: 14.65 samples/second
bandwidth: 0.77 GB/s
cpu utilization: 5.45%

