run 1:
total time: 7.65 seconds for 192 samples
iteration time: 0.0398 seconds/sample
throughput: 25.11 samples/second
bandwidth: 1.32 GB/s
cpu utilization: 5.82%

run 2:
total time: 7.38 seconds for 192 samples
iteration time: 0.0384 seconds/sample
throughput: 26.03 samples/second
bandwidth: 1.37 GB/s
cpu utilization: 5.82%

run 3:
total time: 7.44 seconds for 192 samples
iteration time: 0.0388 seconds/sample
throughput: 25.80 samples/second
bandwidth: 1.36 GB/s
cpu utilization: 5.87%

run 4:
total time: 7.56 seconds for 192 samples
iteration time: 0.0394 seconds/sample
throughput: 25.40 samples/second
bandwidth: 1.34 GB/s
cpu utilization: 5.91%

run 5:
total time: 7.52 seconds for 192 samples
iteration time: 0.0392 seconds/sample
throughput: 25.52 samples/second
bandwidth: 1.35 GB/s
cpu utilization: 5.94%

