run 1:
total time: 1.16 seconds for 200 samples
iteration time: 0.0058 seconds/sample
throughput: 172.68 samples/second
bandwidth: 9.11 GB/s
cpu utilization: 10.27%

run 2:
total time: 1.10 seconds for 200 samples
iteration time: 0.0055 seconds/sample
throughput: 181.86 samples/second
bandwidth: 9.59 GB/s
cpu utilization: 10.38%

run 3:
total time: 1.09 seconds for 200 samples
iteration time: 0.0054 seconds/sample
throughput: 184.31 samples/second
bandwidth: 9.72 GB/s
cpu utilization: 10.42%

run 4:
total time: 1.12 seconds for 200 samples
iteration time: 0.0056 seconds/sample
throughput: 178.00 samples/second
bandwidth: 9.39 GB/s
cpu utilization: 10.46%

run 5:
total time: 1.14 seconds for 200 samples
iteration time: 0.0057 seconds/sample
throughput: 175.69 samples/second
bandwidth: 9.27 GB/s
cpu utilization: 10.49%

