run 1:
total time: 5.79 seconds for 200 samples
iteration time: 0.0290 seconds/sample
throughput: 34.51 samples/second
bandwidth: 1.82 GB/s
cpu utilization: 6.02%

run 2:
total time: 5.85 seconds for 200 samples
iteration time: 0.0292 seconds/sample
throughput: 34.19 samples/second
bandwidth: 1.80 GB/s
cpu utilization: 6.32%

run 3:
total time: 5.67 seconds for 200 samples
iteration time: 0.0284 seconds/sample
throughput: 35.26 samples/second
bandwidth: 1.86 GB/s
cpu utilization: 6.08%

run 4:
total time: 5.82 seconds for 200 samples
iteration time: 0.0291 seconds/sample
throughput: 34.35 samples/second
bandwidth: 1.81 GB/s
cpu utilization: 6.36%

run 5:
total time: 5.93 seconds for 200 samples
iteration time: 0.0297 seconds/sample
throughput: 33.71 samples/second
bandwidth: 1.78 GB/s
cpu utilization: 6.31%

