run 1:
total time: 6.84 seconds for 192 samples
iteration time: 0.0356 seconds/sample
throughput: 28.07 samples/second
bandwidth: 1.48 GB/s
cpu utilization: 6.07%

run 2:
total time: 6.92 seconds for 192 samples
iteration time: 0.0361 seconds/sample
throughput: 27.73 samples/second
bandwidth: 1.46 GB/s
cpu utilization: 5.98%

run 3:
total time: 7.30 seconds for 192 samples
iteration time: 0.0380 seconds/sample
throughput: 26.32 samples/second
bandwidth: 1.39 GB/s
cpu utilization: 5.98%

run 4:
total time: 7.11 seconds for 192 samples
iteration time: 0.0371 seconds/sample
throughput: 26.99 samples/second
bandwidth: 1.42 GB/s
cpu utilization: 5.99%

run 5:
total time: 6.75 seconds for 192 samples
iteration time: 0.0352 seconds/sample
throughput: 28.43 samples/second
bandwidth: 1.50 GB/s
cpu utilization: 5.96%

