run 1:
total time: 1.52 seconds for 192 samples
iteration time: 0.0079 seconds/sample
throughput: 126.17 samples/second
bandwidth: 6.65 GB/s
cpu utilization: 11.15%

run 2:
total time: 1.50 seconds for 192 samples
iteration time: 0.0078 seconds/sample
throughput: 128.42 samples/second
bandwidth: 6.77 GB/s
cpu utilization: 11.18%

run 3:
total time: 1.42 seconds for 192 samples
iteration time: 0.0074 seconds/sample
throughput: 135.64 samples/second
bandwidth: 7.15 GB/s
cpu utilization: 11.20%

run 4:
total time: 1.54 seconds for 192 samples
iteration time: 0.0080 seconds/sample
throughput: 124.46 samples/second
bandwidth: 6.56 GB/s
cpu utilization: 11.19%

run 5:
total time: 1.54 seconds for 192 samples
iteration time: 0.0080 seconds/sample
throughput: 124.81 samples/second
bandwidth: 6.58 GB/s
cpu utilization: 11.18%

