run 1:
total time: 3.92 seconds for 200 samples
iteration time: 0.0196 seconds/sample
throughput: 51.05 samples/second
bandwidth: 2.69 GB/s
cpu utilization: 6.57%

run 2:
total time: 3.91 seconds for 200 samples
iteration time: 0.0196 seconds/sample
throughput: 51.11 samples/second
bandwidth: 2.70 GB/s
cpu utilization: 6.66%

run 3:
total time: 4.05 seconds for 200 samples
iteration time: 0.0202 seconds/sample
throughput: 49.41 samples/second
bandwidth: 2.61 GB/s
cpu utilization: 6.68%

run 4:
total time: 3.98 seconds for 200 samples
iteration time: 0.0199 seconds/sample
throughput: 50.31 samples/second
bandwidth: 2.65 GB/s
cpu utilization: 6.73%

run 5:
total time: 3.98 seconds for 200 samples
iteration time: 0.0199 seconds/sample
throughput: 50.31 samples/second
bandwidth: 2.65 GB/s
cpu utilization: 6.70%

