run 1:
total time: 2.41 seconds for 200 samples
iteration time: 0.0121 seconds/sample
throughput: 82.97 samples/second
bandwidth: 4.38 GB/s
cpu utilization: 8.07%

run 2:
total time: 2.33 seconds for 200 samples
iteration time: 0.0116 seconds/sample
throughput: 85.99 samples/second
bandwidth: 4.53 GB/s
cpu utilization: 8.08%

run 3:
total time: 2.34 seconds for 200 samples
iteration time: 0.0117 seconds/sample
throughput: 85.49 samples/second
bandwidth: 4.51 GB/s
cpu utilization: 8.07%

run 4:
total time: 2.46 seconds for 200 samples
iteration time: 0.0123 seconds/sample
throughput: 81.42 samples/second
bandwidth: 4.29 GB/s
cpu utilization: 8.06%

run 5:
total time: 2.44 seconds for 200 samples
iteration time: 0.0122 seconds/sample
throughput: 81.98 samples/second
bandwidth: 4.32 GB/s
cpu utilization: 8.14%

