run 1:
total time: 3.57 seconds for 200 samples
iteration time: 0.0178 seconds/sample
throughput: 56.03 samples/second
bandwidth: 2.95 GB/s
cpu utilization: 5.53%

run 2:
total time: 3.55 seconds for 200 samples
iteration time: 0.0177 seconds/sample
throughput: 56.41 samples/second
bandwidth: 2.97 GB/s
cpu utilization: 6.10%

run 3:
total time: 3.45 seconds for 200 samples
iteration time: 0.0173 seconds/sample
throughput: 57.95 samples/second
bandwidth: 3.06 GB/s
cpu utilization: 6.02%

run 4:
total time: 3.63 seconds for 200 samples
iteration time: 0.0181 seconds/sample
throughput: 55.13 samples/second
bandwidth: 2.91 GB/s
cpu utilization: 5.79%

run 5:
total time: 3.57 seconds for 200 samples
iteration time: 0.0179 seconds/sample
throughput: 55.98 samples/second
bandwidth: 2.95 GB/s
cpu utilization: 5.72%

