run 1:
total time: 3.62 seconds for 200 samples
iteration time: 0.0181 seconds/sample
throughput: 55.31 samples/second
bandwidth: 2.92 GB/s
cpu utilization: 6.70%

run 2:
total time: 3.55 seconds for 200 samples
iteration time: 0.0178 seconds/sample
throughput: 56.31 samples/second
bandwidth: 2.97 GB/s
cpu utilization: 6.80%

run 3:
total time: 3.68 seconds for 200 samples
iteration time: 0.0184 seconds/sample
throughput: 54.41 samples/second
bandwidth: 2.87 GB/s
cpu utilization: 6.78%

run 4:
total time: 3.60 seconds for 200 samples
iteration time: 0.0180 seconds/sample
throughput: 55.50 samples/second
bandwidth: 2.93 GB/s
cpu utilization: 6.83%

run 5:
total time: 3.61 seconds for 200 samples
iteration time: 0.0181 seconds/sample
throughput: 55.34 samples/second
bandwidth: 2.92 GB/s
cpu utilization: 6.80%

