[WARN  tini (931236)] Tini is not running as PID 1 .
Zombie processes will not be re-parented to Tini, so zombie reaping won't work.
To fix the problem, run Tini as PID 1.
This container image and its contents are governed by the NVIDIA Deep Learning Container License.
By pulling and using the container, you accept the terms and conditions of this license:
https://developer.download.nvidia.com/licenses/NVIDIA_Deep_Learning_Container_License.pdf

bash: cannot set terminal process group (-1): Inappropriate ioctl for device
bash: no job control in this shell
Working...
Code block 'i=0, force_host_read=True, blocksize='512MiB', cufile_params=None' took: 159618.61138 ms
rows=661937393
Code block 'i=1, force_host_read=True, blocksize='512MiB', cufile_params=None' took: 158008.86017 ms
rows=661937393
Code block 'i=2, force_host_read=True, blocksize='512MiB', cufile_params=None' took: 158352.26963 ms
rows=661937393
Code block 'i=3, force_host_read=True, blocksize='512MiB', cufile_params=None' took: 159807.40981 ms
rows=661937393
Code block 'i=4, force_host_read=True, blocksize='512MiB', cufile_params=None' took: 160234.51848 ms
rows=661937393
Code block 'i=5, force_host_read=True, blocksize='512MiB', cufile_params=None' took: 160468.89158 ms
rows=661937393
Working...
Code block 'i=0, force_host_read=False, blocksize='512MiB', cufile_params='cufile_thread_count=4, cufile_slice_size_mb=1'' took: 117333.26353 ms
rows=661937393
Code block 'i=1, force_host_read=False, blocksize='512MiB', cufile_params='cufile_thread_count=4, cufile_slice_size_mb=1'' took: 118942.75332 ms
rows=661937393
Code block 'i=2, force_host_read=False, blocksize='512MiB', cufile_params='cufile_thread_count=4, cufile_slice_size_mb=1'' took: 117486.56726 ms
rows=661937393
Code block 'i=3, force_host_read=False, blocksize='512MiB', cufile_params='cufile_thread_count=4, cufile_slice_size_mb=1'' took: 119406.10840 ms
rows=661937393
Code block 'i=4, force_host_read=False, blocksize='512MiB', cufile_params='cufile_thread_count=4, cufile_slice_size_mb=1'' took: 117871.86885 ms
rows=661937393
Code block 'i=5, force_host_read=False, blocksize='512MiB', cufile_params='cufile_thread_count=4, cufile_slice_size_mb=1'' took: 118026.40815 ms
rows=661937393
Working...
Code block 'i=0, force_host_read=False, blocksize='512MiB', cufile_params='cufile_thread_count=8, cufile_slice_size_mb=1'' took: 71871.17450 ms
rows=661937393
Code block 'i=1, force_host_read=False, blocksize='512MiB', cufile_params='cufile_thread_count=8, cufile_slice_size_mb=1'' took: 71852.23424 ms
rows=661937393
Code block 'i=2, force_host_read=False, blocksize='512MiB', cufile_params='cufile_thread_count=8, cufile_slice_size_mb=1'' took: 71984.64025 ms
rows=661937393
Code block 'i=3, force_host_read=False, blocksize='512MiB', cufile_params='cufile_thread_count=8, cufile_slice_size_mb=1'' took: 71844.48527 ms
rows=661937393
Code block 'i=4, force_host_read=False, blocksize='512MiB', cufile_params='cufile_thread_count=8, cufile_slice_size_mb=1'' took: 72410.54424 ms
rows=661937393
Code block 'i=5, force_host_read=False, blocksize='512MiB', cufile_params='cufile_thread_count=8, cufile_slice_size_mb=1'' took: 73747.46968 ms
rows=661937393
Working...
Code block 'i=0, force_host_read=False, blocksize='512MiB', cufile_params='cufile_thread_count=16, cufile_slice_size_mb=1'' took: 52013.32859 ms
rows=661937393
Code block 'i=1, force_host_read=False, blocksize='512MiB', cufile_params='cufile_thread_count=16, cufile_slice_size_mb=1'' took: 51386.46004 ms
rows=661937393
Code block 'i=2, force_host_read=False, blocksize='512MiB', cufile_params='cufile_thread_count=16, cufile_slice_size_mb=1'' took: 51005.65104 ms
rows=661937393
Code block 'i=3, force_host_read=False, blocksize='512MiB', cufile_params='cufile_thread_count=16, cufile_slice_size_mb=1'' took: 51740.67816 ms
rows=661937393
Code block 'i=4, force_host_read=False, blocksize='512MiB', cufile_params='cufile_thread_count=16, cufile_slice_size_mb=1'' took: 51438.82953 ms
rows=661937393
Code block 'i=5, force_host_read=False, blocksize='512MiB', cufile_params='cufile_thread_count=16, cufile_slice_size_mb=1'' took: 51135.51018 ms
rows=661937393
Working...
Code block 'i=0, force_host_read=False, blocksize='512MiB', cufile_params='cufile_thread_count=32, cufile_slice_size_mb=1'' took: 43279.52066 ms
rows=661937393
Code block 'i=1, force_host_read=False, blocksize='512MiB', cufile_params='cufile_thread_count=32, cufile_slice_size_mb=1'' took: 43238.07902 ms
rows=661937393
Code block 'i=2, force_host_read=False, blocksize='512MiB', cufile_params='cufile_thread_count=32, cufile_slice_size_mb=1'' took: 42805.57555 ms
rows=661937393
Code block 'i=3, force_host_read=False, blocksize='512MiB', cufile_params='cufile_thread_count=32, cufile_slice_size_mb=1'' took: 42935.26072 ms
rows=661937393
Code block 'i=4, force_host_read=False, blocksize='512MiB', cufile_params='cufile_thread_count=32, cufile_slice_size_mb=1'' took: 42468.21607 ms
rows=661937393
Code block 'i=5, force_host_read=False, blocksize='512MiB', cufile_params='cufile_thread_count=32, cufile_slice_size_mb=1'' took: 42500.69004 ms
rows=661937393
Working...
Code block 'i=0, force_host_read=False, blocksize='512MiB', cufile_params='cufile_thread_count=64, cufile_slice_size_mb=1'' took: 42117.76726 ms
rows=661937393
Code block 'i=1, force_host_read=False, blocksize='512MiB', cufile_params='cufile_thread_count=64, cufile_slice_size_mb=1'' took: 41685.71679 ms
rows=661937393
Code block 'i=2, force_host_read=False, blocksize='512MiB', cufile_params='cufile_thread_count=64, cufile_slice_size_mb=1'' took: 41643.26510 ms
rows=661937393
Code block 'i=3, force_host_read=False, blocksize='512MiB', cufile_params='cufile_thread_count=64, cufile_slice_size_mb=1'' took: 44277.97228 ms
rows=661937393
Code block 'i=4, force_host_read=False, blocksize='512MiB', cufile_params='cufile_thread_count=64, cufile_slice_size_mb=1'' took: 41550.45551 ms
rows=661937393
Code block 'i=5, force_host_read=False, blocksize='512MiB', cufile_params='cufile_thread_count=64, cufile_slice_size_mb=1'' took: 41154.32625 ms
rows=661937393
Working...
Code block 'i=0, force_host_read=True, blocksize='1GiB', cufile_params=None' took: 160551.49488 ms
rows=661937393
Code block 'i=1, force_host_read=True, blocksize='1GiB', cufile_params=None' took: 156364.59572 ms
rows=661937393
Code block 'i=2, force_host_read=True, blocksize='1GiB', cufile_params=None' took: 156233.07065 ms
rows=661937393
Code block 'i=3, force_host_read=True, blocksize='1GiB', cufile_params=None' took: 156341.94376 ms
rows=661937393
Code block 'i=4, force_host_read=True, blocksize='1GiB', cufile_params=None' took: 156178.83841 ms
rows=661937393
Code block 'i=5, force_host_read=True, blocksize='1GiB', cufile_params=None' took: 150627.28645 ms
rows=661937393
Working...
Code block 'i=0, force_host_read=False, blocksize='1GiB', cufile_params='cufile_thread_count=4, cufile_slice_size_mb=1'' took: 113512.85428 ms
rows=661937393
Code block 'i=1, force_host_read=False, blocksize='1GiB', cufile_params='cufile_thread_count=4, cufile_slice_size_mb=1'' took: 109808.60143 ms
rows=661937393
Code block 'i=2, force_host_read=False, blocksize='1GiB', cufile_params='cufile_thread_count=4, cufile_slice_size_mb=1'' took: 109434.74124 ms
rows=661937393
Code block 'i=3, force_host_read=False, blocksize='1GiB', cufile_params='cufile_thread_count=4, cufile_slice_size_mb=1'' took: 111734.44572 ms
rows=661937393
Code block 'i=4, force_host_read=False, blocksize='1GiB', cufile_params='cufile_thread_count=4, cufile_slice_size_mb=1'' took: 111626.76886 ms
rows=661937393
Code block 'i=5, force_host_read=False, blocksize='1GiB', cufile_params='cufile_thread_count=4, cufile_slice_size_mb=1'' took: 113664.69601 ms
rows=661937393
Working...
Code block 'i=0, force_host_read=False, blocksize='1GiB', cufile_params='cufile_thread_count=8, cufile_slice_size_mb=1'' took: 65329.58488 ms
rows=661937393
Code block 'i=1, force_host_read=False, blocksize='1GiB', cufile_params='cufile_thread_count=8, cufile_slice_size_mb=1'' took: 64651.11604 ms
rows=661937393
Code block 'i=2, force_host_read=False, blocksize='1GiB', cufile_params='cufile_thread_count=8, cufile_slice_size_mb=1'' took: 65585.57133 ms
rows=661937393
Code block 'i=3, force_host_read=False, blocksize='1GiB', cufile_params='cufile_thread_count=8, cufile_slice_size_mb=1'' took: 65444.92915 ms
rows=661937393
Code block 'i=4, force_host_read=False, blocksize='1GiB', cufile_params='cufile_thread_count=8, cufile_slice_size_mb=1'' took: 66211.16427 ms
rows=661937393
Code block 'i=5, force_host_read=False, blocksize='1GiB', cufile_params='cufile_thread_count=8, cufile_slice_size_mb=1'' took: 65748.33344 ms
rows=661937393
Working...
Code block 'i=0, force_host_read=False, blocksize='1GiB', cufile_params='cufile_thread_count=16, cufile_slice_size_mb=1'' took: 46105.18835 ms
rows=661937393
Code block 'i=1, force_host_read=False, blocksize='1GiB', cufile_params='cufile_thread_count=16, cufile_slice_size_mb=1'' took: 46282.44192 ms
rows=661937393
Code block 'i=2, force_host_read=False, blocksize='1GiB', cufile_params='cufile_thread_count=16, cufile_slice_size_mb=1'' took: 46319.51875 ms
rows=661937393
Code block 'i=3, force_host_read=False, blocksize='1GiB', cufile_params='cufile_thread_count=16, cufile_slice_size_mb=1'' took: 46112.05535 ms
rows=661937393
Code block 'i=4, force_host_read=False, blocksize='1GiB', cufile_params='cufile_thread_count=16, cufile_slice_size_mb=1'' took: 45672.09144 ms
rows=661937393
Code block 'i=5, force_host_read=False, blocksize='1GiB', cufile_params='cufile_thread_count=16, cufile_slice_size_mb=1'' took: 45311.57339 ms
rows=661937393
Working...
Code block 'i=0, force_host_read=False, blocksize='1GiB', cufile_params='cufile_thread_count=32, cufile_slice_size_mb=1'' took: 37785.52072 ms
rows=661937393
Code block 'i=1, force_host_read=False, blocksize='1GiB', cufile_params='cufile_thread_count=32, cufile_slice_size_mb=1'' took: 37871.21858 ms
rows=661937393
Code block 'i=2, force_host_read=False, blocksize='1GiB', cufile_params='cufile_thread_count=32, cufile_slice_size_mb=1'' took: 37808.54394 ms
rows=661937393
Code block 'i=3, force_host_read=False, blocksize='1GiB', cufile_params='cufile_thread_count=32, cufile_slice_size_mb=1'' took: 38317.09115 ms
rows=661937393
Code block 'i=4, force_host_read=False, blocksize='1GiB', cufile_params='cufile_thread_count=32, cufile_slice_size_mb=1'' took: 38702.56572 ms
rows=661937393
Code block 'i=5, force_host_read=False, blocksize='1GiB', cufile_params='cufile_thread_count=32, cufile_slice_size_mb=1'' took: 38866.31323 ms
rows=661937393
Working...
Code block 'i=0, force_host_read=False, blocksize='1GiB', cufile_params='cufile_thread_count=64, cufile_slice_size_mb=1'' took: 35939.61679 ms
rows=661937393
Code block 'i=1, force_host_read=False, blocksize='1GiB', cufile_params='cufile_thread_count=64, cufile_slice_size_mb=1'' took: 35964.63693 ms
rows=661937393
Code block 'i=2, force_host_read=False, blocksize='1GiB', cufile_params='cufile_thread_count=64, cufile_slice_size_mb=1'' took: 36261.69719 ms
rows=661937393
Code block 'i=3, force_host_read=False, blocksize='1GiB', cufile_params='cufile_thread_count=64, cufile_slice_size_mb=1'' took: 36484.30618 ms
rows=661937393
Code block 'i=4, force_host_read=False, blocksize='1GiB', cufile_params='cufile_thread_count=64, cufile_slice_size_mb=1'' took: 36521.29785 ms
rows=661937393
Code block 'i=5, force_host_read=False, blocksize='1GiB', cufile_params='cufile_thread_count=64, cufile_slice_size_mb=1'' took: 36169.17643 ms
rows=661937393
Working...
Code block 'i=0, force_host_read=True, blocksize='2GiB', cufile_params=None' took: 150090.58687 ms
rows=661937393
Code block 'i=1, force_host_read=True, blocksize='2GiB', cufile_params=None' took: 147090.08948 ms
rows=661937393
Code block 'i=2, force_host_read=True, blocksize='2GiB', cufile_params=None' took: 152336.81518 ms
rows=661937393
Code block 'i=3, force_host_read=True, blocksize='2GiB', cufile_params=None' took: 151914.74941 ms
rows=661937393
Code block 'i=4, force_host_read=True, blocksize='2GiB', cufile_params=None' took: 153215.23339 ms
rows=661937393
Code block 'i=5, force_host_read=True, blocksize='2GiB', cufile_params=None' took: 154353.31939 ms
rows=661937393
Working...
Code block 'i=0, force_host_read=False, blocksize='2GiB', cufile_params='cufile_thread_count=4, cufile_slice_size_mb=1'' took: 98120.03273 ms
rows=661937393
Code block 'i=1, force_host_read=False, blocksize='2GiB', cufile_params='cufile_thread_count=4, cufile_slice_size_mb=1'' took: 97890.89592 ms
rows=661937393
Code block 'i=2, force_host_read=False, blocksize='2GiB', cufile_params='cufile_thread_count=4, cufile_slice_size_mb=1'' took: 97376.41600 ms
rows=661937393
Code block 'i=3, force_host_read=False, blocksize='2GiB', cufile_params='cufile_thread_count=4, cufile_slice_size_mb=1'' took: 96959.06225 ms
rows=661937393
Code block 'i=4, force_host_read=False, blocksize='2GiB', cufile_params='cufile_thread_count=4, cufile_slice_size_mb=1'' took: 98399.36646 ms
rows=661937393
Code block 'i=5, force_host_read=False, blocksize='2GiB', cufile_params='cufile_thread_count=4, cufile_slice_size_mb=1'' took: 98481.21715 ms
rows=661937393
Working...
Code block 'i=0, force_host_read=False, blocksize='2GiB', cufile_params='cufile_thread_count=8, cufile_slice_size_mb=1'' took: 60173.38227 ms
rows=661937393
Code block 'i=1, force_host_read=False, blocksize='2GiB', cufile_params='cufile_thread_count=8, cufile_slice_size_mb=1'' took: 60063.50513 ms
rows=661937393
Code block 'i=2, force_host_read=False, blocksize='2GiB', cufile_params='cufile_thread_count=8, cufile_slice_size_mb=1'' took: 59857.59929 ms
rows=661937393
Code block 'i=3, force_host_read=False, blocksize='2GiB', cufile_params='cufile_thread_count=8, cufile_slice_size_mb=1'' took: 59701.30366 ms
rows=661937393
Code block 'i=4, force_host_read=False, blocksize='2GiB', cufile_params='cufile_thread_count=8, cufile_slice_size_mb=1'' took: 59768.85940 ms
rows=661937393
Code block 'i=5, force_host_read=False, blocksize='2GiB', cufile_params='cufile_thread_count=8, cufile_slice_size_mb=1'' took: 59424.50152 ms
rows=661937393
Working...
Code block 'i=0, force_host_read=False, blocksize='2GiB', cufile_params='cufile_thread_count=16, cufile_slice_size_mb=1'' took: 42114.81001 ms
rows=661937393
Code block 'i=1, force_host_read=False, blocksize='2GiB', cufile_params='cufile_thread_count=16, cufile_slice_size_mb=1'' took: 41823.52112 ms
rows=661937393
Code block 'i=2, force_host_read=False, blocksize='2GiB', cufile_params='cufile_thread_count=16, cufile_slice_size_mb=1'' took: 42581.91186 ms
rows=661937393
Code block 'i=3, force_host_read=False, blocksize='2GiB', cufile_params='cufile_thread_count=16, cufile_slice_size_mb=1'' took: 42422.05254 ms
rows=661937393
Code block 'i=4, force_host_read=False, blocksize='2GiB', cufile_params='cufile_thread_count=16, cufile_slice_size_mb=1'' took: 42085.20836 ms
rows=661937393
Code block 'i=5, force_host_read=False, blocksize='2GiB', cufile_params='cufile_thread_count=16, cufile_slice_size_mb=1'' took: 41656.49169 ms
rows=661937393
Working...
Code block 'i=0, force_host_read=False, blocksize='2GiB', cufile_params='cufile_thread_count=32, cufile_slice_size_mb=1'' took: 35571.83019 ms
rows=661937393
Code block 'i=1, force_host_read=False, blocksize='2GiB', cufile_params='cufile_thread_count=32, cufile_slice_size_mb=1'' took: 35484.62773 ms
rows=661937393
Code block 'i=2, force_host_read=False, blocksize='2GiB', cufile_params='cufile_thread_count=32, cufile_slice_size_mb=1'' took: 35289.43774 ms
rows=661937393
Code block 'i=3, force_host_read=False, blocksize='2GiB', cufile_params='cufile_thread_count=32, cufile_slice_size_mb=1'' took: 35563.85560 ms
rows=661937393
Code block 'i=4, force_host_read=False, blocksize='2GiB', cufile_params='cufile_thread_count=32, cufile_slice_size_mb=1'' took: 35451.09634 ms
rows=661937393
Code block 'i=5, force_host_read=False, blocksize='2GiB', cufile_params='cufile_thread_count=32, cufile_slice_size_mb=1'' took: 35495.13848 ms
rows=661937393
Working...
Code block 'i=0, force_host_read=False, blocksize='2GiB', cufile_params='cufile_thread_count=64, cufile_slice_size_mb=1'' took: 33715.18223 ms
rows=661937393
Code block 'i=1, force_host_read=False, blocksize='2GiB', cufile_params='cufile_thread_count=64, cufile_slice_size_mb=1'' took: 33906.09566 ms
rows=661937393
Code block 'i=2, force_host_read=False, blocksize='2GiB', cufile_params='cufile_thread_count=64, cufile_slice_size_mb=1'' took: 33961.84331 ms
rows=661937393
Code block 'i=3, force_host_read=False, blocksize='2GiB', cufile_params='cufile_thread_count=64, cufile_slice_size_mb=1'' took: 33460.73632 ms
rows=661937393
Code block 'i=4, force_host_read=False, blocksize='2GiB', cufile_params='cufile_thread_count=64, cufile_slice_size_mb=1'' took: 33606.42517 ms
rows=661937393
Code block 'i=5, force_host_read=False, blocksize='2GiB', cufile_params='cufile_thread_count=64, cufile_slice_size_mb=1'' took: 33490.92308 ms
rows=661937393
Working...
Code block 'i=0, force_host_read=True, blocksize='4GiB', cufile_params=None' took: 153608.58410 ms
rows=661937393
Code block 'i=1, force_host_read=True, blocksize='4GiB', cufile_params=None' took: 154684.73919 ms
rows=661937393
Code block 'i=2, force_host_read=True, blocksize='4GiB', cufile_params=None' took: 152879.24631 ms
rows=661937393
Code block 'i=3, force_host_read=True, blocksize='4GiB', cufile_params=None' took: 152591.24113 ms
rows=661937393
Code block 'i=4, force_host_read=True, blocksize='4GiB', cufile_params=None' took: 145611.21703 ms
rows=661937393
Code block 'i=5, force_host_read=True, blocksize='4GiB', cufile_params=None' took: 148813.66902 ms
rows=661937393
Working...
Code block 'i=0, force_host_read=False, blocksize='4GiB', cufile_params='cufile_thread_count=4, cufile_slice_size_mb=1'' took: 87778.47000 ms
rows=661937393
Code block 'i=1, force_host_read=False, blocksize='4GiB', cufile_params='cufile_thread_count=4, cufile_slice_size_mb=1'' took: 88509.64607 ms
rows=661937393
Code block 'i=2, force_host_read=False, blocksize='4GiB', cufile_params='cufile_thread_count=4, cufile_slice_size_mb=1'' took: 88416.88489 ms
rows=661937393
Code block 'i=3, force_host_read=False, blocksize='4GiB', cufile_params='cufile_thread_count=4, cufile_slice_size_mb=1'' took: 88561.60349 ms
rows=661937393
Code block 'i=4, force_host_read=False, blocksize='4GiB', cufile_params='cufile_thread_count=4, cufile_slice_size_mb=1'' took: 87984.16075 ms
rows=661937393
Code block 'i=5, force_host_read=False, blocksize='4GiB', cufile_params='cufile_thread_count=4, cufile_slice_size_mb=1'' took: 87790.43815 ms
rows=661937393
Working...
Code block 'i=0, force_host_read=False, blocksize='4GiB', cufile_params='cufile_thread_count=8, cufile_slice_size_mb=1'' took: 58011.43742 ms
rows=661937393
Code block 'i=1, force_host_read=False, blocksize='4GiB', cufile_params='cufile_thread_count=8, cufile_slice_size_mb=1'' took: 57238.38454 ms
rows=661937393
Code block 'i=2, force_host_read=False, blocksize='4GiB', cufile_params='cufile_thread_count=8, cufile_slice_size_mb=1'' took: 59380.33641 ms
rows=661937393
Code block 'i=3, force_host_read=False, blocksize='4GiB', cufile_params='cufile_thread_count=8, cufile_slice_size_mb=1'' took: 59753.70236 ms
rows=661937393
Code block 'i=4, force_host_read=False, blocksize='4GiB', cufile_params='cufile_thread_count=8, cufile_slice_size_mb=1'' took: 60162.18652 ms
rows=661937393
Code block 'i=5, force_host_read=False, blocksize='4GiB', cufile_params='cufile_thread_count=8, cufile_slice_size_mb=1'' took: 57239.22484 ms
rows=661937393
Working...
Code block 'i=0, force_host_read=False, blocksize='4GiB', cufile_params='cufile_thread_count=16, cufile_slice_size_mb=1'' took: 41463.78682 ms
rows=661937393
Code block 'i=1, force_host_read=False, blocksize='4GiB', cufile_params='cufile_thread_count=16, cufile_slice_size_mb=1'' took: 41867.85849 ms
rows=661937393
Code block 'i=2, force_host_read=False, blocksize='4GiB', cufile_params='cufile_thread_count=16, cufile_slice_size_mb=1'' took: 41539.20522 ms
rows=661937393
Code block 'i=3, force_host_read=False, blocksize='4GiB', cufile_params='cufile_thread_count=16, cufile_slice_size_mb=1'' took: 43254.40912 ms
rows=661937393
Code block 'i=4, force_host_read=False, blocksize='4GiB', cufile_params='cufile_thread_count=16, cufile_slice_size_mb=1'' took: 42491.03189 ms
rows=661937393
Code block 'i=5, force_host_read=False, blocksize='4GiB', cufile_params='cufile_thread_count=16, cufile_slice_size_mb=1'' took: 42185.78532 ms
rows=661937393
Working...
Code block 'i=0, force_host_read=False, blocksize='4GiB', cufile_params='cufile_thread_count=32, cufile_slice_size_mb=1'' took: 36042.41550 ms
rows=661937393
Code block 'i=1, force_host_read=False, blocksize='4GiB', cufile_params='cufile_thread_count=32, cufile_slice_size_mb=1'' took: 38094.62526 ms
rows=661937393
Code block 'i=2, force_host_read=False, blocksize='4GiB', cufile_params='cufile_thread_count=32, cufile_slice_size_mb=1'' took: 35758.22862 ms
rows=661937393
Code block 'i=3, force_host_read=False, blocksize='4GiB', cufile_params='cufile_thread_count=32, cufile_slice_size_mb=1'' took: 37002.90759 ms
rows=661937393
Code block 'i=4, force_host_read=False, blocksize='4GiB', cufile_params='cufile_thread_count=32, cufile_slice_size_mb=1'' took: 36697.61201 ms
rows=661937393
Code block 'i=5, force_host_read=False, blocksize='4GiB', cufile_params='cufile_thread_count=32, cufile_slice_size_mb=1'' took: 36442.82528 ms
rows=661937393
Working...
Code block 'i=0, force_host_read=False, blocksize='4GiB', cufile_params='cufile_thread_count=64, cufile_slice_size_mb=1'' took: 34745.88809 ms
rows=661937393
Code block 'i=1, force_host_read=False, blocksize='4GiB', cufile_params='cufile_thread_count=64, cufile_slice_size_mb=1'' took: 35286.93603 ms
rows=661937393
Code block 'i=2, force_host_read=False, blocksize='4GiB', cufile_params='cufile_thread_count=64, cufile_slice_size_mb=1'' took: 35196.78217 ms
rows=661937393
Code block 'i=3, force_host_read=False, blocksize='4GiB', cufile_params='cufile_thread_count=64, cufile_slice_size_mb=1'' took: 36083.84151 ms
rows=661937393
Code block 'i=4, force_host_read=False, blocksize='4GiB', cufile_params='cufile_thread_count=64, cufile_slice_size_mb=1'' took: 35341.77490 ms
rows=661937393
Code block 'i=5, force_host_read=False, blocksize='4GiB', cufile_params='cufile_thread_count=64, cufile_slice_size_mb=1'' took: 35901.61653 ms
rows=661937393
Working...
terminate called after throwing an instance of 'rmm::out_of_memory'
  what():  std::bad_alloc: out_of_memory: CUDA error at: /opt/conda/envs/rapids/include/rmm/mr/device/cuda_memory_resource.hpp:70: cudaErrorMemoryAllocation out of memory
